#
# There is insufficient memory for the Java Runtime Environment to continue.
# Native memory allocation (malloc) failed to allocate 1136416 bytes for Chunk::new
# Possible reasons:
#   The system is out of physical RAM or swap space
#   The process is running with CompressedOops enabled, and the Java Heap may be blocking the growth of the native heap
# Possible solutions:
#   Reduce memory load on the system
#   Increase physical memory or swap space
#   Check if swap backing store is full
#   Decrease Java heap size (-Xmx/-Xms)
#   Decrease number of Java threads
#   Decrease Java thread stack sizes (-Xss)
#   Set larger code cache with -XX:ReservedCodeCacheSize=
#   JVM is running with Unscaled Compressed Oops mode in which the Java heap is
#     placed in the first 4GB address space. The Java Heap base address is the
#     maximum limit for the native heap growth. Please use -XX:HeapBaseMinAddress
#     to set the Java Heap base and to place the Java Heap above 4GB virtual address.
# This output file may be truncated or incomplete.
#
#  Out of Memory Error (./src/hotspot/share/memory/arena.cpp:197), pid=5316, tid=12952
#
# JRE version: OpenJDK Runtime Environment (11.0.10) (build 11.0.10+0-b96-7249189)
# Java VM: OpenJDK 64-Bit Server VM (11.0.10+0-b96-7249189, mixed mode, tiered, compressed oops, g1 gc, windows-amd64)
# No core dump will be written. Minidumps are not enabled by default on client versions of Windows
#

---------------  S U M M A R Y ------------

Command Line: --add-opens=java.base/java.util=ALL-UNNAMED --add-opens=java.base/java.lang=ALL-UNNAMED --add-opens=java.base/java.lang.invoke=ALL-UNNAMED --add-opens=java.base/java.util=ALL-UNNAMED --add-opens=java.prefs/java.util.prefs=ALL-UNNAMED --add-opens=java.prefs/java.util.prefs=ALL-UNNAMED --add-opens=java.base/java.nio.charset=ALL-UNNAMED --add-opens=java.base/java.net=ALL-UNNAMED --add-opens=java.base/java.util.concurrent.atomic=ALL-UNNAMED -Xmx2048m -Dfile.encoding=UTF-8 -Duser.country=RU -Duser.language=ru -Duser.variant org.gradle.launcher.daemon.bootstrap.GradleDaemon 7.0.2

Host: AMD Ryzen 5 4600H with Radeon Graphics         , 12 cores, 7G,  Windows 10 , 64 bit Build 19041 (10.0.19041.1348)
Time: Mon Nov 15 14:38:20 2021 Саратов (зима) elapsed time: 6.748781 seconds (0d 0h 0m 6s)

---------------  T H R E A D  ---------------

Current thread (0x0000020a526db000):  JavaThread "C2 CompilerThread0" daemon [_thread_in_native, id=12952, stack(0x000000d18b600000,0x000000d18b700000)]


Current CompileTask:
C2:   6748 6581 %     4       org.gradle.internal.instantiation.generator.AbstractClassGenerator::inspectType @ 107 (560 bytes)

Stack: [0x000000d18b600000,0x000000d18b700000]
Native frames: (J=compiled Java code, j=interpreted, Vv=VM code, C=native code)
V  [jvm.dll+0x5ecfaa]
V  [jvm.dll+0x722bd5]
V  [jvm.dll+0x72412d]
V  [jvm.dll+0x7247e3]
V  [jvm.dll+0x242928]
V  [jvm.dll+0xbc4fc]
V  [jvm.dll+0xbca0c]
V  [jvm.dll+0x2b4fd4]
V  [jvm.dll+0x506028]
V  [jvm.dll+0x1fcdfd]
V  [jvm.dll+0x1fa77f]
V  [jvm.dll+0x18354c]
V  [jvm.dll+0x208ee7]
V  [jvm.dll+0x207731]
V  [jvm.dll+0x6eb1cf]
V  [jvm.dll+0x6e3d45]
V  [jvm.dll+0x5ebe96]
C  [ucrtbase.dll+0x21bb2]
C  [KERNEL32.DLL+0x17034]
C  [ntdll.dll+0x52651]


---------------  P R O C E S S  ---------------

Threads class SMR info:
_java_thread_list=0x0000020a53317f50, length=60, elements={
0x0000020a3764b000, 0x0000020a526b9000, 0x0000020a526ba800, 0x0000020a526d4800,
0x0000020a526d6000, 0x0000020a526d7000, 0x0000020a526db000, 0x0000020a526e4800,
0x0000020a526eb000, 0x0000020a531dc000, 0x0000020a533d4000, 0x0000020a556ee800,
0x0000020a55dbc800, 0x0000020a54a9e800, 0x0000020a56116800, 0x0000020a54233000,
0x0000020a55288000, 0x0000020a55289000, 0x0000020a55720000, 0x0000020a5401e000,
0x0000020a55db4800, 0x0000020a55db2000, 0x0000020a55db3000, 0x0000020a55db3800,
0x0000020a56d12800, 0x0000020a56a94800, 0x0000020a56a8f800, 0x0000020a56a90000,
0x0000020a56a95000, 0x0000020a56a93800, 0x0000020a56a96000, 0x0000020a56a92800,
0x0000020a56a91000, 0x0000020a56a9b800, 0x0000020a56a99000, 0x0000020a56a97800,
0x0000020a56a9b000, 0x0000020a56a98800, 0x0000020a56832000, 0x0000020a5682d800,
0x0000020a5682f800, 0x0000020a56831800, 0x0000020a56830800, 0x0000020a56833000,
0x0000020a56834000, 0x0000020a5682e000, 0x0000020a56834800, 0x0000020a5682f000,
0x0000020a56838000, 0x0000020a56839800, 0x0000020a56836800, 0x0000020a56838800,
0x0000020a5683a800, 0x0000020a56837000, 0x0000020a5683b000, 0x0000020a56835800,
0x0000020a5683c000, 0x0000020a5828d000, 0x0000020a58288800, 0x0000020a5828a800
}

Java Threads: ( => current thread )
  0x0000020a3764b000 JavaThread "main" [_thread_blocked, id=4048, stack(0x000000d18aa00000,0x000000d18ab00000)]
  0x0000020a526b9000 JavaThread "Reference Handler" daemon [_thread_blocked, id=11312, stack(0x000000d18b100000,0x000000d18b200000)]
  0x0000020a526ba800 JavaThread "Finalizer" daemon [_thread_blocked, id=3780, stack(0x000000d18b200000,0x000000d18b300000)]
  0x0000020a526d4800 JavaThread "Signal Dispatcher" daemon [_thread_blocked, id=8388, stack(0x000000d18b300000,0x000000d18b400000)]
  0x0000020a526d6000 JavaThread "Attach Listener" daemon [_thread_blocked, id=15204, stack(0x000000d18b400000,0x000000d18b500000)]
  0x0000020a526d7000 JavaThread "Service Thread" daemon [_thread_blocked, id=11696, stack(0x000000d18b500000,0x000000d18b600000)]
=>0x0000020a526db000 JavaThread "C2 CompilerThread0" daemon [_thread_in_native, id=12952, stack(0x000000d18b600000,0x000000d18b700000)]
  0x0000020a526e4800 JavaThread "C1 CompilerThread0" daemon [_thread_in_native, id=12236, stack(0x000000d18b700000,0x000000d18b800000)]
  0x0000020a526eb000 JavaThread "Sweeper thread" daemon [_thread_blocked, id=7816, stack(0x000000d18b800000,0x000000d18b900000)]
  0x0000020a531dc000 JavaThread "Common-Cleaner" daemon [_thread_blocked, id=14400, stack(0x000000d18b900000,0x000000d18ba00000)]
  0x0000020a533d4000 JavaThread "C2 CompilerThread1" daemon [_thread_in_native, id=11164, stack(0x000000d18bb00000,0x000000d18bc00000)]
  0x0000020a556ee800 JavaThread "Daemon health stats" [_thread_blocked, id=12504, stack(0x000000d18be00000,0x000000d18bf00000)]
  0x0000020a55dbc800 JavaThread "Incoming local TCP Connector on port 49992" [_thread_in_native, id=7584, stack(0x000000d18bd00000,0x000000d18be00000)]
  0x0000020a54a9e800 JavaThread "Daemon periodic checks" [_thread_blocked, id=12060, stack(0x000000d18bf00000,0x000000d18c000000)]
  0x0000020a56116800 JavaThread "Daemon" [_thread_blocked, id=10376, stack(0x000000d18c000000,0x000000d18c100000)]
  0x0000020a54233000 JavaThread "Handler for socket connection from /127.0.0.1:49992 to /127.0.0.1:49993" [_thread_in_native, id=6704, stack(0x000000d18c100000,0x000000d18c200000)]
  0x0000020a55288000 JavaThread "Cancel handler" [_thread_blocked, id=13652, stack(0x000000d18c200000,0x000000d18c300000)]
  0x0000020a55289000 JavaThread "Daemon worker" [_thread_in_vm, id=1396, stack(0x000000d18c300000,0x000000d18c400000)]
  0x0000020a55720000 JavaThread "Asynchronous log dispatcher for DefaultDaemonConnection: socket connection from /127.0.0.1:49992 to /127.0.0.1:49993" [_thread_blocked, id=9380, stack(0x000000d18c400000,0x000000d18c500000)]
  0x0000020a5401e000 JavaThread "Stdin handler" [_thread_blocked, id=5140, stack(0x000000d18c500000,0x000000d18c600000)]
  0x0000020a55db4800 JavaThread "Daemon client event forwarder" [_thread_blocked, id=13228, stack(0x000000d18c600000,0x000000d18c700000)]
  0x0000020a55db2000 JavaThread "Cache worker for file hash cache (C:\Users\djute\.gradle\caches\7.0.2\fileHashes)" [_thread_blocked, id=6652, stack(0x000000d18d000000,0x000000d18d100000)]
  0x0000020a55db3000 JavaThread "File lock request listener" [_thread_in_native, id=13992, stack(0x000000d18d100000,0x000000d18d200000)]
  0x0000020a55db3800 JavaThread "Cache worker for journal cache (C:\Users\djute\.gradle\caches\journal-1)" [_thread_blocked, id=14032, stack(0x000000d18d400000,0x000000d18d500000)]
  0x0000020a56d12800 JavaThread "C2 CompilerThread2" daemon [_thread_in_native, id=12140, stack(0x000000d18d500000,0x000000d18d600000)]
  0x0000020a56a94800 JavaThread "Cache worker for file hash cache (C:\Users\djute\AndroidStudioProjects\WorldCinemaTest\.gradle\7.0.2\fileHashes)" [_thread_blocked, id=2752, stack(0x000000d18d600000,0x000000d18d700000)]
  0x0000020a56a8f800 JavaThread "File watcher server" daemon [_thread_in_native, id=6868, stack(0x000000d18d700000,0x000000d18d800000)]
  0x0000020a56a90000 JavaThread "File watcher consumer" daemon [_thread_blocked, id=10544, stack(0x000000d18d800000,0x000000d18d900000)]
  0x0000020a56a95000 JavaThread "Cache worker for checksums cache (C:\Users\djute\AndroidStudioProjects\WorldCinemaTest\.gradle\checksums)" [_thread_blocked, id=14040, stack(0x000000d18d900000,0x000000d18da00000)]
  0x0000020a56a93800 JavaThread "Cache worker for cache directory md-supplier (C:\Users\djute\.gradle\caches\7.0.2\md-supplier)" [_thread_blocked, id=8364, stack(0x000000d18da00000,0x000000d18db00000)]
  0x0000020a56a96000 JavaThread "Cache worker for cache directory md-rule (C:\Users\djute\.gradle\caches\7.0.2\md-rule)" [_thread_blocked, id=7628, stack(0x000000d18db00000,0x000000d18dc00000)]
  0x0000020a56a92800 JavaThread "Cache worker for execution history cache (C:\Users\djute\.gradle\caches\7.0.2\executionHistory)" [_thread_blocked, id=10912, stack(0x000000d18dc00000,0x000000d18dd00000)]
  0x0000020a56a91000 JavaThread "jar transforms" [_thread_blocked, id=5752, stack(0x000000d18dd00000,0x000000d18de00000)]
  0x0000020a56a9b800 JavaThread "jar transforms Thread 2" [_thread_blocked, id=11120, stack(0x000000d18de00000,0x000000d18df00000)]
  0x0000020a56a99000 JavaThread "Cache worker for file content cache (C:\Users\djute\.gradle\caches\7.0.2\fileContent)" [_thread_blocked, id=14916, stack(0x000000d18df00000,0x000000d18e000000)]
  0x0000020a56a97800 JavaThread "Cache worker for dependencies-accessors (C:\Users\djute\AndroidStudioProjects\WorldCinemaTest\.gradle\7.0.2\dependencies-accessors)" [_thread_blocked, id=7848, stack(0x000000d18e000000,0x000000d18e100000)]
  0x0000020a56a9b000 JavaThread "jar transforms Thread 3" [_thread_blocked, id=280, stack(0x000000d18e100000,0x000000d18e200000)]
  0x0000020a56a98800 JavaThread "Cache worker for Build Output Cleanup Cache (C:\Users\djute\AndroidStudioProjects\WorldCinemaTest\.gradle\buildOutputCleanup)" [_thread_blocked, id=4888, stack(0x000000d18e200000,0x000000d18e300000)]
  0x0000020a56832000 JavaThread "Build operations" [_thread_blocked, id=11948, stack(0x000000d18e300000,0x000000d18e400000)]
  0x0000020a5682d800 JavaThread "Build operations Thread 2" [_thread_blocked, id=14300, stack(0x000000d18e400000,0x000000d18e500000)]
  0x0000020a5682f800 JavaThread "Build operations Thread 3" [_thread_blocked, id=8692, stack(0x000000d18e500000,0x000000d18e600000)]
  0x0000020a56831800 JavaThread "Build operations Thread 4" [_thread_blocked, id=6468, stack(0x000000d18e600000,0x000000d18e700000)]
  0x0000020a56830800 JavaThread "Build operations Thread 5" [_thread_blocked, id=6876, stack(0x000000d18e700000,0x000000d18e800000)]
  0x0000020a56833000 JavaThread "Build operations Thread 6" [_thread_blocked, id=6520, stack(0x000000d18e800000,0x000000d18e900000)]
  0x0000020a56834000 JavaThread "Build operations Thread 7" [_thread_blocked, id=15296, stack(0x000000d18e900000,0x000000d18ea00000)]
  0x0000020a5682e000 JavaThread "Build operations Thread 8" [_thread_blocked, id=3040, stack(0x000000d18ea00000,0x000000d18eb00000)]
  0x0000020a56834800 JavaThread "Build operations Thread 9" [_thread_blocked, id=9148, stack(0x000000d18eb00000,0x000000d18ec00000)]
  0x0000020a5682f000 JavaThread "Build operations Thread 10" [_thread_blocked, id=1492, stack(0x000000d18ec00000,0x000000d18ed00000)]
  0x0000020a56838000 JavaThread "Build operations Thread 11" [_thread_blocked, id=14988, stack(0x000000d18ed00000,0x000000d18ee00000)]
  0x0000020a56839800 JavaThread "Build operations Thread 12" [_thread_blocked, id=1888, stack(0x000000d18ee00000,0x000000d18ef00000)]
  0x0000020a56836800 JavaThread "jar transforms Thread 4" [_thread_blocked, id=10268, stack(0x000000d18ef00000,0x000000d18f000000)]
  0x0000020a56838800 JavaThread "jar transforms Thread 5" [_thread_blocked, id=9088, stack(0x000000d18f000000,0x000000d18f100000)]
  0x0000020a5683a800 JavaThread "jar transforms Thread 6" [_thread_blocked, id=13272, stack(0x000000d18f100000,0x000000d18f200000)]
  0x0000020a56837000 JavaThread "jar transforms Thread 7" [_thread_blocked, id=11936, stack(0x000000d18f200000,0x000000d18f300000)]
  0x0000020a5683b000 JavaThread "jar transforms Thread 8" [_thread_blocked, id=3084, stack(0x000000d18f300000,0x000000d18f400000)]
  0x0000020a56835800 JavaThread "jar transforms Thread 9" [_thread_blocked, id=10800, stack(0x000000d18f400000,0x000000d18f500000)]
  0x0000020a5683c000 JavaThread "jar transforms Thread 10" [_thread_blocked, id=14572, stack(0x000000d18f500000,0x000000d18f600000)]
  0x0000020a5828d000 JavaThread "jar transforms Thread 11" [_thread_blocked, id=3840, stack(0x000000d18f600000,0x000000d18f700000)]
  0x0000020a58288800 JavaThread "jar transforms Thread 12" [_thread_blocked, id=12380, stack(0x000000d18f700000,0x000000d18f800000)]
  0x0000020a5828a800 JavaThread "Memory manager" [_thread_blocked, id=12368, stack(0x000000d18f800000,0x000000d18f900000)]

Other Threads:
  0x0000020a526b4000 VMThread "VM Thread" [stack: 0x000000d18b000000,0x000000d18b100000] [id=7520]
  0x0000020a531e7000 WatcherThread [stack: 0x000000d18ba00000,0x000000d18bb00000] [id=4464]
  0x0000020a37662000 GCTaskThread "GC Thread#0" [stack: 0x000000d18ab00000,0x000000d18ac00000] [id=1848]
  0x0000020a5346d000 GCTaskThread "GC Thread#1" [stack: 0x000000d18bc00000,0x000000d18bd00000] [id=10372]
  0x0000020a5574e800 GCTaskThread "GC Thread#2" [stack: 0x000000d18c700000,0x000000d18c800000] [id=6076]
  0x0000020a55c88800 GCTaskThread "GC Thread#3" [stack: 0x000000d18c800000,0x000000d18c900000] [id=15132]
  0x0000020a55b51800 GCTaskThread "GC Thread#4" [stack: 0x000000d18c900000,0x000000d18ca00000] [id=1160]
  0x0000020a548d9800 GCTaskThread "GC Thread#5" [stack: 0x000000d18ca00000,0x000000d18cb00000] [id=11840]
  0x0000020a54fc0000 GCTaskThread "GC Thread#6" [stack: 0x000000d18cb00000,0x000000d18cc00000] [id=7396]
  0x0000020a54fc1000 GCTaskThread "GC Thread#7" [stack: 0x000000d18cc00000,0x000000d18cd00000] [id=7088]
  0x0000020a54fc1800 GCTaskThread "GC Thread#8" [stack: 0x000000d18cd00000,0x000000d18ce00000] [id=11408]
  0x0000020a54fc2000 GCTaskThread "GC Thread#9" [stack: 0x000000d18ce00000,0x000000d18cf00000] [id=5972]
  0x0000020a37694800 ConcurrentGCThread "G1 Main Marker" [stack: 0x000000d18ac00000,0x000000d18ad00000] [id=4452]
  0x0000020a37695800 ConcurrentGCThread "G1 Conc#0" [stack: 0x000000d18ad00000,0x000000d18ae00000] [id=8608]
  0x0000020a561fa800 ConcurrentGCThread "G1 Conc#1" [stack: 0x000000d18d200000,0x000000d18d300000] [id=11592]
  0x0000020a55a8a800 ConcurrentGCThread "G1 Conc#2" [stack: 0x000000d18d300000,0x000000d18d400000] [id=6820]
  0x0000020a3772d800 ConcurrentGCThread "G1 Refine#0" [stack: 0x000000d18ae00000,0x000000d18af00000] [id=12732]
  0x0000020a5409e000 ConcurrentGCThread "G1 Refine#1" [stack: 0x000000d18cf00000,0x000000d18d000000] [id=8860]
  0x0000020a52502800 ConcurrentGCThread "G1 Young RemSet Sampling" [stack: 0x000000d18af00000,0x000000d18b000000] [id=4884]

Threads with active compile tasks:
C2 CompilerThread0   6761 6581 %     4       org.gradle.internal.instantiation.generator.AbstractClassGenerator::inspectType @ 107 (560 bytes)
C2 CompilerThread1   6761 6592       4       groovy.lang.MetaClassImpl::addMetaMethodToIndex (65 bytes)
C2 CompilerThread2   6761 6603       4       java.lang.reflect.Method::getGenericReturnType (20 bytes)

VM state:at safepoint (normal execution)

VM Mutex/Monitor currently owned by a thread:  ([mutex/lock_event])
[0x0000020a37646de0] Threads_lock - owner thread: 0x0000020a526b4000
[0x0000020a37645a30] Compile_lock - owner thread: 0x0000020a55289000

Heap address: 0x0000000080000000, size: 2048 MB, Compressed Oops mode: 32-bit
Narrow klass base: 0x0000000000000000, Narrow klass shift: 3
Compressed class space size: 1073741824 Address: 0x0000000100000000

Heap:
 garbage-first heap   total 175104K, used 64080K [0x0000000080000000, 0x0000000100000000)
  region size 1024K, 8 young (8192K), 5 survivors (5120K)
 Metaspace       used 66920K, capacity 68388K, committed 68684K, reserved 1110016K
  class space    used 8430K, capacity 8991K, committed 9088K, reserved 1048576K
Heap Regions: E=young(eden), S=young(survivor), O=old, HS=humongous(starts), HC=humongous(continues), CS=collection set, F=free, A=archive, TAMS=top-at-mark-start (previous, next)
|   0|0x0000000080000000, 0x0000000080100000, 0x0000000080100000|100%| O|  |TAMS 0x0000000080100000, 0x0000000080000000| Untracked 
|   1|0x0000000080100000, 0x0000000080200000, 0x0000000080200000|100%| O|  |TAMS 0x0000000080200000, 0x0000000080100000| Untracked 
|   2|0x0000000080200000, 0x0000000080300000, 0x0000000080300000|100%| O|  |TAMS 0x0000000080300000, 0x0000000080200000| Untracked 
|   3|0x0000000080300000, 0x0000000080400000, 0x0000000080400000|100%|HS|  |TAMS 0x0000000080400000, 0x0000000080300000| Complete 
|   4|0x0000000080400000, 0x0000000080500000, 0x0000000080500000|100%|HC|  |TAMS 0x0000000080500000, 0x0000000080400000| Complete 
|   5|0x0000000080500000, 0x0000000080600000, 0x0000000080600000|100%|HC|  |TAMS 0x0000000080600000, 0x0000000080500000| Complete 
|   6|0x0000000080600000, 0x0000000080700000, 0x0000000080700000|100%| O|  |TAMS 0x0000000080700000, 0x0000000080600000| Untracked 
|   7|0x0000000080700000, 0x0000000080800000, 0x0000000080800000|100%| O|  |TAMS 0x0000000080800000, 0x0000000080700000| Untracked 
|   8|0x0000000080800000, 0x0000000080900000, 0x0000000080900000|100%| O|  |TAMS 0x0000000080900000, 0x0000000080800000| Untracked 
|   9|0x0000000080900000, 0x0000000080a00000, 0x0000000080a00000|100%| O|  |TAMS 0x0000000080a00000, 0x0000000080900000| Untracked 
|  10|0x0000000080a00000, 0x0000000080b00000, 0x0000000080b00000|100%| O|  |TAMS 0x0000000080b00000, 0x0000000080a00000| Untracked 
|  11|0x0000000080b00000, 0x0000000080c00000, 0x0000000080c00000|100%| O|  |TAMS 0x0000000080c00000, 0x0000000080b00000| Untracked 
|  12|0x0000000080c00000, 0x0000000080d00000, 0x0000000080d00000|100%| O|  |TAMS 0x0000000080d00000, 0x0000000080c00000| Untracked 
|  13|0x0000000080d00000, 0x0000000080e00000, 0x0000000080e00000|100%| O|  |TAMS 0x0000000080e00000, 0x0000000080d00000| Untracked 
|  14|0x0000000080e00000, 0x0000000080f00000, 0x0000000080f00000|100%| O|  |TAMS 0x0000000080f00000, 0x0000000080e00000| Untracked 
|  15|0x0000000080f00000, 0x0000000081000000, 0x0000000081000000|100%| O|  |TAMS 0x0000000081000000, 0x0000000080f00000| Untracked 
|  16|0x0000000081000000, 0x0000000081100000, 0x0000000081100000|100%| O|  |TAMS 0x0000000081100000, 0x0000000081000000| Untracked 
|  17|0x0000000081100000, 0x0000000081200000, 0x0000000081200000|100%| O|  |TAMS 0x0000000081200000, 0x0000000081100000| Untracked 
|  18|0x0000000081200000, 0x0000000081300000, 0x0000000081300000|100%| O|  |TAMS 0x0000000081300000, 0x0000000081200000| Untracked 
|  19|0x0000000081300000, 0x0000000081400000, 0x0000000081400000|100%| O|  |TAMS 0x0000000081400000, 0x0000000081300000| Untracked 
|  20|0x0000000081400000, 0x0000000081500000, 0x0000000081500000|100%| O|  |TAMS 0x0000000081500000, 0x0000000081400000| Untracked 
|  21|0x0000000081500000, 0x0000000081600000, 0x0000000081600000|100%| O|  |TAMS 0x0000000081600000, 0x0000000081500000| Untracked 
|  22|0x0000000081600000, 0x0000000081700000, 0x0000000081700000|100%| O|  |TAMS 0x0000000081700000, 0x0000000081600000| Untracked 
|  23|0x0000000081700000, 0x0000000081800000, 0x0000000081800000|100%| O|  |TAMS 0x0000000081800000, 0x0000000081700000| Untracked 
|  24|0x0000000081800000, 0x0000000081900000, 0x0000000081900000|100%| O|  |TAMS 0x0000000081900000, 0x0000000081800000| Untracked 
|  25|0x0000000081900000, 0x0000000081a00000, 0x0000000081a00000|100%| O|  |TAMS 0x0000000081a00000, 0x0000000081900000| Untracked 
|  26|0x0000000081a00000, 0x0000000081b00000, 0x0000000081b00000|100%|HS|  |TAMS 0x0000000081b00000, 0x0000000081a00000| Complete 
|  27|0x0000000081b00000, 0x0000000081c00000, 0x0000000081c00000|100%|HS|  |TAMS 0x0000000081c00000, 0x0000000081b00000| Complete 
|  28|0x0000000081c00000, 0x0000000081d00000, 0x0000000081d00000|100%|HS|  |TAMS 0x0000000081d00000, 0x0000000081c00000| Complete 
|  29|0x0000000081d00000, 0x0000000081e00000, 0x0000000081e00000|100%|HS|  |TAMS 0x0000000081e00000, 0x0000000081d00000| Complete 
|  30|0x0000000081e00000, 0x0000000081f00000, 0x0000000081f00000|100%|HC|  |TAMS 0x0000000081f00000, 0x0000000081e00000| Complete 
|  31|0x0000000081f00000, 0x0000000082000000, 0x0000000082000000|100%|HC|  |TAMS 0x0000000082000000, 0x0000000081f00000| Complete 
|  32|0x0000000082000000, 0x0000000082100000, 0x0000000082100000|100%|HS|  |TAMS 0x0000000082100000, 0x0000000082000000| Complete 
|  33|0x0000000082100000, 0x0000000082200000, 0x0000000082200000|100%|HC|  |TAMS 0x0000000082200000, 0x0000000082100000| Complete 
|  34|0x0000000082200000, 0x0000000082300000, 0x0000000082300000|100%| O|  |TAMS 0x0000000082300000, 0x0000000082200000| Untracked 
|  35|0x0000000082300000, 0x0000000082400000, 0x0000000082400000|100%| O|  |TAMS 0x0000000082400000, 0x0000000082300000| Untracked 
|  36|0x0000000082400000, 0x0000000082500000, 0x0000000082500000|100%| O|  |TAMS 0x0000000082500000, 0x0000000082400000| Untracked 
|  37|0x0000000082500000, 0x0000000082600000, 0x0000000082600000|100%| O|  |TAMS 0x0000000082600000, 0x0000000082500000| Untracked 
|  38|0x0000000082600000, 0x0000000082700000, 0x0000000082700000|100%| O|  |TAMS 0x0000000082700000, 0x0000000082600000| Untracked 
|  39|0x0000000082700000, 0x0000000082800000, 0x0000000082800000|100%| O|  |TAMS 0x0000000082800000, 0x0000000082700000| Untracked 
|  40|0x0000000082800000, 0x0000000082900000, 0x0000000082900000|100%| O|  |TAMS 0x0000000082900000, 0x0000000082800000| Untracked 
|  41|0x0000000082900000, 0x0000000082a00000, 0x0000000082a00000|100%| O|  |TAMS 0x0000000082a00000, 0x0000000082900000| Untracked 
|  42|0x0000000082a00000, 0x0000000082b00000, 0x0000000082b00000|100%| O|  |TAMS 0x0000000082b00000, 0x0000000082a00000| Untracked 
|  43|0x0000000082b00000, 0x0000000082c00000, 0x0000000082c00000|100%| O|  |TAMS 0x0000000082c00000, 0x0000000082b00000| Untracked 
|  44|0x0000000082c00000, 0x0000000082d00000, 0x0000000082d00000|100%| O|  |TAMS 0x0000000082d00000, 0x0000000082c00000| Untracked 
|  45|0x0000000082d00000, 0x0000000082e00000, 0x0000000082e00000|100%| O|  |TAMS 0x0000000082e00000, 0x0000000082d00000| Untracked 
|  46|0x0000000082e00000, 0x0000000082f00000, 0x0000000082f00000|100%| O|  |TAMS 0x0000000082f00000, 0x0000000082e00000| Untracked 
|  47|0x0000000082f00000, 0x0000000083000000, 0x0000000083000000|100%| O|  |TAMS 0x0000000083000000, 0x0000000082f00000| Untracked 
|  48|0x0000000083000000, 0x0000000083100000, 0x0000000083100000|100%| O|  |TAMS 0x0000000083100000, 0x0000000083000000| Untracked 
|  49|0x0000000083100000, 0x0000000083200000, 0x0000000083200000|100%| O|  |TAMS 0x0000000083200000, 0x0000000083100000| Untracked 
|  50|0x0000000083200000, 0x0000000083300000, 0x0000000083300000|100%| O|  |TAMS 0x000000008325f400, 0x0000000083200000| Untracked 
|  51|0x0000000083300000, 0x0000000083300000, 0x0000000083400000|  0%| F|  |TAMS 0x0000000083300000, 0x0000000083300000| Untracked 
|  52|0x0000000083400000, 0x0000000083500000, 0x0000000083500000|100%| O|  |TAMS 0x0000000083400000, 0x0000000083400000| Untracked 
|  53|0x0000000083500000, 0x0000000083600000, 0x0000000083600000|100%| O|  |TAMS 0x0000000083500000, 0x0000000083500000| Untracked 
|  54|0x0000000083600000, 0x0000000083700000, 0x0000000083700000|100%| O|  |TAMS 0x0000000083600000, 0x0000000083600000| Untracked 
|  55|0x0000000083700000, 0x0000000083800000, 0x0000000083800000|100%| O|  |TAMS 0x0000000083700000, 0x0000000083700000| Untracked 
|  56|0x0000000083800000, 0x00000000838c8000, 0x0000000083900000| 78%| O|  |TAMS 0x0000000083800000, 0x0000000083800000| Untracked 
|  57|0x0000000083900000, 0x0000000083900000, 0x0000000083a00000|  0%| F|  |TAMS 0x0000000083900000, 0x0000000083900000| Untracked 
|  58|0x0000000083a00000, 0x0000000083a00000, 0x0000000083b00000|  0%| F|  |TAMS 0x0000000083a00000, 0x0000000083a00000| Untracked 
|  59|0x0000000083b00000, 0x0000000083b00000, 0x0000000083c00000|  0%| F|  |TAMS 0x0000000083b00000, 0x0000000083b00000| Untracked 
|  60|0x0000000083c00000, 0x0000000083c00000, 0x0000000083d00000|  0%| F|  |TAMS 0x0000000083c00000, 0x0000000083c00000| Untracked 
|  61|0x0000000083d00000, 0x0000000083d00000, 0x0000000083e00000|  0%| F|  |TAMS 0x0000000083d00000, 0x0000000083d00000| Untracked 
|  62|0x0000000083e00000, 0x0000000083e00000, 0x0000000083f00000|  0%| F|  |TAMS 0x0000000083e00000, 0x0000000083e00000| Untracked 
|  63|0x0000000083f00000, 0x0000000083f00000, 0x0000000084000000|  0%| F|  |TAMS 0x0000000083f00000, 0x0000000083f00000| Untracked 
|  64|0x0000000084000000, 0x0000000084000000, 0x0000000084100000|  0%| F|  |TAMS 0x0000000084000000, 0x0000000084000000| Untracked 
|  65|0x0000000084100000, 0x0000000084100000, 0x0000000084200000|  0%| F|  |TAMS 0x0000000084100000, 0x0000000084100000| Untracked 
|  66|0x0000000084200000, 0x0000000084200000, 0x0000000084300000|  0%| F|  |TAMS 0x0000000084200000, 0x0000000084200000| Untracked 
|  67|0x0000000084300000, 0x0000000084300000, 0x0000000084400000|  0%| F|  |TAMS 0x0000000084300000, 0x0000000084300000| Untracked 
|  68|0x0000000084400000, 0x0000000084400000, 0x0000000084500000|  0%| F|  |TAMS 0x0000000084400000, 0x0000000084400000| Untracked 
|  69|0x0000000084500000, 0x0000000084500000, 0x0000000084600000|  0%| F|  |TAMS 0x0000000084500000, 0x0000000084500000| Untracked 
|  70|0x0000000084600000, 0x0000000084600000, 0x0000000084700000|  0%| F|  |TAMS 0x0000000084600000, 0x0000000084600000| Untracked 
|  71|0x0000000084700000, 0x0000000084700000, 0x0000000084800000|  0%| F|  |TAMS 0x0000000084700000, 0x0000000084700000| Untracked 
|  72|0x0000000084800000, 0x0000000084800000, 0x0000000084900000|  0%| F|  |TAMS 0x0000000084800000, 0x0000000084800000| Untracked 
|  73|0x0000000084900000, 0x0000000084900000, 0x0000000084a00000|  0%| F|  |TAMS 0x0000000084900000, 0x0000000084900000| Untracked 
|  74|0x0000000084a00000, 0x0000000084a00000, 0x0000000084b00000|  0%| F|  |TAMS 0x0000000084a00000, 0x0000000084a00000| Untracked 
|  75|0x0000000084b00000, 0x0000000084b00000, 0x0000000084c00000|  0%| F|  |TAMS 0x0000000084b00000, 0x0000000084b00000| Untracked 
|  76|0x0000000084c00000, 0x0000000084c00000, 0x0000000084d00000|  0%| F|  |TAMS 0x0000000084c00000, 0x0000000084c00000| Untracked 
|  77|0x0000000084d00000, 0x0000000084d00000, 0x0000000084e00000|  0%| F|  |TAMS 0x0000000084d00000, 0x0000000084d00000| Untracked 
|  78|0x0000000084e00000, 0x0000000084e00000, 0x0000000084f00000|  0%| F|  |TAMS 0x0000000084e00000, 0x0000000084e00000| Untracked 
|  79|0x0000000084f00000, 0x0000000084f00000, 0x0000000085000000|  0%| F|  |TAMS 0x0000000084f00000, 0x0000000084f00000| Untracked 
|  80|0x0000000085000000, 0x0000000085000000, 0x0000000085100000|  0%| F|  |TAMS 0x0000000085000000, 0x0000000085000000| Untracked 
|  81|0x0000000085100000, 0x0000000085100000, 0x0000000085200000|  0%| F|  |TAMS 0x0000000085100000, 0x0000000085100000| Untracked 
|  82|0x0000000085200000, 0x0000000085200000, 0x0000000085300000|  0%| F|  |TAMS 0x0000000085200000, 0x0000000085200000| Untracked 
|  83|0x0000000085300000, 0x0000000085300000, 0x0000000085400000|  0%| F|  |TAMS 0x0000000085300000, 0x0000000085300000| Untracked 
|  84|0x0000000085400000, 0x0000000085400000, 0x0000000085500000|  0%| F|  |TAMS 0x0000000085400000, 0x0000000085400000| Untracked 
|  85|0x0000000085500000, 0x0000000085500000, 0x0000000085600000|  0%| F|  |TAMS 0x0000000085500000, 0x0000000085500000| Untracked 
|  86|0x0000000085600000, 0x0000000085600000, 0x0000000085700000|  0%| F|  |TAMS 0x0000000085600000, 0x0000000085600000| Untracked 
|  87|0x0000000085700000, 0x0000000085700000, 0x0000000085800000|  0%| F|  |TAMS 0x0000000085700000, 0x0000000085700000| Untracked 
|  88|0x0000000085800000, 0x0000000085800000, 0x0000000085900000|  0%| F|  |TAMS 0x0000000085800000, 0x0000000085800000| Untracked 
|  89|0x0000000085900000, 0x0000000085900000, 0x0000000085a00000|  0%| F|  |TAMS 0x0000000085900000, 0x0000000085900000| Untracked 
|  90|0x0000000085a00000, 0x0000000085a00000, 0x0000000085b00000|  0%| F|  |TAMS 0x0000000085a00000, 0x0000000085a00000| Untracked 
|  91|0x0000000085b00000, 0x0000000085b00000, 0x0000000085c00000|  0%| F|  |TAMS 0x0000000085b00000, 0x0000000085b00000| Untracked 
|  92|0x0000000085c00000, 0x0000000085c00000, 0x0000000085d00000|  0%| F|  |TAMS 0x0000000085c00000, 0x0000000085c00000| Untracked 
|  93|0x0000000085d00000, 0x0000000085d00000, 0x0000000085e00000|  0%| F|  |TAMS 0x0000000085d00000, 0x0000000085d00000| Untracked 
|  94|0x0000000085e00000, 0x0000000085e00000, 0x0000000085f00000|  0%| F|  |TAMS 0x0000000085e00000, 0x0000000085e00000| Untracked 
|  95|0x0000000085f00000, 0x0000000085f00000, 0x0000000086000000|  0%| F|  |TAMS 0x0000000085f00000, 0x0000000085f00000| Untracked 
|  96|0x0000000086000000, 0x0000000086000000, 0x0000000086100000|  0%| F|  |TAMS 0x0000000086000000, 0x0000000086000000| Untracked 
|  97|0x0000000086100000, 0x0000000086100000, 0x0000000086200000|  0%| F|  |TAMS 0x0000000086100000, 0x0000000086100000| Untracked 
|  98|0x0000000086200000, 0x0000000086200000, 0x0000000086300000|  0%| F|  |TAMS 0x0000000086200000, 0x0000000086200000| Untracked 
|  99|0x0000000086300000, 0x0000000086300000, 0x0000000086400000|  0%| F|  |TAMS 0x0000000086300000, 0x0000000086300000| Untracked 
| 100|0x0000000086400000, 0x0000000086400000, 0x0000000086500000|  0%| F|  |TAMS 0x0000000086400000, 0x0000000086400000| Untracked 
| 101|0x0000000086500000, 0x0000000086500000, 0x0000000086600000|  0%| F|  |TAMS 0x0000000086500000, 0x0000000086500000| Untracked 
| 102|0x0000000086600000, 0x0000000086600000, 0x0000000086700000|  0%| F|  |TAMS 0x0000000086600000, 0x0000000086600000| Untracked 
| 103|0x0000000086700000, 0x0000000086700000, 0x0000000086800000|  0%| F|  |TAMS 0x0000000086700000, 0x0000000086700000| Untracked 
| 104|0x0000000086800000, 0x0000000086800000, 0x0000000086900000|  0%| F|  |TAMS 0x0000000086800000, 0x0000000086800000| Untracked 
| 105|0x0000000086900000, 0x0000000086900000, 0x0000000086a00000|  0%| F|  |TAMS 0x0000000086900000, 0x0000000086900000| Untracked 
| 106|0x0000000086a00000, 0x0000000086a00000, 0x0000000086b00000|  0%| F|  |TAMS 0x0000000086a00000, 0x0000000086a00000| Untracked 
| 107|0x0000000086b00000, 0x0000000086b00000, 0x0000000086c00000|  0%| F|  |TAMS 0x0000000086b00000, 0x0000000086b00000| Untracked 
| 108|0x0000000086c00000, 0x0000000086c00000, 0x0000000086d00000|  0%| F|  |TAMS 0x0000000086c00000, 0x0000000086c00000| Untracked 
| 109|0x0000000086d00000, 0x0000000086dcc228, 0x0000000086e00000| 79%| S|CS|TAMS 0x0000000086d00000, 0x0000000086d00000| Complete 
| 110|0x0000000086e00000, 0x0000000086f00000, 0x0000000086f00000|100%| S|CS|TAMS 0x0000000086e00000, 0x0000000086e00000| Complete 
| 111|0x0000000086f00000, 0x0000000087000000, 0x0000000087000000|100%| S|CS|TAMS 0x0000000086f00000, 0x0000000086f00000| Complete 
| 112|0x0000000087000000, 0x0000000087100000, 0x0000000087100000|100%| S|CS|TAMS 0x0000000087000000, 0x0000000087000000| Complete 
| 113|0x0000000087100000, 0x0000000087200000, 0x0000000087200000|100%| S|CS|TAMS 0x0000000087100000, 0x0000000087100000| Complete 
| 114|0x0000000087200000, 0x0000000087200000, 0x0000000087300000|  0%| F|  |TAMS 0x0000000087200000, 0x0000000087200000| Untracked 
| 115|0x0000000087300000, 0x0000000087300000, 0x0000000087400000|  0%| F|  |TAMS 0x0000000087300000, 0x0000000087300000| Untracked 
| 116|0x0000000087400000, 0x0000000087400000, 0x0000000087500000|  0%| F|  |TAMS 0x0000000087400000, 0x0000000087400000| Untracked 
| 117|0x0000000087500000, 0x0000000087500000, 0x0000000087600000|  0%| F|  |TAMS 0x0000000087500000, 0x0000000087500000| Untracked 
| 118|0x0000000087600000, 0x0000000087600000, 0x0000000087700000|  0%| F|  |TAMS 0x0000000087600000, 0x0000000087600000| Untracked 
| 119|0x0000000087700000, 0x0000000087700000, 0x0000000087800000|  0%| F|  |TAMS 0x0000000087700000, 0x0000000087700000| Untracked 
| 120|0x0000000087800000, 0x0000000087800000, 0x0000000087900000|  0%| F|  |TAMS 0x0000000087800000, 0x0000000087800000| Untracked 
| 121|0x0000000087900000, 0x0000000087900000, 0x0000000087a00000|  0%| F|  |TAMS 0x0000000087900000, 0x0000000087900000| Untracked 
| 122|0x0000000087a00000, 0x0000000087a00000, 0x0000000087b00000|  0%| F|  |TAMS 0x0000000087a00000, 0x0000000087a00000| Untracked 
| 123|0x0000000087b00000, 0x0000000087b00000, 0x0000000087c00000|  0%| F|  |TAMS 0x0000000087b00000, 0x0000000087b00000| Untracked 
| 124|0x0000000087c00000, 0x0000000087c00000, 0x0000000087d00000|  0%| F|  |TAMS 0x0000000087c00000, 0x0000000087c00000| Untracked 
| 125|0x0000000087d00000, 0x0000000087d00000, 0x0000000087e00000|  0%| F|  |TAMS 0x0000000087d00000, 0x0000000087d00000| Untracked 
| 126|0x0000000087e00000, 0x0000000087e00000, 0x0000000087f00000|  0%| F|  |TAMS 0x0000000087e00000, 0x0000000087e00000| Untracked 
| 127|0x0000000087f00000, 0x0000000087f00000, 0x0000000088000000|  0%| F|  |TAMS 0x0000000087f00000, 0x0000000087f00000| Untracked 
| 128|0x0000000088000000, 0x0000000088000000, 0x0000000088100000|  0%| F|  |TAMS 0x0000000088000000, 0x0000000088000000| Untracked 
| 129|0x0000000088100000, 0x0000000088100000, 0x0000000088200000|  0%| F|  |TAMS 0x0000000088100000, 0x0000000088100000| Untracked 
| 130|0x0000000088200000, 0x0000000088200000, 0x0000000088300000|  0%| F|  |TAMS 0x0000000088200000, 0x0000000088200000| Untracked 
| 131|0x0000000088300000, 0x0000000088300000, 0x0000000088400000|  0%| F|  |TAMS 0x0000000088300000, 0x0000000088300000| Untracked 
| 132|0x0000000088400000, 0x0000000088400000, 0x0000000088500000|  0%| F|  |TAMS 0x0000000088400000, 0x0000000088400000| Untracked 
| 133|0x0000000088500000, 0x0000000088500000, 0x0000000088600000|  0%| F|  |TAMS 0x0000000088500000, 0x0000000088500000| Untracked 
| 134|0x0000000088600000, 0x0000000088600000, 0x0000000088700000|  0%| F|  |TAMS 0x0000000088600000, 0x0000000088600000| Untracked 
| 135|0x0000000088700000, 0x0000000088700000, 0x0000000088800000|  0%| F|  |TAMS 0x0000000088700000, 0x0000000088700000| Untracked 
| 136|0x0000000088800000, 0x0000000088800000, 0x0000000088900000|  0%| F|  |TAMS 0x0000000088800000, 0x0000000088800000| Untracked 
| 137|0x0000000088900000, 0x0000000088900000, 0x0000000088a00000|  0%| F|  |TAMS 0x0000000088900000, 0x0000000088900000| Untracked 
| 138|0x0000000088a00000, 0x0000000088a00000, 0x0000000088b00000|  0%| F|  |TAMS 0x0000000088a00000, 0x0000000088a00000| Untracked 
| 139|0x0000000088b00000, 0x0000000088b00000, 0x0000000088c00000|  0%| F|  |TAMS 0x0000000088b00000, 0x0000000088b00000| Untracked 
| 140|0x0000000088c00000, 0x0000000088c00000, 0x0000000088d00000|  0%| F|  |TAMS 0x0000000088c00000, 0x0000000088c00000| Untracked 
| 141|0x0000000088d00000, 0x0000000088d00000, 0x0000000088e00000|  0%| F|  |TAMS 0x0000000088d00000, 0x0000000088d00000| Untracked 
| 142|0x0000000088e00000, 0x0000000088e00000, 0x0000000088f00000|  0%| F|  |TAMS 0x0000000088e00000, 0x0000000088e00000| Untracked 
| 143|0x0000000088f00000, 0x0000000088f00000, 0x0000000089000000|  0%| F|  |TAMS 0x0000000088f00000, 0x0000000088f00000| Untracked 
| 144|0x0000000089000000, 0x0000000089000000, 0x0000000089100000|  0%| F|  |TAMS 0x0000000089000000, 0x0000000089000000| Untracked 
| 145|0x0000000089100000, 0x0000000089100000, 0x0000000089200000|  0%| F|  |TAMS 0x0000000089100000, 0x0000000089100000| Untracked 
| 146|0x0000000089200000, 0x0000000089200000, 0x0000000089300000|  0%| F|  |TAMS 0x0000000089200000, 0x0000000089200000| Untracked 
| 147|0x0000000089300000, 0x0000000089300000, 0x0000000089400000|  0%| F|  |TAMS 0x0000000089300000, 0x0000000089300000| Untracked 
| 148|0x0000000089400000, 0x0000000089400000, 0x0000000089500000|  0%| F|  |TAMS 0x0000000089400000, 0x0000000089400000| Untracked 
| 149|0x0000000089500000, 0x0000000089500000, 0x0000000089600000|  0%| F|  |TAMS 0x0000000089500000, 0x0000000089500000| Untracked 
| 150|0x0000000089600000, 0x0000000089600000, 0x0000000089700000|  0%| F|  |TAMS 0x0000000089600000, 0x0000000089600000| Untracked 
| 151|0x0000000089700000, 0x0000000089700000, 0x0000000089800000|  0%| F|  |TAMS 0x0000000089700000, 0x0000000089700000| Untracked 
| 152|0x0000000089800000, 0x0000000089800000, 0x0000000089900000|  0%| F|  |TAMS 0x0000000089800000, 0x0000000089800000| Untracked 
| 153|0x0000000089900000, 0x0000000089900000, 0x0000000089a00000|  0%| F|  |TAMS 0x0000000089900000, 0x0000000089900000| Untracked 
| 154|0x0000000089a00000, 0x0000000089a00000, 0x0000000089b00000|  0%| F|  |TAMS 0x0000000089a00000, 0x0000000089a00000| Untracked 
| 155|0x0000000089b00000, 0x0000000089b00000, 0x0000000089c00000|  0%| F|  |TAMS 0x0000000089b00000, 0x0000000089b00000| Untracked 
| 156|0x0000000089c00000, 0x0000000089c00000, 0x0000000089d00000|  0%| F|  |TAMS 0x0000000089c00000, 0x0000000089c00000| Untracked 
| 157|0x0000000089d00000, 0x0000000089d00000, 0x0000000089e00000|  0%| F|  |TAMS 0x0000000089d00000, 0x0000000089d00000| Untracked 
| 158|0x0000000089e00000, 0x0000000089e00000, 0x0000000089f00000|  0%| F|  |TAMS 0x0000000089e00000, 0x0000000089e00000| Untracked 
| 159|0x0000000089f00000, 0x0000000089f00000, 0x000000008a000000|  0%| F|  |TAMS 0x0000000089f00000, 0x0000000089f00000| Untracked 
| 160|0x000000008a000000, 0x000000008a000000, 0x000000008a100000|  0%| F|  |TAMS 0x000000008a000000, 0x000000008a000000| Untracked 
| 161|0x000000008a100000, 0x000000008a100000, 0x000000008a200000|  0%| F|  |TAMS 0x000000008a100000, 0x000000008a100000| Untracked 
| 162|0x000000008a200000, 0x000000008a200000, 0x000000008a300000|  0%| F|  |TAMS 0x000000008a200000, 0x000000008a200000| Untracked 
| 163|0x000000008a300000, 0x000000008a300000, 0x000000008a400000|  0%| F|  |TAMS 0x000000008a300000, 0x000000008a300000| Untracked 
| 164|0x000000008a400000, 0x000000008a400000, 0x000000008a500000|  0%| F|  |TAMS 0x000000008a400000, 0x000000008a400000| Untracked 
| 165|0x000000008a500000, 0x000000008a500000, 0x000000008a600000|  0%| F|  |TAMS 0x000000008a500000, 0x000000008a500000| Untracked 
| 166|0x000000008a600000, 0x000000008a600000, 0x000000008a700000|  0%| F|  |TAMS 0x000000008a600000, 0x000000008a600000| Untracked 
| 167|0x000000008a700000, 0x000000008a7817f8, 0x000000008a800000| 50%| E|  |TAMS 0x000000008a700000, 0x000000008a700000| Complete 
| 168|0x000000008a800000, 0x000000008a900000, 0x000000008a900000|100%| E|CS|TAMS 0x000000008a800000, 0x000000008a800000| Complete 
| 169|0x000000008a900000, 0x000000008aa00000, 0x000000008aa00000|100%| E|CS|TAMS 0x000000008a900000, 0x000000008a900000| Complete 
| 170|0x000000008aa00000, 0x000000008ab00000, 0x000000008ab00000|100%| E|CS|TAMS 0x000000008aa00000, 0x000000008aa00000| Complete 

Card table byte_map: [0x0000020a4b1c0000,0x0000020a4b5c0000] _byte_map_base: 0x0000020a4adc0000

Marking Bits (Prev, Next): (CMBitMap*) 0x0000020a3768b8f0, (CMBitMap*) 0x0000020a3768b8b8
 Prev Bits: [0x0000020a4d9c0000, 0x0000020a4f9c0000)
 Next Bits: [0x0000020a4b9c0000, 0x0000020a4d9c0000)

Polling page: 0x0000020a35e50000

Metaspace:

Usage:
  Non-class:     58.07 MB capacity,    57.15 MB ( 98%) used,   776.65 KB (  1%) free+waste,   167.69 KB ( <1%) overhead. 
      Class:      8.78 MB capacity,     8.24 MB ( 94%) used,   480.37 KB (  5%) free+waste,    77.81 KB ( <1%) overhead. 
       Both:     66.85 MB capacity,    65.38 MB ( 98%) used,     1.23 MB (  2%) free+waste,   245.50 KB ( <1%) overhead. 

Virtual space:
  Non-class space:       60.00 MB reserved,      58.20 MB ( 97%) committed 
      Class space:        1.00 GB reserved,       8.88 MB ( <1%) committed 
             Both:        1.06 GB reserved,      67.07 MB (  6%) committed 

Chunk freelists:
   Non-Class:  7.00 KB
       Class:  1.00 KB
        Both:  8.00 KB

MaxMetaspaceSize: 17179869184.00 GB
CompressedClassSpaceSize: 1.00 GB

CodeHeap 'non-profiled nmethods': size=120000Kb used=4232Kb max_used=4232Kb free=115767Kb
 bounds [0x0000020a42c10000, 0x0000020a43040000, 0x0000020a4a140000]
CodeHeap 'profiled nmethods': size=120000Kb used=13964Kb max_used=13964Kb free=106035Kb
 bounds [0x0000020a3b6e0000, 0x0000020a3c490000, 0x0000020a42c10000]
CodeHeap 'non-nmethods': size=5760Kb used=2261Kb max_used=2304Kb free=3498Kb
 bounds [0x0000020a3b140000, 0x0000020a3b3b0000, 0x0000020a3b6e0000]
 total_blobs=7493 nmethods=6640 adapters=764
 compilation: enabled
              stopped_count=0, restarted_count=0
 full_count=0

Compilation events (20 events):
Event: 6.701 Thread 0x0000020a526e4800 6630       3       com.sun.beans.introspect.MethodInfo::isThrow (42 bytes)
Event: 6.701 Thread 0x0000020a526e4800 nmethod 6630 0x0000020a3c478510 code [0x0000020a3c478700, 0x0000020a3c478b28]
Event: 6.704 Thread 0x0000020a526e4800 6631       1       org.codehaus.groovy.runtime.metaclass.MultipleSetterProperty::setGetter (6 bytes)
Event: 6.704 Thread 0x0000020a526e4800 nmethod 6631 0x0000020a43029390 code [0x0000020a43029540, 0x0000020a43029638]
Event: 6.710 Thread 0x0000020a526e4800 6632       3       java.lang.reflect.Constructor::isSynthetic (5 bytes)
Event: 6.710 Thread 0x0000020a526e4800 nmethod 6632 0x0000020a3c478c90 code [0x0000020a3c478e60, 0x0000020a3c479098]
Event: 6.710 Thread 0x0000020a526e4800 6633       3       org.codehaus.groovy.runtime.metaclass.MetaMethodIndex$Header::<init> (26 bytes)
Event: 6.710 Thread 0x0000020a526e4800 nmethod 6633 0x0000020a3c479190 code [0x0000020a3c479360, 0x0000020a3c479648]
Event: 6.714 Thread 0x0000020a526e4800 6635       1       java.beans.GenericBeanInfo::getEventSetDescriptors (5 bytes)
Event: 6.715 Thread 0x0000020a526e4800 nmethod 6635 0x0000020a43029690 code [0x0000020a43029840, 0x0000020a430298f8]
Event: 6.715 Thread 0x0000020a526e4800 6637       3       java.util.stream.AbstractPipeline::exactOutputSizeIfKnown (26 bytes)
Event: 6.715 Thread 0x0000020a526e4800 nmethod 6637 0x0000020a3c479790 code [0x0000020a3c479960, 0x0000020a3c479c68]
Event: 6.715 Thread 0x0000020a526e4800 6638       3       java.util.stream.ReferencePipeline::makeNodeBuilder (6 bytes)
Event: 6.716 Thread 0x0000020a526e4800 nmethod 6638 0x0000020a3c479d90 code [0x0000020a3c479fa0, 0x0000020a3c47a5e8]
Event: 6.716 Thread 0x0000020a526e4800 6639       3       java.util.stream.Nodes::builder (30 bytes)
Event: 6.717 Thread 0x0000020a526e4800 nmethod 6639 0x0000020a3c47a810 code [0x0000020a3c47aa20, 0x0000020a3c47b008]
Event: 6.717 Thread 0x0000020a526e4800 6636       1       java.beans.GenericBeanInfo::getPropertyDescriptors (5 bytes)
Event: 6.717 Thread 0x0000020a526e4800 nmethod 6636 0x0000020a43029990 code [0x0000020a43029b40, 0x0000020a43029bf8]
Event: 6.717 Thread 0x0000020a526e4800 6640       1       groovy.lang.GroovyObjectSupport::getMetaClass (5 bytes)
Event: 6.717 Thread 0x0000020a526e4800 nmethod 6640 0x0000020a43029c90 code [0x0000020a43029e40, 0x0000020a43029ef8]

GC Heap History (20 events):
Event: 2.351 GC heap before
{Heap before GC invocations=4 (full 0):
 garbage-first heap   total 120832K, used 63952K [0x0000000080000000, 0x0000000100000000)
  region size 1024K, 48 young (49152K), 2 survivors (2048K)
 Metaspace       used 25412K, capacity 26043K, committed 26112K, reserved 1071104K
  class space    used 3311K, capacity 3536K, committed 3584K, reserved 1048576K
}
Event: 2.354 GC heap after
{Heap after GC invocations=5 (full 0):
 garbage-first heap   total 120832K, used 18286K [0x0000000080000000, 0x0000000100000000)
  region size 1024K, 3 young (3072K), 3 survivors (3072K)
 Metaspace       used 25412K, capacity 26043K, committed 26112K, reserved 1071104K
  class space    used 3311K, capacity 3536K, committed 3584K, reserved 1048576K
}
Event: 2.849 GC heap before
{Heap before GC invocations=5 (full 0):
 garbage-first heap   total 120832K, used 70510K [0x0000000080000000, 0x0000000100000000)
  region size 1024K, 54 young (55296K), 3 survivors (3072K)
 Metaspace       used 30943K, capacity 31728K, committed 31872K, reserved 1077248K
  class space    used 4144K, capacity 4411K, committed 4480K, reserved 1048576K
}
Event: 2.852 GC heap after
{Heap after GC invocations=6 (full 0):
 garbage-first heap   total 120832K, used 20255K [0x0000000080000000, 0x0000000100000000)
  region size 1024K, 5 young (5120K), 5 survivors (5120K)
 Metaspace       used 30943K, capacity 31728K, committed 31872K, reserved 1077248K
  class space    used 4144K, capacity 4411K, committed 4480K, reserved 1048576K
}
Event: 3.047 GC heap before
{Heap before GC invocations=6 (full 0):
 garbage-first heap   total 120832K, used 30495K [0x0000000080000000, 0x0000000100000000)
  region size 1024K, 17 young (17408K), 5 survivors (5120K)
 Metaspace       used 35017K, capacity 35803K, committed 35840K, reserved 1081344K
  class space    used 4538K, capacity 4834K, committed 4864K, reserved 1048576K
}
Event: 3.057 GC heap after
{Heap after GC invocations=7 (full 0):
 garbage-first heap   total 120832K, used 22015K [0x0000000080000000, 0x0000000100000000)
  region size 1024K, 6 young (6144K), 6 survivors (6144K)
 Metaspace       used 35017K, capacity 35803K, committed 35840K, reserved 1081344K
  class space    used 4538K, capacity 4834K, committed 4864K, reserved 1048576K
}
Event: 3.465 GC heap before
{Heap before GC invocations=8 (full 0):
 garbage-first heap   total 120832K, used 75263K [0x0000000080000000, 0x0000000100000000)
  region size 1024K, 56 young (57344K), 6 survivors (6144K)
 Metaspace       used 38666K, capacity 39572K, committed 39884K, reserved 1083392K
  class space    used 4932K, capacity 5253K, committed 5376K, reserved 1048576K
}
Event: 3.472 GC heap after
{Heap after GC invocations=9 (full 0):
 garbage-first heap   total 120832K, used 26067K [0x0000000080000000, 0x0000000100000000)
  region size 1024K, 7 young (7168K), 7 survivors (7168K)
 Metaspace       used 38666K, capacity 39572K, committed 39884K, reserved 1083392K
  class space    used 4932K, capacity 5253K, committed 5376K, reserved 1048576K
}
Event: 3.991 GC heap before
{Heap before GC invocations=9 (full 0):
 garbage-first heap   total 120832K, used 80339K [0x0000000080000000, 0x0000000100000000)
  region size 1024K, 59 young (60416K), 7 survivors (7168K)
 Metaspace       used 43556K, capacity 44576K, committed 44876K, reserved 1087488K
  class space    used 5568K, capacity 5936K, committed 6016K, reserved 1048576K
}
Event: 4.001 GC heap after
{Heap after GC invocations=10 (full 0):
 garbage-first heap   total 145408K, used 28506K [0x0000000080000000, 0x0000000100000000)
  region size 1024K, 6 young (6144K), 6 survivors (6144K)
 Metaspace       used 43556K, capacity 44576K, committed 44876K, reserved 1087488K
  class space    used 5568K, capacity 5936K, committed 6016K, reserved 1048576K
}
Event: 4.695 GC heap before
{Heap before GC invocations=10 (full 0):
 garbage-first heap   total 145408K, used 90970K [0x0000000080000000, 0x0000000100000000)
  region size 1024K, 68 young (69632K), 6 survivors (6144K)
 Metaspace       used 47036K, capacity 48280K, committed 48460K, reserved 1091584K
  class space    used 6022K, capacity 6463K, committed 6528K, reserved 1048576K
}
Event: 4.703 GC heap after
{Heap after GC invocations=11 (full 0):
 garbage-first heap   total 145408K, used 34220K [0x0000000080000000, 0x0000000100000000)
  region size 1024K, 8 young (8192K), 8 survivors (8192K)
 Metaspace       used 47036K, capacity 48280K, committed 48460K, reserved 1091584K
  class space    used 6022K, capacity 6463K, committed 6528K, reserved 1048576K
}
Event: 5.328 GC heap before
{Heap before GC invocations=11 (full 0):
 garbage-first heap   total 145408K, used 104876K [0x0000000080000000, 0x0000000100000000)
  region size 1024K, 69 young (70656K), 8 survivors (8192K)
 Metaspace       used 53158K, capacity 54526K, committed 54732K, reserved 1097728K
  class space    used 6804K, capacity 7313K, committed 7424K, reserved 1048576K
}
Event: 5.337 GC heap after
{Heap after GC invocations=12 (full 0):
 garbage-first heap   total 145408K, used 51780K [0x0000000080000000, 0x0000000100000000)
  region size 1024K, 9 young (9216K), 9 survivors (9216K)
 Metaspace       used 53158K, capacity 54526K, committed 54732K, reserved 1097728K
  class space    used 6804K, capacity 7313K, committed 7424K, reserved 1048576K
}
Event: 5.725 GC heap before
{Heap before GC invocations=12 (full 0):
 garbage-first heap   total 145408K, used 83524K [0x0000000080000000, 0x0000000100000000)
  region size 1024K, 41 young (41984K), 9 survivors (9216K)
 Metaspace       used 58671K, capacity 60129K, committed 60236K, reserved 1101824K
  class space    used 7422K, capacity 7962K, committed 8064K, reserved 1048576K
}
Event: 5.736 GC heap after
{Heap after GC invocations=13 (full 0):
 garbage-first heap   total 145408K, used 53299K [0x0000000080000000, 0x0000000100000000)
  region size 1024K, 2 young (2048K), 2 survivors (2048K)
 Metaspace       used 58671K, capacity 60129K, committed 60236K, reserved 1101824K
  class space    used 7422K, capacity 7962K, committed 8064K, reserved 1048576K
}
Event: 6.216 GC heap before
{Heap before GC invocations=14 (full 0):
 garbage-first heap   total 145408K, used 100403K [0x0000000080000000, 0x0000000100000000)
  region size 1024K, 49 young (50176K), 2 survivors (2048K)
 Metaspace       used 63323K, capacity 64899K, committed 65100K, reserved 1105920K
  class space    used 8002K, capacity 8563K, committed 8576K, reserved 1048576K
}
Event: 6.222 GC heap after
{Heap after GC invocations=15 (full 0):
 garbage-first heap   total 175104K, used 57143K [0x0000000080000000, 0x0000000100000000)
  region size 1024K, 6 young (6144K), 6 survivors (6144K)
 Metaspace       used 63323K, capacity 64899K, committed 65100K, reserved 1105920K
  class space    used 8002K, capacity 8563K, committed 8576K, reserved 1048576K
}
Event: 6.719 GC heap before
{Heap before GC invocations=15 (full 0):
 garbage-first heap   total 175104K, used 116535K [0x0000000080000000, 0x0000000100000000)
  region size 1024K, 63 young (64512K), 6 survivors (6144K)
 Metaspace       used 66679K, capacity 68254K, committed 68428K, reserved 1107968K
  class space    used 8410K, capacity 8989K, committed 9088K, reserved 1048576K
}
Event: 6.728 GC heap after
{Heap after GC invocations=16 (full 0):
 garbage-first heap   total 175104K, used 62032K [0x0000000080000000, 0x0000000100000000)
  region size 1024K, 5 young (5120K), 5 survivors (5120K)
 Metaspace       used 66679K, capacity 68254K, committed 68428K, reserved 1107968K
  class space    used 8410K, capacity 8989K, committed 9088K, reserved 1048576K
}

Deoptimization events (20 events):
Event: 6.403 Thread 0x0000020a55289000 DEOPT PACKING pc=0x0000020a42ded284 sp=0x000000d18c3f8880
Event: 6.403 Thread 0x0000020a55289000 DEOPT UNPACKING pc=0x0000020a3b1678af sp=0x000000d18c3f8880 mode 2
Event: 6.471 Thread 0x0000020a55289000 Uncommon trap: trap_request=0xffffff4d fr.pc=0x0000020a42d6288c relative=0x000000000000538c
Event: 6.471 Thread 0x0000020a55289000 Uncommon trap: reason=unstable_if action=reinterpret pc=0x0000020a42d6288c method=sun.net.www.protocol.jar.Handler.parseURL(Ljava/net/URL;Ljava/lang/String;II)V @ 116 c2
Event: 6.471 Thread 0x0000020a55289000 DEOPT PACKING pc=0x0000020a42d6288c sp=0x000000d18c3f9540
Event: 6.471 Thread 0x0000020a55289000 DEOPT UNPACKING pc=0x0000020a3b1678af sp=0x000000d18c3f9438 mode 2
Event: 6.500 Thread 0x0000020a55289000 DEOPT PACKING pc=0x0000020a3bb67b79 sp=0x000000d18c3f8190
Event: 6.500 Thread 0x0000020a55289000 DEOPT UNPACKING pc=0x0000020a3b1676ce sp=0x000000d18c3f7658 mode 0
Event: 6.566 Thread 0x0000020a55289000 Uncommon trap: trap_request=0xffffff4d fr.pc=0x0000020a42eb33d8 relative=0x0000000000001838
Event: 6.566 Thread 0x0000020a55289000 Uncommon trap: reason=unstable_if action=reinterpret pc=0x0000020a42eb33d8 method=java.util.concurrent.ConcurrentHashMap.putVal(Ljava/lang/Object;Ljava/lang/Object;Z)Ljava/lang/Object; @ 245 c2
Event: 6.566 Thread 0x0000020a55289000 DEOPT PACKING pc=0x0000020a42eb33d8 sp=0x000000d18c3f8930
Event: 6.566 Thread 0x0000020a55289000 DEOPT UNPACKING pc=0x0000020a3b1678af sp=0x000000d18c3f88c8 mode 2
Event: 6.637 Thread 0x0000020a55289000 Uncommon trap: trap_request=0xffffff4d fr.pc=0x0000020a42dc77f8 relative=0x0000000000000338
Event: 6.637 Thread 0x0000020a55289000 Uncommon trap: reason=unstable_if action=reinterpret pc=0x0000020a42dc77f8 method=java.util.StringJoiner.add(Ljava/lang/CharSequence;)Ljava/util/StringJoiner; @ 33 c2
Event: 6.637 Thread 0x0000020a55289000 DEOPT PACKING pc=0x0000020a42dc77f8 sp=0x000000d18c3f60a0
Event: 6.637 Thread 0x0000020a55289000 DEOPT UNPACKING pc=0x0000020a3b1678af sp=0x000000d18c3f6050 mode 2
Event: 6.695 Thread 0x0000020a55289000 Uncommon trap: trap_request=0xffffff4d fr.pc=0x0000020a42e6d2d0 relative=0x0000000000005bd0
Event: 6.695 Thread 0x0000020a55289000 Uncommon trap: reason=unstable_if action=reinterpret pc=0x0000020a42e6d2d0 method=org.codehaus.groovy.runtime.metaclass.MetaMethodIndex.isOverridden(Lgroovy/lang/MetaMethod;Lgroovy/lang/MetaMethod;)Z @ 33 c2
Event: 6.695 Thread 0x0000020a55289000 DEOPT PACKING pc=0x0000020a42e6d2d0 sp=0x000000d18c3f4ee0
Event: 6.695 Thread 0x0000020a55289000 DEOPT UNPACKING pc=0x0000020a3b1678af sp=0x000000d18c3f4ef8 mode 2

Classes redefined (0 events):
No events

Internal exceptions (20 events):
Event: 6.686 Thread 0x0000020a55289000 Exception <a 'java/lang/ClassNotFoundException'{0x00000000878d5d30}: org/gradle/api/internal/FactoryNamedDomainObjectContainer_DecoratedCustomizer> (0x00000000878d5d30) thrown at [./src/hotspot/share/classfile/systemDictionary.cpp, line 231]
Event: 6.697 Thread 0x0000020a55289000 Exception <a 'java/lang/ClassNotFoundException'{0x00000000876f0660}: com/android/build/gradle/internal/dsl/BuildType_DecoratedBeanInfo> (0x00000000876f0660) thrown at [./src/hotspot/share/classfile/systemDictionary.cpp, line 231]
Event: 6.697 Thread 0x0000020a55289000 Exception <a 'java/lang/ClassNotFoundException'{0x000000008750b240}: com/android/build/gradle/internal/dsl/BuildTypeBeanInfo> (0x000000008750b240) thrown at [./src/hotspot/share/classfile/systemDictionary.cpp, line 231]
Event: 6.698 Thread 0x0000020a55289000 Exception <a 'java/lang/ClassNotFoundException'{0x0000000087524bd0}: com/android/builder/core/AbstractBuildTypeBeanInfo> (0x0000000087524bd0) thrown at [./src/hotspot/share/classfile/systemDictionary.cpp, line 231]
Event: 6.698 Thread 0x0000020a55289000 Exception <a 'java/lang/ClassNotFoundException'{0x000000008753ee20}: com/android/builder/core/AbstractBuildTypeCustomizer> (0x000000008753ee20) thrown at [./src/hotspot/share/classfile/systemDictionary.cpp, line 231]
Event: 6.700 Thread 0x0000020a55289000 Exception <a 'java/lang/ClassNotFoundException'{0x00000000875759f8}: com/android/build/gradle/internal/dsl/BuildTypeCustomizer> (0x00000000875759f8) thrown at [./src/hotspot/share/classfile/systemDictionary.cpp, line 231]
Event: 6.701 Thread 0x0000020a55289000 Exception <a 'java/lang/ClassNotFoundException'{0x0000000087404a80}: com/android/build/gradle/internal/dsl/BuildType_DecoratedCustomizer> (0x0000000087404a80) thrown at [./src/hotspot/share/classfile/systemDictionary.cpp, line 231]
Event: 6.706 Thread 0x0000020a55289000 Exception <a 'java/lang/ClassNotFoundException'{0x00000000874c7a78}: build_cayj82jl693rna5dcdu6z9r2x$_run_closure1$_closure4BeanInfo> (0x00000000874c7a78) thrown at [./src/hotspot/share/classfile/systemDictionary.cpp, line 231]
Event: 6.706 Thread 0x0000020a55289000 Exception <a 'java/lang/ClassNotFoundException'{0x00000000874d9320}: build_cayj82jl693rna5dcdu6z9r2x$_run_closure1$_closure4Customizer> (0x00000000874d9320) thrown at [./src/hotspot/share/classfile/systemDictionary.cpp, line 231]
Event: 6.708 Thread 0x0000020a55289000 Exception <a 'java/lang/ClassNotFoundException'{0x0000000087303560}: build_cayj82jl693rna5dcdu6z9r2x$_run_closure1BeanInfo> (0x0000000087303560) thrown at [./src/hotspot/share/classfile/systemDictionary.cpp, line 231]
Event: 6.708 Thread 0x0000020a55289000 Exception <a 'java/lang/ClassNotFoundException'{0x0000000087314340}: build_cayj82jl693rna5dcdu6z9r2x$_run_closure1Customizer> (0x0000000087314340) thrown at [./src/hotspot/share/classfile/systemDictionary.cpp, line 231]
Event: 6.711 Thread 0x0000020a55289000 Exception <a 'java/lang/ClassNotFoundException'{0x0000000087372548}: org/gradle/api/JavaVersionBeanInfo> (0x0000000087372548) thrown at [./src/hotspot/share/classfile/systemDictionary.cpp, line 231]
Event: 6.711 Thread 0x0000020a55289000 Exception <a 'java/lang/ClassNotFoundException'{0x000000008739d720}: org/gradle/api/JavaVersionCustomizer> (0x000000008739d720) thrown at [./src/hotspot/share/classfile/systemDictionary.cpp, line 231]
Event: 6.713 Thread 0x0000020a55289000 Exception <a 'java/lang/ClassNotFoundException'{0x00000000873f47d8}: com/android/build/gradle/internal/CompileOptions_DecoratedBeanInfo> (0x00000000873f47d8) thrown at [./src/hotspot/share/classfile/systemDictionary.cpp, line 231]
Event: 6.714 Thread 0x0000020a55289000 Exception <a 'java/lang/ClassNotFoundException'{0x000000008720e088}: com/android/build/gradle/internal/CompileOptionsBeanInfo> (0x000000008720e088) thrown at [./src/hotspot/share/classfile/systemDictionary.cpp, line 231]
Event: 6.714 Thread 0x0000020a55289000 Exception <a 'java/lang/ClassNotFoundException'{0x0000000087227d80}: com/android/build/gradle/internal/CompileOptionsCustomizer> (0x0000000087227d80) thrown at [./src/hotspot/share/classfile/systemDictionary.cpp, line 231]
Event: 6.714 Thread 0x0000020a55289000 Exception <a 'java/lang/ClassNotFoundException'{0x000000008724e8b0}: com/android/build/gradle/internal/CompileOptions_DecoratedCustomizer> (0x000000008724e8b0) thrown at [./src/hotspot/share/classfile/systemDictionary.cpp, line 231]
Event: 6.737 Thread 0x0000020a55289000 Exception <a 'java/lang/ClassNotFoundException'{0x000000008aa987d0}: org/jetbrains/kotlin/gradle/dsl/KotlinJvmOptionsImplBeanInfo> (0x000000008aa987d0) thrown at [./src/hotspot/share/classfile/systemDictionary.cpp, line 231]
Event: 6.737 Thread 0x0000020a55289000 Exception <a 'java/lang/ClassNotFoundException'{0x000000008aab2d50}: org/jetbrains/kotlin/gradle/dsl/KotlinJvmOptionsBaseBeanInfo> (0x000000008aab2d50) thrown at [./src/hotspot/share/classfile/systemDictionary.cpp, line 231]
Event: 6.737 Thread 0x0000020a55289000 Exception <a 'java/lang/ClassNotFoundException'{0x000000008aacd4d8}: org/jetbrains/kotlin/gradle/dsl/KotlinJvmOptionsBaseCustomizer> (0x000000008aacd4d8) thrown at [./src/hotspot/share/classfile/systemDictionary.cpp, line 231]

Events (20 events):
Event: 6.731 loading class org/jetbrains/kotlin/cli/common/arguments/Freezable
Event: 6.731 loading class org/jetbrains/kotlin/cli/common/arguments/Freezable done
Event: 6.733 loading class org/jetbrains/kotlin/cli/common/arguments/ArgumentParseErrors
Event: 6.733 loading class org/jetbrains/kotlin/cli/common/arguments/ArgumentParseErrors done
Event: 6.735 loading class org/jetbrains/kotlin/cli/common/messages/MessageCollector
Event: 6.735 loading class org/jetbrains/kotlin/cli/common/messages/MessageCollector done
Event: 6.736 loading class org/jetbrains/kotlin/config/LanguageVersionSettings
Event: 6.736 loading class org/jetbrains/kotlin/config/LanguageVersionSettings done
Event: 6.736 loading class org/jetbrains/kotlin/gradle/dsl/KotlinJvmOptionsImplBeanInfo
Event: 6.736 loading class org/jetbrains/kotlin/gradle/dsl/KotlinJvmOptionsImplBeanInfo done
Event: 6.737 loading class org/jetbrains/kotlin/gradle/dsl/KotlinJvmOptionsImplBeanInfo
Event: 6.737 loading class org/jetbrains/kotlin/gradle/dsl/KotlinJvmOptionsImplBeanInfo done
Event: 6.737 loading class org/jetbrains/kotlin/gradle/dsl/KotlinJvmOptionsBaseBeanInfo
Event: 6.737 loading class org/jetbrains/kotlin/gradle/dsl/KotlinJvmOptionsBaseBeanInfo done
Event: 6.737 loading class org/jetbrains/kotlin/gradle/dsl/KotlinJvmOptionsBaseBeanInfo
Event: 6.737 loading class org/jetbrains/kotlin/gradle/dsl/KotlinJvmOptionsBaseBeanInfo done
Event: 6.737 loading class org/jetbrains/kotlin/gradle/dsl/KotlinJvmOptionsBaseCustomizer
Event: 6.737 loading class org/jetbrains/kotlin/gradle/dsl/KotlinJvmOptionsBaseCustomizer done
Event: 6.737 loading class org/jetbrains/kotlin/gradle/dsl/KotlinJvmOptionsBaseCustomizer
Event: 6.737 loading class org/jetbrains/kotlin/gradle/dsl/KotlinJvmOptionsBaseCustomizer done


Dynamic libraries:
0x00007ff78ad10000 - 0x00007ff78ad1a000 	C:\Program Files\Android\Android Studio\jre\bin\java.exe
0x00007ffd0e8d0000 - 0x00007ffd0eac5000 	C:\Windows\SYSTEM32\ntdll.dll
0x00007ffd0e770000 - 0x00007ffd0e82e000 	C:\Windows\System32\KERNEL32.DLL
0x00007ffd0c650000 - 0x00007ffd0c918000 	C:\Windows\System32\KERNELBASE.dll
0x00007ffd0c4a0000 - 0x00007ffd0c5a0000 	C:\Windows\System32\ucrtbase.dll
0x00007ffcf3000000 - 0x00007ffcf3017000 	C:\Program Files\Android\Android Studio\jre\bin\VCRUNTIME140.dll
0x00007ffd00940000 - 0x00007ffd00959000 	C:\Program Files\Android\Android Studio\jre\bin\jli.dll
0x00007ffd0d220000 - 0x00007ffd0d3c1000 	C:\Windows\System32\USER32.dll
0x00007ffd0c280000 - 0x00007ffd0c2a2000 	C:\Windows\System32\win32u.dll
0x00007ffd0d4e0000 - 0x00007ffd0d50b000 	C:\Windows\System32\GDI32.dll
0x00007ffcff520000 - 0x00007ffcff7ba000 	C:\Windows\WinSxS\amd64_microsoft.windows.common-controls_6595b64144ccf1df_6.0.19041.1110_none_60b5254171f9507e\COMCTL32.dll
0x00007ffd0d3d0000 - 0x00007ffd0d46e000 	C:\Windows\System32\msvcrt.dll
0x00007ffd0c340000 - 0x00007ffd0c44b000 	C:\Windows\System32\gdi32full.dll
0x00007ffd0c150000 - 0x00007ffd0c1ed000 	C:\Windows\System32\msvcp_win.dll
0x00007ffd0e1d0000 - 0x00007ffd0e200000 	C:\Windows\System32\IMM32.DLL
0x00007ffcef950000 - 0x00007ffcef9ed000 	C:\Program Files\Android\Android Studio\jre\bin\msvcp140.dll
0x00007ffca4660000 - 0x00007ffca512f000 	C:\Program Files\Android\Android Studio\jre\bin\server\jvm.dll
0x00007ffd0d8b0000 - 0x00007ffd0d95c000 	C:\Windows\System32\ADVAPI32.dll
0x00007ffd0d800000 - 0x00007ffd0d89b000 	C:\Windows\System32\sechost.dll
0x00007ffd0e0a0000 - 0x00007ffd0e1ca000 	C:\Windows\System32\RPCRT4.dll
0x00007ffd0d160000 - 0x00007ffd0d168000 	C:\Windows\System32\PSAPI.DLL
0x00007ffd04dd0000 - 0x00007ffd04dda000 	C:\Windows\SYSTEM32\VERSION.dll
0x00007ffcf82c0000 - 0x00007ffcf82e7000 	C:\Windows\SYSTEM32\WINMM.dll
0x00007ffd08800000 - 0x00007ffd08809000 	C:\Windows\SYSTEM32\WSOCK32.dll
0x00007ffd0d470000 - 0x00007ffd0d4db000 	C:\Windows\System32\WS2_32.dll
0x00007ffd0a870000 - 0x00007ffd0a882000 	C:\Windows\SYSTEM32\kernel.appcore.dll
0x00007ffd06ef0000 - 0x00007ffd06f01000 	C:\Program Files\Android\Android Studio\jre\bin\verify.dll
0x00007ffd0a660000 - 0x00007ffd0a844000 	C:\Windows\SYSTEM32\DBGHELP.DLL
0x00007ffcfca70000 - 0x00007ffcfca9c000 	C:\Windows\SYSTEM32\dbgcore.DLL
0x00007ffd0c1f0000 - 0x00007ffd0c273000 	C:\Windows\System32\bcryptPrimitives.dll
0x00007ffd06ec0000 - 0x00007ffd06ee9000 	C:\Program Files\Android\Android Studio\jre\bin\java.dll
0x00007ffd07810000 - 0x00007ffd0781b000 	C:\Program Files\Android\Android Studio\jre\bin\jimage.dll
0x00007ffd06ea0000 - 0x00007ffd06eb8000 	C:\Program Files\Android\Android Studio\jre\bin\zip.dll
0x00007ffd0d960000 - 0x00007ffd0e09f000 	C:\Windows\System32\SHELL32.dll
0x00007ffd09e00000 - 0x00007ffd0a590000 	C:\Windows\SYSTEM32\windows.storage.dll
0x00007ffd0e3f0000 - 0x00007ffd0e745000 	C:\Windows\System32\combase.dll
0x00007ffd0ba40000 - 0x00007ffd0ba6e000 	C:\Windows\SYSTEM32\Wldp.dll
0x00007ffd0e2e0000 - 0x00007ffd0e38d000 	C:\Windows\System32\SHCORE.dll
0x00007ffd0ca50000 - 0x00007ffd0caa5000 	C:\Windows\System32\shlwapi.dll
0x00007ffd0bf30000 - 0x00007ffd0bf4f000 	C:\Windows\SYSTEM32\profapi.dll
0x00007ffd05a70000 - 0x00007ffd05a8a000 	C:\Program Files\Android\Android Studio\jre\bin\net.dll
0x00007ffd03950000 - 0x00007ffd03a5c000 	C:\Windows\SYSTEM32\WINHTTP.dll
0x00007ffd0b7a0000 - 0x00007ffd0b80a000 	C:\Windows\system32\mswsock.dll
0x00007ffd057f0000 - 0x00007ffd05804000 	C:\Program Files\Android\Android Studio\jre\bin\nio.dll
0x00007ffd009a0000 - 0x00007ffd009c7000 	C:\Users\djute\.gradle\native\8bec1ad78214c89d9ad589b4d07fe93259594b29d510b10fafb7a158f7737e5d\windows-amd64\native-platform.dll
0x00007ffcc2dd0000 - 0x00007ffcc2f0d000 	C:\Users\djute\.gradle\native\53dbd7edfb1c66fb8903c78663c9afc45aea4f116125fa6feffd364cf09443e8\windows-amd64\native-platform-file-events.dll
0x00007ffd075d0000 - 0x00007ffd075da000 	C:\Program Files\Android\Android Studio\jre\bin\management.dll
0x00007ffd06e90000 - 0x00007ffd06e9c000 	C:\Program Files\Android\Android Studio\jre\bin\management_ext.dll
0x00007ffd0b990000 - 0x00007ffd0b9a8000 	C:\Windows\SYSTEM32\CRYPTSP.dll
0x00007ffd0b0b0000 - 0x00007ffd0b0e4000 	C:\Windows\system32\rsaenh.dll
0x00007ffd0c310000 - 0x00007ffd0c337000 	C:\Windows\System32\bcrypt.dll
0x00007ffd0beb0000 - 0x00007ffd0bede000 	C:\Windows\SYSTEM32\USERENV.dll
0x00007ffd0b9b0000 - 0x00007ffd0b9bc000 	C:\Windows\SYSTEM32\CRYPTBASE.dll
0x00007ffd0b440000 - 0x00007ffd0b47b000 	C:\Windows\SYSTEM32\IPHLPAPI.DLL
0x00007ffd0d8a0000 - 0x00007ffd0d8a8000 	C:\Windows\System32\NSI.dll
0x00007ffd05960000 - 0x00007ffd05977000 	C:\Windows\SYSTEM32\dhcpcsvc6.DLL
0x00007ffd04e50000 - 0x00007ffd04e6d000 	C:\Windows\SYSTEM32\dhcpcsvc.DLL
0x00007ffd0b490000 - 0x00007ffd0b55b000 	C:\Windows\SYSTEM32\DNSAPI.dll

dbghelp: loaded successfully - version: 4.0.5 - missing functions: none
symbol engine: initialized successfully - sym options: 0x614 - pdb path: .;C:\Program Files\Android\Android Studio\jre\bin;C:\Windows\SYSTEM32;C:\Windows\WinSxS\amd64_microsoft.windows.common-controls_6595b64144ccf1df_6.0.19041.1110_none_60b5254171f9507e;C:\Program Files\Android\Android Studio\jre\bin\server;C:\Users\djute\.gradle\native\8bec1ad78214c89d9ad589b4d07fe93259594b29d510b10fafb7a158f7737e5d\windows-amd64;C:\Users\djute\.gradle\native\53dbd7edfb1c66fb8903c78663c9afc45aea4f116125fa6feffd364cf09443e8\windows-amd64

VM Arguments:
jvm_args: --add-opens=java.base/java.util=ALL-UNNAMED --add-opens=java.base/java.lang=ALL-UNNAMED --add-opens=java.base/java.lang.invoke=ALL-UNNAMED --add-opens=java.base/java.util=ALL-UNNAMED --add-opens=java.prefs/java.util.prefs=ALL-UNNAMED --add-opens=java.prefs/java.util.prefs=ALL-UNNAMED --add-opens=java.base/java.nio.charset=ALL-UNNAMED --add-opens=java.base/java.net=ALL-UNNAMED --add-opens=java.base/java.util.concurrent.atomic=ALL-UNNAMED -Xmx2048m -Dfile.encoding=UTF-8 -Duser.country=RU -Duser.language=ru -Duser.variant 
java_command: org.gradle.launcher.daemon.bootstrap.GradleDaemon 7.0.2
java_class_path (initial): C:\Users\djute\.gradle\wrapper\dists\gradle-7.0.2-bin\857tjihv64xamwrf0h14cai3r\gradle-7.0.2\lib\gradle-launcher-7.0.2.jar
Launcher Type: SUN_STANDARD

[Global flags]
     intx CICompilerCount                          = 4                                         {product} {ergonomic}
     uint ConcGCThreads                            = 3                                         {product} {ergonomic}
     uint G1ConcRefinementThreads                  = 10                                        {product} {ergonomic}
   size_t G1HeapRegionSize                         = 1048576                                   {product} {ergonomic}
    uintx GCDrainStackTargetSize                   = 64                                        {product} {ergonomic}
   size_t InitialHeapSize                          = 123731968                                 {product} {ergonomic}
   size_t MarkStackSize                            = 4194304                                   {product} {ergonomic}
   size_t MaxHeapSize                              = 2147483648                                {product} {command line}
   size_t MaxNewSize                               = 1287651328                                {product} {ergonomic}
   size_t MinHeapDeltaBytes                        = 1048576                                   {product} {ergonomic}
    uintx NonNMethodCodeHeapSize                   = 5836300                                {pd product} {ergonomic}
    uintx NonProfiledCodeHeapSize                  = 122910970                              {pd product} {ergonomic}
    uintx ProfiledCodeHeapSize                     = 122910970                              {pd product} {ergonomic}
    uintx ReservedCodeCacheSize                    = 251658240                              {pd product} {ergonomic}
     bool SegmentedCodeCache                       = true                                      {product} {ergonomic}
     bool UseCompressedClassPointers               = true                                 {lp64_product} {ergonomic}
     bool UseCompressedOops                        = true                                 {lp64_product} {ergonomic}
     bool UseG1GC                                  = true                                      {product} {ergonomic}
     bool UseLargePagesIndividualAllocation        = false                                  {pd product} {ergonomic}

Logging:
Log output configuration:
 #0: stdout all=warning uptime,level,tags
 #1: stderr all=off uptime,level,tags

Environment Variables:
PATH=C:\ProgramData\Oracle\Java\javapath;C:\Windows\system32;C:\Windows;C:\Windows\System32\Wbem;C:\Windows\System32\WindowsPowerShell\v1.0\;C:\Windows\System32\OpenSSH\;C:\Program Files\Git\cmd;C:\Program Files\NVIDIA Corporation\NVIDIA NvDLISR;C:\Program Files (x86)\NVIDIA Corporation\PhysX\Common;C:\Program Files\dotnet\;C:\Users\djute\AppData\Local\Microsoft\WindowsApps;;C:\Program Files\JetBrains\IntelliJ IDEA Community Edition 2021.2.2\bin;
USERNAME=djute
OS=Windows_NT
PROCESSOR_IDENTIFIER=AMD64 Family 23 Model 96 Stepping 1, AuthenticAMD



---------------  S Y S T E M  ---------------

OS: Windows 10 , 64 bit Build 19041 (10.0.19041.1348)
OS uptime: 0 days 4:52 hours

CPU:total 12 (initial active 12) (12 cores per cpu, 2 threads per core) family 23 model 96 stepping 1 microcode 0x0, cmov, cx8, fxsr, mmx, sse, sse2, sse3, ssse3, sse4.1, sse4.2, popcnt, avx, avx2, aes, clmul, mmxext, 3dnowpref, lzcnt, sse4a, ht, tsc, tscinvbit, tscinv, bmi1, bmi2, adx, 

Memory: 4k page, system-wide physical 7549M (1259M free)
TotalPageFile size 18433M (AvailPageFile size 13M)
current process WorkingSet (physical memory assigned to process): 382M, peak: 390M
current process commit charge ("private bytes"): 423M, peak: 432M

vm_info: OpenJDK 64-Bit Server VM (11.0.10+0-b96-7249189) for windows-amd64 JRE (11.0.10+0-b96-7249189), built on Mar 31 2021 21:44:00 by "builder" with MS VC++ 14.0 (VS2015)

END.
