#
# There is insufficient memory for the Java Runtime Environment to continue.
# Native memory allocation (mmap) failed to map 44040192 bytes for Failed to commit area from 0x000000008ce00000 to 0x000000008f800000 of length 44040192.
# Possible reasons:
#   The system is out of physical RAM or swap space
#   The process is running with CompressedOops enabled, and the Java Heap may be blocking the growth of the native heap
# Possible solutions:
#   Reduce memory load on the system
#   Increase physical memory or swap space
#   Check if swap backing store is full
#   Decrease Java heap size (-Xmx/-Xms)
#   Decrease number of Java threads
#   Decrease Java thread stack sizes (-Xss)
#   Set larger code cache with -XX:ReservedCodeCacheSize=
#   JVM is running with Unscaled Compressed Oops mode in which the Java heap is
#     placed in the first 4GB address space. The Java Heap base address is the
#     maximum limit for the native heap growth. Please use -XX:HeapBaseMinAddress
#     to set the Java Heap base and to place the Java Heap above 4GB virtual address.
# This output file may be truncated or incomplete.
#
#  Out of Memory Error (./src/hotspot/os/windows/os_windows.cpp:3301), pid=6352, tid=9824
#
# JRE version: OpenJDK Runtime Environment (11.0.10) (build 11.0.10+0-b96-7249189)
# Java VM: OpenJDK 64-Bit Server VM (11.0.10+0-b96-7249189, mixed mode, tiered, compressed oops, g1 gc, windows-amd64)
# No core dump will be written. Minidumps are not enabled by default on client versions of Windows
#

---------------  S U M M A R Y ------------

Command Line: --add-opens=java.base/java.util=ALL-UNNAMED --add-opens=java.base/java.lang=ALL-UNNAMED --add-opens=java.base/java.lang.invoke=ALL-UNNAMED --add-opens=java.base/java.util=ALL-UNNAMED --add-opens=java.prefs/java.util.prefs=ALL-UNNAMED --add-opens=java.prefs/java.util.prefs=ALL-UNNAMED --add-opens=java.base/java.nio.charset=ALL-UNNAMED --add-opens=java.base/java.net=ALL-UNNAMED --add-opens=java.base/java.util.concurrent.atomic=ALL-UNNAMED -Xmx2048m -Dfile.encoding=UTF-8 -Duser.country=RU -Duser.language=ru -Duser.variant org.gradle.launcher.daemon.bootstrap.GradleDaemon 7.0.2

Host: AMD Ryzen 5 4600H with Radeon Graphics         , 12 cores, 7G,  Windows 10 , 64 bit Build 19041 (10.0.19041.1348)
Time: Mon Nov 15 13:54:43 2021 Саратов (зима) elapsed time: 12.478372 seconds (0d 0h 0m 12s)

---------------  T H R E A D  ---------------

Current thread (0x0000022a1afc0000):  VMThread "VM Thread" [stack: 0x0000004dd4200000,0x0000004dd4300000] [id=9824]

Stack: [0x0000004dd4200000,0x0000004dd4300000]
[error occurred during error reporting (printing stack bounds), id 0xc0000005, EXCEPTION_ACCESS_VIOLATION (0xc0000005) at pc=0x0000022a03a30f2d]

Native frames: (J=compiled Java code, j=interpreted, Vv=VM code, C=native code)
V  [jvm.dll+0x5ecfaa]
V  [jvm.dll+0x722bd5]
V  [jvm.dll+0x72412d]
V  [jvm.dll+0x724745]
V  [jvm.dll+0x7246fb]
V  [jvm.dll+0x5ec348]
V  [jvm.dll+0x5ecad8]
C  [ntdll.dll+0xa20cf]
C  [ntdll.dll+0x51454]
C  [ntdll.dll+0xa0bfe]
C  0x0000022a03a30f2d

VM_Operation (0x0000004dd9afc3b0): CollectForMetadataAllocation, mode: safepoint, requested by thread 0x0000022a244ee000


---------------  P R O C E S S  ---------------

Threads class SMR info:
_java_thread_list=0x0000022a24d9e040, length=91, elements={
0x0000022a7d73f000, 0x0000022a1afc4800, 0x0000022a1afc5800, 0x0000022a1afe3000,
0x0000022a1afe5000, 0x0000022a1afe6000, 0x0000022a1afeb000, 0x0000022a1aff6800,
0x0000022a1affc800, 0x0000022a1bacb800, 0x0000022a1d383800, 0x0000022a1f237000,
0x0000022a1da4b000, 0x0000022a1c7c5800, 0x0000022a1f169800, 0x0000022a1cf2a000,
0x0000022a1dac7000, 0x0000022a1defe800, 0x0000022a1d8f8800, 0x0000022a1d2ae800,
0x0000022a1d2b2800, 0x0000022a1d2af000, 0x0000022a1d2b0000, 0x0000022a1d2b0800,
0x0000022a1d2b3000, 0x0000022a1d2b5000, 0x0000022a1d2b1800, 0x0000022a1d2b4000,
0x0000022a1fe19800, 0x0000022a1fe1a800, 0x0000022a1fe17000, 0x0000022a1fe1b800,
0x0000022a1fe19000, 0x0000022a1fe15800, 0x0000022a1fe1e800, 0x0000022a1fe21000,
0x0000022a1fe1c000, 0x0000022a1fe1f800, 0x0000022a1fe1d000, 0x0000022a1fe22000,
0x0000022a1fe1d800, 0x0000022a1fe22800, 0x0000022a1fe23800, 0x0000022a1fe24000,
0x0000022a1fe20000, 0x0000022a1fb1c000, 0x0000022a1fb1f800, 0x0000022a1fb1d000,
0x0000022a1fb1e800, 0x0000022a1fb20800, 0x0000022a1fb1a800, 0x0000022a1fb21000,
0x0000022a1fb1b800, 0x0000022a1fb22000, 0x0000022a1fb22800, 0x0000022a1fb23800,
0x0000022a1fb1e000, 0x0000022a1fb24800, 0x0000022a1fb25000, 0x0000022a1fb29800,
0x0000022a1fb26000, 0x0000022a1fb27000, 0x0000022a244ea000, 0x0000022a244e5000,
0x0000022a244e6800, 0x0000022a244e7800, 0x0000022a244e9000, 0x0000022a244e8800,
0x0000022a244e4800, 0x0000022a244e6000, 0x0000022a244f0800, 0x0000022a244eb000,
0x0000022a244ed800, 0x0000022a244ec800, 0x0000022a244f3000, 0x0000022a244ef000,
0x0000022a244f1800, 0x0000022a244ef800, 0x0000022a244eb800, 0x0000022a244ee000,
0x0000022a1e606000, 0x0000022a1e609800, 0x0000022a1e605800, 0x0000022a1e60c800,
0x0000022a1e608800, 0x0000022a1e60b000, 0x0000022a1e607000, 0x0000022a1e60c000,
0x0000022a1e60d800, 0x0000022a1e60a000, 0x0000022a1e607800
}

Java Threads: ( => current thread )
  0x0000022a7d73f000 JavaThread "main" [_thread_blocked, id=11572, stack(0x0000004dd3c00000,0x0000004dd3d00000)]
  0x0000022a1afc4800 JavaThread "Reference Handler" daemon [_thread_blocked, id=11188, stack(0x0000004dd4300000,0x0000004dd4400000)]
  0x0000022a1afc5800 JavaThread "Finalizer" daemon [_thread_blocked, id=13208, stack(0x0000004dd4400000,0x0000004dd4500000)]
  0x0000022a1afe3000 JavaThread "Signal Dispatcher" daemon [_thread_blocked, id=6768, stack(0x0000004dd4500000,0x0000004dd4600000)]
  0x0000022a1afe5000 JavaThread "Attach Listener" daemon [_thread_blocked, id=6080, stack(0x0000004dd4600000,0x0000004dd4700000)]
  0x0000022a1afe6000 JavaThread "Service Thread" daemon [_thread_blocked, id=3180, stack(0x0000004dd4700000,0x0000004dd4800000)]
  0x0000022a1afeb000 JavaThread "C2 CompilerThread0" daemon [_thread_blocked, id=1332, stack(0x0000004dd4800000,0x0000004dd4900000)]
  0x0000022a1aff6800 JavaThread "C1 CompilerThread0" daemon [_thread_blocked, id=1704, stack(0x0000004dd4900000,0x0000004dd4a00000)]
  0x0000022a1affc800 JavaThread "Sweeper thread" daemon [_thread_blocked, id=8084, stack(0x0000004dd4a00000,0x0000004dd4b00000)]
  0x0000022a1bacb800 JavaThread "Common-Cleaner" daemon [_thread_blocked, id=6624, stack(0x0000004dd4b00000,0x0000004dd4c00000)]
  0x0000022a1d383800 JavaThread "Daemon health stats" [_thread_blocked, id=10476, stack(0x0000004dd4f00000,0x0000004dd5000000)]
  0x0000022a1f237000 JavaThread "Incoming local TCP Connector on port 49153" [_thread_in_native, id=7912, stack(0x0000004dd5000000,0x0000004dd5100000)]
  0x0000022a1da4b000 JavaThread "Daemon periodic checks" [_thread_blocked, id=8556, stack(0x0000004dd5100000,0x0000004dd5200000)]
  0x0000022a1c7c5800 JavaThread "Daemon" [_thread_blocked, id=2580, stack(0x0000004dd5200000,0x0000004dd5300000)]
  0x0000022a1f169800 JavaThread "Handler for socket connection from /127.0.0.1:49153 to /127.0.0.1:49154" [_thread_in_native, id=5672, stack(0x0000004dd5300000,0x0000004dd5400000)]
  0x0000022a1cf2a000 JavaThread "Cancel handler" [_thread_blocked, id=13524, stack(0x0000004dd5400000,0x0000004dd5500000)]
  0x0000022a1dac7000 JavaThread "Daemon worker" [_thread_blocked, id=4720, stack(0x0000004dd5500000,0x0000004dd5600000)]
  0x0000022a1defe800 JavaThread "Asynchronous log dispatcher for DefaultDaemonConnection: socket connection from /127.0.0.1:49153 to /127.0.0.1:49154" [_thread_blocked, id=2968, stack(0x0000004dd5600000,0x0000004dd5700000)]
  0x0000022a1d8f8800 JavaThread "Stdin handler" [_thread_blocked, id=6408, stack(0x0000004dd5700000,0x0000004dd5800000)]
  0x0000022a1d2ae800 JavaThread "Daemon client event forwarder" [_thread_blocked, id=12112, stack(0x0000004dd5800000,0x0000004dd5900000)]
  0x0000022a1d2b2800 JavaThread "Cache worker for file hash cache (C:\Users\djute\.gradle\caches\7.0.2\fileHashes)" [_thread_blocked, id=1216, stack(0x0000004dd6200000,0x0000004dd6300000)]
  0x0000022a1d2af000 JavaThread "File lock request listener" [_thread_in_native, id=2704, stack(0x0000004dd6300000,0x0000004dd6400000)]
  0x0000022a1d2b0000 JavaThread "Cache worker for journal cache (C:\Users\djute\.gradle\caches\journal-1)" [_thread_blocked, id=3000, stack(0x0000004dd6600000,0x0000004dd6700000)]
  0x0000022a1d2b0800 JavaThread "Cache worker for file hash cache (C:\Users\djute\AndroidStudioProjects\WorldCinemaTest\.gradle\7.0.2\fileHashes)" [_thread_blocked, id=1824, stack(0x0000004dd6700000,0x0000004dd6800000)]
  0x0000022a1d2b3000 JavaThread "File watcher server" daemon [_thread_blocked, id=12568, stack(0x0000004dd6800000,0x0000004dd6900000)]
  0x0000022a1d2b5000 JavaThread "File watcher consumer" daemon [_thread_blocked, id=5132, stack(0x0000004dd6900000,0x0000004dd6a00000)]
  0x0000022a1d2b1800 JavaThread "Cache worker for checksums cache (C:\Users\djute\AndroidStudioProjects\WorldCinemaTest\.gradle\checksums)" [_thread_blocked, id=6300, stack(0x0000004dd6a00000,0x0000004dd6b00000)]
  0x0000022a1d2b4000 JavaThread "Cache worker for cache directory md-supplier (C:\Users\djute\.gradle\caches\7.0.2\md-supplier)" [_thread_blocked, id=14896, stack(0x0000004dd6b00000,0x0000004dd6c00000)]
  0x0000022a1fe19800 JavaThread "Cache worker for cache directory md-rule (C:\Users\djute\.gradle\caches\7.0.2\md-rule)" [_thread_blocked, id=6232, stack(0x0000004dd6c00000,0x0000004dd6d00000)]
  0x0000022a1fe1a800 JavaThread "Cache worker for execution history cache (C:\Users\djute\.gradle\caches\7.0.2\executionHistory)" [_thread_blocked, id=11464, stack(0x0000004dd6d00000,0x0000004dd6e00000)]
  0x0000022a1fe17000 JavaThread "jar transforms" [_thread_blocked, id=2348, stack(0x0000004dd6e00000,0x0000004dd6f00000)]
  0x0000022a1fe1b800 JavaThread "jar transforms Thread 2" [_thread_blocked, id=152, stack(0x0000004dd6f00000,0x0000004dd7000000)]
  0x0000022a1fe19000 JavaThread "Cache worker for file content cache (C:\Users\djute\.gradle\caches\7.0.2\fileContent)" [_thread_blocked, id=7656, stack(0x0000004dd7000000,0x0000004dd7100000)]
  0x0000022a1fe15800 JavaThread "Cache worker for dependencies-accessors (C:\Users\djute\AndroidStudioProjects\WorldCinemaTest\.gradle\7.0.2\dependencies-accessors)" [_thread_blocked, id=1068, stack(0x0000004dd7100000,0x0000004dd7200000)]
  0x0000022a1fe1e800 JavaThread "jar transforms Thread 3" [_thread_blocked, id=12356, stack(0x0000004dd7200000,0x0000004dd7300000)]
  0x0000022a1fe21000 JavaThread "Cache worker for Build Output Cleanup Cache (C:\Users\djute\AndroidStudioProjects\WorldCinemaTest\.gradle\buildOutputCleanup)" [_thread_blocked, id=1740, stack(0x0000004dd7300000,0x0000004dd7400000)]
  0x0000022a1fe1c000 JavaThread "Build operations" [_thread_blocked, id=7816, stack(0x0000004dd7400000,0x0000004dd7500000)]
  0x0000022a1fe1f800 JavaThread "Build operations Thread 2" [_thread_blocked, id=4996, stack(0x0000004dd7500000,0x0000004dd7600000)]
  0x0000022a1fe1d000 JavaThread "Build operations Thread 3" [_thread_blocked, id=9496, stack(0x0000004dd7600000,0x0000004dd7700000)]
  0x0000022a1fe22000 JavaThread "Build operations Thread 4" [_thread_blocked, id=11312, stack(0x0000004dd7700000,0x0000004dd7800000)]
  0x0000022a1fe1d800 JavaThread "Build operations Thread 5" [_thread_blocked, id=9500, stack(0x0000004dd7800000,0x0000004dd7900000)]
  0x0000022a1fe22800 JavaThread "Build operations Thread 6" [_thread_blocked, id=1440, stack(0x0000004dd7900000,0x0000004dd7a00000)]
  0x0000022a1fe23800 JavaThread "Build operations Thread 7" [_thread_blocked, id=6020, stack(0x0000004dd7a00000,0x0000004dd7b00000)]
  0x0000022a1fe24000 JavaThread "Build operations Thread 8" [_thread_blocked, id=1504, stack(0x0000004dd7b00000,0x0000004dd7c00000)]
  0x0000022a1fe20000 JavaThread "Build operations Thread 9" [_thread_blocked, id=4424, stack(0x0000004dd7c00000,0x0000004dd7d00000)]
  0x0000022a1fb1c000 JavaThread "Build operations Thread 10" [_thread_blocked, id=2712, stack(0x0000004dd7d00000,0x0000004dd7e00000)]
  0x0000022a1fb1f800 JavaThread "Build operations Thread 11" [_thread_blocked, id=2988, stack(0x0000004dd7e00000,0x0000004dd7f00000)]
  0x0000022a1fb1d000 JavaThread "Build operations Thread 12" [_thread_blocked, id=13952, stack(0x0000004dd7f00000,0x0000004dd8000000)]
  0x0000022a1fb1e800 JavaThread "jar transforms Thread 4" [_thread_blocked, id=15100, stack(0x0000004dd8000000,0x0000004dd8100000)]
  0x0000022a1fb20800 JavaThread "jar transforms Thread 5" [_thread_blocked, id=12924, stack(0x0000004dd8100000,0x0000004dd8200000)]
  0x0000022a1fb1a800 JavaThread "jar transforms Thread 6" [_thread_blocked, id=11612, stack(0x0000004dd8200000,0x0000004dd8300000)]
  0x0000022a1fb21000 JavaThread "jar transforms Thread 7" [_thread_blocked, id=11208, stack(0x0000004dd8300000,0x0000004dd8400000)]
  0x0000022a1fb1b800 JavaThread "jar transforms Thread 8" [_thread_blocked, id=11436, stack(0x0000004dd8400000,0x0000004dd8500000)]
  0x0000022a1fb22000 JavaThread "jar transforms Thread 9" [_thread_blocked, id=9204, stack(0x0000004dd8500000,0x0000004dd8600000)]
  0x0000022a1fb22800 JavaThread "jar transforms Thread 10" [_thread_blocked, id=6916, stack(0x0000004dd8600000,0x0000004dd8700000)]
  0x0000022a1fb23800 JavaThread "jar transforms Thread 11" [_thread_blocked, id=9948, stack(0x0000004dd8700000,0x0000004dd8800000)]
  0x0000022a1fb1e000 JavaThread "jar transforms Thread 12" [_thread_blocked, id=8900, stack(0x0000004dd8800000,0x0000004dd8900000)]
  0x0000022a1fb24800 JavaThread "Memory manager" [_thread_blocked, id=8392, stack(0x0000004dd8900000,0x0000004dd8a00000)]
  0x0000022a1fb25000 JavaThread "build event listener" [_thread_blocked, id=7820, stack(0x0000004dd8a00000,0x0000004dd8b00000)]
  0x0000022a1fb29800 JavaThread "pool-3-thread-1" [_thread_blocked, id=5728, stack(0x0000004dd8b00000,0x0000004dd8c00000)]
  0x0000022a1fb26000 JavaThread "build event listener" [_thread_blocked, id=4176, stack(0x0000004dd8c00000,0x0000004dd8d00000)]
  0x0000022a1fb27000 JavaThread "Execution worker for ':'" [_thread_blocked, id=6864, stack(0x0000004dd8d00000,0x0000004dd8e00000)]
  0x0000022a244ea000 JavaThread "Execution worker for ':' Thread 2" [_thread_blocked, id=15180, stack(0x0000004dd8e00000,0x0000004dd8f00000)]
  0x0000022a244e5000 JavaThread "Execution worker for ':' Thread 3" [_thread_blocked, id=8648, stack(0x0000004dd8f00000,0x0000004dd9000000)]
  0x0000022a244e6800 JavaThread "Execution worker for ':' Thread 4" [_thread_blocked, id=12492, stack(0x0000004dd9000000,0x0000004dd9100000)]
  0x0000022a244e7800 JavaThread "Execution worker for ':' Thread 5" [_thread_blocked, id=11772, stack(0x0000004dd9100000,0x0000004dd9200000)]
  0x0000022a244e9000 JavaThread "Execution worker for ':' Thread 6" [_thread_blocked, id=13120, stack(0x0000004dd9200000,0x0000004dd9300000)]
  0x0000022a244e8800 JavaThread "Execution worker for ':' Thread 7" [_thread_blocked, id=3648, stack(0x0000004dd9300000,0x0000004dd9400000)]
  0x0000022a244e4800 JavaThread "Execution worker for ':' Thread 8" [_thread_blocked, id=9552, stack(0x0000004dd9400000,0x0000004dd9500000)]
  0x0000022a244e6000 JavaThread "Execution worker for ':' Thread 9" [_thread_blocked, id=4456, stack(0x0000004dd9500000,0x0000004dd9600000)]
  0x0000022a244f0800 JavaThread "Execution worker for ':' Thread 10" [_thread_blocked, id=8688, stack(0x0000004dd9600000,0x0000004dd9700000)]
  0x0000022a244eb000 JavaThread "Execution worker for ':' Thread 11" [_thread_blocked, id=2688, stack(0x0000004dd9700000,0x0000004dd9800000)]
  0x0000022a244ed800 JavaThread "Cache worker for execution history cache (C:\Users\djute\AndroidStudioProjects\WorldCinemaTest\.gradle\7.0.2\executionHistory)" [_thread_blocked, id=2992, stack(0x0000004dd9800000,0x0000004dd9900000)]
  0x0000022a244ec800 JavaThread "RMI Scheduler(0)" daemon [_thread_blocked, id=13880, stack(0x0000004dd9900000,0x0000004dd9a00000)]
  0x0000022a244f3000 JavaThread "RMI GC Daemon" daemon [_thread_blocked, id=13532, stack(0x0000004dd9b00000,0x0000004dd9c00000)]
  0x0000022a244ef000 JavaThread "RMI TCP Accept-0" daemon [_thread_in_native, id=13712, stack(0x0000004dd9c00000,0x0000004dd9d00000)]
  0x0000022a244f1800 JavaThread "RMI Reaper" [_thread_blocked, id=8936, stack(0x0000004dd9d00000,0x0000004dd9e00000)]
  0x0000022a244ef800 JavaThread "RMI TCP Connection(1)-127.0.0.1" daemon [_thread_in_native, id=996, stack(0x0000004dd9e00000,0x0000004dd9f00000)]
  0x0000022a244eb800 JavaThread "WorkerExecutor Queue" [_thread_blocked, id=772, stack(0x0000004dd4d00000,0x0000004dd4e00000)]
  0x0000022a244ee000 JavaThread "WorkerExecutor Queue Thread 2" [_thread_blocked, id=11176, stack(0x0000004dd9a00000,0x0000004dd9b00000)]
  0x0000022a1e606000 JavaThread "WorkerExecutor Queue Thread 3" [_thread_blocked, id=7104, stack(0x0000004dd9f00000,0x0000004dda000000)]
  0x0000022a1e609800 JavaThread "WorkerExecutor Queue Thread 4" [_thread_blocked, id=6116, stack(0x0000004dda000000,0x0000004dda100000)]
  0x0000022a1e605800 JavaThread "WorkerExecutor Queue Thread 5" [_thread_blocked, id=9220, stack(0x0000004dda100000,0x0000004dda200000)]
  0x0000022a1e60c800 JavaThread "WorkerExecutor Queue Thread 6" [_thread_blocked, id=11936, stack(0x0000004dda200000,0x0000004dda300000)]
  0x0000022a1e608800 JavaThread "WorkerExecutor Queue Thread 7" [_thread_blocked, id=13016, stack(0x0000004dda300000,0x0000004dda400000)]
  0x0000022a1e60b000 JavaThread "WorkerExecutor Queue Thread 8" [_thread_blocked, id=12004, stack(0x0000004dda400000,0x0000004dda500000)]
  0x0000022a1e607000 JavaThread "WorkerExecutor Queue Thread 9" [_thread_blocked, id=14564, stack(0x0000004dda500000,0x0000004dda600000)]
  0x0000022a1e60c000 JavaThread "WorkerExecutor Queue Thread 10" [_thread_blocked, id=6128, stack(0x0000004dda600000,0x0000004dda700000)]
  0x0000022a1e60d800 JavaThread "WorkerExecutor Queue Thread 11" [_thread_blocked, id=4700, stack(0x0000004dda700000,0x0000004dda800000)]
  0x0000022a1e60a000 JavaThread "WorkerExecutor Queue Thread 12" [_thread_blocked, id=14120, stack(0x0000004dda800000,0x0000004dda900000)]
  0x0000022a1e607800 JavaThread "WorkerExecutor Queue Thread 13" [_thread_blocked, id=756, stack(0x0000004dda900000,0x0000004ddaa00000)]

Other Threads:
=>0x0000022a1afc0000 VMThread "VM Thread" [stack: 0x0000004dd4200000,0x0000004dd4300000] [id=9824]
  0x0000022a1baef800 WatcherThread [stack: 0x0000004dd4c00000,0x0000004dd4d00000] [id=2200]
  0x0000022a7d756000 GCTaskThread "GC Thread#0" [stack: 0x0000004dd3d00000,0x0000004dd3e00000] [id=14008]
  0x0000022a1c554800 GCTaskThread "GC Thread#1" [stack: 0x0000004dd4e00000,0x0000004dd4f00000] [id=14720]
  0x0000022a1d054800 GCTaskThread "GC Thread#2" [stack: 0x0000004dd5900000,0x0000004dd5a00000] [id=3736]
  0x0000022a1cbd5000 GCTaskThread "GC Thread#3" [stack: 0x0000004dd5a00000,0x0000004dd5b00000] [id=8148]
  0x0000022a1cbb9000 GCTaskThread "GC Thread#4" [stack: 0x0000004dd5b00000,0x0000004dd5c00000] [id=6608]
  0x0000022a1c7ed000 GCTaskThread "GC Thread#5" [stack: 0x0000004dd5c00000,0x0000004dd5d00000] [id=13752]
  0x0000022a1e185000 GCTaskThread "GC Thread#6" [stack: 0x0000004dd5d00000,0x0000004dd5e00000] [id=2828]
  0x0000022a1e185800 GCTaskThread "GC Thread#7" [stack: 0x0000004dd5e00000,0x0000004dd5f00000] [id=6612]
  0x0000022a1d9f8800 GCTaskThread "GC Thread#8" [stack: 0x0000004dd5f00000,0x0000004dd6000000] [id=1780]
  0x0000022a1d9f9000 GCTaskThread "GC Thread#9" [stack: 0x0000004dd6000000,0x0000004dd6100000] [id=6668]
  0x0000022a7d78a000 ConcurrentGCThread "G1 Main Marker" [stack: 0x0000004dd3e00000,0x0000004dd3f00000] [id=8036]
  0x0000022a7d78b800 ConcurrentGCThread "G1 Conc#0" [stack: 0x0000004dd3f00000,0x0000004dd4000000] [id=14244]
  0x0000022a1e25c800 ConcurrentGCThread "G1 Conc#1" [stack: 0x0000004dd6400000,0x0000004dd6500000] [id=10364]
  0x0000022a1e25d800 ConcurrentGCThread "G1 Conc#2" [stack: 0x0000004dd6500000,0x0000004dd6600000] [id=4376]
  0x0000022a1ae12800 ConcurrentGCThread "G1 Refine#0" [stack: 0x0000004dd4000000,0x0000004dd4100000] [id=14396]
  0x0000022a1d8e1000 ConcurrentGCThread "G1 Refine#1" [stack: 0x0000004dd6100000,0x0000004dd6200000] [id=6492]
  0x0000022a1ae13000 ConcurrentGCThread "G1 Young RemSet Sampling" [stack: 0x0000004dd4100000,0x0000004dd4200000] [id=14748]

Threads with active compile tasks:
C2 CompilerThread0  12491 10979       4       com.android.tools.r8.graph.c0::a (89 bytes)

VM state:at safepoint (normal execution)

VM Mutex/Monitor currently owned by a thread:  ([mutex/lock_event])
[0x0000022a7d73a7d0] Threads_lock - owner thread: 0x0000022a1afc0000
[0x0000022a7d739420] Heap_lock - owner thread: 0x0000022a244ee000

Heap address: 0x0000000080000000, size: 2048 MB, Compressed Oops mode: 32-bit
Narrow klass base: 0x0000000000000000, Narrow klass shift: 3
Compressed class space size: 1073741824 Address: 0x0000000100000000

Heap:
 garbage-first heap   total 253952K, used 93342K [0x0000000080000000, 0x0000000100000000)
  region size 1024K, 10 young (10240K), 10 survivors (10240K)
 Metaspace       used 97979K, capacity 100658K, committed 100812K, reserved 1136640K
  class space    used 12724K, capacity 13722K, committed 13824K, reserved 1048576K
Heap Regions: E=young(eden), S=young(survivor), O=old, HS=humongous(starts), HC=humongous(continues), CS=collection set, F=free, A=archive, TAMS=top-at-mark-start (previous, next)
|   0|0x0000000080000000, 0x0000000080100000, 0x0000000080100000|100%| O|  |TAMS 0x0000000080100000, 0x0000000080100000| Untracked 
|   1|0x0000000080100000, 0x0000000080200000, 0x0000000080200000|100%| O|  |TAMS 0x0000000080200000, 0x0000000080200000| Untracked 
|   2|0x0000000080200000, 0x0000000080300000, 0x0000000080300000|100%| O|  |TAMS 0x0000000080300000, 0x0000000080300000| Untracked 
|   3|0x0000000080300000, 0x0000000080400000, 0x0000000080400000|100%|HS|  |TAMS 0x0000000080400000, 0x0000000080400000| Complete 
|   4|0x0000000080400000, 0x0000000080500000, 0x0000000080500000|100%|HC|  |TAMS 0x0000000080500000, 0x0000000080500000| Complete 
|   5|0x0000000080500000, 0x0000000080600000, 0x0000000080600000|100%|HC|  |TAMS 0x0000000080600000, 0x0000000080600000| Complete 
|   6|0x0000000080600000, 0x0000000080700000, 0x0000000080700000|100%| O|  |TAMS 0x0000000080700000, 0x0000000080700000| Untracked 
|   7|0x0000000080700000, 0x0000000080800000, 0x0000000080800000|100%| O|  |TAMS 0x0000000080800000, 0x0000000080800000| Untracked 
|   8|0x0000000080800000, 0x0000000080900000, 0x0000000080900000|100%| O|  |TAMS 0x0000000080900000, 0x0000000080900000| Untracked 
|   9|0x0000000080900000, 0x0000000080a00000, 0x0000000080a00000|100%| O|  |TAMS 0x0000000080a00000, 0x0000000080a00000| Untracked 
|  10|0x0000000080a00000, 0x0000000080b00000, 0x0000000080b00000|100%| O|  |TAMS 0x0000000080b00000, 0x0000000080b00000| Untracked 
|  11|0x0000000080b00000, 0x0000000080c00000, 0x0000000080c00000|100%| O|  |TAMS 0x0000000080c00000, 0x0000000080c00000| Untracked 
|  12|0x0000000080c00000, 0x0000000080d00000, 0x0000000080d00000|100%| O|  |TAMS 0x0000000080d00000, 0x0000000080d00000| Untracked 
|  13|0x0000000080d00000, 0x0000000080e00000, 0x0000000080e00000|100%| O|  |TAMS 0x0000000080e00000, 0x0000000080e00000| Untracked 
|  14|0x0000000080e00000, 0x0000000080f00000, 0x0000000080f00000|100%| O|  |TAMS 0x0000000080f00000, 0x0000000080f00000| Untracked 
|  15|0x0000000080f00000, 0x0000000081000000, 0x0000000081000000|100%| O|  |TAMS 0x0000000081000000, 0x0000000081000000| Untracked 
|  16|0x0000000081000000, 0x0000000081100000, 0x0000000081100000|100%| O|  |TAMS 0x0000000081100000, 0x0000000081100000| Untracked 
|  17|0x0000000081100000, 0x0000000081200000, 0x0000000081200000|100%|HS|  |TAMS 0x0000000081200000, 0x0000000081200000| Complete 
|  18|0x0000000081200000, 0x0000000081300000, 0x0000000081300000|100%| O|  |TAMS 0x0000000081300000, 0x0000000081300000| Untracked 
|  19|0x0000000081300000, 0x0000000081400000, 0x0000000081400000|100%| O|  |TAMS 0x0000000081400000, 0x0000000081400000| Untracked 
|  20|0x0000000081400000, 0x0000000081500000, 0x0000000081500000|100%| O|  |TAMS 0x0000000081500000, 0x0000000081500000| Untracked 
|  21|0x0000000081500000, 0x0000000081600000, 0x0000000081600000|100%| O|  |TAMS 0x0000000081600000, 0x0000000081600000| Untracked 
|  22|0x0000000081600000, 0x0000000081700000, 0x0000000081700000|100%| O|  |TAMS 0x0000000081700000, 0x0000000081700000| Untracked 
|  23|0x0000000081700000, 0x0000000081800000, 0x0000000081800000|100%|HS|  |TAMS 0x0000000081800000, 0x0000000081800000| Complete 
|  24|0x0000000081800000, 0x0000000081900000, 0x0000000081900000|100%|HS|  |TAMS 0x0000000081900000, 0x0000000081900000| Complete 
|  25|0x0000000081900000, 0x0000000081a00000, 0x0000000081a00000|100%|HS|  |TAMS 0x0000000081a00000, 0x0000000081a00000| Complete 
|  26|0x0000000081a00000, 0x0000000081b00000, 0x0000000081b00000|100%|HC|  |TAMS 0x0000000081b00000, 0x0000000081b00000| Complete 
|  27|0x0000000081b00000, 0x0000000081c00000, 0x0000000081c00000|100%|HC|  |TAMS 0x0000000081c00000, 0x0000000081c00000| Complete 
|  28|0x0000000081c00000, 0x0000000081d00000, 0x0000000081d00000|100%|HS|  |TAMS 0x0000000081d00000, 0x0000000081d00000| Complete 
|  29|0x0000000081d00000, 0x0000000081e00000, 0x0000000081e00000|100%|HC|  |TAMS 0x0000000081e00000, 0x0000000081e00000| Complete 
|  30|0x0000000081e00000, 0x0000000081f00000, 0x0000000081f00000|100%| O|  |TAMS 0x0000000081f00000, 0x0000000081f00000| Untracked 
|  31|0x0000000081f00000, 0x0000000082000000, 0x0000000082000000|100%| O|  |TAMS 0x0000000082000000, 0x0000000082000000| Untracked 
|  32|0x0000000082000000, 0x0000000082100000, 0x0000000082100000|100%| O|  |TAMS 0x0000000082100000, 0x0000000082100000| Untracked 
|  33|0x0000000082100000, 0x0000000082200000, 0x0000000082200000|100%| O|  |TAMS 0x0000000082200000, 0x0000000082200000| Untracked 
|  34|0x0000000082200000, 0x0000000082300000, 0x0000000082300000|100%| O|  |TAMS 0x0000000082300000, 0x0000000082300000| Untracked 
|  35|0x0000000082300000, 0x0000000082400000, 0x0000000082400000|100%| O|  |TAMS 0x0000000082400000, 0x0000000082400000| Untracked 
|  36|0x0000000082400000, 0x0000000082500000, 0x0000000082500000|100%| O|  |TAMS 0x0000000082500000, 0x0000000082500000| Untracked 
|  37|0x0000000082500000, 0x0000000082600000, 0x0000000082600000|100%| O|  |TAMS 0x0000000082600000, 0x0000000082600000| Untracked 
|  38|0x0000000082600000, 0x0000000082700000, 0x0000000082700000|100%| O|  |TAMS 0x0000000082700000, 0x0000000082700000| Untracked 
|  39|0x0000000082700000, 0x0000000082800000, 0x0000000082800000|100%| O|  |TAMS 0x0000000082800000, 0x0000000082800000| Untracked 
|  40|0x0000000082800000, 0x0000000082900000, 0x0000000082900000|100%| O|  |TAMS 0x0000000082900000, 0x0000000082900000| Untracked 
|  41|0x0000000082900000, 0x0000000082a00000, 0x0000000082a00000|100%| O|  |TAMS 0x0000000082a00000, 0x0000000082a00000| Untracked 
|  42|0x0000000082a00000, 0x0000000082b00000, 0x0000000082b00000|100%| O|  |TAMS 0x0000000082b00000, 0x0000000082b00000| Untracked 
|  43|0x0000000082b00000, 0x0000000082c00000, 0x0000000082c00000|100%| O|  |TAMS 0x0000000082c00000, 0x0000000082c00000| Untracked 
|  44|0x0000000082c00000, 0x0000000082d00000, 0x0000000082d00000|100%| O|  |TAMS 0x0000000082d00000, 0x0000000082d00000| Untracked 
|  45|0x0000000082d00000, 0x0000000082e00000, 0x0000000082e00000|100%| O|  |TAMS 0x0000000082e00000, 0x0000000082e00000| Untracked 
|  46|0x0000000082e00000, 0x0000000082f00000, 0x0000000082f00000|100%| O|  |TAMS 0x0000000082f00000, 0x0000000082f00000| Untracked 
|  47|0x0000000082f00000, 0x0000000083000000, 0x0000000083000000|100%| O|  |TAMS 0x0000000083000000, 0x0000000083000000| Untracked 
|  48|0x0000000083000000, 0x0000000083100000, 0x0000000083100000|100%| O|  |TAMS 0x0000000083038a00, 0x0000000083100000| Untracked 
|  49|0x0000000083100000, 0x0000000083200000, 0x0000000083200000|100%| O|  |TAMS 0x0000000083100000, 0x0000000083200000| Untracked 
|  50|0x0000000083200000, 0x0000000083300000, 0x0000000083300000|100%| O|  |TAMS 0x0000000083200000, 0x0000000083300000| Untracked 
|  51|0x0000000083300000, 0x0000000083400000, 0x0000000083400000|100%| O|  |TAMS 0x0000000083300000, 0x0000000083400000| Untracked 
|  52|0x0000000083400000, 0x0000000083500000, 0x0000000083500000|100%| O|  |TAMS 0x0000000083400000, 0x0000000083500000| Untracked 
|  53|0x0000000083500000, 0x0000000083600000, 0x0000000083600000|100%| O|  |TAMS 0x0000000083500000, 0x0000000083600000| Untracked 
|  54|0x0000000083600000, 0x0000000083700000, 0x0000000083700000|100%| O|  |TAMS 0x0000000083600000, 0x0000000083700000| Untracked 
|  55|0x0000000083700000, 0x0000000083800000, 0x0000000083800000|100%| O|  |TAMS 0x0000000083700000, 0x0000000083800000| Untracked 
|  56|0x0000000083800000, 0x0000000083900000, 0x0000000083900000|100%| O|  |TAMS 0x0000000083800000, 0x0000000083900000| Untracked 
|  57|0x0000000083900000, 0x0000000083a00000, 0x0000000083a00000|100%| O|  |TAMS 0x0000000083900000, 0x0000000083a00000| Untracked 
|  58|0x0000000083a00000, 0x0000000083b00000, 0x0000000083b00000|100%| O|  |TAMS 0x0000000083a00000, 0x0000000083b00000| Untracked 
|  59|0x0000000083b00000, 0x0000000083c00000, 0x0000000083c00000|100%| O|  |TAMS 0x0000000083b00000, 0x0000000083c00000| Untracked 
|  60|0x0000000083c00000, 0x0000000083d00000, 0x0000000083d00000|100%| O|  |TAMS 0x0000000083c00000, 0x0000000083d00000| Untracked 
|  61|0x0000000083d00000, 0x0000000083e00000, 0x0000000083e00000|100%| O|  |TAMS 0x0000000083d00000, 0x0000000083e00000| Untracked 
|  62|0x0000000083e00000, 0x0000000083f00000, 0x0000000083f00000|100%| O|  |TAMS 0x0000000083e00000, 0x0000000083f00000| Untracked 
|  63|0x0000000083f00000, 0x0000000084000000, 0x0000000084000000|100%| O|  |TAMS 0x0000000083f00000, 0x0000000084000000| Untracked 
|  64|0x0000000084000000, 0x0000000084100000, 0x0000000084100000|100%| O|  |TAMS 0x0000000084000000, 0x0000000084100000| Untracked 
|  65|0x0000000084100000, 0x0000000084200000, 0x0000000084200000|100%| O|  |TAMS 0x0000000084100000, 0x0000000084200000| Untracked 
|  66|0x0000000084200000, 0x0000000084300000, 0x0000000084300000|100%| O|  |TAMS 0x0000000084200000, 0x0000000084300000| Untracked 
|  67|0x0000000084300000, 0x0000000084400000, 0x0000000084400000|100%| O|  |TAMS 0x0000000084300000, 0x0000000084400000| Untracked 
|  68|0x0000000084400000, 0x0000000084500000, 0x0000000084500000|100%| O|  |TAMS 0x0000000084400000, 0x0000000084500000| Untracked 
|  69|0x0000000084500000, 0x0000000084600000, 0x0000000084600000|100%| O|  |TAMS 0x0000000084500000, 0x0000000084600000| Untracked 
|  70|0x0000000084600000, 0x0000000084700000, 0x0000000084700000|100%| O|  |TAMS 0x0000000084600000, 0x0000000084700000| Untracked 
|  71|0x0000000084700000, 0x0000000084800000, 0x0000000084800000|100%| O|  |TAMS 0x0000000084700000, 0x0000000084800000| Untracked 
|  72|0x0000000084800000, 0x0000000084900000, 0x0000000084900000|100%| O|  |TAMS 0x0000000084800000, 0x0000000084900000| Untracked 
|  73|0x0000000084900000, 0x0000000084a00000, 0x0000000084a00000|100%| O|  |TAMS 0x0000000084900000, 0x0000000084a00000| Untracked 
|  74|0x0000000084a00000, 0x0000000084b00000, 0x0000000084b00000|100%| O|  |TAMS 0x0000000084a00000, 0x0000000084b00000| Untracked 
|  75|0x0000000084b00000, 0x0000000084c00000, 0x0000000084c00000|100%| O|  |TAMS 0x0000000084b00000, 0x0000000084c00000| Untracked 
|  76|0x0000000084c00000, 0x0000000084d00000, 0x0000000084d00000|100%| O|  |TAMS 0x0000000084c00000, 0x0000000084d00000| Untracked 
|  77|0x0000000084d00000, 0x0000000084e00000, 0x0000000084e00000|100%| O|  |TAMS 0x0000000084d00000, 0x0000000084e00000| Untracked 
|  78|0x0000000084e00000, 0x0000000084f00000, 0x0000000084f00000|100%| O|  |TAMS 0x0000000084e00000, 0x0000000084f00000| Untracked 
|  79|0x0000000084f00000, 0x0000000085000000, 0x0000000085000000|100%| O|  |TAMS 0x0000000084f00000, 0x0000000085000000| Untracked 
|  80|0x0000000085000000, 0x0000000085100000, 0x0000000085100000|100%| O|  |TAMS 0x0000000085000000, 0x0000000085100000| Untracked 
|  81|0x0000000085100000, 0x00000000851fc000, 0x0000000085200000| 98%| O|  |TAMS 0x0000000085100000, 0x00000000851fc000| Untracked 
|  82|0x0000000085200000, 0x0000000085200000, 0x0000000085300000|  0%| F|  |TAMS 0x0000000085200000, 0x0000000085200000| Untracked 
|  83|0x0000000085300000, 0x0000000085300000, 0x0000000085400000|  0%| F|  |TAMS 0x0000000085300000, 0x0000000085300000| Untracked 
|  84|0x0000000085400000, 0x0000000085400000, 0x0000000085500000|  0%| F|  |TAMS 0x0000000085400000, 0x0000000085400000| Untracked 
|  85|0x0000000085500000, 0x0000000085500000, 0x0000000085600000|  0%| F|  |TAMS 0x0000000085500000, 0x0000000085500000| Untracked 
|  86|0x0000000085600000, 0x0000000085600000, 0x0000000085700000|  0%| F|  |TAMS 0x0000000085600000, 0x0000000085600000| Untracked 
|  87|0x0000000085700000, 0x0000000085700000, 0x0000000085800000|  0%| F|  |TAMS 0x0000000085700000, 0x0000000085700000| Untracked 
|  88|0x0000000085800000, 0x0000000085800000, 0x0000000085900000|  0%| F|  |TAMS 0x0000000085800000, 0x0000000085800000| Untracked 
|  89|0x0000000085900000, 0x0000000085900000, 0x0000000085a00000|  0%| F|  |TAMS 0x0000000085900000, 0x0000000085900000| Untracked 
|  90|0x0000000085a00000, 0x0000000085a00000, 0x0000000085b00000|  0%| F|  |TAMS 0x0000000085a00000, 0x0000000085a00000| Untracked 
|  91|0x0000000085b00000, 0x0000000085b00000, 0x0000000085c00000|  0%| F|  |TAMS 0x0000000085b00000, 0x0000000085b00000| Untracked 
|  92|0x0000000085c00000, 0x0000000085c00000, 0x0000000085d00000|  0%| F|  |TAMS 0x0000000085c00000, 0x0000000085c00000| Untracked 
|  93|0x0000000085d00000, 0x0000000085d00000, 0x0000000085e00000|  0%| F|  |TAMS 0x0000000085d00000, 0x0000000085d00000| Untracked 
|  94|0x0000000085e00000, 0x0000000085e00000, 0x0000000085f00000|  0%| F|  |TAMS 0x0000000085e00000, 0x0000000085e00000| Untracked 
|  95|0x0000000085f00000, 0x0000000085f00000, 0x0000000086000000|  0%| F|  |TAMS 0x0000000085f00000, 0x0000000085f00000| Untracked 
|  96|0x0000000086000000, 0x0000000086000000, 0x0000000086100000|  0%| F|  |TAMS 0x0000000086000000, 0x0000000086000000| Untracked 
|  97|0x0000000086100000, 0x0000000086100000, 0x0000000086200000|  0%| F|  |TAMS 0x0000000086100000, 0x0000000086100000| Untracked 
|  98|0x0000000086200000, 0x0000000086200000, 0x0000000086300000|  0%| F|  |TAMS 0x0000000086200000, 0x0000000086200000| Untracked 
|  99|0x0000000086300000, 0x0000000086300000, 0x0000000086400000|  0%| F|  |TAMS 0x0000000086300000, 0x0000000086300000| Untracked 
| 100|0x0000000086400000, 0x0000000086400000, 0x0000000086500000|  0%| F|  |TAMS 0x0000000086400000, 0x0000000086400000| Untracked 
| 101|0x0000000086500000, 0x0000000086500000, 0x0000000086600000|  0%| F|  |TAMS 0x0000000086500000, 0x0000000086500000| Untracked 
| 102|0x0000000086600000, 0x0000000086600000, 0x0000000086700000|  0%| F|  |TAMS 0x0000000086600000, 0x0000000086600000| Untracked 
| 103|0x0000000086700000, 0x0000000086700000, 0x0000000086800000|  0%| F|  |TAMS 0x0000000086700000, 0x0000000086700000| Untracked 
| 104|0x0000000086800000, 0x0000000086800000, 0x0000000086900000|  0%| F|  |TAMS 0x0000000086800000, 0x0000000086800000| Untracked 
| 105|0x0000000086900000, 0x0000000086900000, 0x0000000086a00000|  0%| F|  |TAMS 0x0000000086900000, 0x0000000086900000| Untracked 
| 106|0x0000000086a00000, 0x0000000086a00000, 0x0000000086b00000|  0%| F|  |TAMS 0x0000000086a00000, 0x0000000086a00000| Untracked 
| 107|0x0000000086b00000, 0x0000000086b00000, 0x0000000086c00000|  0%| F|  |TAMS 0x0000000086b00000, 0x0000000086b00000| Untracked 
| 108|0x0000000086c00000, 0x0000000086c00000, 0x0000000086d00000|  0%| F|  |TAMS 0x0000000086c00000, 0x0000000086c00000| Untracked 
| 109|0x0000000086d00000, 0x0000000086d00000, 0x0000000086e00000|  0%| F|  |TAMS 0x0000000086d00000, 0x0000000086d00000| Untracked 
| 110|0x0000000086e00000, 0x0000000086e00000, 0x0000000086f00000|  0%| F|  |TAMS 0x0000000086e00000, 0x0000000086e00000| Untracked 
| 111|0x0000000086f00000, 0x0000000086f00000, 0x0000000087000000|  0%| F|  |TAMS 0x0000000086f00000, 0x0000000086f00000| Untracked 
| 112|0x0000000087000000, 0x0000000087000000, 0x0000000087100000|  0%| F|  |TAMS 0x0000000087000000, 0x0000000087000000| Untracked 
| 113|0x0000000087100000, 0x0000000087100000, 0x0000000087200000|  0%| F|  |TAMS 0x0000000087100000, 0x0000000087100000| Untracked 
| 114|0x0000000087200000, 0x0000000087200000, 0x0000000087300000|  0%| F|  |TAMS 0x0000000087200000, 0x0000000087200000| Untracked 
| 115|0x0000000087300000, 0x0000000087300000, 0x0000000087400000|  0%| F|  |TAMS 0x0000000087300000, 0x0000000087300000| Untracked 
| 116|0x0000000087400000, 0x0000000087400000, 0x0000000087500000|  0%| F|  |TAMS 0x0000000087400000, 0x0000000087400000| Untracked 
| 117|0x0000000087500000, 0x0000000087500000, 0x0000000087600000|  0%| F|  |TAMS 0x0000000087500000, 0x0000000087500000| Untracked 
| 118|0x0000000087600000, 0x0000000087600000, 0x0000000087700000|  0%| F|  |TAMS 0x0000000087600000, 0x0000000087600000| Untracked 
| 119|0x0000000087700000, 0x0000000087700000, 0x0000000087800000|  0%| F|  |TAMS 0x0000000087700000, 0x0000000087700000| Untracked 
| 120|0x0000000087800000, 0x0000000087800000, 0x0000000087900000|  0%| F|  |TAMS 0x0000000087800000, 0x0000000087800000| Untracked 
| 121|0x0000000087900000, 0x0000000087900000, 0x0000000087a00000|  0%| F|  |TAMS 0x0000000087900000, 0x0000000087900000| Untracked 
| 122|0x0000000087a00000, 0x0000000087a00000, 0x0000000087b00000|  0%| F|  |TAMS 0x0000000087a00000, 0x0000000087a00000| Untracked 
| 123|0x0000000087b00000, 0x0000000087b00000, 0x0000000087c00000|  0%| F|  |TAMS 0x0000000087b00000, 0x0000000087b00000| Untracked 
| 124|0x0000000087c00000, 0x0000000087c00000, 0x0000000087d00000|  0%| F|  |TAMS 0x0000000087c00000, 0x0000000087c00000| Untracked 
| 125|0x0000000087d00000, 0x0000000087d00000, 0x0000000087e00000|  0%| F|  |TAMS 0x0000000087d00000, 0x0000000087d00000| Untracked 
| 126|0x0000000087e00000, 0x0000000087e00000, 0x0000000087f00000|  0%| F|  |TAMS 0x0000000087e00000, 0x0000000087e00000| Untracked 
| 127|0x0000000087f00000, 0x0000000087f00000, 0x0000000088000000|  0%| F|  |TAMS 0x0000000087f00000, 0x0000000087f00000| Untracked 
| 128|0x0000000088000000, 0x0000000088000000, 0x0000000088100000|  0%| F|  |TAMS 0x0000000088000000, 0x0000000088000000| Untracked 
| 129|0x0000000088100000, 0x0000000088100000, 0x0000000088200000|  0%| F|  |TAMS 0x0000000088100000, 0x0000000088100000| Untracked 
| 130|0x0000000088200000, 0x0000000088200000, 0x0000000088300000|  0%| F|  |TAMS 0x0000000088200000, 0x0000000088200000| Untracked 
| 131|0x0000000088300000, 0x0000000088300000, 0x0000000088400000|  0%| F|  |TAMS 0x0000000088300000, 0x0000000088300000| Untracked 
| 132|0x0000000088400000, 0x0000000088400000, 0x0000000088500000|  0%| F|  |TAMS 0x0000000088400000, 0x0000000088400000| Untracked 
| 133|0x0000000088500000, 0x0000000088500000, 0x0000000088600000|  0%| F|  |TAMS 0x0000000088500000, 0x0000000088500000| Untracked 
| 134|0x0000000088600000, 0x0000000088600000, 0x0000000088700000|  0%| F|  |TAMS 0x0000000088600000, 0x0000000088600000| Untracked 
| 135|0x0000000088700000, 0x0000000088700000, 0x0000000088800000|  0%| F|  |TAMS 0x0000000088700000, 0x0000000088700000| Untracked 
| 136|0x0000000088800000, 0x0000000088800000, 0x0000000088900000|  0%| F|  |TAMS 0x0000000088800000, 0x0000000088800000| Untracked 
| 137|0x0000000088900000, 0x0000000088900000, 0x0000000088a00000|  0%| F|  |TAMS 0x0000000088900000, 0x0000000088900000| Untracked 
| 138|0x0000000088a00000, 0x0000000088a00000, 0x0000000088b00000|  0%| F|  |TAMS 0x0000000088a00000, 0x0000000088a00000| Untracked 
| 139|0x0000000088b00000, 0x0000000088b00000, 0x0000000088c00000|  0%| F|  |TAMS 0x0000000088b00000, 0x0000000088b00000| Untracked 
| 140|0x0000000088c00000, 0x0000000088c00000, 0x0000000088d00000|  0%| F|  |TAMS 0x0000000088c00000, 0x0000000088c00000| Untracked 
| 141|0x0000000088d00000, 0x0000000088d00000, 0x0000000088e00000|  0%| F|  |TAMS 0x0000000088d00000, 0x0000000088d00000| Untracked 
| 142|0x0000000088e00000, 0x0000000088e00000, 0x0000000088f00000|  0%| F|  |TAMS 0x0000000088e00000, 0x0000000088e00000| Untracked 
| 143|0x0000000088f00000, 0x0000000088f00000, 0x0000000089000000|  0%| F|  |TAMS 0x0000000088f00000, 0x0000000088f00000| Untracked 
| 144|0x0000000089000000, 0x0000000089000000, 0x0000000089100000|  0%| F|  |TAMS 0x0000000089000000, 0x0000000089000000| Untracked 
| 145|0x0000000089100000, 0x0000000089100000, 0x0000000089200000|  0%| F|  |TAMS 0x0000000089100000, 0x0000000089100000| Untracked 
| 146|0x0000000089200000, 0x0000000089200000, 0x0000000089300000|  0%| F|  |TAMS 0x0000000089200000, 0x0000000089200000| Untracked 
| 147|0x0000000089300000, 0x0000000089300000, 0x0000000089400000|  0%| F|  |TAMS 0x0000000089300000, 0x0000000089300000| Untracked 
| 148|0x0000000089400000, 0x0000000089400000, 0x0000000089500000|  0%| F|  |TAMS 0x0000000089400000, 0x0000000089400000| Untracked 
| 149|0x0000000089500000, 0x0000000089500000, 0x0000000089600000|  0%| F|  |TAMS 0x0000000089500000, 0x0000000089500000| Untracked 
| 150|0x0000000089600000, 0x0000000089600000, 0x0000000089700000|  0%| F|  |TAMS 0x0000000089600000, 0x0000000089600000| Untracked 
| 151|0x0000000089700000, 0x000000008972b8e0, 0x0000000089800000| 17%| S|CS|TAMS 0x0000000089700000, 0x0000000089700000| Complete 
| 152|0x0000000089800000, 0x0000000089900000, 0x0000000089900000|100%| S|CS|TAMS 0x0000000089800000, 0x0000000089800000| Complete 
| 153|0x0000000089900000, 0x0000000089a00000, 0x0000000089a00000|100%| S|CS|TAMS 0x0000000089900000, 0x0000000089900000| Complete 
| 154|0x0000000089a00000, 0x0000000089b00000, 0x0000000089b00000|100%| S|CS|TAMS 0x0000000089a00000, 0x0000000089a00000| Complete 
| 155|0x0000000089b00000, 0x0000000089c00000, 0x0000000089c00000|100%| S|CS|TAMS 0x0000000089b00000, 0x0000000089b00000| Complete 
| 156|0x0000000089c00000, 0x0000000089d00000, 0x0000000089d00000|100%| S|CS|TAMS 0x0000000089c00000, 0x0000000089c00000| Complete 
| 157|0x0000000089d00000, 0x0000000089e00000, 0x0000000089e00000|100%| S|CS|TAMS 0x0000000089d00000, 0x0000000089d00000| Complete 
| 158|0x0000000089e00000, 0x0000000089f00000, 0x0000000089f00000|100%| S|CS|TAMS 0x0000000089e00000, 0x0000000089e00000| Complete 
| 159|0x0000000089f00000, 0x000000008a000000, 0x000000008a000000|100%| S|CS|TAMS 0x0000000089f00000, 0x0000000089f00000| Complete 
| 160|0x000000008a000000, 0x000000008a100000, 0x000000008a100000|100%| S|CS|TAMS 0x000000008a000000, 0x000000008a000000| Complete 
| 161|0x000000008a100000, 0x000000008a100000, 0x000000008a200000|  0%| F|  |TAMS 0x000000008a100000, 0x000000008a100000| Untracked 
| 162|0x000000008a200000, 0x000000008a200000, 0x000000008a300000|  0%| F|  |TAMS 0x000000008a200000, 0x000000008a200000| Untracked 
| 163|0x000000008a300000, 0x000000008a300000, 0x000000008a400000|  0%| F|  |TAMS 0x000000008a300000, 0x000000008a300000| Untracked 
| 164|0x000000008a400000, 0x000000008a400000, 0x000000008a500000|  0%| F|  |TAMS 0x000000008a400000, 0x000000008a400000| Untracked 
| 165|0x000000008a500000, 0x000000008a500000, 0x000000008a600000|  0%| F|  |TAMS 0x000000008a500000, 0x000000008a500000| Untracked 
| 166|0x000000008a600000, 0x000000008a600000, 0x000000008a700000|  0%| F|  |TAMS 0x000000008a600000, 0x000000008a600000| Untracked 
| 167|0x000000008a700000, 0x000000008a700000, 0x000000008a800000|  0%| F|  |TAMS 0x000000008a700000, 0x000000008a700000| Untracked 
| 168|0x000000008a800000, 0x000000008a800000, 0x000000008a900000|  0%| F|  |TAMS 0x000000008a800000, 0x000000008a800000| Untracked 
| 169|0x000000008a900000, 0x000000008a900000, 0x000000008aa00000|  0%| F|  |TAMS 0x000000008a900000, 0x000000008a900000| Untracked 
| 170|0x000000008aa00000, 0x000000008aa00000, 0x000000008ab00000|  0%| F|  |TAMS 0x000000008aa00000, 0x000000008aa00000| Untracked 
| 171|0x000000008ab00000, 0x000000008ab00000, 0x000000008ac00000|  0%| F|  |TAMS 0x000000008ab00000, 0x000000008ab00000| Untracked 
| 172|0x000000008ac00000, 0x000000008ac00000, 0x000000008ad00000|  0%| F|  |TAMS 0x000000008ac00000, 0x000000008ac00000| Untracked 
| 173|0x000000008ad00000, 0x000000008ad00000, 0x000000008ae00000|  0%| F|  |TAMS 0x000000008ad00000, 0x000000008ad00000| Untracked 
| 174|0x000000008ae00000, 0x000000008ae00000, 0x000000008af00000|  0%| F|  |TAMS 0x000000008ae00000, 0x000000008ae00000| Untracked 
| 175|0x000000008af00000, 0x000000008af00000, 0x000000008b000000|  0%| F|  |TAMS 0x000000008af00000, 0x000000008af00000| Untracked 
| 176|0x000000008b000000, 0x000000008b000000, 0x000000008b100000|  0%| F|  |TAMS 0x000000008b000000, 0x000000008b000000| Untracked 
| 177|0x000000008b100000, 0x000000008b100000, 0x000000008b200000|  0%| F|  |TAMS 0x000000008b100000, 0x000000008b100000| Untracked 
| 178|0x000000008b200000, 0x000000008b200000, 0x000000008b300000|  0%| F|  |TAMS 0x000000008b200000, 0x000000008b200000| Untracked 
| 179|0x000000008b300000, 0x000000008b300000, 0x000000008b400000|  0%| F|  |TAMS 0x000000008b300000, 0x000000008b300000| Untracked 
| 180|0x000000008b400000, 0x000000008b400000, 0x000000008b500000|  0%| F|  |TAMS 0x000000008b400000, 0x000000008b400000| Untracked 
| 181|0x000000008b500000, 0x000000008b500000, 0x000000008b600000|  0%| F|  |TAMS 0x000000008b500000, 0x000000008b500000| Untracked 
| 182|0x000000008b600000, 0x000000008b600000, 0x000000008b700000|  0%| F|  |TAMS 0x000000008b600000, 0x000000008b600000| Untracked 
| 183|0x000000008b700000, 0x000000008b700000, 0x000000008b800000|  0%| F|  |TAMS 0x000000008b700000, 0x000000008b700000| Untracked 
| 184|0x000000008b800000, 0x000000008b800000, 0x000000008b900000|  0%| F|  |TAMS 0x000000008b800000, 0x000000008b800000| Untracked 
| 185|0x000000008b900000, 0x000000008b900000, 0x000000008ba00000|  0%| F|  |TAMS 0x000000008b900000, 0x000000008b900000| Untracked 
| 186|0x000000008ba00000, 0x000000008ba00000, 0x000000008bb00000|  0%| F|  |TAMS 0x000000008ba00000, 0x000000008ba00000| Untracked 
| 187|0x000000008bb00000, 0x000000008bb00000, 0x000000008bc00000|  0%| F|  |TAMS 0x000000008bb00000, 0x000000008bb00000| Untracked 
| 188|0x000000008bc00000, 0x000000008bc00000, 0x000000008bd00000|  0%| F|  |TAMS 0x000000008bc00000, 0x000000008bc00000| Untracked 
| 189|0x000000008bd00000, 0x000000008bd00000, 0x000000008be00000|  0%| F|  |TAMS 0x000000008bd00000, 0x000000008bd00000| Untracked 
| 190|0x000000008be00000, 0x000000008be00000, 0x000000008bf00000|  0%| F|  |TAMS 0x000000008be00000, 0x000000008be00000| Untracked 
| 191|0x000000008bf00000, 0x000000008bf00000, 0x000000008c000000|  0%| F|  |TAMS 0x000000008bf00000, 0x000000008bf00000| Untracked 
| 192|0x000000008c000000, 0x000000008c000000, 0x000000008c100000|  0%| F|  |TAMS 0x000000008c000000, 0x000000008c000000| Untracked 
| 193|0x000000008c100000, 0x000000008c100000, 0x000000008c200000|  0%| F|  |TAMS 0x000000008c100000, 0x000000008c100000| Untracked 
| 194|0x000000008c200000, 0x000000008c200000, 0x000000008c300000|  0%| F|  |TAMS 0x000000008c200000, 0x000000008c200000| Untracked 
| 195|0x000000008c300000, 0x000000008c300000, 0x000000008c400000|  0%| F|  |TAMS 0x000000008c300000, 0x000000008c300000| Untracked 
| 196|0x000000008c400000, 0x000000008c400000, 0x000000008c500000|  0%| F|  |TAMS 0x000000008c400000, 0x000000008c400000| Untracked 
| 197|0x000000008c500000, 0x000000008c500000, 0x000000008c600000|  0%| F|  |TAMS 0x000000008c500000, 0x000000008c500000| Untracked 
| 198|0x000000008c600000, 0x000000008c600000, 0x000000008c700000|  0%| F|  |TAMS 0x000000008c600000, 0x000000008c600000| Untracked 
| 199|0x000000008c700000, 0x000000008c700000, 0x000000008c800000|  0%| F|  |TAMS 0x000000008c700000, 0x000000008c700000| Untracked 
| 200|0x000000008c800000, 0x000000008c800000, 0x000000008c900000|  0%| F|  |TAMS 0x000000008c800000, 0x000000008c800000| Untracked 
| 201|0x000000008c900000, 0x000000008c900000, 0x000000008ca00000|  0%| F|  |TAMS 0x000000008c900000, 0x000000008c900000| Untracked 
| 202|0x000000008ca00000, 0x000000008ca00000, 0x000000008cb00000|  0%| F|  |TAMS 0x000000008ca00000, 0x000000008ca00000| Untracked 
| 203|0x000000008cb00000, 0x000000008cb00000, 0x000000008cc00000|  0%| F|  |TAMS 0x000000008cb00000, 0x000000008cb00000| Untracked 
| 204|0x000000008cc00000, 0x000000008cc00000, 0x000000008cd00000|  0%| F|  |TAMS 0x000000008cc00000, 0x000000008cc00000| Untracked 
| 205|0x000000008cd00000, 0x000000008cd00000, 0x000000008ce00000|  0%| F|  |TAMS 0x000000008cd00000, 0x000000008cd00000| Untracked 

Card table byte_map: [0x0000022a13ad0000,0x0000022a13ed0000] _byte_map_base: 0x0000022a136d0000

Marking Bits (Prev, Next): (CMBitMap*) 0x0000022a7d781360, (CMBitMap*) 0x0000022a7d781328
 Prev Bits: [0x0000022a162d0000, 0x0000022a182d0000)
 Next Bits: [0x0000022a142d0000, 0x0000022a162d0000)

Polling page: 0x0000022a00000000

Metaspace:

Usage:
  Non-class:     84.90 MB capacity,    83.26 MB ( 98%) used,     1.34 MB (  2%) free+waste,   310.44 KB ( <1%) overhead. 
      Class:     13.40 MB capacity,    12.43 MB ( 93%) used,   854.66 KB (  6%) free+waste,   142.94 KB (  1%) overhead. 
       Both:     98.30 MB capacity,    95.68 MB ( 97%) used,     2.17 MB (  2%) free+waste,   453.38 KB ( <1%) overhead. 

Virtual space:
  Non-class space:       86.00 MB reserved,      84.95 MB ( 99%) committed 
      Class space:        1.00 GB reserved,      13.50 MB (  1%) committed 
             Both:        1.08 GB reserved,      98.45 MB (  9%) committed 

Chunk freelists:
   Non-Class:  52.00 KB
       Class:  6.00 KB
        Both:  58.00 KB

MaxMetaspaceSize: 17179869184.00 GB
CompressedClassSpaceSize: 1.00 GB

CodeHeap 'non-profiled nmethods': size=120000Kb used=5858Kb max_used=5858Kb free=114141Kb
 bounds [0x0000022a0b500000, 0x0000022a0bac0000, 0x0000022a12a30000]
CodeHeap 'profiled nmethods': size=120000Kb used=23050Kb max_used=23050Kb free=96949Kb
 bounds [0x0000022a03fd0000, 0x0000022a05660000, 0x0000022a0b500000]
CodeHeap 'non-nmethods': size=5760Kb used=2327Kb max_used=2365Kb free=3432Kb
 bounds [0x0000022a03a30000, 0x0000022a03ca0000, 0x0000022a03fd0000]
 total_blobs=11835 nmethods=10891 adapters=855
 compilation: enabled
              stopped_count=0, restarted_count=0
 full_count=0

Compilation events (20 events):
Event: 12.407 Thread 0x0000022a1afeb000 nmethod 10965 0x0000022a0bab5110 code [0x0000022a0bab52e0, 0x0000022a0bab5e58]
Event: 12.407 Thread 0x0000022a1afeb000 10906       4       sun.security.provider.SHA2::implCompress0 (322 bytes)
Event: 12.410 Thread 0x0000022a1aff6800 10969   !   3       java.util.concurrent.ConcurrentHashMap::putVal (432 bytes)
Event: 12.413 Thread 0x0000022a1aff6800 nmethod 10969 0x0000022a0564eb10 code [0x0000022a0564eea0, 0x0000022a05650fd8]
Event: 12.420 Thread 0x0000022a1aff6800 10971       3       java.lang.invoke.MemberName::getFactory (4 bytes)
Event: 12.420 Thread 0x0000022a1aff6800 nmethod 10971 0x0000022a05651a90 code [0x0000022a05651c40, 0x0000022a05651d38]
Event: 12.422 Thread 0x0000022a1afeb000 nmethod 10906 0x0000022a0bab6890 code [0x0000022a0bab6a40, 0x0000022a0bab7478]
Event: 12.423 Thread 0x0000022a1afeb000 10859       4       java.util.zip.ZipFile$Source::getEntryNext (9 bytes)
Event: 12.423 Thread 0x0000022a1afeb000 nmethod 10859 0x0000022a0bab7590 code [0x0000022a0bab7720, 0x0000022a0bab77b8]
Event: 12.423 Thread 0x0000022a1afeb000 10894       4       java.lang.Character::toLowerCase (9 bytes)
Event: 12.424 Thread 0x0000022a1afeb000 nmethod 10894 0x0000022a0bab7890 code [0x0000022a0bab7a20, 0x0000022a0bab7ad8]
Event: 12.424 Thread 0x0000022a1afeb000 10960       4       com.android.tools.r8.graph.c0::a (129 bytes)
Event: 12.424 Thread 0x0000022a1afeb000 nmethod 10960 0x0000022a0bab7c10 code [0x0000022a0bab7da0, 0x0000022a0bab7e58]
Event: 12.445 Thread 0x0000022a1afeb000 10973       4       java.lang.invoke.MethodHandleNatives::refKindIsField (32 bytes)
Event: 12.446 Thread 0x0000022a1afeb000 nmethod 10973 0x0000022a0bab7f90 code [0x0000022a0bab8120, 0x0000022a0bab8178]
Event: 12.446 Thread 0x0000022a1aff6800 10974       3       com.android.tools.r8.graph.d0::<init> (66 bytes)
Event: 12.446 Thread 0x0000022a1aff6800 nmethod 10974 0x0000022a05651d90 code [0x0000022a05651f60, 0x0000022a056522f8]
Event: 12.454 Thread 0x0000022a1afeb000 10979       4       com.android.tools.r8.graph.c0::a (89 bytes)
Event: 12.456 Thread 0x0000022a1aff6800 10980       3       com.android.tools.r8.graph.c0::a (129 bytes)
Event: 12.456 Thread 0x0000022a1aff6800 nmethod 10980 0x0000022a05652490 code [0x0000022a05652660, 0x0000022a05652958]

GC Heap History (20 events):
Event: 4.645 GC heap after
{Heap after GC invocations=11 (full 0):
 garbage-first heap   total 145408K, used 48999K [0x0000000080000000, 0x0000000100000000)
  region size 1024K, 10 young (10240K), 10 survivors (10240K)
 Metaspace       used 47717K, capacity 48947K, committed 49100K, reserved 1091584K
  class space    used 6111K, capacity 6554K, committed 6656K, reserved 1048576K
}
Event: 5.228 GC heap before
{Heap before GC invocations=11 (full 0):
 garbage-first heap   total 145408K, used 104295K [0x0000000080000000, 0x0000000100000000)
  region size 1024K, 64 young (65536K), 10 survivors (10240K)
 Metaspace       used 55329K, capacity 56765K, committed 56908K, reserved 1099776K
  class space    used 7022K, capacity 7528K, committed 7552K, reserved 1048576K
}
Event: 5.234 GC heap after
{Heap after GC invocations=12 (full 0):
 garbage-first heap   total 145408K, used 51850K [0x0000000080000000, 0x0000000100000000)
  region size 1024K, 3 young (3072K), 3 survivors (3072K)
 Metaspace       used 55329K, capacity 56765K, committed 56908K, reserved 1099776K
  class space    used 7022K, capacity 7528K, committed 7552K, reserved 1048576K
}
Event: 5.483 GC heap before
{Heap before GC invocations=12 (full 0):
 garbage-first heap   total 145408K, used 72330K [0x0000000080000000, 0x0000000100000000)
  region size 1024K, 24 young (24576K), 3 survivors (3072K)
 Metaspace       used 58627K, capacity 60096K, committed 60236K, reserved 1101824K
  class space    used 7423K, capacity 7974K, committed 8064K, reserved 1048576K
}
Event: 5.491 GC heap after
{Heap after GC invocations=13 (full 0):
 garbage-first heap   total 175104K, used 52639K [0x0000000080000000, 0x0000000100000000)
  region size 1024K, 4 young (4096K), 4 survivors (4096K)
 Metaspace       used 58627K, capacity 60096K, committed 60236K, reserved 1101824K
  class space    used 7423K, capacity 7974K, committed 8064K, reserved 1048576K
}
Event: 6.227 GC heap before
{Heap before GC invocations=14 (full 0):
 garbage-first heap   total 175104K, used 120223K [0x0000000080000000, 0x0000000100000000)
  region size 1024K, 70 young (71680K), 4 survivors (4096K)
 Metaspace       used 65232K, capacity 66640K, committed 66892K, reserved 1107968K
  class space    used 8240K, capacity 8755K, committed 8832K, reserved 1048576K
}
Event: 6.233 GC heap after
{Heap after GC invocations=15 (full 0):
 garbage-first heap   total 175104K, used 57416K [0x0000000080000000, 0x0000000100000000)
  region size 1024K, 8 young (8192K), 8 survivors (8192K)
 Metaspace       used 65232K, capacity 66640K, committed 66892K, reserved 1107968K
  class space    used 8240K, capacity 8755K, committed 8832K, reserved 1048576K
}
Event: 6.786 GC heap before
{Heap before GC invocations=15 (full 0):
 garbage-first heap   total 175104K, used 125000K [0x0000000080000000, 0x0000000100000000)
  region size 1024K, 74 young (75776K), 8 survivors (8192K)
 Metaspace       used 70267K, capacity 71894K, committed 72012K, reserved 1112064K
  class space    used 8980K, capacity 9542K, committed 9600K, reserved 1048576K
}
Event: 6.794 GC heap after
{Heap after GC invocations=16 (full 0):
 garbage-first heap   total 175104K, used 62540K [0x0000000080000000, 0x0000000100000000)
  region size 1024K, 10 young (10240K), 10 survivors (10240K)
 Metaspace       used 70267K, capacity 71894K, committed 72012K, reserved 1112064K
  class space    used 8980K, capacity 9542K, committed 9600K, reserved 1048576K
}
Event: 7.532 GC heap before
{Heap before GC invocations=16 (full 0):
 garbage-first heap   total 175104K, used 129100K [0x0000000080000000, 0x0000000100000000)
  region size 1024K, 75 young (76800K), 10 survivors (10240K)
 Metaspace       used 77834K, capacity 79532K, committed 79820K, reserved 1118208K
  class space    used 10064K, capacity 10704K, committed 10752K, reserved 1048576K
}
Event: 7.542 GC heap after
{Heap after GC invocations=17 (full 0):
 garbage-first heap   total 175104K, used 67160K [0x0000000080000000, 0x0000000100000000)
  region size 1024K, 5 young (5120K), 5 survivors (5120K)
 Metaspace       used 77834K, capacity 79532K, committed 79820K, reserved 1118208K
  class space    used 10064K, capacity 10704K, committed 10752K, reserved 1048576K
}
Event: 8.255 GC heap before
{Heap before GC invocations=17 (full 0):
 garbage-first heap   total 175104K, used 132696K [0x0000000080000000, 0x0000000100000000)
  region size 1024K, 70 young (71680K), 5 survivors (5120K)
 Metaspace       used 84010K, capacity 85858K, committed 86092K, reserved 1124352K
  class space    used 10826K, capacity 11546K, committed 11648K, reserved 1048576K
}
Event: 8.266 GC heap after
{Heap after GC invocations=18 (full 0):
 garbage-first heap   total 210944K, used 73172K [0x0000000080000000, 0x0000000100000000)
  region size 1024K, 9 young (9216K), 9 survivors (9216K)
 Metaspace       used 84010K, capacity 85858K, committed 86092K, reserved 1124352K
  class space    used 10826K, capacity 11546K, committed 11648K, reserved 1048576K
}
Event: 9.106 GC heap before
{Heap before GC invocations=18 (full 0):
 garbage-first heap   total 210944K, used 152020K [0x0000000080000000, 0x0000000100000000)
  region size 1024K, 87 young (89088K), 9 survivors (9216K)
 Metaspace       used 85723K, capacity 88007K, committed 88268K, reserved 1126400K
  class space    used 11065K, capacity 11948K, committed 12032K, reserved 1048576K
}
Event: 9.128 GC heap after
{Heap after GC invocations=19 (full 0):
 garbage-first heap   total 210944K, used 81457K [0x0000000080000000, 0x0000000100000000)
  region size 1024K, 11 young (11264K), 11 survivors (11264K)
 Metaspace       used 85723K, capacity 88007K, committed 88268K, reserved 1126400K
  class space    used 11065K, capacity 11948K, committed 12032K, reserved 1048576K
}
Event: 9.674 GC heap before
{Heap before GC invocations=19 (full 0):
 garbage-first heap   total 210944K, used 159281K [0x0000000080000000, 0x0000000100000000)
  region size 1024K, 88 young (90112K), 11 survivors (11264K)
 Metaspace       used 89440K, capacity 91749K, committed 91980K, reserved 1128448K
  class space    used 11537K, capacity 12408K, committed 12416K, reserved 1048576K
}
Event: 9.686 GC heap after
{Heap after GC invocations=20 (full 0):
 garbage-first heap   total 210944K, used 86735K [0x0000000080000000, 0x0000000100000000)
  region size 1024K, 6 young (6144K), 6 survivors (6144K)
 Metaspace       used 89440K, capacity 91749K, committed 91980K, reserved 1128448K
  class space    used 11537K, capacity 12408K, committed 12416K, reserved 1048576K
}
Event: 11.908 GC heap before
{Heap before GC invocations=20 (full 0):
 garbage-first heap   total 210944K, used 164559K [0x0000000080000000, 0x0000000100000000)
  region size 1024K, 82 young (83968K), 6 survivors (6144K)
 Metaspace       used 94502K, capacity 97057K, committed 97100K, reserved 1132544K
  class space    used 12228K, capacity 13155K, committed 13184K, reserved 1048576K
}
Event: 11.923 GC heap after
{Heap after GC invocations=21 (full 0):
 garbage-first heap   total 210944K, used 91008K [0x0000000080000000, 0x0000000100000000)
  region size 1024K, 10 young (10240K), 10 survivors (10240K)
 Metaspace       used 94502K, capacity 97057K, committed 97100K, reserved 1132544K
  class space    used 12228K, capacity 13155K, committed 13184K, reserved 1048576K
}
Event: 12.459 GC heap before
{Heap before GC invocations=21 (full 0):
 garbage-first heap   total 210944K, used 135040K [0x0000000080000000, 0x0000000100000000)
  region size 1024K, 55 young (56320K), 10 survivors (10240K)
 Metaspace       used 97979K, capacity 100658K, committed 100812K, reserved 1136640K
  class space    used 12724K, capacity 13722K, committed 13824K, reserved 1048576K
}

Deoptimization events (20 events):
Event: 12.348 Thread 0x0000022a1e609800 DEOPT PACKING pc=0x0000022a052100f6 sp=0x0000004dda0fca80
Event: 12.348 Thread 0x0000022a1e609800 DEOPT UNPACKING pc=0x0000022a03a576ce sp=0x0000004dda0fbfa0 mode 0
Event: 12.369 Thread 0x0000022a1e609800 DEOPT PACKING pc=0x0000022a052100d5 sp=0x0000004dda0fcd50
Event: 12.369 Thread 0x0000022a1e609800 DEOPT UNPACKING pc=0x0000022a03a576ce sp=0x0000004dda0fc270 mode 0
Event: 12.403 Thread 0x0000022a244ee000 Uncommon trap: trap_request=0xffffff4d fr.pc=0x0000022a0bab3e60 relative=0x0000000000001800
Event: 12.403 Thread 0x0000022a1e609800 Uncommon trap: trap_request=0xffffff4d fr.pc=0x0000022a0bab3e60 relative=0x0000000000001800
Event: 12.403 Thread 0x0000022a244ee000 Uncommon trap: reason=unstable_if action=reinterpret pc=0x0000022a0bab3e60 method=java.util.concurrent.ConcurrentHashMap.putVal(Ljava/lang/Object;Ljava/lang/Object;Z)Ljava/lang/Object; @ 162 c2
Event: 12.403 Thread 0x0000022a1e609800 Uncommon trap: reason=unstable_if action=reinterpret pc=0x0000022a0bab3e60 method=java.util.concurrent.ConcurrentHashMap.putVal(Ljava/lang/Object;Ljava/lang/Object;Z)Ljava/lang/Object; @ 162 c2
Event: 12.403 Thread 0x0000022a1e609800 DEOPT PACKING pc=0x0000022a0bab3e60 sp=0x0000004dda0fc970
Event: 12.403 Thread 0x0000022a244ee000 DEOPT PACKING pc=0x0000022a0bab3e60 sp=0x0000004dd9afcc70
Event: 12.403 Thread 0x0000022a1e609800 DEOPT UNPACKING pc=0x0000022a03a578af sp=0x0000004dda0fc918 mode 2
Event: 12.403 Thread 0x0000022a244ee000 DEOPT UNPACKING pc=0x0000022a03a578af sp=0x0000004dd9afcc18 mode 2
Event: 12.456 Thread 0x0000022a244ee000 Uncommon trap: trap_request=0xffffff4d fr.pc=0x0000022a0bab7e0c relative=0x000000000000006c
Event: 12.456 Thread 0x0000022a1e609800 Uncommon trap: trap_request=0xffffff4d fr.pc=0x0000022a0bab7e0c relative=0x000000000000006c
Event: 12.456 Thread 0x0000022a244ee000 Uncommon trap: reason=unstable_if action=reinterpret pc=0x0000022a0bab7e0c method=com.android.tools.r8.graph.c0.a(C[BI)I @ 1 c2
Event: 12.456 Thread 0x0000022a1e609800 Uncommon trap: reason=unstable_if action=reinterpret pc=0x0000022a0bab7e0c method=com.android.tools.r8.graph.c0.a(C[BI)I @ 1 c2
Event: 12.456 Thread 0x0000022a244ee000 DEOPT PACKING pc=0x0000022a0bab7e0c sp=0x0000004dd9afc7e0
Event: 12.456 Thread 0x0000022a244ee000 DEOPT UNPACKING pc=0x0000022a03a578af sp=0x0000004dd9afc768 mode 2
Event: 12.456 Thread 0x0000022a1e609800 DEOPT PACKING pc=0x0000022a0bab7e0c sp=0x0000004dda0fc4e0
Event: 12.456 Thread 0x0000022a1e609800 DEOPT UNPACKING pc=0x0000022a03a578af sp=0x0000004dda0fc468 mode 2

Classes redefined (0 events):
No events

Internal exceptions (20 events):
Event: 10.267 Thread 0x0000022a1fb27000 Exception <a 'java/lang/NoSuchMethodError'{0x0000000089e93008}: <clinit>> (0x0000000089e93008) thrown at [./src/hotspot/share/prims/jni.cpp, line 1362]
Event: 10.269 Thread 0x0000022a1fb27000 Exception <a 'java/lang/NoSuchMethodError'{0x0000000089ec5af8}: <clinit>> (0x0000000089ec5af8) thrown at [./src/hotspot/share/prims/jni.cpp, line 1362]
Event: 10.275 Thread 0x0000022a244eb800 Exception <a 'java/lang/InterruptedException'{0x0000000089d00000}> (0x0000000089d00000) thrown at [./src/hotspot/share/runtime/objectMonitor.cpp, line 1635]
Event: 10.276 Thread 0x0000022a244eb800 Exception <a 'java/lang/NoSuchMethodError'{0x0000000089d08060}: 'java.lang.Object java.lang.invoke.DirectMethodHandle$Holder.invokeStatic(java.lang.Object, java.lang.Object, int, java.lang.Object, long)'> (0x0000000089d08060) thrown at [./src/hotspot/share/interpreter/linkResolver.cpp, line 773]
Event: 10.288 Thread 0x0000022a1fb27000 Exception <a 'java/lang/NoSuchMethodError'{0x0000000089d3b158}: <clinit>> (0x0000000089d3b158) thrown at [./src/hotspot/share/prims/jni.cpp, line 1362]
Event: 10.289 Thread 0x0000022a1fb27000 Exception <a 'java/lang/NoSuchMethodError'{0x0000000089d4cf50}: <clinit>> (0x0000000089d4cf50) thrown at [./src/hotspot/share/prims/jni.cpp, line 1362]
Event: 10.291 Thread 0x0000022a1fb27000 Exception <a 'java/lang/NoSuchMethodError'{0x0000000089d5ed20}: <clinit>> (0x0000000089d5ed20) thrown at [./src/hotspot/share/prims/jni.cpp, line 1362]
Event: 10.297 Thread 0x0000022a1fb27000 Exception <a 'java/lang/NoSuchMethodError'{0x0000000089db9f88}: <clinit>> (0x0000000089db9f88) thrown at [./src/hotspot/share/prims/jni.cpp, line 1362]
Event: 10.320 Thread 0x0000022a1fb27000 Exception <a 'java/lang/NoSuchMethodError'{0x0000000089b74708}: <clinit>> (0x0000000089b74708) thrown at [./src/hotspot/share/prims/jni.cpp, line 1362]
Event: 10.337 Thread 0x0000022a244ef800 Exception <a 'java/lang/NoSuchMethodError'{0x0000000089943ab8}: 'java.lang.Object java.lang.invoke.DirectMethodHandle$Holder.invokeStatic(java.lang.Object, java.lang.Object, java.lang.Object, java.lang.Object, java.lang.Object, java.lang.Object, java.lang.Object, java.lang.Object, java.lang.Object, java.lang.Object, java.lang.Object, java.lang.Object, java.lang.Object, int)'> (0x0000000089943ab8) thrown at [./src/hotspot/share/interpreter/linkResolver.cpp, line 773]
Event: 10.338 Thread 0x0000022a244ef800 Exception <a 'java/lang/NoSuchMethodError'{0x0000000089950540}: 'java.lang.Object java.lang.invoke.DirectMethodHandle$Holder.invokeStatic(java.lang.Object, java.lang.Object, java.lang.Object, java.lang.Object, java.lang.Object, java.lang.Object, java.lang.Object, java.lang.Object, java.lang.Object, java.lang.Object, java.lang.Object, java.lang.Object, java.lang.Object, int, int)'> (0x0000000089950540) thrown at [./src/hotspot/share/interpreter/linkResolver.cpp, line 773]
Event: 11.713 Thread 0x0000022a1fb27000 Exception <a 'java/lang/NoSuchMethodError'{0x00000000898f42f0}: 'void java.lang.invoke.DirectMethodHandle$Holder.invokeStatic(java.lang.Object, java.lang.Object, java.lang.Object, java.lang.Object, java.lang.Object, java.lang.Object, java.lang.Object)'> (0x00000000898f42f0) thrown at [./src/hotspot/share/interpreter/linkResolver.cpp, line 773]
Event: 11.723 Thread 0x0000022a1d2ae800 Exception <a 'java/lang/NoSuchMethodError'{0x0000000089687478}: <clinit>> (0x0000000089687478) thrown at [./src/hotspot/share/prims/jni.cpp, line 1362]
Event: 12.228 Thread 0x0000022a1fb27000 Exception <a 'java/lang/NoSuchMethodError'{0x000000008b164018}: <clinit>> (0x000000008b164018) thrown at [./src/hotspot/share/prims/jni.cpp, line 1362]
Event: 12.310 Thread 0x0000022a1e609800 Exception <a 'sun/nio/fs/WindowsException'{0x000000008a9a7bf8}> (0x000000008a9a7bf8) thrown at [./src/hotspot/share/prims/jni.cpp, line 615]
Event: 12.310 Thread 0x0000022a244ee000 Exception <a 'sun/nio/fs/WindowsException'{0x000000008a98ff48}> (0x000000008a98ff48) thrown at [./src/hotspot/share/prims/jni.cpp, line 615]
Event: 12.420 Thread 0x0000022a1e609800 Exception <a 'java/lang/NoSuchMethodError'{0x000000008a4f8858}: 'java.lang.Object java.lang.invoke.DirectMethodHandle$Holder.invokeStatic(java.lang.Object, java.lang.Object, java.lang.Object, java.lang.Object, java.lang.Object, java.lang.Object, java.lang.Object, java.lang.Object, java.lang.Object, java.lang.Object, java.lang.Object, java.lang.Object, java.lang.Object, java.lang.Object, java.lang.Object, java.lang.Object, java.lang.Object, java.lang.Object, int, java.lang.Object)'> (0x000000008a4f8858) thr
Event: 12.421 Thread 0x0000022a1e609800 Exception <a 'java/lang/NoSuchMethodError'{0x000000008a4fe390}: 'java.lang.Object java.lang.invoke.DirectMethodHandle$Holder.invokeStaticInit(java.lang.Object, java.lang.Object, java.lang.Object, java.lang.Object, java.lang.Object, java.lang.Object, java.lang.Object, java.lang.Object, java.lang.Object, java.lang.Object, java.lang.Object, java.lang.Object, java.lang.Object, java.lang.Object, java.lang.Object, java.lang.Object, java.lang.Object, java.lang.Object, int, java.lang.Object)'> (0x000000008a4fe390)
Event: 12.440 Thread 0x0000022a244ee000 Exception <a 'java/lang/IncompatibleClassChangeError'{0x000000008a3e9b58}: Found class java.lang.Object, but interface was expected> (0x000000008a3e9b58) thrown at [./src/hotspot/share/interpreter/linkResolver.cpp, line 839]
Event: 12.440 Thread 0x0000022a1e609800 Exception <a 'java/lang/IncompatibleClassChangeError'{0x000000008a367518}: Found class java.lang.Object, but interface was expected> (0x000000008a367518) thrown at [./src/hotspot/share/interpreter/linkResolver.cpp, line 839]

Events (20 events):
Event: 12.455 loading class com/android/tools/r8/internal/B8 done
Event: 12.455 loading class com/android/tools/r8/internal/CC
Event: 12.455 loading class com/android/tools/r8/internal/CC done
Event: 12.456 loading class com/android/tools/r8/graph/r
Event: 12.456 loading class com/android/tools/r8/graph/r done
Event: 12.456 loading class com/android/tools/r8/graph/f0$o
Event: 12.456 loading class com/android/tools/r8/graph/f0$o done
Event: 12.457 loading class com/android/tools/r8/graph/t
Event: 12.457 loading class com/android/tools/r8/graph/t done
Event: 12.457 loading class com/android/tools/r8/graph/M
Event: 12.457 loading class com/android/tools/r8/graph/M done
Event: 12.458 loading class com/android/tools/r8/graph/q
Event: 12.458 loading class com/android/tools/r8/graph/q done
Event: 12.458 loading class com/android/tools/r8/graph/H0
Event: 12.458 loading class com/android/tools/r8/graph/H0 done
Event: 12.458 loading class com/android/tools/r8/internal/Rb
Event: 12.458 loading class com/android/tools/r8/internal/Rb done
Event: 12.458 loading class com/android/tools/r8/internal/xr
Event: 12.458 loading class com/android/tools/r8/internal/xr done
Event: 12.459 Executing VM operation: CollectForMetadataAllocation


Dynamic libraries:
0x00007ff78ad10000 - 0x00007ff78ad1a000 	C:\Program Files\Android\Android Studio\jre\bin\java.exe
0x00007ffd0e8d0000 - 0x00007ffd0eac5000 	C:\Windows\SYSTEM32\ntdll.dll
0x00007ffd0e770000 - 0x00007ffd0e82e000 	C:\Windows\System32\KERNEL32.DLL
0x00007ffd0c650000 - 0x00007ffd0c918000 	C:\Windows\System32\KERNELBASE.dll
0x00007ffd0c4a0000 - 0x00007ffd0c5a0000 	C:\Windows\System32\ucrtbase.dll
0x00007ffd057f0000 - 0x00007ffd05809000 	C:\Program Files\Android\Android Studio\jre\bin\jli.dll
0x00007ffd054e0000 - 0x00007ffd054f7000 	C:\Program Files\Android\Android Studio\jre\bin\VCRUNTIME140.dll
0x00007ffd0d220000 - 0x00007ffd0d3c1000 	C:\Windows\System32\USER32.dll
0x00007ffcff520000 - 0x00007ffcff7ba000 	C:\Windows\WinSxS\amd64_microsoft.windows.common-controls_6595b64144ccf1df_6.0.19041.1110_none_60b5254171f9507e\COMCTL32.dll
0x00007ffd0c280000 - 0x00007ffd0c2a2000 	C:\Windows\System32\win32u.dll
0x00007ffd0d3d0000 - 0x00007ffd0d46e000 	C:\Windows\System32\msvcrt.dll
0x00007ffd0d4e0000 - 0x00007ffd0d50b000 	C:\Windows\System32\GDI32.dll
0x00007ffd0c340000 - 0x00007ffd0c44b000 	C:\Windows\System32\gdi32full.dll
0x00007ffd0c150000 - 0x00007ffd0c1ed000 	C:\Windows\System32\msvcp_win.dll
0x00007ffd0e1d0000 - 0x00007ffd0e200000 	C:\Windows\System32\IMM32.DLL
0x00007ffcef950000 - 0x00007ffcef9ed000 	C:\Program Files\Android\Android Studio\jre\bin\msvcp140.dll
0x00007ffca4660000 - 0x00007ffca512f000 	C:\Program Files\Android\Android Studio\jre\bin\server\jvm.dll
0x00007ffd0d8b0000 - 0x00007ffd0d95c000 	C:\Windows\System32\ADVAPI32.dll
0x00007ffd0d800000 - 0x00007ffd0d89b000 	C:\Windows\System32\sechost.dll
0x00007ffd0e0a0000 - 0x00007ffd0e1ca000 	C:\Windows\System32\RPCRT4.dll
0x00007ffd0d160000 - 0x00007ffd0d168000 	C:\Windows\System32\PSAPI.DLL
0x00007ffd07810000 - 0x00007ffd07819000 	C:\Windows\SYSTEM32\WSOCK32.dll
0x00007ffcf82c0000 - 0x00007ffcf82e7000 	C:\Windows\SYSTEM32\WINMM.dll
0x00007ffd04dd0000 - 0x00007ffd04dda000 	C:\Windows\SYSTEM32\VERSION.dll
0x00007ffd0d470000 - 0x00007ffd0d4db000 	C:\Windows\System32\WS2_32.dll
0x00007ffd0a870000 - 0x00007ffd0a882000 	C:\Windows\SYSTEM32\kernel.appcore.dll
0x00007ffce9ea0000 - 0x00007ffce9eb1000 	C:\Program Files\Android\Android Studio\jre\bin\verify.dll
0x00007ffd0a660000 - 0x00007ffd0a844000 	C:\Windows\SYSTEM32\DBGHELP.DLL
0x00007ffcfca70000 - 0x00007ffcfca9c000 	C:\Windows\SYSTEM32\dbgcore.DLL
0x00007ffd0c1f0000 - 0x00007ffd0c273000 	C:\Windows\System32\bcryptPrimitives.dll
0x00007ffcdf700000 - 0x00007ffcdf729000 	C:\Program Files\Android\Android Studio\jre\bin\java.dll
0x00007ffd057e0000 - 0x00007ffd057eb000 	C:\Program Files\Android\Android Studio\jre\bin\jimage.dll
0x00007ffce9450000 - 0x00007ffce9468000 	C:\Program Files\Android\Android Studio\jre\bin\zip.dll
0x00007ffd0d960000 - 0x00007ffd0e09f000 	C:\Windows\System32\SHELL32.dll
0x00007ffd09e00000 - 0x00007ffd0a590000 	C:\Windows\SYSTEM32\windows.storage.dll
0x00007ffd0e3f0000 - 0x00007ffd0e745000 	C:\Windows\System32\combase.dll
0x00007ffd0ba40000 - 0x00007ffd0ba6e000 	C:\Windows\SYSTEM32\Wldp.dll
0x00007ffd0e2e0000 - 0x00007ffd0e38d000 	C:\Windows\System32\SHCORE.dll
0x00007ffd0ca50000 - 0x00007ffd0caa5000 	C:\Windows\System32\shlwapi.dll
0x00007ffd0bf30000 - 0x00007ffd0bf4f000 	C:\Windows\SYSTEM32\profapi.dll
0x00007ffce77b0000 - 0x00007ffce77ca000 	C:\Program Files\Android\Android Studio\jre\bin\net.dll
0x00007ffd03950000 - 0x00007ffd03a5c000 	C:\Windows\SYSTEM32\WINHTTP.dll
0x00007ffd0b7a0000 - 0x00007ffd0b80a000 	C:\Windows\system32\mswsock.dll
0x00007ffce3840000 - 0x00007ffce3854000 	C:\Program Files\Android\Android Studio\jre\bin\nio.dll
0x00007ffce0240000 - 0x00007ffce0267000 	C:\Users\djute\.gradle\native\8bec1ad78214c89d9ad589b4d07fe93259594b29d510b10fafb7a158f7737e5d\windows-amd64\native-platform.dll
0x00007ffcc31b0000 - 0x00007ffcc32ed000 	C:\Users\djute\.gradle\native\53dbd7edfb1c66fb8903c78663c9afc45aea4f116125fa6feffd364cf09443e8\windows-amd64\native-platform-file-events.dll
0x00007ffcf1060000 - 0x00007ffcf106a000 	C:\Program Files\Android\Android Studio\jre\bin\management.dll
0x00007ffcef870000 - 0x00007ffcef87c000 	C:\Program Files\Android\Android Studio\jre\bin\management_ext.dll
0x00007ffd0b990000 - 0x00007ffd0b9a8000 	C:\Windows\SYSTEM32\CRYPTSP.dll
0x00007ffd0b0b0000 - 0x00007ffd0b0e4000 	C:\Windows\system32\rsaenh.dll
0x00007ffd0c310000 - 0x00007ffd0c337000 	C:\Windows\System32\bcrypt.dll
0x00007ffd0beb0000 - 0x00007ffd0bede000 	C:\Windows\SYSTEM32\USERENV.dll
0x00007ffd0b9b0000 - 0x00007ffd0b9bc000 	C:\Windows\SYSTEM32\CRYPTBASE.dll
0x00007ffd0b440000 - 0x00007ffd0b47b000 	C:\Windows\SYSTEM32\IPHLPAPI.DLL
0x00007ffd0d8a0000 - 0x00007ffd0d8a8000 	C:\Windows\System32\NSI.dll
0x00007ffd05960000 - 0x00007ffd05977000 	C:\Windows\SYSTEM32\dhcpcsvc6.DLL
0x00007ffd04e50000 - 0x00007ffd04e6d000 	C:\Windows\SYSTEM32\dhcpcsvc.DLL
0x00007ffd0b490000 - 0x00007ffd0b55b000 	C:\Windows\SYSTEM32\DNSAPI.dll
0x00007ffd08800000 - 0x00007ffd08808000 	C:\Program Files\Android\Android Studio\jre\bin\rmi.dll

dbghelp: loaded successfully - version: 4.0.5 - missing functions: none
symbol engine: initialized successfully - sym options: 0x614 - pdb path: .;C:\Program Files\Android\Android Studio\jre\bin;C:\Windows\SYSTEM32;C:\Windows\WinSxS\amd64_microsoft.windows.common-controls_6595b64144ccf1df_6.0.19041.1110_none_60b5254171f9507e;C:\Program Files\Android\Android Studio\jre\bin\server;C:\Users\djute\.gradle\native\8bec1ad78214c89d9ad589b4d07fe93259594b29d510b10fafb7a158f7737e5d\windows-amd64;C:\Users\djute\.gradle\native\53dbd7edfb1c66fb8903c78663c9afc45aea4f116125fa6feffd364cf09443e8\windows-amd64

VM Arguments:
jvm_args: --add-opens=java.base/java.util=ALL-UNNAMED --add-opens=java.base/java.lang=ALL-UNNAMED --add-opens=java.base/java.lang.invoke=ALL-UNNAMED --add-opens=java.base/java.util=ALL-UNNAMED --add-opens=java.prefs/java.util.prefs=ALL-UNNAMED --add-opens=java.prefs/java.util.prefs=ALL-UNNAMED --add-opens=java.base/java.nio.charset=ALL-UNNAMED --add-opens=java.base/java.net=ALL-UNNAMED --add-opens=java.base/java.util.concurrent.atomic=ALL-UNNAMED -Xmx2048m -Dfile.encoding=UTF-8 -Duser.country=RU -Duser.language=ru -Duser.variant 
java_command: org.gradle.launcher.daemon.bootstrap.GradleDaemon 7.0.2
java_class_path (initial): C:\Users\djute\.gradle\wrapper\dists\gradle-7.0.2-bin\857tjihv64xamwrf0h14cai3r\gradle-7.0.2\lib\gradle-launcher-7.0.2.jar
Launcher Type: SUN_STANDARD

[Global flags]
     intx CICompilerCount                          = 4                                         {product} {ergonomic}
     uint ConcGCThreads                            = 3                                         {product} {ergonomic}
     uint G1ConcRefinementThreads                  = 10                                        {product} {ergonomic}
   size_t G1HeapRegionSize                         = 1048576                                   {product} {ergonomic}
    uintx GCDrainStackTargetSize                   = 64                                        {product} {ergonomic}
   size_t InitialHeapSize                          = 123731968                                 {product} {ergonomic}
   size_t MarkStackSize                            = 4194304                                   {product} {ergonomic}
   size_t MaxHeapSize                              = 2147483648                                {product} {command line}
   size_t MaxNewSize                               = 1287651328                                {product} {ergonomic}
   size_t MinHeapDeltaBytes                        = 1048576                                   {product} {ergonomic}
    uintx NonNMethodCodeHeapSize                   = 5836300                                {pd product} {ergonomic}
    uintx NonProfiledCodeHeapSize                  = 122910970                              {pd product} {ergonomic}
    uintx ProfiledCodeHeapSize                     = 122910970                              {pd product} {ergonomic}
    uintx ReservedCodeCacheSize                    = 251658240                              {pd product} {ergonomic}
     bool SegmentedCodeCache                       = true                                      {product} {ergonomic}
     bool UseCompressedClassPointers               = true                                 {lp64_product} {ergonomic}
     bool UseCompressedOops                        = true                                 {lp64_product} {ergonomic}
     bool UseG1GC                                  = true                                      {product} {ergonomic}
     bool UseLargePagesIndividualAllocation        = false                                  {pd product} {ergonomic}

Logging:
Log output configuration:
 #0: stdout all=warning uptime,level,tags
 #1: stderr all=off uptime,level,tags

Environment Variables:
PATH=C:\ProgramData\Oracle\Java\javapath;C:\Windows\system32;C:\Windows;C:\Windows\System32\Wbem;C:\Windows\System32\WindowsPowerShell\v1.0\;C:\Windows\System32\OpenSSH\;C:\Program Files\Git\cmd;C:\Program Files\NVIDIA Corporation\NVIDIA NvDLISR;C:\Program Files (x86)\NVIDIA Corporation\PhysX\Common;C:\Program Files\dotnet\;C:\Users\djute\AppData\Local\Microsoft\WindowsApps;;C:\Program Files\JetBrains\IntelliJ IDEA Community Edition 2021.2.2\bin;
USERNAME=djute
OS=Windows_NT
PROCESSOR_IDENTIFIER=AMD64 Family 23 Model 96 Stepping 1, AuthenticAMD



---------------  S Y S T E M  ---------------

OS: Windows 10 , 64 bit Build 19041 (10.0.19041.1348)
OS uptime: 0 days 4:09 hours

CPU:total 12 (initial active 12) (12 cores per cpu, 2 threads per core) family 23 model 96 stepping 1 microcode 0x0, cmov, cx8, fxsr, mmx, sse, sse2, sse3, ssse3, sse4.1, sse4.2, popcnt, avx, avx2, aes, clmul, mmxext, 3dnowpref, lzcnt, sse4a, ht, tsc, tscinvbit, tscinv, bmi1, bmi2, adx, 

Memory: 4k page, system-wide physical 7549M (376M free)
TotalPageFile size 18433M (AvailPageFile size 33M)
current process WorkingSet (physical memory assigned to process): 451M, peak: 459M
current process commit charge ("private bytes"): 519M, peak: 561M

vm_info: OpenJDK 64-Bit Server VM (11.0.10+0-b96-7249189) for windows-amd64 JRE (11.0.10+0-b96-7249189), built on Mar 31 2021 21:44:00 by "builder" with MS VC++ 14.0 (VS2015)

END.
