#
# There is insufficient memory for the Java Runtime Environment to continue.
# Native memory allocation (malloc) failed to allocate 2003536 bytes for Chunk::new
# Possible reasons:
#   The system is out of physical RAM or swap space
#   The process is running with CompressedOops enabled, and the Java Heap may be blocking the growth of the native heap
# Possible solutions:
#   Reduce memory load on the system
#   Increase physical memory or swap space
#   Check if swap backing store is full
#   Decrease Java heap size (-Xmx/-Xms)
#   Decrease number of Java threads
#   Decrease Java thread stack sizes (-Xss)
#   Set larger code cache with -XX:ReservedCodeCacheSize=
#   JVM is running with Unscaled Compressed Oops mode in which the Java heap is
#     placed in the first 4GB address space. The Java Heap base address is the
#     maximum limit for the native heap growth. Please use -XX:HeapBaseMinAddress
#     to set the Java Heap base and to place the Java Heap above 4GB virtual address.
# This output file may be truncated or incomplete.
#
#  Out of Memory Error (./src/hotspot/share/memory/arena.cpp:197), pid=11656, tid=9440
#
# JRE version: OpenJDK Runtime Environment (11.0.10) (build 11.0.10+0-b96-7249189)
# Java VM: OpenJDK 64-Bit Server VM (11.0.10+0-b96-7249189, mixed mode, tiered, compressed oops, g1 gc, windows-amd64)
# No core dump will be written. Minidumps are not enabled by default on client versions of Windows
#

---------------  S U M M A R Y ------------

Command Line: --add-opens=java.base/java.util=ALL-UNNAMED --add-opens=java.base/java.lang=ALL-UNNAMED --add-opens=java.base/java.lang.invoke=ALL-UNNAMED --add-opens=java.base/java.util=ALL-UNNAMED --add-opens=java.prefs/java.util.prefs=ALL-UNNAMED --add-opens=java.prefs/java.util.prefs=ALL-UNNAMED --add-opens=java.base/java.nio.charset=ALL-UNNAMED --add-opens=java.base/java.net=ALL-UNNAMED --add-opens=java.base/java.util.concurrent.atomic=ALL-UNNAMED -Xmx2048m -Dfile.encoding=UTF-8 -Duser.country=RU -Duser.language=ru -Duser.variant org.gradle.launcher.daemon.bootstrap.GradleDaemon 7.0.2

Host: AMD Ryzen 5 4600H with Radeon Graphics         , 12 cores, 7G,  Windows 10 , 64 bit Build 19041 (10.0.19041.1348)
Time: Mon Nov 15 14:39:14 2021 Саратов (зима) elapsed time: 6.980579 seconds (0d 0h 0m 6s)

---------------  T H R E A D  ---------------

Current thread (0x0000016a5c67f000):  JavaThread "C2 CompilerThread2" daemon [_thread_in_native, id=9440, stack(0x000000355b000000,0x000000355b100000)]


Current CompileTask:
C2:   6980 6542       4       org.objectweb.asm.Frame::execute (2318 bytes)

Stack: [0x000000355b000000,0x000000355b100000]
Native frames: (J=compiled Java code, j=interpreted, Vv=VM code, C=native code)
V  [jvm.dll+0x5ecfaa]
V  [jvm.dll+0x722bd5]
V  [jvm.dll+0x72412d]
V  [jvm.dll+0x7247e3]
V  [jvm.dll+0x242928]
V  [jvm.dll+0xbc4fc]
V  [jvm.dll+0xbca0c]
V  [jvm.dll+0x352d7d]
V  [jvm.dll+0x320ad3]
V  [jvm.dll+0x31ffca]
V  [jvm.dll+0x1fb602]
V  [jvm.dll+0x1fa7f4]
V  [jvm.dll+0x18354c]
V  [jvm.dll+0x208ee7]
V  [jvm.dll+0x207731]
V  [jvm.dll+0x6eb1cf]
V  [jvm.dll+0x6e3d45]
V  [jvm.dll+0x5ebe96]
C  [ucrtbase.dll+0x21bb2]
C  [KERNEL32.DLL+0x17034]
C  [ntdll.dll+0x52651]


---------------  P R O C E S S  ---------------

Threads class SMR info:
_java_thread_list=0x0000016a58383920, length=59, elements={
0x0000016a3c0be800, 0x0000016a569a8000, 0x0000016a569ab800, 0x0000016a571d6000,
0x0000016a571d7000, 0x0000016a571d8000, 0x0000016a5721e800, 0x0000016a5721f000,
0x0000016a57222000, 0x0000016a573b4800, 0x0000016a5748c800, 0x0000016a58a3d800,
0x0000016a59aca800, 0x0000016a59316000, 0x0000016a59f00800, 0x0000016a5a138800,
0x0000016a585db000, 0x0000016a5a27a800, 0x0000016a5a895000, 0x0000016a595f8800,
0x0000016a594f2800, 0x0000016a594f0000, 0x0000016a594f1800, 0x0000016a594f1000,
0x0000016a5a513000, 0x0000016a5a515800, 0x0000016a5a517000, 0x0000016a5a514800,
0x0000016a5a516800, 0x0000016a5a514000, 0x0000016a5a511800, 0x0000016a5a518000,
0x0000016a5a512800, 0x0000016a5c6d2000, 0x0000016a5c6d1800, 0x0000016a5c6d3800,
0x0000016a5c6d3000, 0x0000016a5c6d6000, 0x0000016a5c6d4800, 0x0000016a5c6d5800,
0x0000016a5c6d0800, 0x0000016a5c6dc000, 0x0000016a5c6dc800, 0x0000016a5c6d7000,
0x0000016a5c67f000, 0x0000016a5c6d8800, 0x0000016a5c6d9800, 0x0000016a5c6d8000,
0x0000016a5c6da000, 0x0000016a5c6de800, 0x0000016a5c6df000, 0x0000016a5ac94800,
0x0000016a5ac91800, 0x0000016a5ac92000, 0x0000016a5ac95800, 0x0000016a5ac96000,
0x0000016a5ac90800, 0x0000016a5ac97000, 0x0000016a5ac98000
}

Java Threads: ( => current thread )
  0x0000016a3c0be800 JavaThread "main" [_thread_blocked, id=10012, stack(0x0000003557b00000,0x0000003557c00000)]
  0x0000016a569a8000 JavaThread "Reference Handler" daemon [_thread_blocked, id=6800, stack(0x0000003558200000,0x0000003558300000)]
  0x0000016a569ab800 JavaThread "Finalizer" daemon [_thread_blocked, id=4708, stack(0x0000003558300000,0x0000003558400000)]
  0x0000016a571d6000 JavaThread "Signal Dispatcher" daemon [_thread_blocked, id=10644, stack(0x0000003558400000,0x0000003558500000)]
  0x0000016a571d7000 JavaThread "Attach Listener" daemon [_thread_blocked, id=1332, stack(0x0000003558500000,0x0000003558600000)]
  0x0000016a571d8000 JavaThread "Service Thread" daemon [_thread_blocked, id=13532, stack(0x0000003558600000,0x0000003558700000)]
  0x0000016a5721e800 JavaThread "C2 CompilerThread0" daemon [_thread_blocked, id=9412, stack(0x0000003558700000,0x0000003558800000)]
  0x0000016a5721f000 JavaThread "C1 CompilerThread0" daemon [_thread_blocked, id=10360, stack(0x0000003558800000,0x0000003558900000)]
  0x0000016a57222000 JavaThread "Sweeper thread" daemon [_thread_blocked, id=5996, stack(0x0000003558900000,0x0000003558a00000)]
  0x0000016a573b4800 JavaThread "Common-Cleaner" daemon [_thread_blocked, id=15144, stack(0x0000003558a00000,0x0000003558b00000)]
  0x0000016a5748c800 JavaThread "C2 CompilerThread1" daemon [_thread_blocked, id=1932, stack(0x0000003558c00000,0x0000003558d00000)]
  0x0000016a58a3d800 JavaThread "Daemon health stats" [_thread_blocked, id=10452, stack(0x0000003558f00000,0x0000003559000000)]
  0x0000016a59aca800 JavaThread "Incoming local TCP Connector on port 50011" [_thread_in_native, id=6048, stack(0x0000003558e00000,0x0000003558f00000)]
  0x0000016a59316000 JavaThread "Daemon periodic checks" [_thread_blocked, id=12624, stack(0x0000003559000000,0x0000003559100000)]
  0x0000016a59f00800 JavaThread "Daemon" [_thread_blocked, id=952, stack(0x0000003559100000,0x0000003559200000)]
  0x0000016a5a138800 JavaThread "Handler for socket connection from /127.0.0.1:50011 to /127.0.0.1:50012" [_thread_in_native, id=9768, stack(0x0000003559200000,0x0000003559300000)]
  0x0000016a585db000 JavaThread "Cancel handler" [_thread_blocked, id=12764, stack(0x0000003559300000,0x0000003559400000)]
  0x0000016a5a27a800 JavaThread "Daemon worker" [_thread_in_vm, id=7512, stack(0x0000003559400000,0x0000003559500000)]
  0x0000016a5a895000 JavaThread "Asynchronous log dispatcher for DefaultDaemonConnection: socket connection from /127.0.0.1:50011 to /127.0.0.1:50012" [_thread_blocked, id=9984, stack(0x0000003559500000,0x0000003559600000)]
  0x0000016a595f8800 JavaThread "Stdin handler" [_thread_blocked, id=9708, stack(0x0000003559600000,0x0000003559700000)]
  0x0000016a594f2800 JavaThread "Daemon client event forwarder" [_thread_blocked, id=3008, stack(0x0000003559700000,0x0000003559800000)]
  0x0000016a594f0000 JavaThread "Cache worker for file hash cache (C:\Users\djute\.gradle\caches\7.0.2\fileHashes)" [_thread_blocked, id=9120, stack(0x000000355a200000,0x000000355a300000)]
  0x0000016a594f1800 JavaThread "File lock request listener" [_thread_in_native, id=5812, stack(0x000000355a300000,0x000000355a400000)]
  0x0000016a594f1000 JavaThread "Cache worker for journal cache (C:\Users\djute\.gradle\caches\journal-1)" [_thread_blocked, id=7752, stack(0x000000355a600000,0x000000355a700000)]
  0x0000016a5a513000 JavaThread "Cache worker for file hash cache (C:\Users\djute\AndroidStudioProjects\WorldCinemaTest\.gradle\7.0.2\fileHashes)" [_thread_blocked, id=12896, stack(0x000000355a700000,0x000000355a800000)]
  0x0000016a5a515800 JavaThread "File watcher server" daemon [_thread_in_native, id=9832, stack(0x000000355a800000,0x000000355a900000)]
  0x0000016a5a517000 JavaThread "File watcher consumer" daemon [_thread_blocked, id=6008, stack(0x000000355a900000,0x000000355aa00000)]
  0x0000016a5a514800 JavaThread "jar transforms" [_thread_blocked, id=15300, stack(0x000000355aa00000,0x000000355ab00000)]
  0x0000016a5a516800 JavaThread "jar transforms Thread 2" [_thread_blocked, id=12356, stack(0x000000355ab00000,0x000000355ac00000)]
  0x0000016a5a514000 JavaThread "jar transforms Thread 3" [_thread_blocked, id=6240, stack(0x000000355ac00000,0x000000355ad00000)]
  0x0000016a5a511800 JavaThread "jar transforms Thread 4" [_thread_blocked, id=1900, stack(0x000000355ad00000,0x000000355ae00000)]
  0x0000016a5a518000 JavaThread "jar transforms Thread 5" [_thread_blocked, id=7220, stack(0x000000355ae00000,0x000000355af00000)]
  0x0000016a5a512800 JavaThread "jar transforms Thread 6" [_thread_blocked, id=8940, stack(0x000000355af00000,0x000000355b000000)]
  0x0000016a5c6d2000 JavaThread "jar transforms Thread 7" [_thread_blocked, id=11008, stack(0x000000355b100000,0x000000355b200000)]
  0x0000016a5c6d1800 JavaThread "jar transforms Thread 8" [_thread_blocked, id=736, stack(0x000000355b200000,0x000000355b300000)]
  0x0000016a5c6d3800 JavaThread "jar transforms Thread 9" [_thread_blocked, id=9052, stack(0x000000355b300000,0x000000355b400000)]
  0x0000016a5c6d3000 JavaThread "jar transforms Thread 10" [_thread_blocked, id=13420, stack(0x000000355b400000,0x000000355b500000)]
  0x0000016a5c6d6000 JavaThread "jar transforms Thread 11" [_thread_blocked, id=10136, stack(0x000000355b500000,0x000000355b600000)]
  0x0000016a5c6d4800 JavaThread "jar transforms Thread 12" [_thread_blocked, id=12884, stack(0x000000355b600000,0x000000355b700000)]
  0x0000016a5c6d5800 JavaThread "Cache worker for checksums cache (C:\Users\djute\AndroidStudioProjects\WorldCinemaTest\.gradle\checksums)" [_thread_blocked, id=11304, stack(0x000000355b700000,0x000000355b800000)]
  0x0000016a5c6d0800 JavaThread "Cache worker for cache directory md-supplier (C:\Users\djute\.gradle\caches\7.0.2\md-supplier)" [_thread_blocked, id=10584, stack(0x000000355b800000,0x000000355b900000)]
  0x0000016a5c6dc000 JavaThread "Cache worker for cache directory md-rule (C:\Users\djute\.gradle\caches\7.0.2\md-rule)" [_thread_blocked, id=5656, stack(0x000000355b900000,0x000000355ba00000)]
  0x0000016a5c6dc800 JavaThread "Cache worker for execution history cache (C:\Users\djute\.gradle\caches\7.0.2\executionHistory)" [_thread_blocked, id=9204, stack(0x000000355ba00000,0x000000355bb00000)]
  0x0000016a5c6d7000 JavaThread "Cache worker for file content cache (C:\Users\djute\.gradle\caches\7.0.2\fileContent)" [_thread_blocked, id=6300, stack(0x000000355bb00000,0x000000355bc00000)]
=>0x0000016a5c67f000 JavaThread "C2 CompilerThread2" daemon [_thread_in_native, id=9440, stack(0x000000355b000000,0x000000355b100000)]
  0x0000016a5c6d8800 JavaThread "Cache worker for dependencies-accessors (C:\Users\djute\AndroidStudioProjects\WorldCinemaTest\.gradle\7.0.2\dependencies-accessors)" [_thread_blocked, id=11740, stack(0x000000355bc00000,0x000000355bd00000)]
  0x0000016a5c6d9800 JavaThread "Cache worker for Build Output Cleanup Cache (C:\Users\djute\AndroidStudioProjects\WorldCinemaTest\.gradle\buildOutputCleanup)" [_thread_blocked, id=8832, stack(0x000000355bd00000,0x000000355be00000)]
  0x0000016a5c6d8000 JavaThread "Build operations" [_thread_blocked, id=10592, stack(0x000000355be00000,0x000000355bf00000)]
  0x0000016a5c6da000 JavaThread "Build operations Thread 2" [_thread_blocked, id=14984, stack(0x000000355bf00000,0x000000355c000000)]
  0x0000016a5c6de800 JavaThread "Build operations Thread 3" [_thread_blocked, id=3732, stack(0x000000355c000000,0x000000355c100000)]
  0x0000016a5c6df000 JavaThread "Build operations Thread 4" [_thread_blocked, id=14680, stack(0x000000355c100000,0x000000355c200000)]
  0x0000016a5ac94800 JavaThread "Build operations Thread 5" [_thread_blocked, id=2032, stack(0x000000355c200000,0x000000355c300000)]
  0x0000016a5ac91800 JavaThread "Build operations Thread 6" [_thread_blocked, id=14132, stack(0x000000355c300000,0x000000355c400000)]
  0x0000016a5ac92000 JavaThread "Build operations Thread 7" [_thread_blocked, id=3332, stack(0x000000355c400000,0x000000355c500000)]
  0x0000016a5ac95800 JavaThread "Build operations Thread 8" [_thread_blocked, id=2304, stack(0x000000355c500000,0x000000355c600000)]
  0x0000016a5ac96000 JavaThread "Build operations Thread 9" [_thread_blocked, id=7152, stack(0x000000355c600000,0x000000355c700000)]
  0x0000016a5ac90800 JavaThread "Build operations Thread 10" [_thread_blocked, id=1488, stack(0x000000355c700000,0x000000355c800000)]
  0x0000016a5ac97000 JavaThread "Build operations Thread 11" [_thread_blocked, id=5904, stack(0x000000355c800000,0x000000355c900000)]
  0x0000016a5ac98000 JavaThread "Build operations Thread 12" [_thread_blocked, id=10768, stack(0x000000355c900000,0x000000355ca00000)]

Other Threads:
  0x0000016a571c5000 VMThread "VM Thread" [stack: 0x0000003558100000,0x0000003558200000] [id=10664]
  0x0000016a573e6000 WatcherThread [stack: 0x0000003558b00000,0x0000003558c00000] [id=13936]
  0x0000016a3c0d2800 GCTaskThread "GC Thread#0" [stack: 0x0000003557c00000,0x0000003557d00000] [id=6832]
  0x0000016a57e99000 GCTaskThread "GC Thread#1" [stack: 0x0000003558d00000,0x0000003558e00000] [id=13676]
  0x0000016a5889c000 GCTaskThread "GC Thread#2" [stack: 0x0000003559800000,0x0000003559900000] [id=6668]
  0x0000016a58610800 GCTaskThread "GC Thread#3" [stack: 0x0000003559900000,0x0000003559a00000] [id=32]
  0x0000016a59b86800 GCTaskThread "GC Thread#4" [stack: 0x0000003559a00000,0x0000003559b00000] [id=2220]
  0x0000016a59b87000 GCTaskThread "GC Thread#5" [stack: 0x0000003559b00000,0x0000003559c00000] [id=6020]
  0x0000016a58ab8800 GCTaskThread "GC Thread#6" [stack: 0x0000003559c00000,0x0000003559d00000] [id=8152]
  0x0000016a596bb000 GCTaskThread "GC Thread#7" [stack: 0x0000003559d00000,0x0000003559e00000] [id=3968]
  0x0000016a596bc000 GCTaskThread "GC Thread#8" [stack: 0x0000003559e00000,0x0000003559f00000] [id=7320]
  0x0000016a59b0e800 GCTaskThread "GC Thread#9" [stack: 0x0000003559f00000,0x000000355a000000] [id=2696]
  0x0000016a3c104000 ConcurrentGCThread "G1 Main Marker" [stack: 0x0000003557d00000,0x0000003557e00000] [id=13888]
  0x0000016a3c107800 ConcurrentGCThread "G1 Conc#0" [stack: 0x0000003557e00000,0x0000003557f00000] [id=12724]
  0x0000016a59e06000 ConcurrentGCThread "G1 Conc#1" [stack: 0x000000355a400000,0x000000355a500000] [id=7624]
  0x0000016a59e08000 ConcurrentGCThread "G1 Conc#2" [stack: 0x000000355a500000,0x000000355a600000] [id=6412]
  0x0000016a567f8800 ConcurrentGCThread "G1 Refine#0" [stack: 0x0000003557f00000,0x0000003558000000] [id=8828]
  0x0000016a57de9000 ConcurrentGCThread "G1 Refine#1" [stack: 0x000000355a000000,0x000000355a100000] [id=10752]
  0x0000016a58482800 ConcurrentGCThread "G1 Refine#2" [stack: 0x000000355a100000,0x000000355a200000] [id=5756]
  0x0000016a567f9800 ConcurrentGCThread "G1 Young RemSet Sampling" [stack: 0x0000003558000000,0x0000003558100000] [id=7144]

Threads with active compile tasks:
C1 CompilerThread0   6991 6551       3       com.google.common.collect.MapMakerInternalMap$StrongKeyWeakValueEntry$Helper::copy (19 bytes)
C2 CompilerThread1   6991 6552       4       java.util.concurrent.atomic.AtomicReferenceArray::set (13 bytes)
C2 CompilerThread2   6991 6542       4       org.objectweb.asm.Frame::execute (2318 bytes)

VM state:not at safepoint (normal execution)

VM Mutex/Monitor currently owned by a thread: None

Heap address: 0x0000000080000000, size: 2048 MB, Compressed Oops mode: 32-bit
Narrow klass base: 0x0000000000000000, Narrow klass shift: 3
Compressed class space size: 1073741824 Address: 0x0000000100000000

Heap:
 garbage-first heap   total 175104K, used 102158K [0x0000000080000000, 0x0000000100000000)
  region size 1024K, 26 young (26624K), 5 survivors (5120K)
 Metaspace       used 62113K, capacity 63873K, committed 64128K, reserved 1105920K
  class space    used 7960K, capacity 8562K, committed 8576K, reserved 1048576K
Heap Regions: E=young(eden), S=young(survivor), O=old, HS=humongous(starts), HC=humongous(continues), CS=collection set, F=free, A=archive, TAMS=top-at-mark-start (previous, next)
|   0|0x0000000080000000, 0x0000000080100000, 0x0000000080100000|100%| O|  |TAMS 0x0000000080100000, 0x0000000080000000| Untracked 
|   1|0x0000000080100000, 0x0000000080200000, 0x0000000080200000|100%| O|  |TAMS 0x0000000080200000, 0x0000000080100000| Untracked 
|   2|0x0000000080200000, 0x0000000080300000, 0x0000000080300000|100%| O|  |TAMS 0x0000000080300000, 0x0000000080200000| Untracked 
|   3|0x0000000080300000, 0x0000000080400000, 0x0000000080400000|100%|HS|  |TAMS 0x0000000080400000, 0x0000000080300000| Complete 
|   4|0x0000000080400000, 0x0000000080500000, 0x0000000080500000|100%|HC|  |TAMS 0x0000000080500000, 0x0000000080400000| Complete 
|   5|0x0000000080500000, 0x0000000080600000, 0x0000000080600000|100%|HC|  |TAMS 0x0000000080600000, 0x0000000080500000| Complete 
|   6|0x0000000080600000, 0x0000000080700000, 0x0000000080700000|100%| O|  |TAMS 0x0000000080700000, 0x0000000080600000| Untracked 
|   7|0x0000000080700000, 0x0000000080800000, 0x0000000080800000|100%| O|  |TAMS 0x0000000080800000, 0x0000000080700000| Untracked 
|   8|0x0000000080800000, 0x0000000080900000, 0x0000000080900000|100%| O|  |TAMS 0x0000000080900000, 0x0000000080800000| Untracked 
|   9|0x0000000080900000, 0x0000000080a00000, 0x0000000080a00000|100%| O|  |TAMS 0x0000000080a00000, 0x0000000080900000| Untracked 
|  10|0x0000000080a00000, 0x0000000080b00000, 0x0000000080b00000|100%| O|  |TAMS 0x0000000080b00000, 0x0000000080a00000| Untracked 
|  11|0x0000000080b00000, 0x0000000080c00000, 0x0000000080c00000|100%| O|  |TAMS 0x0000000080c00000, 0x0000000080b00000| Untracked 
|  12|0x0000000080c00000, 0x0000000080d00000, 0x0000000080d00000|100%| O|  |TAMS 0x0000000080d00000, 0x0000000080c00000| Untracked 
|  13|0x0000000080d00000, 0x0000000080e00000, 0x0000000080e00000|100%| O|  |TAMS 0x0000000080e00000, 0x0000000080d00000| Untracked 
|  14|0x0000000080e00000, 0x0000000080f00000, 0x0000000080f00000|100%| O|  |TAMS 0x0000000080f00000, 0x0000000080e00000| Untracked 
|  15|0x0000000080f00000, 0x0000000081000000, 0x0000000081000000|100%| O|  |TAMS 0x0000000081000000, 0x0000000080f00000| Untracked 
|  16|0x0000000081000000, 0x0000000081100000, 0x0000000081100000|100%|HS|  |TAMS 0x0000000081100000, 0x0000000081000000| Complete 
|  17|0x0000000081100000, 0x0000000081200000, 0x0000000081200000|100%|HC|  |TAMS 0x0000000081200000, 0x0000000081100000| Complete 
|  18|0x0000000081200000, 0x0000000081300000, 0x0000000081300000|100%|HS|  |TAMS 0x0000000081300000, 0x0000000081200000| Complete 
|  19|0x0000000081300000, 0x0000000081400000, 0x0000000081400000|100%|HC|  |TAMS 0x0000000081400000, 0x0000000081300000| Complete 
|  20|0x0000000081400000, 0x0000000081500000, 0x0000000081500000|100%|HC|  |TAMS 0x0000000081500000, 0x0000000081400000| Complete 
|  21|0x0000000081500000, 0x0000000081600000, 0x0000000081600000|100%|HS|  |TAMS 0x0000000081600000, 0x0000000081500000| Complete 
|  22|0x0000000081600000, 0x0000000081700000, 0x0000000081700000|100%|HC|  |TAMS 0x0000000081700000, 0x0000000081600000| Complete 
|  23|0x0000000081700000, 0x0000000081800000, 0x0000000081800000|100%|HC|  |TAMS 0x0000000081800000, 0x0000000081700000| Complete 
|  24|0x0000000081800000, 0x0000000081900000, 0x0000000081900000|100%|HC|  |TAMS 0x0000000081900000, 0x0000000081800000| Complete 
|  25|0x0000000081900000, 0x0000000081a00000, 0x0000000081a00000|100%|HC|  |TAMS 0x0000000081a00000, 0x0000000081900000| Complete 
|  26|0x0000000081a00000, 0x0000000081b00000, 0x0000000081b00000|100%| O|  |TAMS 0x0000000081b00000, 0x0000000081a00000| Untracked 
|  27|0x0000000081b00000, 0x0000000081c00000, 0x0000000081c00000|100%| O|  |TAMS 0x0000000081c00000, 0x0000000081b00000| Untracked 
|  28|0x0000000081c00000, 0x0000000081d00000, 0x0000000081d00000|100%| O|  |TAMS 0x0000000081d00000, 0x0000000081c00000| Untracked 
|  29|0x0000000081d00000, 0x0000000081e00000, 0x0000000081e00000|100%| O|  |TAMS 0x0000000081e00000, 0x0000000081d00000| Untracked 
|  30|0x0000000081e00000, 0x0000000081f00000, 0x0000000081f00000|100%| O|  |TAMS 0x0000000081f00000, 0x0000000081e00000| Untracked 
|  31|0x0000000081f00000, 0x0000000082000000, 0x0000000082000000|100%| O|  |TAMS 0x0000000082000000, 0x0000000081f00000| Untracked 
|  32|0x0000000082000000, 0x0000000082100000, 0x0000000082100000|100%| O|  |TAMS 0x0000000082100000, 0x0000000082000000| Untracked 
|  33|0x0000000082100000, 0x0000000082200000, 0x0000000082200000|100%|HS|  |TAMS 0x0000000082200000, 0x0000000082100000| Complete 
|  34|0x0000000082200000, 0x0000000082300000, 0x0000000082300000|100%|HC|  |TAMS 0x0000000082300000, 0x0000000082200000| Complete 
|  35|0x0000000082300000, 0x0000000082400000, 0x0000000082400000|100%|HC|  |TAMS 0x0000000082400000, 0x0000000082300000| Complete 
|  36|0x0000000082400000, 0x0000000082500000, 0x0000000082500000|100%| O|  |TAMS 0x0000000082500000, 0x0000000082400000| Untracked 
|  37|0x0000000082500000, 0x0000000082600000, 0x0000000082600000|100%|HS|  |TAMS 0x0000000082600000, 0x0000000082500000| Complete 
|  38|0x0000000082600000, 0x0000000082700000, 0x0000000082700000|100%|HC|  |TAMS 0x0000000082700000, 0x0000000082600000| Complete 
|  39|0x0000000082700000, 0x0000000082800000, 0x0000000082800000|100%|HC|  |TAMS 0x0000000082800000, 0x0000000082700000| Complete 
|  40|0x0000000082800000, 0x0000000082900000, 0x0000000082900000|100%|HC|  |TAMS 0x0000000082900000, 0x0000000082800000| Complete 
|  41|0x0000000082900000, 0x0000000082a00000, 0x0000000082a00000|100%|HC|  |TAMS 0x0000000082a00000, 0x0000000082900000| Complete 
|  42|0x0000000082a00000, 0x0000000082b00000, 0x0000000082b00000|100%| O|  |TAMS 0x0000000082b00000, 0x0000000082a00000| Untracked 
|  43|0x0000000082b00000, 0x0000000082c00000, 0x0000000082c00000|100%| O|  |TAMS 0x0000000082c00000, 0x0000000082b00000| Untracked 
|  44|0x0000000082c00000, 0x0000000082d00000, 0x0000000082d00000|100%| O|  |TAMS 0x0000000082d00000, 0x0000000082c00000| Untracked 
|  45|0x0000000082d00000, 0x0000000082e00000, 0x0000000082e00000|100%| O|  |TAMS 0x0000000082e00000, 0x0000000082d00000| Untracked 
|  46|0x0000000082e00000, 0x0000000082f00000, 0x0000000082f00000|100%| O|  |TAMS 0x0000000082f00000, 0x0000000082e00000| Untracked 
|  47|0x0000000082f00000, 0x0000000083000000, 0x0000000083000000|100%| O|  |TAMS 0x0000000083000000, 0x0000000082f00000| Untracked 
|  48|0x0000000083000000, 0x0000000083100000, 0x0000000083100000|100%| O|  |TAMS 0x0000000083100000, 0x0000000083000000| Untracked 
|  49|0x0000000083100000, 0x0000000083200000, 0x0000000083200000|100%| O|  |TAMS 0x0000000083200000, 0x0000000083100000| Untracked 
|  50|0x0000000083200000, 0x0000000083300000, 0x0000000083300000|100%| O|  |TAMS 0x0000000083300000, 0x0000000083200000| Untracked 
|  51|0x0000000083300000, 0x0000000083400000, 0x0000000083400000|100%| O|  |TAMS 0x0000000083400000, 0x0000000083300000| Untracked 
|  52|0x0000000083400000, 0x0000000083500000, 0x0000000083500000|100%| O|  |TAMS 0x0000000083500000, 0x0000000083400000| Untracked 
|  53|0x0000000083500000, 0x0000000083600000, 0x0000000083600000|100%| O|  |TAMS 0x0000000083600000, 0x0000000083500000| Untracked 
|  54|0x0000000083600000, 0x0000000083700000, 0x0000000083700000|100%| O|  |TAMS 0x0000000083700000, 0x0000000083600000| Untracked 
|  55|0x0000000083700000, 0x0000000083800000, 0x0000000083800000|100%| O|  |TAMS 0x0000000083800000, 0x0000000083700000| Untracked 
|  56|0x0000000083800000, 0x0000000083900000, 0x0000000083900000|100%|HS|  |TAMS 0x0000000083900000, 0x0000000083800000| Complete 
|  57|0x0000000083900000, 0x0000000083a00000, 0x0000000083a00000|100%|HS|  |TAMS 0x0000000083a00000, 0x0000000083900000| Complete 
|  58|0x0000000083a00000, 0x0000000083b00000, 0x0000000083b00000|100%|HS|  |TAMS 0x0000000083b00000, 0x0000000083a00000| Complete 
|  59|0x0000000083b00000, 0x0000000083c00000, 0x0000000083c00000|100%|HS|  |TAMS 0x0000000083c00000, 0x0000000083b00000| Complete 
|  60|0x0000000083c00000, 0x0000000083d00000, 0x0000000083d00000|100%|HC|  |TAMS 0x0000000083d00000, 0x0000000083c00000| Complete 
|  61|0x0000000083d00000, 0x0000000083e00000, 0x0000000083e00000|100%|HC|  |TAMS 0x0000000083e00000, 0x0000000083d00000| Complete 
|  62|0x0000000083e00000, 0x0000000083f00000, 0x0000000083f00000|100%| O|  |TAMS 0x0000000083f00000, 0x0000000083e00000| Untracked 
|  63|0x0000000083f00000, 0x0000000084000000, 0x0000000084000000|100%| O|  |TAMS 0x0000000084000000, 0x0000000083f00000| Untracked 
|  64|0x0000000084000000, 0x0000000084100000, 0x0000000084100000|100%| O|  |TAMS 0x0000000084100000, 0x0000000084000000| Untracked 
|  65|0x0000000084100000, 0x0000000084200000, 0x0000000084200000|100%| O|  |TAMS 0x0000000084200000, 0x0000000084100000| Untracked 
|  66|0x0000000084200000, 0x0000000084300000, 0x0000000084300000|100%| O|  |TAMS 0x0000000084300000, 0x0000000084200000| Untracked 
|  67|0x0000000084300000, 0x0000000084400000, 0x0000000084400000|100%| O|  |TAMS 0x0000000084400000, 0x0000000084300000| Untracked 
|  68|0x0000000084400000, 0x0000000084500000, 0x0000000084500000|100%| O|  |TAMS 0x0000000084500000, 0x0000000084400000| Untracked 
|  69|0x0000000084500000, 0x0000000084600000, 0x0000000084600000|100%| O|  |TAMS 0x0000000084600000, 0x0000000084500000| Untracked 
|  70|0x0000000084600000, 0x0000000084700000, 0x0000000084700000|100%| O|  |TAMS 0x0000000084700000, 0x0000000084600000| Untracked 
|  71|0x0000000084700000, 0x0000000084800000, 0x0000000084800000|100%| O|  |TAMS 0x0000000084800000, 0x0000000084700000| Untracked 
|  72|0x0000000084800000, 0x00000000848df200, 0x0000000084900000| 87%| O|  |TAMS 0x0000000084844a00, 0x0000000084800000| Untracked 
|  73|0x0000000084900000, 0x0000000084a00000, 0x0000000084a00000|100%|HS|  |TAMS 0x0000000084900000, 0x0000000084900000| Complete 
|  74|0x0000000084a00000, 0x0000000084b00000, 0x0000000084b00000|100%|HC|  |TAMS 0x0000000084a00000, 0x0000000084a00000| Complete 
|  75|0x0000000084b00000, 0x0000000084b00000, 0x0000000084c00000|  0%| F|  |TAMS 0x0000000084b00000, 0x0000000084b00000| Untracked 
|  76|0x0000000084c00000, 0x0000000084c00000, 0x0000000084d00000|  0%| F|  |TAMS 0x0000000084c00000, 0x0000000084c00000| Untracked 
|  77|0x0000000084d00000, 0x0000000084d00000, 0x0000000084e00000|  0%| F|  |TAMS 0x0000000084d00000, 0x0000000084d00000| Untracked 
|  78|0x0000000084e00000, 0x0000000084e00000, 0x0000000084f00000|  0%| F|  |TAMS 0x0000000084e00000, 0x0000000084e00000| Untracked 
|  79|0x0000000084f00000, 0x0000000084f00000, 0x0000000085000000|  0%| F|  |TAMS 0x0000000084f00000, 0x0000000084f00000| Untracked 
|  80|0x0000000085000000, 0x0000000085000000, 0x0000000085100000|  0%| F|  |TAMS 0x0000000085000000, 0x0000000085000000| Untracked 
|  81|0x0000000085100000, 0x0000000085100000, 0x0000000085200000|  0%| F|  |TAMS 0x0000000085100000, 0x0000000085100000| Untracked 
|  82|0x0000000085200000, 0x0000000085200000, 0x0000000085300000|  0%| F|  |TAMS 0x0000000085200000, 0x0000000085200000| Untracked 
|  83|0x0000000085300000, 0x0000000085300000, 0x0000000085400000|  0%| F|  |TAMS 0x0000000085300000, 0x0000000085300000| Untracked 
|  84|0x0000000085400000, 0x0000000085400000, 0x0000000085500000|  0%| F|  |TAMS 0x0000000085400000, 0x0000000085400000| Untracked 
|  85|0x0000000085500000, 0x0000000085500000, 0x0000000085600000|  0%| F|  |TAMS 0x0000000085500000, 0x0000000085500000| Untracked 
|  86|0x0000000085600000, 0x0000000085600000, 0x0000000085700000|  0%| F|  |TAMS 0x0000000085600000, 0x0000000085600000| Untracked 
|  87|0x0000000085700000, 0x0000000085700000, 0x0000000085800000|  0%| F|  |TAMS 0x0000000085700000, 0x0000000085700000| Untracked 
|  88|0x0000000085800000, 0x0000000085800000, 0x0000000085900000|  0%| F|  |TAMS 0x0000000085800000, 0x0000000085800000| Untracked 
|  89|0x0000000085900000, 0x0000000085900000, 0x0000000085a00000|  0%| F|  |TAMS 0x0000000085900000, 0x0000000085900000| Untracked 
|  90|0x0000000085a00000, 0x0000000085a00000, 0x0000000085b00000|  0%| F|  |TAMS 0x0000000085a00000, 0x0000000085a00000| Untracked 
|  91|0x0000000085b00000, 0x0000000085b00000, 0x0000000085c00000|  0%| F|  |TAMS 0x0000000085b00000, 0x0000000085b00000| Untracked 
|  92|0x0000000085c00000, 0x0000000085c00000, 0x0000000085d00000|  0%| F|  |TAMS 0x0000000085c00000, 0x0000000085c00000| Untracked 
|  93|0x0000000085d00000, 0x0000000085d00000, 0x0000000085e00000|  0%| F|  |TAMS 0x0000000085d00000, 0x0000000085d00000| Untracked 
|  94|0x0000000085e00000, 0x0000000085e00000, 0x0000000085f00000|  0%| F|  |TAMS 0x0000000085e00000, 0x0000000085e00000| Untracked 
|  95|0x0000000085f00000, 0x0000000085f00000, 0x0000000086000000|  0%| F|  |TAMS 0x0000000085f00000, 0x0000000085f00000| Untracked 
|  96|0x0000000086000000, 0x0000000086000000, 0x0000000086100000|  0%| F|  |TAMS 0x0000000086000000, 0x0000000086000000| Untracked 
|  97|0x0000000086100000, 0x0000000086100000, 0x0000000086200000|  0%| F|  |TAMS 0x0000000086100000, 0x0000000086100000| Untracked 
|  98|0x0000000086200000, 0x0000000086200000, 0x0000000086300000|  0%| F|  |TAMS 0x0000000086200000, 0x0000000086200000| Untracked 
|  99|0x0000000086300000, 0x0000000086300000, 0x0000000086400000|  0%| F|  |TAMS 0x0000000086300000, 0x0000000086300000| Untracked 
| 100|0x0000000086400000, 0x0000000086400000, 0x0000000086500000|  0%| F|  |TAMS 0x0000000086400000, 0x0000000086400000| Untracked 
| 101|0x0000000086500000, 0x0000000086500000, 0x0000000086600000|  0%| F|  |TAMS 0x0000000086500000, 0x0000000086500000| Untracked 
| 102|0x0000000086600000, 0x0000000086600000, 0x0000000086700000|  0%| F|  |TAMS 0x0000000086600000, 0x0000000086600000| Untracked 
| 103|0x0000000086700000, 0x0000000086700000, 0x0000000086800000|  0%| F|  |TAMS 0x0000000086700000, 0x0000000086700000| Untracked 
| 104|0x0000000086800000, 0x0000000086800000, 0x0000000086900000|  0%| F|  |TAMS 0x0000000086800000, 0x0000000086800000| Untracked 
| 105|0x0000000086900000, 0x0000000086900000, 0x0000000086a00000|  0%| F|  |TAMS 0x0000000086900000, 0x0000000086900000| Untracked 
| 106|0x0000000086a00000, 0x0000000086a00000, 0x0000000086b00000|  0%| F|  |TAMS 0x0000000086a00000, 0x0000000086a00000| Untracked 
| 107|0x0000000086b00000, 0x0000000086b00000, 0x0000000086c00000|  0%| F|  |TAMS 0x0000000086b00000, 0x0000000086b00000| Untracked 
| 108|0x0000000086c00000, 0x0000000086c00000, 0x0000000086d00000|  0%| F|  |TAMS 0x0000000086c00000, 0x0000000086c00000| Untracked 
| 109|0x0000000086d00000, 0x0000000086d00000, 0x0000000086e00000|  0%| F|  |TAMS 0x0000000086d00000, 0x0000000086d00000| Untracked 
| 110|0x0000000086e00000, 0x0000000086e00000, 0x0000000086f00000|  0%| F|  |TAMS 0x0000000086e00000, 0x0000000086e00000| Untracked 
| 111|0x0000000086f00000, 0x0000000086f00000, 0x0000000087000000|  0%| F|  |TAMS 0x0000000086f00000, 0x0000000086f00000| Untracked 
| 112|0x0000000087000000, 0x0000000087000000, 0x0000000087100000|  0%| F|  |TAMS 0x0000000087000000, 0x0000000087000000| Untracked 
| 113|0x0000000087100000, 0x0000000087100000, 0x0000000087200000|  0%| F|  |TAMS 0x0000000087100000, 0x0000000087100000| Untracked 
| 114|0x0000000087200000, 0x0000000087200000, 0x0000000087300000|  0%| F|  |TAMS 0x0000000087200000, 0x0000000087200000| Untracked 
| 115|0x0000000087300000, 0x0000000087300000, 0x0000000087400000|  0%| F|  |TAMS 0x0000000087300000, 0x0000000087300000| Untracked 
| 116|0x0000000087400000, 0x0000000087400000, 0x0000000087500000|  0%| F|  |TAMS 0x0000000087400000, 0x0000000087400000| Untracked 
| 117|0x0000000087500000, 0x0000000087500000, 0x0000000087600000|  0%| F|  |TAMS 0x0000000087500000, 0x0000000087500000| Untracked 
| 118|0x0000000087600000, 0x0000000087600000, 0x0000000087700000|  0%| F|  |TAMS 0x0000000087600000, 0x0000000087600000| Untracked 
| 119|0x0000000087700000, 0x0000000087700000, 0x0000000087800000|  0%| F|  |TAMS 0x0000000087700000, 0x0000000087700000| Untracked 
| 120|0x0000000087800000, 0x0000000087800000, 0x0000000087900000|  0%| F|  |TAMS 0x0000000087800000, 0x0000000087800000| Untracked 
| 121|0x0000000087900000, 0x00000000879e4600, 0x0000000087a00000| 89%| S|CS|TAMS 0x0000000087900000, 0x0000000087900000| Complete 
| 122|0x0000000087a00000, 0x0000000087b00000, 0x0000000087b00000|100%| S|CS|TAMS 0x0000000087a00000, 0x0000000087a00000| Complete 
| 123|0x0000000087b00000, 0x0000000087c00000, 0x0000000087c00000|100%| S|CS|TAMS 0x0000000087b00000, 0x0000000087b00000| Complete 
| 124|0x0000000087c00000, 0x0000000087d00000, 0x0000000087d00000|100%| S|CS|TAMS 0x0000000087c00000, 0x0000000087c00000| Complete 
| 125|0x0000000087d00000, 0x0000000087e00000, 0x0000000087e00000|100%| S|CS|TAMS 0x0000000087d00000, 0x0000000087d00000| Complete 
| 126|0x0000000087e00000, 0x0000000087e00000, 0x0000000087f00000|  0%| F|  |TAMS 0x0000000087e00000, 0x0000000087e00000| Untracked 
| 127|0x0000000087f00000, 0x0000000087f00000, 0x0000000088000000|  0%| F|  |TAMS 0x0000000087f00000, 0x0000000087f00000| Untracked 
| 128|0x0000000088000000, 0x0000000088000000, 0x0000000088100000|  0%| F|  |TAMS 0x0000000088000000, 0x0000000088000000| Untracked 
| 129|0x0000000088100000, 0x0000000088100000, 0x0000000088200000|  0%| F|  |TAMS 0x0000000088100000, 0x0000000088100000| Untracked 
| 130|0x0000000088200000, 0x0000000088200000, 0x0000000088300000|  0%| F|  |TAMS 0x0000000088200000, 0x0000000088200000| Untracked 
| 131|0x0000000088300000, 0x0000000088300000, 0x0000000088400000|  0%| F|  |TAMS 0x0000000088300000, 0x0000000088300000| Untracked 
| 132|0x0000000088400000, 0x0000000088400000, 0x0000000088500000|  0%| F|  |TAMS 0x0000000088400000, 0x0000000088400000| Untracked 
| 133|0x0000000088500000, 0x0000000088500000, 0x0000000088600000|  0%| F|  |TAMS 0x0000000088500000, 0x0000000088500000| Untracked 
| 134|0x0000000088600000, 0x0000000088600000, 0x0000000088700000|  0%| F|  |TAMS 0x0000000088600000, 0x0000000088600000| Untracked 
| 135|0x0000000088700000, 0x0000000088700000, 0x0000000088800000|  0%| F|  |TAMS 0x0000000088700000, 0x0000000088700000| Untracked 
| 136|0x0000000088800000, 0x0000000088800000, 0x0000000088900000|  0%| F|  |TAMS 0x0000000088800000, 0x0000000088800000| Untracked 
| 137|0x0000000088900000, 0x0000000088900000, 0x0000000088a00000|  0%| F|  |TAMS 0x0000000088900000, 0x0000000088900000| Untracked 
| 138|0x0000000088a00000, 0x0000000088a00000, 0x0000000088b00000|  0%| F|  |TAMS 0x0000000088a00000, 0x0000000088a00000| Untracked 
| 139|0x0000000088b00000, 0x0000000088b00000, 0x0000000088c00000|  0%| F|  |TAMS 0x0000000088b00000, 0x0000000088b00000| Untracked 
| 140|0x0000000088c00000, 0x0000000088c00000, 0x0000000088d00000|  0%| F|  |TAMS 0x0000000088c00000, 0x0000000088c00000| Untracked 
| 141|0x0000000088d00000, 0x0000000088d00000, 0x0000000088e00000|  0%| F|  |TAMS 0x0000000088d00000, 0x0000000088d00000| Untracked 
| 142|0x0000000088e00000, 0x0000000088e00000, 0x0000000088f00000|  0%| F|  |TAMS 0x0000000088e00000, 0x0000000088e00000| Untracked 
| 143|0x0000000088f00000, 0x0000000088f00000, 0x0000000089000000|  0%| F|  |TAMS 0x0000000088f00000, 0x0000000088f00000| Untracked 
| 144|0x0000000089000000, 0x0000000089000000, 0x0000000089100000|  0%| F|  |TAMS 0x0000000089000000, 0x0000000089000000| Untracked 
| 145|0x0000000089100000, 0x0000000089100000, 0x0000000089200000|  0%| F|  |TAMS 0x0000000089100000, 0x0000000089100000| Untracked 
| 146|0x0000000089200000, 0x0000000089200000, 0x0000000089300000|  0%| F|  |TAMS 0x0000000089200000, 0x0000000089200000| Untracked 
| 147|0x0000000089300000, 0x0000000089300000, 0x0000000089400000|  0%| F|  |TAMS 0x0000000089300000, 0x0000000089300000| Untracked 
| 148|0x0000000089400000, 0x0000000089400000, 0x0000000089500000|  0%| F|  |TAMS 0x0000000089400000, 0x0000000089400000| Untracked 
| 149|0x0000000089500000, 0x0000000089500000, 0x0000000089600000|  0%| F|  |TAMS 0x0000000089500000, 0x0000000089500000| Untracked 
| 150|0x0000000089600000, 0x0000000089700000, 0x0000000089700000|100%| E|  |TAMS 0x0000000089600000, 0x0000000089600000| Complete 
| 151|0x0000000089700000, 0x0000000089800000, 0x0000000089800000|100%| E|CS|TAMS 0x0000000089700000, 0x0000000089700000| Complete 
| 152|0x0000000089800000, 0x0000000089900000, 0x0000000089900000|100%| E|CS|TAMS 0x0000000089800000, 0x0000000089800000| Complete 
| 153|0x0000000089900000, 0x0000000089a00000, 0x0000000089a00000|100%| E|CS|TAMS 0x0000000089900000, 0x0000000089900000| Complete 
| 154|0x0000000089a00000, 0x0000000089b00000, 0x0000000089b00000|100%| E|CS|TAMS 0x0000000089a00000, 0x0000000089a00000| Complete 
| 155|0x0000000089b00000, 0x0000000089c00000, 0x0000000089c00000|100%| E|CS|TAMS 0x0000000089b00000, 0x0000000089b00000| Complete 
| 156|0x0000000089c00000, 0x0000000089d00000, 0x0000000089d00000|100%| E|CS|TAMS 0x0000000089c00000, 0x0000000089c00000| Complete 
| 157|0x0000000089d00000, 0x0000000089e00000, 0x0000000089e00000|100%| E|CS|TAMS 0x0000000089d00000, 0x0000000089d00000| Complete 
| 158|0x0000000089e00000, 0x0000000089f00000, 0x0000000089f00000|100%| E|CS|TAMS 0x0000000089e00000, 0x0000000089e00000| Complete 
| 159|0x0000000089f00000, 0x000000008a000000, 0x000000008a000000|100%| E|CS|TAMS 0x0000000089f00000, 0x0000000089f00000| Complete 
| 160|0x000000008a000000, 0x000000008a100000, 0x000000008a100000|100%| E|CS|TAMS 0x000000008a000000, 0x000000008a000000| Complete 
| 161|0x000000008a100000, 0x000000008a200000, 0x000000008a200000|100%| E|CS|TAMS 0x000000008a100000, 0x000000008a100000| Complete 
| 162|0x000000008a200000, 0x000000008a300000, 0x000000008a300000|100%| E|CS|TAMS 0x000000008a200000, 0x000000008a200000| Complete 
| 163|0x000000008a300000, 0x000000008a400000, 0x000000008a400000|100%| E|CS|TAMS 0x000000008a300000, 0x000000008a300000| Complete 
| 164|0x000000008a400000, 0x000000008a500000, 0x000000008a500000|100%| E|CS|TAMS 0x000000008a400000, 0x000000008a400000| Complete 
| 165|0x000000008a500000, 0x000000008a600000, 0x000000008a600000|100%| E|CS|TAMS 0x000000008a500000, 0x000000008a500000| Complete 
| 166|0x000000008a600000, 0x000000008a700000, 0x000000008a700000|100%| E|CS|TAMS 0x000000008a600000, 0x000000008a600000| Complete 
| 167|0x000000008a700000, 0x000000008a800000, 0x000000008a800000|100%| E|CS|TAMS 0x000000008a700000, 0x000000008a700000| Complete 
| 168|0x000000008a800000, 0x000000008a900000, 0x000000008a900000|100%| E|CS|TAMS 0x000000008a800000, 0x000000008a800000| Complete 
| 169|0x000000008a900000, 0x000000008aa00000, 0x000000008aa00000|100%| E|CS|TAMS 0x000000008a900000, 0x000000008a900000| Complete 
| 170|0x000000008aa00000, 0x000000008ab00000, 0x000000008ab00000|100%| E|CS|TAMS 0x000000008aa00000, 0x000000008aa00000| Complete 

Card table byte_map: [0x0000016a4f520000,0x0000016a4f920000] _byte_map_base: 0x0000016a4f120000

Marking Bits (Prev, Next): (CMBitMap*) 0x0000016a3c0fb3d8, (CMBitMap*) 0x0000016a3c0fb410
 Prev Bits: [0x0000016a4fd20000, 0x0000016a51d20000)
 Next Bits: [0x0000016a51d20000, 0x0000016a53d20000)

Polling page: 0x0000016a39dd0000

Metaspace:

Usage:
  Non-class:     54.01 MB capacity,    52.93 MB ( 98%) used,   944.84 KB (  2%) free+waste,   168.56 KB ( <1%) overhead. 
      Class:      8.36 MB capacity,     7.78 MB ( 93%) used,   513.63 KB (  6%) free+waste,    80.25 KB ( <1%) overhead. 
       Both:     62.38 MB capacity,    60.71 MB ( 97%) used,     1.42 MB (  2%) free+waste,   248.81 KB ( <1%) overhead. 

Virtual space:
  Non-class space:       56.00 MB reserved,      54.25 MB ( 97%) committed 
      Class space:        1.00 GB reserved,       8.38 MB ( <1%) committed 
             Both:        1.05 GB reserved,      62.63 MB (  6%) committed 

Chunk freelists:
   Non-Class:  49.00 KB
       Class:  14.00 KB
        Both:  63.00 KB

MaxMetaspaceSize: 17179869184.00 GB
CompressedClassSpaceSize: 1.00 GB

CodeHeap 'non-profiled nmethods': size=120000Kb used=3926Kb max_used=3926Kb free=116073Kb
 bounds [0x0000016a47680000, 0x0000016a47a60000, 0x0000016a4ebb0000]
CodeHeap 'profiled nmethods': size=120000Kb used=13365Kb max_used=13365Kb free=106635Kb
 bounds [0x0000016a40150000, 0x0000016a40e60000, 0x0000016a47680000]
CodeHeap 'non-nmethods': size=5760Kb used=2248Kb max_used=2300Kb free=3511Kb
 bounds [0x0000016a3fbb0000, 0x0000016a3fe20000, 0x0000016a40150000]
 total_blobs=7357 nmethods=6519 adapters=749
 compilation: enabled
              stopped_count=0, restarted_count=0
 full_count=0

Compilation events (20 events):
Event: 6.905 Thread 0x0000016a5721f000 6538       3       sun.reflect.annotation.AnnotationParser::parseMemberValue (162 bytes)
Event: 6.905 Thread 0x0000016a5721e800 6539       4       org.objectweb.asm.Type::getArgumentsAndReturnSizes (140 bytes)
Event: 6.905 Thread 0x0000016a5748c800 6540       4       org.objectweb.asm.Frame::pop (44 bytes)
Event: 6.905 Thread 0x0000016a5c67f000 6542       4       org.objectweb.asm.Frame::execute (2318 bytes)
Event: 6.906 Thread 0x0000016a5721f000 nmethod 6538 0x0000016a40e58190 code [0x0000016a40e584e0, 0x0000016a40e59758]
Event: 6.906 Thread 0x0000016a5721f000 6541       1       org.gradle.internal.instantiation.generator.AbstractClassGenerator$MethodMetadata::getGenericReturnType (5 bytes)
Event: 6.906 Thread 0x0000016a5748c800 nmethod 6540 0x0000016a47a53810 code [0x0000016a47a539a0, 0x0000016a47a53a38]
Event: 6.906 Thread 0x0000016a5721f000 nmethod 6541 0x0000016a47a53a90 code [0x0000016a47a53c40, 0x0000016a47a53cf8]
Event: 6.912 Thread 0x0000016a5721e800 nmethod 6539 0x0000016a47a53d90 code [0x0000016a47a53fe0, 0x0000016a47a54730]
Event: 6.961 Thread 0x0000016a5721f000 6543       3       kotlin.jvm.internal.Intrinsics::checkParameterIsNotNull (9 bytes)
Event: 6.961 Thread 0x0000016a5721f000 nmethod 6543 0x0000016a40e59d90 code [0x0000016a40e59fa0, 0x0000016a40e5a478]
Event: 6.969 Thread 0x0000016a5721f000 6544       3       java.util.Collections$SingletonSet::contains (9 bytes)
Event: 6.969 Thread 0x0000016a5721f000 nmethod 6544 0x0000016a40e5a690 code [0x0000016a40e5a860, 0x0000016a40e5ab48]
Event: 6.972 Thread 0x0000016a5721f000 6545       3       java.lang.invoke.BoundMethodHandle$Species_L::make (11 bytes)
Event: 6.972 Thread 0x0000016a5721f000 nmethod 6545 0x0000016a40e5ac10 code [0x0000016a40e5ade0, 0x0000016a40e5b028]
Event: 6.978 Thread 0x0000016a5721f000 6546       3       org.gradle.api.internal.provider.AbstractMinimalProvider::<init> (5 bytes)
Event: 6.978 Thread 0x0000016a5721f000 nmethod 6546 0x0000016a40e5b110 code [0x0000016a40e5b2c0, 0x0000016a40e5b418]
Event: 6.978 Thread 0x0000016a5748c800 6547       4       com.google.common.collect.ImmutableCollection$ArrayBasedBuilder::getReadyToExpandTo (64 bytes)
Event: 6.979 Thread 0x0000016a5721f000 6548       3       com.google.common.collect.SingletonImmutableSet::iterator (8 bytes)
Event: 6.979 Thread 0x0000016a5721f000 nmethod 6548 0x0000016a40e5b510 code [0x0000016a40e5b6e0, 0x0000016a40e5ba18]

GC Heap History (20 events):
Event: 2.950 GC heap before
{Heap before GC invocations=5 (full 0):
 garbage-first heap   total 120832K, used 82039K [0x0000000080000000, 0x0000000100000000)
  region size 1024K, 55 young (56320K), 3 survivors (3072K)
 Metaspace       used 30208K, capacity 31055K, committed 31360K, reserved 1077248K
  class space    used 4075K, capacity 4382K, committed 4480K, reserved 1048576K
}
Event: 2.955 GC heap after
{Heap after GC invocations=6 (full 0):
 garbage-first heap   total 120832K, used 33395K [0x0000000080000000, 0x0000000100000000)
  region size 1024K, 7 young (7168K), 7 survivors (7168K)
 Metaspace       used 30208K, capacity 31055K, committed 31360K, reserved 1077248K
  class space    used 4075K, capacity 4382K, committed 4480K, reserved 1048576K
}
Event: 3.243 GC heap before
{Heap before GC invocations=6 (full 0):
 garbage-first heap   total 120832K, used 50803K [0x0000000080000000, 0x0000000100000000)
  region size 1024K, 25 young (25600K), 7 survivors (7168K)
 Metaspace       used 34871K, capacity 35740K, committed 35840K, reserved 1081344K
  class space    used 4558K, capacity 4901K, committed 4992K, reserved 1048576K
}
Event: 3.254 GC heap after
{Heap after GC invocations=7 (full 0):
 garbage-first heap   total 120832K, used 36629K [0x0000000080000000, 0x0000000100000000)
  region size 1024K, 4 young (4096K), 4 survivors (4096K)
 Metaspace       used 34871K, capacity 35740K, committed 35840K, reserved 1081344K
  class space    used 4558K, capacity 4901K, committed 4992K, reserved 1048576K
}
Event: 3.615 GC heap before
{Heap before GC invocations=8 (full 0):
 garbage-first heap   total 120832K, used 76565K [0x0000000080000000, 0x0000000100000000)
  region size 1024K, 41 young (41984K), 4 survivors (4096K)
 Metaspace       used 38753K, capacity 39739K, committed 39936K, reserved 1083392K
  class space    used 4938K, capacity 5293K, committed 5376K, reserved 1048576K
}
Event: 3.623 GC heap after
{Heap after GC invocations=9 (full 0):
 garbage-first heap   total 145408K, used 40403K [0x0000000080000000, 0x0000000100000000)
  region size 1024K, 6 young (6144K), 6 survivors (6144K)
 Metaspace       used 38753K, capacity 39739K, committed 39936K, reserved 1083392K
  class space    used 4938K, capacity 5293K, committed 5376K, reserved 1048576K
}
Event: 4.293 GC heap before
{Heap before GC invocations=10 (full 0):
 garbage-first heap   total 145408K, used 96723K [0x0000000080000000, 0x0000000100000000)
  region size 1024K, 53 young (54272K), 6 survivors (6144K)
 Metaspace       used 42226K, capacity 43344K, committed 43520K, reserved 1087488K
  class space    used 5425K, capacity 5831K, committed 5888K, reserved 1048576K
}
Event: 4.300 GC heap after
{Heap after GC invocations=11 (full 0):
 garbage-first heap   total 145408K, used 52690K [0x0000000080000000, 0x0000000100000000)
  region size 1024K, 7 young (7168K), 7 survivors (7168K)
 Metaspace       used 42226K, capacity 43344K, committed 43520K, reserved 1087488K
  class space    used 5425K, capacity 5831K, committed 5888K, reserved 1048576K
}
Event: 4.779 GC heap before
{Heap before GC invocations=11 (full 0):
 garbage-first heap   total 145408K, used 98770K [0x0000000080000000, 0x0000000100000000)
  region size 1024K, 51 young (52224K), 7 survivors (7168K)
 Metaspace       used 45234K, capacity 46433K, committed 46592K, reserved 1089536K
  class space    used 5705K, capacity 6131K, committed 6144K, reserved 1048576K
}
Event: 4.787 GC heap after
{Heap after GC invocations=12 (full 0):
 garbage-first heap   total 145408K, used 56691K [0x0000000080000000, 0x0000000100000000)
  region size 1024K, 4 young (4096K), 4 survivors (4096K)
 Metaspace       used 45234K, capacity 46433K, committed 46592K, reserved 1089536K
  class space    used 5705K, capacity 6131K, committed 6144K, reserved 1048576K
}
Event: 5.198 GC heap before
{Heap before GC invocations=12 (full 0):
 garbage-first heap   total 145408K, used 101747K [0x0000000080000000, 0x0000000100000000)
  region size 1024K, 48 young (49152K), 4 survivors (4096K)
 Metaspace       used 48076K, capacity 49476K, committed 49664K, reserved 1091584K
  class space    used 6177K, capacity 6634K, committed 6656K, reserved 1048576K
}
Event: 5.202 GC heap after
{Heap after GC invocations=13 (full 0):
 garbage-first heap   total 145408K, used 59102K [0x0000000080000000, 0x0000000100000000)
  region size 1024K, 3 young (3072K), 3 survivors (3072K)
 Metaspace       used 48076K, capacity 49476K, committed 49664K, reserved 1091584K
  class space    used 6177K, capacity 6634K, committed 6656K, reserved 1048576K
}
Event: 5.760 GC heap before
{Heap before GC invocations=13 (full 0):
 garbage-first heap   total 145408K, used 110302K [0x0000000080000000, 0x0000000100000000)
  region size 1024K, 48 young (49152K), 3 survivors (3072K)
 Metaspace       used 49896K, capacity 51380K, committed 51456K, reserved 1093632K
  class space    used 6379K, capacity 6874K, committed 6912K, reserved 1048576K
}
Event: 5.768 GC heap after
{Heap after GC invocations=14 (full 0):
 garbage-first heap   total 145408K, used 73952K [0x0000000080000000, 0x0000000100000000)
  region size 1024K, 6 young (6144K), 6 survivors (6144K)
 Metaspace       used 49896K, capacity 51380K, committed 51456K, reserved 1093632K
  class space    used 6379K, capacity 6874K, committed 6912K, reserved 1048576K
}
Event: 5.775 GC heap before
{Heap before GC invocations=14 (full 0):
 garbage-first heap   total 145408K, used 74976K [0x0000000080000000, 0x0000000100000000)
  region size 1024K, 8 young (8192K), 6 survivors (6144K)
 Metaspace       used 49896K, capacity 51380K, committed 51456K, reserved 1093632K
  class space    used 6379K, capacity 6874K, committed 6912K, reserved 1048576K
}
Event: 5.781 GC heap after
{Heap after GC invocations=15 (full 0):
 garbage-first heap   total 175104K, used 75004K [0x0000000080000000, 0x0000000100000000)
  region size 1024K, 1 young (1024K), 1 survivors (1024K)
 Metaspace       used 49896K, capacity 51380K, committed 51456K, reserved 1093632K
  class space    used 6379K, capacity 6874K, committed 6912K, reserved 1048576K
}
Event: 6.227 GC heap before
{Heap before GC invocations=16 (full 0):
 garbage-first heap   total 175104K, used 116988K [0x0000000080000000, 0x0000000100000000)
  region size 1024K, 41 young (41984K), 1 survivors (1024K)
 Metaspace       used 53236K, capacity 54864K, committed 55168K, reserved 1097728K
  class space    used 6911K, capacity 7440K, committed 7552K, reserved 1048576K
}
Event: 6.231 GC heap after
{Heap after GC invocations=17 (full 0):
 garbage-first heap   total 175104K, used 79709K [0x0000000080000000, 0x0000000100000000)
  region size 1024K, 4 young (4096K), 4 survivors (4096K)
 Metaspace       used 53236K, capacity 54864K, committed 55168K, reserved 1097728K
  class space    used 6911K, capacity 7440K, committed 7552K, reserved 1048576K
}
Event: 6.763 GC heap before
{Heap before GC invocations=17 (full 0):
 garbage-first heap   total 175104K, used 121693K [0x0000000080000000, 0x0000000100000000)
  region size 1024K, 45 young (46080K), 4 survivors (4096K)
 Metaspace       used 58603K, capacity 60357K, committed 60416K, reserved 1101824K
  class space    used 7565K, capacity 8157K, committed 8192K, reserved 1048576K
}
Event: 6.767 GC heap after
{Heap after GC invocations=18 (full 0):
 garbage-first heap   total 175104K, used 81678K [0x0000000080000000, 0x0000000100000000)
  region size 1024K, 5 young (5120K), 5 survivors (5120K)
 Metaspace       used 58603K, capacity 60357K, committed 60416K, reserved 1101824K
  class space    used 7565K, capacity 8157K, committed 8192K, reserved 1048576K
}

Deoptimization events (20 events):
Event: 6.840 Thread 0x0000016a5a27a800 DEOPT PACKING pc=0x0000016a403a8897 sp=0x00000035594f6840
Event: 6.840 Thread 0x0000016a5a27a800 DEOPT UNPACKING pc=0x0000016a3fbd76ce sp=0x00000035594f5dc8 mode 0
Event: 6.841 Thread 0x0000016a5a27a800 DEOPT PACKING pc=0x0000016a403a8897 sp=0x00000035594f6840
Event: 6.841 Thread 0x0000016a5a27a800 DEOPT UNPACKING pc=0x0000016a3fbd76ce sp=0x00000035594f5dc8 mode 0
Event: 6.843 Thread 0x0000016a5a27a800 DEOPT PACKING pc=0x0000016a403a8897 sp=0x00000035594f6840
Event: 6.843 Thread 0x0000016a5a27a800 DEOPT UNPACKING pc=0x0000016a3fbd76ce sp=0x00000035594f5dc8 mode 0
Event: 6.844 Thread 0x0000016a5a27a800 DEOPT PACKING pc=0x0000016a403a8897 sp=0x00000035594f6750
Event: 6.844 Thread 0x0000016a5a27a800 DEOPT UNPACKING pc=0x0000016a3fbd76ce sp=0x00000035594f5cd8 mode 0
Event: 6.845 Thread 0x0000016a5a27a800 DEOPT PACKING pc=0x0000016a403a8897 sp=0x00000035594f6750
Event: 6.845 Thread 0x0000016a5a27a800 DEOPT UNPACKING pc=0x0000016a3fbd76ce sp=0x00000035594f5cd8 mode 0
Event: 6.846 Thread 0x0000016a5a27a800 DEOPT PACKING pc=0x0000016a403a8897 sp=0x00000035594f69a0
Event: 6.846 Thread 0x0000016a5a27a800 DEOPT UNPACKING pc=0x0000016a3fbd76ce sp=0x00000035594f5f28 mode 0
Event: 6.847 Thread 0x0000016a5a27a800 DEOPT PACKING pc=0x0000016a403a8897 sp=0x00000035594f6750
Event: 6.847 Thread 0x0000016a5a27a800 DEOPT UNPACKING pc=0x0000016a3fbd76ce sp=0x00000035594f5cd8 mode 0
Event: 6.847 Thread 0x0000016a5a27a800 DEOPT PACKING pc=0x0000016a403a8897 sp=0x00000035594f6850
Event: 6.847 Thread 0x0000016a5a27a800 DEOPT UNPACKING pc=0x0000016a3fbd76ce sp=0x00000035594f5dd8 mode 0
Event: 6.898 Thread 0x0000016a5a27a800 Uncommon trap: trap_request=0xffffff4d fr.pc=0x0000016a47996a20 relative=0x0000000000000420
Event: 6.898 Thread 0x0000016a5a27a800 Uncommon trap: reason=unstable_if action=reinterpret pc=0x0000016a47996a20 method=org.gradle.internal.instantiation.generator.AbstractClassGenerator$InjectionAnnotationValidator.validateMethod(Ljava/lang/reflect/Method;Lorg/gradle/internal/reflect/Propert
Event: 6.898 Thread 0x0000016a5a27a800 DEOPT PACKING pc=0x0000016a47996a20 sp=0x00000035594f7d70
Event: 6.898 Thread 0x0000016a5a27a800 DEOPT UNPACKING pc=0x0000016a3fbd78af sp=0x00000035594f7d38 mode 2

Classes redefined (0 events):
No events

Internal exceptions (20 events):
Event: 5.802 Thread 0x0000016a5a27a800 Exception <a 'java/lang/ClassNotFoundException'{0x000000008a885b58}: org/gradle/api/DefaultTaskCustomizer> (0x000000008a885b58) thrown at [./src/hotspot/share/classfile/systemDictionary.cpp, line 231]
Event: 5.811 Thread 0x0000016a5a27a800 Exception <a 'java/lang/ClassNotFoundException'{0x000000008a706ae8}: org/gradle/api/internal/ConventionTaskCustomizer> (0x000000008a706ae8) thrown at [./src/hotspot/share/classfile/systemDictionary.cpp, line 231]
Event: 5.813 Thread 0x0000016a5a27a800 Exception <a 'java/lang/ClassNotFoundException'{0x000000008a73ea30}: org/gradle/api/tasks/DeleteCustomizer> (0x000000008a73ea30) thrown at [./src/hotspot/share/classfile/systemDictionary.cpp, line 231]
Event: 5.817 Thread 0x0000016a5a27a800 Exception <a 'java/lang/ClassNotFoundException'{0x000000008a77dc70}: org/gradle/api/tasks/Delete_DecoratedCustomizer> (0x000000008a77dc70) thrown at [./src/hotspot/share/classfile/systemDictionary.cpp, line 231]
Event: 5.872 Thread 0x0000016a5a27a800 Exception <a 'java/lang/NoSuchMethodError'{0x000000008a552480}: 'void java.lang.invoke.DirectMethodHandle$Holder.invokeVirtual(java.lang.Object, java.lang.Object)'> (0x000000008a552480) thrown at [./src/hotspot/share/interpreter/linkResolver.cpp, line 773]
Event: 6.219 Thread 0x0000016a5a27a800 Exception <a 'java/lang/NoSuchMethodError'{0x0000000088263cf8}: 'void java.lang.invoke.DirectMethodHandle$Holder.invokeSpecialIFC(java.lang.Object, java.lang.Object, java.lang.Object)'> (0x0000000088263cf8) thrown at [./src/hotspot/share/interpreter/linkResolver.cpp, line 773]
Event: 6.338 Thread 0x0000016a5a27a800 Exception <a 'java/lang/NoSuchMethodError'{0x000000008a678f70}: 'int java.lang.invoke.DirectMethodHandle$Holder.invokeStatic(java.lang.Object, int, java.lang.Object, java.lang.Object)'> (0x000000008a678f70) thrown at [./src/hotspot/share/interpreter/linkResolver.cpp, line 773]
Event: 6.434 Thread 0x0000016a5a512800 Exception <a 'sun/nio/fs/WindowsException'{0x000000008a00eac0}> (0x000000008a00eac0) thrown at [./src/hotspot/share/prims/jni.cpp, line 615]
Event: 6.440 Thread 0x0000016a5a512800 Exception <a 'sun/nio/fs/WindowsException'{0x000000008a07b158}> (0x000000008a07b158) thrown at [./src/hotspot/share/prims/jni.cpp, line 615]
Event: 6.441 Thread 0x0000016a5a512800 Exception <a 'sun/nio/fs/WindowsException'{0x000000008a07b2d0}> (0x000000008a07b2d0) thrown at [./src/hotspot/share/prims/jni.cpp, line 615]
Event: 6.447 Thread 0x0000016a5a27a800 Exception <a 'java/lang/ClassNotFoundException'{0x000000008a08d578}: build_cayj82jl693rna5dcdu6z9r2xBeanInfo> (0x000000008a08d578) thrown at [./src/hotspot/share/classfile/systemDictionary.cpp, line 231]
Event: 6.447 Thread 0x0000016a5a27a800 Exception <a 'java/lang/ClassNotFoundException'{0x000000008a0984a0}: build_cayj82jl693rna5dcdu6z9r2xCustomizer> (0x000000008a0984a0) thrown at [./src/hotspot/share/classfile/systemDictionary.cpp, line 231]
Event: 6.454 Thread 0x0000016a5a27a800 Exception <a 'java/lang/ClassNotFoundException'{0x0000000089f1d780}: org/gradle/plugin/use/internal/PluginRequestCollector$PluginDependenciesSpecImplBeanInfo> (0x0000000089f1d780) thrown at [./src/hotspot/share/classfile/systemDictionary.cpp, line 231]
Event: 6.454 Thread 0x0000016a5a27a800 Exception <a 'java/lang/ClassNotFoundException'{0x0000000089f4b630}: org/gradle/plugin/use/internal/PluginRequestCollector$PluginDependenciesSpecImplCustomizer> (0x0000000089f4b630) thrown at [./src/hotspot/share/classfile/systemDictionary.cpp, line 231]
Event: 6.555 Thread 0x0000016a5a27a800 Exception <a 'java/lang/NoSuchMethodError'{0x0000000089360cf8}: 'java.lang.Object java.lang.invoke.DirectMethodHandle$Holder.invokeStatic(java.lang.Object, java.lang.Object, java.lang.Object, java.lang.Object, int)'> (0x0000000089360cf8) thrown at [./src/hotspot/share/interpreter/linkResolver.cpp, line 773]
Event: 6.555 Thread 0x0000016a5a27a800 Exception <a 'java/lang/NoSuchMethodError'{0x00000000893656f0}: 'java.lang.Object java.lang.invoke.DirectMethodHandle$Holder.invokeSpecial(java.lang.Object, java.lang.Object, java.lang.Object, java.lang.Object, java.lang.Object, int)'> (0x00000000893656f0) thrown at [./src/hotspot/share/interpreter/linkResolver.cpp, line 773]
Event: 6.555 Thread 0x0000016a5a27a800 Exception <a 'java/lang/NoSuchMethodError'{0x0000000089369d30}: 'java.lang.Object java.lang.invoke.Invokers$Holder.linkToTargetMethod(java.lang.Object, java.lang.Object, java.lang.Object, int, java.lang.Object)'> (0x0000000089369d30) thrown at [./src/hotspot/share/interpreter/linkResolver.cpp, line 773]
Event: 6.739 Thread 0x0000016a5a27a800 Exception <a 'java/lang/NoSuchMethodError'{0x0000000088435b70}: 'java.lang.Object java.lang.invoke.DirectMethodHandle$Holder.invokeSpecial(java.lang.Object, java.lang.Object, int, int, java.lang.Object, java.lang.Object, java.lang.Object)'> (0x0000000088435b70) thrown at [./src/hotspot/share/interpreter/linkResolver.cpp, line 773]
Event: 6.739 Thread 0x0000016a5a27a800 Exception <a 'java/lang/NoSuchMethodError'{0x000000008843a0f0}: 'java.lang.Object java.lang.invoke.DelegatingMethodHandle$Holder.reinvoke_L(java.lang.Object, int, int, java.lang.Object, java.lang.Object, java.lang.Object)'> (0x000000008843a0f0) thrown at [./src/hotspot/share/interpreter/linkResolver.cpp, line 773]
Event: 6.889 Thread 0x0000016a5a27a800 Exception <a 'java/lang/NoSuchMethodError'{0x000000008a12d7c0}: 'int java.lang.invoke.DirectMethodHandle$Holder.invokeInterface(java.lang.Object, java.lang.Object, java.lang.Object, java.lang.Object)'> (0x000000008a12d7c0) thrown at [./src/hotspot/share/interpreter/linkResolver.cpp, line 773]

Events (20 events):
Event: 6.975 loading class java/time/format/DateTimeTextProvider$LocaleStore
Event: 6.975 loading class java/time/format/DateTimeTextProvider$LocaleStore done
Event: 6.975 loading class java/time/format/DateTimeTextProvider
Event: 6.975 loading class java/time/format/DateTimeTextProvider done
Event: 6.975 loading class java/time/format/DateTimeTextProvider$1
Event: 6.975 loading class java/time/format/DateTimeTextProvider$1 done
Event: 6.975 loading class java/time/format/DateTimeFormatterBuilder$1
Event: 6.975 loading class java/time/format/DateTimeFormatterBuilder$1 done
Event: 6.975 loading class java/time/format/DateTimeFormatterBuilder$TextPrinterParser
Event: 6.975 loading class java/time/format/DateTimeFormatterBuilder$TextPrinterParser done
Event: 6.976 loading class java/util/concurrent/Executors$DefaultThreadFactory
Event: 6.976 loading class java/util/concurrent/Executors$DefaultThreadFactory done
Event: 6.976 loading class com/android/build/gradle/internal/DependencyResolutionChecks
Event: 6.976 loading class com/android/build/gradle/internal/DependencyResolutionChecks done
Event: 6.977 loading class org/gradle/api/internal/plugins/DslObject
Event: 6.977 loading class org/gradle/api/internal/plugins/DslObject done
Event: 6.978 loading class com/android/build/gradle/internal/DependencyResolutionChecks$registerDependencyCheck$2
Event: 6.978 loading class com/android/build/gradle/internal/DependencyResolutionChecks$registerDependencyCheck$2 done
Event: 6.978 loading class com/android/build/gradle/internal/DependencyResolutionChecks$registerDependencyCheck$3
Event: 6.978 loading class com/android/build/gradle/internal/DependencyResolutionChecks$registerDependencyCheck$3 done


Dynamic libraries:
0x00007ff78ad10000 - 0x00007ff78ad1a000 	C:\Program Files\Android\Android Studio\jre\bin\java.exe
0x00007ffd0e8d0000 - 0x00007ffd0eac5000 	C:\Windows\SYSTEM32\ntdll.dll
0x00007ffd0e770000 - 0x00007ffd0e82e000 	C:\Windows\System32\KERNEL32.DLL
0x00007ffd0c650000 - 0x00007ffd0c918000 	C:\Windows\System32\KERNELBASE.dll
0x00007ffd0c4a0000 - 0x00007ffd0c5a0000 	C:\Windows\System32\ucrtbase.dll
0x00007ffd00940000 - 0x00007ffd00959000 	C:\Program Files\Android\Android Studio\jre\bin\jli.dll
0x00007ffcf3000000 - 0x00007ffcf3017000 	C:\Program Files\Android\Android Studio\jre\bin\VCRUNTIME140.dll
0x00007ffd0d220000 - 0x00007ffd0d3c1000 	C:\Windows\System32\USER32.dll
0x00007ffd0c280000 - 0x00007ffd0c2a2000 	C:\Windows\System32\win32u.dll
0x00007ffcff520000 - 0x00007ffcff7ba000 	C:\Windows\WinSxS\amd64_microsoft.windows.common-controls_6595b64144ccf1df_6.0.19041.1110_none_60b5254171f9507e\COMCTL32.dll
0x00007ffd0d4e0000 - 0x00007ffd0d50b000 	C:\Windows\System32\GDI32.dll
0x00007ffd0d3d0000 - 0x00007ffd0d46e000 	C:\Windows\System32\msvcrt.dll
0x00007ffd0c340000 - 0x00007ffd0c44b000 	C:\Windows\System32\gdi32full.dll
0x00007ffd0c150000 - 0x00007ffd0c1ed000 	C:\Windows\System32\msvcp_win.dll
0x00007ffd0e1d0000 - 0x00007ffd0e200000 	C:\Windows\System32\IMM32.DLL
0x00007ffcef950000 - 0x00007ffcef9ed000 	C:\Program Files\Android\Android Studio\jre\bin\msvcp140.dll
0x00007ffca4660000 - 0x00007ffca512f000 	C:\Program Files\Android\Android Studio\jre\bin\server\jvm.dll
0x00007ffd0d8b0000 - 0x00007ffd0d95c000 	C:\Windows\System32\ADVAPI32.dll
0x00007ffd0d800000 - 0x00007ffd0d89b000 	C:\Windows\System32\sechost.dll
0x00007ffd0e0a0000 - 0x00007ffd0e1ca000 	C:\Windows\System32\RPCRT4.dll
0x00007ffd0d160000 - 0x00007ffd0d168000 	C:\Windows\System32\PSAPI.DLL
0x00007ffd08800000 - 0x00007ffd08809000 	C:\Windows\SYSTEM32\WSOCK32.dll
0x00007ffcf82c0000 - 0x00007ffcf82e7000 	C:\Windows\SYSTEM32\WINMM.dll
0x00007ffd0d470000 - 0x00007ffd0d4db000 	C:\Windows\System32\WS2_32.dll
0x00007ffd04dd0000 - 0x00007ffd04dda000 	C:\Windows\SYSTEM32\VERSION.dll
0x00007ffd0a870000 - 0x00007ffd0a882000 	C:\Windows\SYSTEM32\kernel.appcore.dll
0x00007ffd06ef0000 - 0x00007ffd06f01000 	C:\Program Files\Android\Android Studio\jre\bin\verify.dll
0x00007ffd0a660000 - 0x00007ffd0a844000 	C:\Windows\SYSTEM32\DBGHELP.DLL
0x00007ffcfca70000 - 0x00007ffcfca9c000 	C:\Windows\SYSTEM32\dbgcore.DLL
0x00007ffd0c1f0000 - 0x00007ffd0c273000 	C:\Windows\System32\bcryptPrimitives.dll
0x00007ffd06ec0000 - 0x00007ffd06ee9000 	C:\Program Files\Android\Android Studio\jre\bin\java.dll
0x00007ffd07810000 - 0x00007ffd0781b000 	C:\Program Files\Android\Android Studio\jre\bin\jimage.dll
0x00007ffd06ea0000 - 0x00007ffd06eb8000 	C:\Program Files\Android\Android Studio\jre\bin\zip.dll
0x00007ffd0d960000 - 0x00007ffd0e09f000 	C:\Windows\System32\SHELL32.dll
0x00007ffd09e00000 - 0x00007ffd0a590000 	C:\Windows\SYSTEM32\windows.storage.dll
0x00007ffd0e3f0000 - 0x00007ffd0e745000 	C:\Windows\System32\combase.dll
0x00007ffd0ba40000 - 0x00007ffd0ba6e000 	C:\Windows\SYSTEM32\Wldp.dll
0x00007ffd0e2e0000 - 0x00007ffd0e38d000 	C:\Windows\System32\SHCORE.dll
0x00007ffd0ca50000 - 0x00007ffd0caa5000 	C:\Windows\System32\shlwapi.dll
0x00007ffd0bf30000 - 0x00007ffd0bf4f000 	C:\Windows\SYSTEM32\profapi.dll
0x00007ffd05a70000 - 0x00007ffd05a8a000 	C:\Program Files\Android\Android Studio\jre\bin\net.dll
0x00007ffd03950000 - 0x00007ffd03a5c000 	C:\Windows\SYSTEM32\WINHTTP.dll
0x00007ffd0b7a0000 - 0x00007ffd0b80a000 	C:\Windows\system32\mswsock.dll
0x00007ffd057f0000 - 0x00007ffd05804000 	C:\Program Files\Android\Android Studio\jre\bin\nio.dll
0x00007ffd009a0000 - 0x00007ffd009c7000 	C:\Users\djute\.gradle\native\8bec1ad78214c89d9ad589b4d07fe93259594b29d510b10fafb7a158f7737e5d\windows-amd64\native-platform.dll
0x00007ffcc2dd0000 - 0x00007ffcc2f0d000 	C:\Users\djute\.gradle\native\53dbd7edfb1c66fb8903c78663c9afc45aea4f116125fa6feffd364cf09443e8\windows-amd64\native-platform-file-events.dll
0x00007ffd075d0000 - 0x00007ffd075da000 	C:\Program Files\Android\Android Studio\jre\bin\management.dll
0x00007ffd06e90000 - 0x00007ffd06e9c000 	C:\Program Files\Android\Android Studio\jre\bin\management_ext.dll
0x00007ffd0b990000 - 0x00007ffd0b9a8000 	C:\Windows\SYSTEM32\CRYPTSP.dll
0x00007ffd0b0b0000 - 0x00007ffd0b0e4000 	C:\Windows\system32\rsaenh.dll
0x00007ffd0c310000 - 0x00007ffd0c337000 	C:\Windows\System32\bcrypt.dll
0x00007ffd0beb0000 - 0x00007ffd0bede000 	C:\Windows\SYSTEM32\USERENV.dll
0x00007ffd0b9b0000 - 0x00007ffd0b9bc000 	C:\Windows\SYSTEM32\CRYPTBASE.dll
0x00007ffd0b440000 - 0x00007ffd0b47b000 	C:\Windows\SYSTEM32\IPHLPAPI.DLL
0x00007ffd0d8a0000 - 0x00007ffd0d8a8000 	C:\Windows\System32\NSI.dll
0x00007ffd05960000 - 0x00007ffd05977000 	C:\Windows\SYSTEM32\dhcpcsvc6.DLL
0x00007ffd04e50000 - 0x00007ffd04e6d000 	C:\Windows\SYSTEM32\dhcpcsvc.DLL
0x00007ffd0b490000 - 0x00007ffd0b55b000 	C:\Windows\SYSTEM32\DNSAPI.dll

dbghelp: loaded successfully - version: 4.0.5 - missing functions: none
symbol engine: initialized successfully - sym options: 0x614 - pdb path: .;C:\Program Files\Android\Android Studio\jre\bin;C:\Windows\SYSTEM32;C:\Windows\WinSxS\amd64_microsoft.windows.common-controls_6595b64144ccf1df_6.0.19041.1110_none_60b5254171f9507e;C:\Program Files\Android\Android Studio\jre\bin\server;C:\Users\djute\.gradle\native\8bec1ad78214c89d9ad589b4d07fe93259594b29d510b10fafb7a158f7737e5d\windows-amd64;C:\Users\djute\.gradle\native\53dbd7edfb1c66fb8903c78663c9afc45aea4f116125fa6feffd364cf09443e8\windows-amd64

VM Arguments:
jvm_args: --add-opens=java.base/java.util=ALL-UNNAMED --add-opens=java.base/java.lang=ALL-UNNAMED --add-opens=java.base/java.lang.invoke=ALL-UNNAMED --add-opens=java.base/java.util=ALL-UNNAMED --add-opens=java.prefs/java.util.prefs=ALL-UNNAMED --add-opens=java.prefs/java.util.prefs=ALL-UNNAMED --add-opens=java.base/java.nio.charset=ALL-UNNAMED --add-opens=java.base/java.net=ALL-UNNAMED --add-opens=java.base/java.util.concurrent.atomic=ALL-UNNAMED -Xmx2048m -Dfile.encoding=UTF-8 -Duser.country=RU -Duser.language=ru -Duser.variant 
java_command: org.gradle.launcher.daemon.bootstrap.GradleDaemon 7.0.2
java_class_path (initial): C:\Users\djute\.gradle\wrapper\dists\gradle-7.0.2-bin\857tjihv64xamwrf0h14cai3r\gradle-7.0.2\lib\gradle-launcher-7.0.2.jar
Launcher Type: SUN_STANDARD

[Global flags]
     intx CICompilerCount                          = 4                                         {product} {ergonomic}
     uint ConcGCThreads                            = 3                                         {product} {ergonomic}
     uint G1ConcRefinementThreads                  = 10                                        {product} {ergonomic}
   size_t G1HeapRegionSize                         = 1048576                                   {product} {ergonomic}
    uintx GCDrainStackTargetSize                   = 64                                        {product} {ergonomic}
   size_t InitialHeapSize                          = 123731968                                 {product} {ergonomic}
   size_t MarkStackSize                            = 4194304                                   {product} {ergonomic}
   size_t MaxHeapSize                              = 2147483648                                {product} {command line}
   size_t MaxNewSize                               = 1287651328                                {product} {ergonomic}
   size_t MinHeapDeltaBytes                        = 1048576                                   {product} {ergonomic}
    uintx NonNMethodCodeHeapSize                   = 5836300                                {pd product} {ergonomic}
    uintx NonProfiledCodeHeapSize                  = 122910970                              {pd product} {ergonomic}
    uintx ProfiledCodeHeapSize                     = 122910970                              {pd product} {ergonomic}
    uintx ReservedCodeCacheSize                    = 251658240                              {pd product} {ergonomic}
     bool SegmentedCodeCache                       = true                                      {product} {ergonomic}
     bool UseCompressedClassPointers               = true                                 {lp64_product} {ergonomic}
     bool UseCompressedOops                        = true                                 {lp64_product} {ergonomic}
     bool UseG1GC                                  = true                                      {product} {ergonomic}
     bool UseLargePagesIndividualAllocation        = false                                  {pd product} {ergonomic}

Logging:
Log output configuration:
 #0: stdout all=warning uptime,level,tags
 #1: stderr all=off uptime,level,tags

Environment Variables:
PATH=C:\ProgramData\Oracle\Java\javapath;C:\Windows\system32;C:\Windows;C:\Windows\System32\Wbem;C:\Windows\System32\WindowsPowerShell\v1.0\;C:\Windows\System32\OpenSSH\;C:\Program Files\Git\cmd;C:\Program Files\NVIDIA Corporation\NVIDIA NvDLISR;C:\Program Files (x86)\NVIDIA Corporation\PhysX\Common;C:\Program Files\dotnet\;C:\Users\djute\AppData\Local\Microsoft\WindowsApps;;C:\Program Files\JetBrains\IntelliJ IDEA Community Edition 2021.2.2\bin;
USERNAME=djute
OS=Windows_NT
PROCESSOR_IDENTIFIER=AMD64 Family 23 Model 96 Stepping 1, AuthenticAMD



---------------  S Y S T E M  ---------------

OS: Windows 10 , 64 bit Build 19041 (10.0.19041.1348)
OS uptime: 0 days 4:53 hours

CPU:total 12 (initial active 12) (12 cores per cpu, 2 threads per core) family 23 model 96 stepping 1 microcode 0x0, cmov, cx8, fxsr, mmx, sse, sse2, sse3, ssse3, sse4.1, sse4.2, popcnt, avx, avx2, aes, clmul, mmxext, 3dnowpref, lzcnt, sse4a, ht, tsc, tscinvbit, tscinv, bmi1, bmi2, adx, 

Memory: 4k page, system-wide physical 7549M (1251M free)
TotalPageFile size 18433M (AvailPageFile size 5M)
current process WorkingSet (physical memory assigned to process): 378M, peak: 378M
current process commit charge ("private bytes"): 421M, peak: 423M

vm_info: OpenJDK 64-Bit Server VM (11.0.10+0-b96-7249189) for windows-amd64 JRE (11.0.10+0-b96-7249189), built on Mar 31 2021 21:44:00 by "builder" with MS VC++ 14.0 (VS2015)

END.
