#
# There is insufficient memory for the Java Runtime Environment to continue.
# Native memory allocation (malloc) failed to allocate 1397296 bytes for Chunk::new
# Possible reasons:
#   The system is out of physical RAM or swap space
#   The process is running with CompressedOops enabled, and the Java Heap may be blocking the growth of the native heap
# Possible solutions:
#   Reduce memory load on the system
#   Increase physical memory or swap space
#   Check if swap backing store is full
#   Decrease Java heap size (-Xmx/-Xms)
#   Decrease number of Java threads
#   Decrease Java thread stack sizes (-Xss)
#   Set larger code cache with -XX:ReservedCodeCacheSize=
#   JVM is running with Unscaled Compressed Oops mode in which the Java heap is
#     placed in the first 4GB address space. The Java Heap base address is the
#     maximum limit for the native heap growth. Please use -XX:HeapBaseMinAddress
#     to set the Java Heap base and to place the Java Heap above 4GB virtual address.
# This output file may be truncated or incomplete.
#
#  Out of Memory Error (./src/hotspot/share/memory/arena.cpp:197), pid=10588, tid=15012
#
# JRE version: OpenJDK Runtime Environment (11.0.10) (build 11.0.10+0-b96-7249189)
# Java VM: OpenJDK 64-Bit Server VM (11.0.10+0-b96-7249189, mixed mode, tiered, compressed oops, g1 gc, windows-amd64)
# No core dump will be written. Minidumps are not enabled by default on client versions of Windows
#

---------------  S U M M A R Y ------------

Command Line: --add-opens=java.base/java.util=ALL-UNNAMED --add-opens=java.base/java.lang=ALL-UNNAMED --add-opens=java.base/java.lang.invoke=ALL-UNNAMED --add-opens=java.base/java.util=ALL-UNNAMED --add-opens=java.prefs/java.util.prefs=ALL-UNNAMED --add-opens=java.prefs/java.util.prefs=ALL-UNNAMED --add-opens=java.base/java.nio.charset=ALL-UNNAMED --add-opens=java.base/java.net=ALL-UNNAMED --add-opens=java.base/java.util.concurrent.atomic=ALL-UNNAMED -Xmx2048m -Dfile.encoding=UTF-8 -Duser.country=RU -Duser.language=ru -Duser.variant org.gradle.launcher.daemon.bootstrap.GradleDaemon 7.0.2

Host: AMD Ryzen 5 4600H with Radeon Graphics         , 12 cores, 7G,  Windows 10 , 64 bit Build 19041 (10.0.19041.1348)
Time: Mon Nov 15 13:55:58 2021 Саратов (зима) elapsed time: 12.818107 seconds (0d 0h 0m 12s)

---------------  T H R E A D  ---------------

Current thread (0x0000023fab35a000):  JavaThread "C2 CompilerThread0" daemon [_thread_in_native, id=15012, stack(0x00000072a3100000,0x00000072a3200000)]


Current CompileTask:
C2:  12818 10908       4       org.gradle.internal.instantiation.generator.DependencyInjectingInstantiator::newInstance (8 bytes)

Stack: [0x00000072a3100000,0x00000072a3200000]
Native frames: (J=compiled Java code, j=interpreted, Vv=VM code, C=native code)
V  [jvm.dll+0x5ecfaa]
V  [jvm.dll+0x722bd5]
V  [jvm.dll+0x72412d]
V  [jvm.dll+0x7247e3]
V  [jvm.dll+0x242928]
V  [jvm.dll+0xbc4fc]
V  [jvm.dll+0xbca0c]
V  [jvm.dll+0x352d7d]
V  [jvm.dll+0x197e0c]
V  [jvm.dll+0x1fb70e]
V  [jvm.dll+0x1fa7f4]
V  [jvm.dll+0x18354c]
V  [jvm.dll+0x208ee7]
V  [jvm.dll+0x207731]
V  [jvm.dll+0x6eb1cf]
V  [jvm.dll+0x6e3d45]
V  [jvm.dll+0x5ebe96]
C  [ucrtbase.dll+0x21bb2]
C  [KERNEL32.DLL+0x17034]
C  [ntdll.dll+0x52651]


---------------  P R O C E S S  ---------------

Threads class SMR info:
_java_thread_list=0x0000023fae4dbab0, length=93, elements={
0x0000023f9029e800, 0x0000023fab335800, 0x0000023fab336800, 0x0000023fab352000,
0x0000023fab354000, 0x0000023fab355000, 0x0000023fab35a000, 0x0000023fab367000,
0x0000023fab375000, 0x0000023fab368800, 0x0000023fab36b000, 0x0000023fab365800,
0x0000023fab36c000, 0x0000023fab369800, 0x0000023fab36a000, 0x0000023fab366000,
0x0000023fab368000, 0x0000023fae18d800, 0x0000023fae18e000, 0x0000023fae190800,
0x0000023fae18c000, 0x0000023fae192800, 0x0000023fae190000, 0x0000023fae18c800,
0x0000023fae193000, 0x0000023fae194000, 0x0000023fae195000, 0x0000023fae18f000,
0x0000023fae199800, 0x0000023fae195800, 0x0000023fae198000, 0x0000023fae19a800,
0x0000023faee30000, 0x0000023faee31800, 0x0000023faee2c000, 0x0000023faee2f000,
0x0000023faee32800, 0x0000023faee2c800, 0x0000023faee33800, 0x0000023faee2d800,
0x0000023faee35000, 0x0000023faee35800, 0x0000023faee39000, 0x0000023faee37800,
0x0000023faee3a000, 0x0000023faee38000, 0x0000023faee36800, 0x0000023faee34000,
0x0000023faee3a800, 0x0000023fb1292000, 0x0000023fb1292800, 0x0000023fb1295000,
0x0000023fb1296000, 0x0000023fb1293800, 0x0000023fb1294800, 0x0000023fb1290800,
0x0000023fb1297000, 0x0000023fb1291000, 0x0000023fb129d800, 0x0000023fb1297800,
0x0000023fb129e000, 0x0000023fb129b000, 0x0000023fb1298800, 0x0000023fb129f000,
0x0000023fb129a000, 0x0000023fb129b800, 0x0000023fb129c800, 0x0000023faf059000,
0x0000023faf058000, 0x0000023faf054000, 0x0000023faf053800, 0x0000023faf05a800,
0x0000023faf055000, 0x0000023faf057800, 0x0000023faf05a000, 0x0000023faf056800,
0x0000023faf055800, 0x0000023faf05e800, 0x0000023faf05f800, 0x0000023faf05d000,
0x0000023faf05e000, 0x0000023faf05c000, 0x0000023faf061000, 0x0000023faf062000,
0x0000023faf060800, 0x0000023fae197000, 0x0000023fae191800, 0x0000023fb7ab6800,
0x0000023fb7ab4000, 0x0000023fb7ab6000, 0x0000023fb7ab3800, 0x0000023fb7ab5000,
0x0000023fb7ab1000
}

Java Threads: ( => current thread )
  0x0000023f9029e800 JavaThread "main" [_thread_blocked, id=12724, stack(0x00000072a2500000,0x00000072a2600000)]
  0x0000023fab335800 JavaThread "Reference Handler" daemon [_thread_blocked, id=11164, stack(0x00000072a2c00000,0x00000072a2d00000)]
  0x0000023fab336800 JavaThread "Finalizer" daemon [_thread_blocked, id=5568, stack(0x00000072a2d00000,0x00000072a2e00000)]
  0x0000023fab352000 JavaThread "Signal Dispatcher" daemon [_thread_blocked, id=12140, stack(0x00000072a2e00000,0x00000072a2f00000)]
  0x0000023fab354000 JavaThread "Attach Listener" daemon [_thread_blocked, id=9380, stack(0x00000072a2f00000,0x00000072a3000000)]
  0x0000023fab355000 JavaThread "Service Thread" daemon [_thread_blocked, id=13296, stack(0x00000072a3000000,0x00000072a3100000)]
=>0x0000023fab35a000 JavaThread "C2 CompilerThread0" daemon [_thread_in_native, id=15012, stack(0x00000072a3100000,0x00000072a3200000)]
  0x0000023fab367000 JavaThread "C1 CompilerThread0" daemon [_thread_blocked, id=13928, stack(0x00000072a3200000,0x00000072a3300000)]
  0x0000023fab375000 JavaThread "Sweeper thread" daemon [_thread_blocked, id=5312, stack(0x00000072a3300000,0x00000072a3400000)]
  0x0000023fab368800 JavaThread "Common-Cleaner" daemon [_thread_blocked, id=8828, stack(0x00000072a3400000,0x00000072a3500000)]
  0x0000023fab36b000 JavaThread "Daemon health stats" [_thread_blocked, id=4504, stack(0x00000072a3900000,0x00000072a3a00000)]
  0x0000023fab365800 JavaThread "Incoming local TCP Connector on port 49206" [_thread_in_native, id=10004, stack(0x00000072a3600000,0x00000072a3700000)]
  0x0000023fab36c000 JavaThread "Daemon periodic checks" [_thread_blocked, id=9692, stack(0x00000072a3800000,0x00000072a3900000)]
  0x0000023fab369800 JavaThread "Daemon" [_thread_blocked, id=9616, stack(0x00000072a3a00000,0x00000072a3b00000)]
  0x0000023fab36a000 JavaThread "Handler for socket connection from /127.0.0.1:49206 to /127.0.0.1:49207" [_thread_in_native, id=13108, stack(0x00000072a3b00000,0x00000072a3c00000)]
  0x0000023fab366000 JavaThread "Cancel handler" [_thread_blocked, id=14600, stack(0x00000072a3c00000,0x00000072a3d00000)]
  0x0000023fab368000 JavaThread "Daemon worker" [_thread_blocked, id=10912, stack(0x00000072a3d00000,0x00000072a3e00000)]
  0x0000023fae18d800 JavaThread "Asynchronous log dispatcher for DefaultDaemonConnection: socket connection from /127.0.0.1:49206 to /127.0.0.1:49207" [_thread_blocked, id=10840, stack(0x00000072a3e00000,0x00000072a3f00000)]
  0x0000023fae18e000 JavaThread "Stdin handler" [_thread_blocked, id=8364, stack(0x00000072a3f00000,0x00000072a4000000)]
  0x0000023fae190800 JavaThread "Daemon client event forwarder" [_thread_blocked, id=14744, stack(0x00000072a4000000,0x00000072a4100000)]
  0x0000023fae18c000 JavaThread "Cache worker for file hash cache (C:\Users\djute\.gradle\caches\7.0.2\fileHashes)" [_thread_blocked, id=4080, stack(0x00000072a4a00000,0x00000072a4b00000)]
  0x0000023fae192800 JavaThread "File lock request listener" [_thread_in_native, id=10888, stack(0x00000072a4b00000,0x00000072a4c00000)]
  0x0000023fae190000 JavaThread "Cache worker for journal cache (C:\Users\djute\.gradle\caches\journal-1)" [_thread_blocked, id=7320, stack(0x00000072a4e00000,0x00000072a4f00000)]
  0x0000023fae18c800 JavaThread "Cache worker for file hash cache (C:\Users\djute\AndroidStudioProjects\WorldCinemaTest\.gradle\7.0.2\fileHashes)" [_thread_blocked, id=4036, stack(0x00000072a5000000,0x00000072a5100000)]
  0x0000023fae193000 JavaThread "File watcher server" daemon [_thread_in_native, id=7572, stack(0x00000072a5100000,0x00000072a5200000)]
  0x0000023fae194000 JavaThread "File watcher consumer" daemon [_thread_blocked, id=8720, stack(0x00000072a5200000,0x00000072a5300000)]
  0x0000023fae195000 JavaThread "Cache worker for checksums cache (C:\Users\djute\AndroidStudioProjects\WorldCinemaTest\.gradle\checksums)" [_thread_blocked, id=1492, stack(0x00000072a5300000,0x00000072a5400000)]
  0x0000023fae18f000 JavaThread "Cache worker for cache directory md-supplier (C:\Users\djute\.gradle\caches\7.0.2\md-supplier)" [_thread_blocked, id=1520, stack(0x00000072a5400000,0x00000072a5500000)]
  0x0000023fae199800 JavaThread "Cache worker for cache directory md-rule (C:\Users\djute\.gradle\caches\7.0.2\md-rule)" [_thread_blocked, id=12504, stack(0x00000072a5600000,0x00000072a5700000)]
  0x0000023fae195800 JavaThread "Cache worker for execution history cache (C:\Users\djute\.gradle\caches\7.0.2\executionHistory)" [_thread_blocked, id=5632, stack(0x00000072a5700000,0x00000072a5800000)]
  0x0000023fae198000 JavaThread "jar transforms" [_thread_blocked, id=1248, stack(0x00000072a5800000,0x00000072a5900000)]
  0x0000023fae19a800 JavaThread "jar transforms Thread 2" [_thread_blocked, id=8144, stack(0x00000072a5900000,0x00000072a5a00000)]
  0x0000023faee30000 JavaThread "Cache worker for file content cache (C:\Users\djute\.gradle\caches\7.0.2\fileContent)" [_thread_blocked, id=11592, stack(0x00000072a5a00000,0x00000072a5b00000)]
  0x0000023faee31800 JavaThread "Cache worker for dependencies-accessors (C:\Users\djute\AndroidStudioProjects\WorldCinemaTest\.gradle\7.0.2\dependencies-accessors)" [_thread_blocked, id=11508, stack(0x00000072a5b00000,0x00000072a5c00000)]
  0x0000023faee2c000 JavaThread "jar transforms Thread 3" [_thread_blocked, id=9248, stack(0x00000072a5c00000,0x00000072a5d00000)]
  0x0000023faee2f000 JavaThread "Cache worker for Build Output Cleanup Cache (C:\Users\djute\AndroidStudioProjects\WorldCinemaTest\.gradle\buildOutputCleanup)" [_thread_blocked, id=3664, stack(0x00000072a5d00000,0x00000072a5e00000)]
  0x0000023faee32800 JavaThread "Build operations" [_thread_blocked, id=10664, stack(0x00000072a5e00000,0x00000072a5f00000)]
  0x0000023faee2c800 JavaThread "Build operations Thread 2" [_thread_blocked, id=10152, stack(0x00000072a5f00000,0x00000072a6000000)]
  0x0000023faee33800 JavaThread "Build operations Thread 3" [_thread_blocked, id=14984, stack(0x00000072a6000000,0x00000072a6100000)]
  0x0000023faee2d800 JavaThread "Build operations Thread 4" [_thread_blocked, id=1396, stack(0x00000072a6100000,0x00000072a6200000)]
  0x0000023faee35000 JavaThread "Build operations Thread 5" [_thread_blocked, id=8328, stack(0x00000072a6200000,0x00000072a6300000)]
  0x0000023faee35800 JavaThread "Build operations Thread 6" [_thread_blocked, id=1352, stack(0x00000072a6300000,0x00000072a6400000)]
  0x0000023faee39000 JavaThread "Build operations Thread 7" [_thread_blocked, id=3416, stack(0x00000072a6400000,0x00000072a6500000)]
  0x0000023faee37800 JavaThread "Build operations Thread 8" [_thread_blocked, id=14144, stack(0x00000072a6500000,0x00000072a6600000)]
  0x0000023faee3a000 JavaThread "Build operations Thread 9" [_thread_blocked, id=8044, stack(0x00000072a6600000,0x00000072a6700000)]
  0x0000023faee38000 JavaThread "Build operations Thread 10" [_thread_blocked, id=1076, stack(0x00000072a6700000,0x00000072a6800000)]
  0x0000023faee36800 JavaThread "Build operations Thread 11" [_thread_blocked, id=9896, stack(0x00000072a6800000,0x00000072a6900000)]
  0x0000023faee34000 JavaThread "Build operations Thread 12" [_thread_blocked, id=8488, stack(0x00000072a6900000,0x00000072a6a00000)]
  0x0000023faee3a800 JavaThread "jar transforms Thread 4" [_thread_blocked, id=744, stack(0x00000072a6a00000,0x00000072a6b00000)]
  0x0000023fb1292000 JavaThread "jar transforms Thread 5" [_thread_blocked, id=15060, stack(0x00000072a6b00000,0x00000072a6c00000)]
  0x0000023fb1292800 JavaThread "jar transforms Thread 6" [_thread_blocked, id=10860, stack(0x00000072a6c00000,0x00000072a6d00000)]
  0x0000023fb1295000 JavaThread "jar transforms Thread 7" [_thread_blocked, id=8104, stack(0x00000072a6d00000,0x00000072a6e00000)]
  0x0000023fb1296000 JavaThread "jar transforms Thread 8" [_thread_blocked, id=12352, stack(0x00000072a6e00000,0x00000072a6f00000)]
  0x0000023fb1293800 JavaThread "jar transforms Thread 9" [_thread_blocked, id=14756, stack(0x00000072a6f00000,0x00000072a7000000)]
  0x0000023fb1294800 JavaThread "jar transforms Thread 10" [_thread_blocked, id=8620, stack(0x00000072a7000000,0x00000072a7100000)]
  0x0000023fb1290800 JavaThread "jar transforms Thread 11" [_thread_blocked, id=4308, stack(0x00000072a7100000,0x00000072a7200000)]
  0x0000023fb1297000 JavaThread "jar transforms Thread 12" [_thread_blocked, id=14352, stack(0x00000072a7200000,0x00000072a7300000)]
  0x0000023fb1291000 JavaThread "Memory manager" [_thread_blocked, id=11856, stack(0x00000072a7300000,0x00000072a7400000)]
  0x0000023fb129d800 JavaThread "build event listener" [_thread_blocked, id=11656, stack(0x00000072a7400000,0x00000072a7500000)]
  0x0000023fb1297800 JavaThread "pool-3-thread-1" [_thread_blocked, id=4048, stack(0x00000072a7500000,0x00000072a7600000)]
  0x0000023fb129e000 JavaThread "build event listener" [_thread_blocked, id=9944, stack(0x00000072a7600000,0x00000072a7700000)]
  0x0000023fb129b000 JavaThread "Execution worker for ':'" [_thread_blocked, id=9140, stack(0x00000072a7700000,0x00000072a7800000)]
  0x0000023fb1298800 JavaThread "Execution worker for ':' Thread 2" [_thread_blocked, id=2484, stack(0x00000072a7800000,0x00000072a7900000)]
  0x0000023fb129f000 JavaThread "Execution worker for ':' Thread 3" [_thread_blocked, id=9136, stack(0x00000072a7900000,0x00000072a7a00000)]
  0x0000023fb129a000 JavaThread "Execution worker for ':' Thread 4" [_thread_blocked, id=13568, stack(0x00000072a7a00000,0x00000072a7b00000)]
  0x0000023fb129b800 JavaThread "Execution worker for ':' Thread 5" [_thread_blocked, id=10812, stack(0x00000072a7b00000,0x00000072a7c00000)]
  0x0000023fb129c800 JavaThread "Execution worker for ':' Thread 6" [_thread_blocked, id=1904, stack(0x00000072a7c00000,0x00000072a7d00000)]
  0x0000023faf059000 JavaThread "Execution worker for ':' Thread 7" [_thread_blocked, id=7412, stack(0x00000072a7d00000,0x00000072a7e00000)]
  0x0000023faf058000 JavaThread "Execution worker for ':' Thread 8" [_thread_blocked, id=4728, stack(0x00000072a7e00000,0x00000072a7f00000)]
  0x0000023faf054000 JavaThread "Execution worker for ':' Thread 9" [_thread_blocked, id=14384, stack(0x00000072a7f00000,0x00000072a8000000)]
  0x0000023faf053800 JavaThread "Execution worker for ':' Thread 10" [_thread_blocked, id=296, stack(0x00000072a8000000,0x00000072a8100000)]
  0x0000023faf05a800 JavaThread "Execution worker for ':' Thread 11" [_thread_blocked, id=8152, stack(0x00000072a8100000,0x00000072a8200000)]
  0x0000023faf055000 JavaThread "Cache worker for execution history cache (C:\Users\djute\AndroidStudioProjects\WorldCinemaTest\.gradle\7.0.2\executionHistory)" [_thread_blocked, id=4512, stack(0x00000072a8200000,0x00000072a8300000)]
  0x0000023faf057800 JavaThread "RMI Scheduler(0)" daemon [_thread_blocked, id=12088, stack(0x00000072a8300000,0x00000072a8400000)]
  0x0000023faf05a000 JavaThread "RMI GC Daemon" daemon [_thread_blocked, id=8500, stack(0x00000072a8500000,0x00000072a8600000)]
  0x0000023faf056800 JavaThread "RMI TCP Accept-0" daemon [_thread_in_native, id=13136, stack(0x00000072a8600000,0x00000072a8700000)]
  0x0000023faf055800 JavaThread "RMI Reaper" [_thread_blocked, id=9968, stack(0x00000072a8700000,0x00000072a8800000)]
  0x0000023faf05e800 JavaThread "RMI TCP Connection(1)-127.0.0.1" daemon [_thread_in_native, id=10284, stack(0x00000072a8800000,0x00000072a8900000)]
  0x0000023faf05f800 JavaThread "C2 CompilerThread1" daemon [_thread_in_native, id=9788, stack(0x00000072a4f00000,0x00000072a5000000)]
  0x0000023faf05d000 JavaThread "C2 CompilerThread2" daemon [_thread_in_native, id=9964, stack(0x00000072a5500000,0x00000072a5600000)]
  0x0000023faf05e000 JavaThread "WorkerExecutor Queue" [_thread_blocked, id=12704, stack(0x00000072a8900000,0x00000072a8a00000)]
  0x0000023faf05c000 JavaThread "WorkerExecutor Queue Thread 2" [_thread_in_Java, id=12360, stack(0x00000072a8a00000,0x00000072a8b00000)]
  0x0000023faf061000 JavaThread "WorkerExecutor Queue Thread 3" [_thread_blocked, id=12496, stack(0x00000072a8b00000,0x00000072a8c00000)]
  0x0000023faf062000 JavaThread "WorkerExecutor Queue Thread 4" [_thread_blocked, id=7408, stack(0x00000072a8c00000,0x00000072a8d00000)]
  0x0000023faf060800 JavaThread "WorkerExecutor Queue Thread 5" [_thread_blocked, id=8348, stack(0x00000072a8d00000,0x00000072a8e00000)]
  0x0000023fae197000 JavaThread "WorkerExecutor Queue Thread 6" [_thread_blocked, id=11108, stack(0x00000072a8e00000,0x00000072a8f00000)]
  0x0000023fae191800 JavaThread "WorkerExecutor Queue Thread 7" [_thread_blocked, id=7536, stack(0x00000072a8f00000,0x00000072a9000000)]
  0x0000023fb7ab6800 JavaThread "WorkerExecutor Queue Thread 8" [_thread_blocked, id=620, stack(0x00000072a9000000,0x00000072a9100000)]
  0x0000023fb7ab4000 JavaThread "WorkerExecutor Queue Thread 9" [_thread_blocked, id=13540, stack(0x00000072a9100000,0x00000072a9200000)]
  0x0000023fb7ab6000 JavaThread "WorkerExecutor Queue Thread 10" [_thread_blocked, id=7416, stack(0x00000072a8400000,0x00000072a8500000)]
  0x0000023fb7ab3800 JavaThread "WorkerExecutor Queue Thread 11" [_thread_blocked, id=1348, stack(0x00000072a9200000,0x00000072a9300000)]
  0x0000023fb7ab5000 JavaThread "WorkerExecutor Queue Thread 12" [_thread_blocked, id=168, stack(0x00000072a9300000,0x00000072a9400000)]
  0x0000023fb7ab1000 JavaThread "WorkerExecutor Queue Thread 13" [_thread_blocked, id=9976, stack(0x00000072a9400000,0x00000072a9500000)]

Other Threads:
  0x0000023fab331000 VMThread "VM Thread" [stack: 0x00000072a2b00000,0x00000072a2c00000] [id=7752]
  0x0000023fabea6000 WatcherThread [stack: 0x00000072a3500000,0x00000072a3600000] [id=14692]
  0x0000023f902b5800 GCTaskThread "GC Thread#0" [stack: 0x00000072a2600000,0x00000072a2700000] [id=15264]
  0x0000023fac89d000 GCTaskThread "GC Thread#1" [stack: 0x00000072a3700000,0x00000072a3800000] [id=6448]
  0x0000023fae39c000 GCTaskThread "GC Thread#2" [stack: 0x00000072a4100000,0x00000072a4200000] [id=12236]
  0x0000023fadf56800 GCTaskThread "GC Thread#3" [stack: 0x00000072a4200000,0x00000072a4300000] [id=10724]
  0x0000023fadf57000 GCTaskThread "GC Thread#4" [stack: 0x00000072a4300000,0x00000072a4400000] [id=9332]
  0x0000023fadb99000 GCTaskThread "GC Thread#5" [stack: 0x00000072a4400000,0x00000072a4500000] [id=1424]
  0x0000023fade9f800 GCTaskThread "GC Thread#6" [stack: 0x00000072a4500000,0x00000072a4600000] [id=13492]
  0x0000023fadb04800 GCTaskThread "GC Thread#7" [stack: 0x00000072a4600000,0x00000072a4700000] [id=9180]
  0x0000023fadea0000 GCTaskThread "GC Thread#8" [stack: 0x00000072a4700000,0x00000072a4800000] [id=9324]
  0x0000023fac186800 GCTaskThread "GC Thread#9" [stack: 0x00000072a4800000,0x00000072a4900000] [id=8232]
  0x0000023f902e9800 ConcurrentGCThread "G1 Main Marker" [stack: 0x00000072a2700000,0x00000072a2800000] [id=2708]
  0x0000023f902eb000 ConcurrentGCThread "G1 Conc#0" [stack: 0x00000072a2800000,0x00000072a2900000] [id=3212]
  0x0000023fae3eb800 ConcurrentGCThread "G1 Conc#1" [stack: 0x00000072a4c00000,0x00000072a4d00000] [id=7476]
  0x0000023fadcf3800 ConcurrentGCThread "G1 Conc#2" [stack: 0x00000072a4d00000,0x00000072a4e00000] [id=5668]
  0x0000023fab182800 ConcurrentGCThread "G1 Refine#0" [stack: 0x00000072a2900000,0x00000072a2a00000] [id=4256]
  0x0000023fac69c800 ConcurrentGCThread "G1 Refine#1" [stack: 0x00000072a4900000,0x00000072a4a00000] [id=14036]
  0x0000023fab183000 ConcurrentGCThread "G1 Young RemSet Sampling" [stack: 0x00000072a2a00000,0x00000072a2b00000] [id=11800]

Threads with active compile tasks:
C2 CompilerThread0  12839 10908       4       org.gradle.internal.instantiation.generator.DependencyInjectingInstantiator::newInstance (8 bytes)
C1 CompilerThread0  12839 11201       3       com.android.tools.r8.internal.xu::a (33 bytes)
C2 CompilerThread1  12839 10910       4       org.gradle.api.internal.artifacts.transform.ConsumerProvidedVariantFinder::matchAttributes (68 bytes)
C2 CompilerThread2  12839 11090   !   4       org.gradle.internal.classloader.CachingClassLoader::loadClass (85 bytes)

VM state:not at safepoint (normal execution)

VM Mutex/Monitor currently owned by a thread: None

Heap address: 0x0000000080000000, size: 2048 MB, Compressed Oops mode: 32-bit
Narrow klass base: 0x0000000000000000, Narrow klass shift: 3
Compressed class space size: 1073741824 Address: 0x0000000100000000

Heap:
 garbage-first heap   total 210944K, used 103061K [0x0000000080000000, 0x0000000100000000)
  region size 1024K, 19 young (19456K), 9 survivors (9216K)
 Metaspace       used 96779K, capacity 99434K, committed 99532K, reserved 1134592K
  class space    used 12525K, capacity 13477K, committed 13568K, reserved 1048576K
Heap Regions: E=young(eden), S=young(survivor), O=old, HS=humongous(starts), HC=humongous(continues), CS=collection set, F=free, A=archive, TAMS=top-at-mark-start (previous, next)
|   0|0x0000000080000000, 0x0000000080100000, 0x0000000080100000|100%| O|  |TAMS 0x0000000080100000, 0x0000000080000000| Untracked 
|   1|0x0000000080100000, 0x0000000080200000, 0x0000000080200000|100%| O|  |TAMS 0x0000000080200000, 0x0000000080100000| Untracked 
|   2|0x0000000080200000, 0x0000000080300000, 0x0000000080300000|100%| O|  |TAMS 0x0000000080300000, 0x0000000080200000| Untracked 
|   3|0x0000000080300000, 0x0000000080400000, 0x0000000080400000|100%|HS|  |TAMS 0x0000000080400000, 0x0000000080300000| Complete 
|   4|0x0000000080400000, 0x0000000080500000, 0x0000000080500000|100%|HC|  |TAMS 0x0000000080500000, 0x0000000080400000| Complete 
|   5|0x0000000080500000, 0x0000000080600000, 0x0000000080600000|100%|HC|  |TAMS 0x0000000080600000, 0x0000000080500000| Complete 
|   6|0x0000000080600000, 0x0000000080700000, 0x0000000080700000|100%| O|  |TAMS 0x0000000080700000, 0x0000000080600000| Untracked 
|   7|0x0000000080700000, 0x0000000080800000, 0x0000000080800000|100%| O|  |TAMS 0x0000000080800000, 0x0000000080700000| Untracked 
|   8|0x0000000080800000, 0x0000000080900000, 0x0000000080900000|100%| O|  |TAMS 0x0000000080900000, 0x0000000080800000| Untracked 
|   9|0x0000000080900000, 0x0000000080a00000, 0x0000000080a00000|100%| O|  |TAMS 0x0000000080a00000, 0x0000000080900000| Untracked 
|  10|0x0000000080a00000, 0x0000000080b00000, 0x0000000080b00000|100%| O|  |TAMS 0x0000000080b00000, 0x0000000080a00000| Untracked 
|  11|0x0000000080b00000, 0x0000000080c00000, 0x0000000080c00000|100%| O|  |TAMS 0x0000000080c00000, 0x0000000080b00000| Untracked 
|  12|0x0000000080c00000, 0x0000000080d00000, 0x0000000080d00000|100%| O|  |TAMS 0x0000000080d00000, 0x0000000080c00000| Untracked 
|  13|0x0000000080d00000, 0x0000000080e00000, 0x0000000080e00000|100%| O|  |TAMS 0x0000000080e00000, 0x0000000080d00000| Untracked 
|  14|0x0000000080e00000, 0x0000000080f00000, 0x0000000080f00000|100%| O|  |TAMS 0x0000000080f00000, 0x0000000080e00000| Untracked 
|  15|0x0000000080f00000, 0x0000000081000000, 0x0000000081000000|100%| O|  |TAMS 0x0000000081000000, 0x0000000080f00000| Untracked 
|  16|0x0000000081000000, 0x0000000081100000, 0x0000000081100000|100%| O|  |TAMS 0x0000000081100000, 0x0000000081000000| Untracked 
|  17|0x0000000081100000, 0x0000000081200000, 0x0000000081200000|100%| O|  |TAMS 0x0000000081200000, 0x0000000081100000| Untracked 
|  18|0x0000000081200000, 0x0000000081300000, 0x0000000081300000|100%| O|  |TAMS 0x0000000081300000, 0x0000000081200000| Untracked 
|  19|0x0000000081300000, 0x0000000081400000, 0x0000000081400000|100%| O|  |TAMS 0x0000000081400000, 0x0000000081300000| Untracked 
|  20|0x0000000081400000, 0x0000000081500000, 0x0000000081500000|100%| O|  |TAMS 0x0000000081500000, 0x0000000081400000| Untracked 
|  21|0x0000000081500000, 0x0000000081600000, 0x0000000081600000|100%| O|  |TAMS 0x0000000081600000, 0x0000000081500000| Untracked 
|  22|0x0000000081600000, 0x0000000081700000, 0x0000000081700000|100%| O|  |TAMS 0x0000000081700000, 0x0000000081600000| Untracked 
|  23|0x0000000081700000, 0x0000000081800000, 0x0000000081800000|100%| O|  |TAMS 0x0000000081800000, 0x0000000081700000| Untracked 
|  24|0x0000000081800000, 0x0000000081900000, 0x0000000081900000|100%| O|  |TAMS 0x0000000081900000, 0x0000000081800000| Untracked 
|  25|0x0000000081900000, 0x0000000081a00000, 0x0000000081a00000|100%| O|  |TAMS 0x0000000081a00000, 0x0000000081900000| Untracked 
|  26|0x0000000081a00000, 0x0000000081b00000, 0x0000000081b00000|100%|HS|  |TAMS 0x0000000081b00000, 0x0000000081a00000| Complete 
|  27|0x0000000081b00000, 0x0000000081c00000, 0x0000000081c00000|100%|HS|  |TAMS 0x0000000081c00000, 0x0000000081b00000| Complete 
|  28|0x0000000081c00000, 0x0000000081d00000, 0x0000000081d00000|100%|HS|  |TAMS 0x0000000081d00000, 0x0000000081c00000| Complete 
|  29|0x0000000081d00000, 0x0000000081e00000, 0x0000000081e00000|100%|HS|  |TAMS 0x0000000081e00000, 0x0000000081d00000| Complete 
|  30|0x0000000081e00000, 0x0000000081f00000, 0x0000000081f00000|100%|HC|  |TAMS 0x0000000081f00000, 0x0000000081e00000| Complete 
|  31|0x0000000081f00000, 0x0000000082000000, 0x0000000082000000|100%|HC|  |TAMS 0x0000000082000000, 0x0000000081f00000| Complete 
|  32|0x0000000082000000, 0x0000000082100000, 0x0000000082100000|100%|HS|  |TAMS 0x0000000082100000, 0x0000000082000000| Complete 
|  33|0x0000000082100000, 0x0000000082200000, 0x0000000082200000|100%|HC|  |TAMS 0x0000000082200000, 0x0000000082100000| Complete 
|  34|0x0000000082200000, 0x0000000082300000, 0x0000000082300000|100%| O|  |TAMS 0x0000000082300000, 0x0000000082200000| Untracked 
|  35|0x0000000082300000, 0x0000000082400000, 0x0000000082400000|100%| O|  |TAMS 0x0000000082400000, 0x0000000082300000| Untracked 
|  36|0x0000000082400000, 0x0000000082500000, 0x0000000082500000|100%| O|  |TAMS 0x0000000082500000, 0x0000000082400000| Untracked 
|  37|0x0000000082500000, 0x0000000082600000, 0x0000000082600000|100%| O|  |TAMS 0x0000000082600000, 0x0000000082500000| Untracked 
|  38|0x0000000082600000, 0x0000000082700000, 0x0000000082700000|100%| O|  |TAMS 0x0000000082700000, 0x0000000082600000| Untracked 
|  39|0x0000000082700000, 0x0000000082800000, 0x0000000082800000|100%| O|  |TAMS 0x0000000082800000, 0x0000000082700000| Untracked 
|  40|0x0000000082800000, 0x0000000082900000, 0x0000000082900000|100%| O|  |TAMS 0x0000000082900000, 0x0000000082800000| Untracked 
|  41|0x0000000082900000, 0x0000000082a00000, 0x0000000082a00000|100%| O|  |TAMS 0x0000000082a00000, 0x0000000082900000| Untracked 
|  42|0x0000000082a00000, 0x0000000082b00000, 0x0000000082b00000|100%| O|  |TAMS 0x0000000082b00000, 0x0000000082a00000| Untracked 
|  43|0x0000000082b00000, 0x0000000082c00000, 0x0000000082c00000|100%| O|  |TAMS 0x0000000082c00000, 0x0000000082b00000| Untracked 
|  44|0x0000000082c00000, 0x0000000082d00000, 0x0000000082d00000|100%| O|  |TAMS 0x0000000082d00000, 0x0000000082c00000| Untracked 
|  45|0x0000000082d00000, 0x0000000082e00000, 0x0000000082e00000|100%| O|  |TAMS 0x0000000082e00000, 0x0000000082d00000| Untracked 
|  46|0x0000000082e00000, 0x0000000082f00000, 0x0000000082f00000|100%| O|  |TAMS 0x0000000082f00000, 0x0000000082e00000| Untracked 
|  47|0x0000000082f00000, 0x0000000083000000, 0x0000000083000000|100%| O|  |TAMS 0x0000000083000000, 0x0000000082f00000| Untracked 
|  48|0x0000000083000000, 0x0000000083100000, 0x0000000083100000|100%| O|  |TAMS 0x0000000083100000, 0x0000000083000000| Untracked 
|  49|0x0000000083100000, 0x0000000083200000, 0x0000000083200000|100%| O|  |TAMS 0x0000000083200000, 0x0000000083100000| Untracked 
|  50|0x0000000083200000, 0x0000000083300000, 0x0000000083300000|100%| O|  |TAMS 0x000000008321da00, 0x0000000083200000| Untracked 
|  51|0x0000000083300000, 0x0000000083400000, 0x0000000083400000|100%| O|  |TAMS 0x0000000083300000, 0x0000000083300000| Untracked 
|  52|0x0000000083400000, 0x0000000083500000, 0x0000000083500000|100%| O|  |TAMS 0x0000000083400000, 0x0000000083400000| Untracked 
|  53|0x0000000083500000, 0x0000000083600000, 0x0000000083600000|100%| O|  |TAMS 0x0000000083500000, 0x0000000083500000| Untracked 
|  54|0x0000000083600000, 0x0000000083700000, 0x0000000083700000|100%| O|  |TAMS 0x0000000083600000, 0x0000000083600000| Untracked 
|  55|0x0000000083700000, 0x0000000083800000, 0x0000000083800000|100%| O|  |TAMS 0x0000000083700000, 0x0000000083700000| Untracked 
|  56|0x0000000083800000, 0x0000000083900000, 0x0000000083900000|100%| O|  |TAMS 0x0000000083800000, 0x0000000083800000| Untracked 
|  57|0x0000000083900000, 0x0000000083a00000, 0x0000000083a00000|100%| O|  |TAMS 0x0000000083900000, 0x0000000083900000| Untracked 
|  58|0x0000000083a00000, 0x0000000083b00000, 0x0000000083b00000|100%| O|  |TAMS 0x0000000083a00000, 0x0000000083a00000| Untracked 
|  59|0x0000000083b00000, 0x0000000083c00000, 0x0000000083c00000|100%| O|  |TAMS 0x0000000083b00000, 0x0000000083b00000| Untracked 
|  60|0x0000000083c00000, 0x0000000083d00000, 0x0000000083d00000|100%| O|  |TAMS 0x0000000083c00000, 0x0000000083c00000| Untracked 
|  61|0x0000000083d00000, 0x0000000083e00000, 0x0000000083e00000|100%| O|  |TAMS 0x0000000083d00000, 0x0000000083d00000| Untracked 
|  62|0x0000000083e00000, 0x0000000083f00000, 0x0000000083f00000|100%| O|  |TAMS 0x0000000083e00000, 0x0000000083e00000| Untracked 
|  63|0x0000000083f00000, 0x0000000084000000, 0x0000000084000000|100%| O|  |TAMS 0x0000000083f00000, 0x0000000083f00000| Untracked 
|  64|0x0000000084000000, 0x0000000084100000, 0x0000000084100000|100%| O|  |TAMS 0x0000000084000000, 0x0000000084000000| Untracked 
|  65|0x0000000084100000, 0x0000000084200000, 0x0000000084200000|100%| O|  |TAMS 0x0000000084100000, 0x0000000084100000| Untracked 
|  66|0x0000000084200000, 0x0000000084300000, 0x0000000084300000|100%| O|  |TAMS 0x0000000084200000, 0x0000000084200000| Untracked 
|  67|0x0000000084300000, 0x0000000084400000, 0x0000000084400000|100%| O|  |TAMS 0x0000000084300000, 0x0000000084300000| Untracked 
|  68|0x0000000084400000, 0x0000000084500000, 0x0000000084500000|100%| O|  |TAMS 0x0000000084400000, 0x0000000084400000| Untracked 
|  69|0x0000000084500000, 0x0000000084600000, 0x0000000084600000|100%| O|  |TAMS 0x0000000084500000, 0x0000000084500000| Untracked 
|  70|0x0000000084600000, 0x0000000084700000, 0x0000000084700000|100%| O|  |TAMS 0x0000000084600000, 0x0000000084600000| Untracked 
|  71|0x0000000084700000, 0x0000000084800000, 0x0000000084800000|100%| O|  |TAMS 0x0000000084700000, 0x0000000084700000| Untracked 
|  72|0x0000000084800000, 0x0000000084900000, 0x0000000084900000|100%| O|  |TAMS 0x0000000084800000, 0x0000000084800000| Untracked 
|  73|0x0000000084900000, 0x0000000084a00000, 0x0000000084a00000|100%| O|  |TAMS 0x0000000084900000, 0x0000000084900000| Untracked 
|  74|0x0000000084a00000, 0x0000000084b00000, 0x0000000084b00000|100%| O|  |TAMS 0x0000000084a00000, 0x0000000084a00000| Untracked 
|  75|0x0000000084b00000, 0x0000000084c00000, 0x0000000084c00000|100%| O|  |TAMS 0x0000000084b00000, 0x0000000084b00000| Untracked 
|  76|0x0000000084c00000, 0x0000000084d00000, 0x0000000084d00000|100%| O|  |TAMS 0x0000000084c00000, 0x0000000084c00000| Untracked 
|  77|0x0000000084d00000, 0x0000000084e00000, 0x0000000084e00000|100%| O|  |TAMS 0x0000000084d00000, 0x0000000084d00000| Untracked 
|  78|0x0000000084e00000, 0x0000000084f00000, 0x0000000084f00000|100%| O|  |TAMS 0x0000000084e00000, 0x0000000084e00000| Untracked 
|  79|0x0000000084f00000, 0x0000000085000000, 0x0000000085000000|100%| O|  |TAMS 0x0000000084f00000, 0x0000000084f00000| Untracked 
|  80|0x0000000085000000, 0x0000000085100000, 0x0000000085100000|100%| O|  |TAMS 0x0000000085000000, 0x0000000085000000| Untracked 
|  81|0x0000000085100000, 0x0000000085200000, 0x0000000085200000|100%| O|  |TAMS 0x0000000085100000, 0x0000000085100000| Untracked 
|  82|0x0000000085200000, 0x00000000852b9400, 0x0000000085300000| 72%| O|  |TAMS 0x0000000085200000, 0x0000000085200000| Untracked 
|  83|0x0000000085300000, 0x0000000085300000, 0x0000000085400000|  0%| F|  |TAMS 0x0000000085300000, 0x0000000085300000| Untracked 
|  84|0x0000000085400000, 0x0000000085400000, 0x0000000085500000|  0%| F|  |TAMS 0x0000000085400000, 0x0000000085400000| Untracked 
|  85|0x0000000085500000, 0x0000000085500000, 0x0000000085600000|  0%| F|  |TAMS 0x0000000085500000, 0x0000000085500000| Untracked 
|  86|0x0000000085600000, 0x0000000085600000, 0x0000000085700000|  0%| F|  |TAMS 0x0000000085600000, 0x0000000085600000| Untracked 
|  87|0x0000000085700000, 0x0000000085700000, 0x0000000085800000|  0%| F|  |TAMS 0x0000000085700000, 0x0000000085700000| Untracked 
|  88|0x0000000085800000, 0x0000000085800000, 0x0000000085900000|  0%| F|  |TAMS 0x0000000085800000, 0x0000000085800000| Untracked 
|  89|0x0000000085900000, 0x0000000085900000, 0x0000000085a00000|  0%| F|  |TAMS 0x0000000085900000, 0x0000000085900000| Untracked 
|  90|0x0000000085a00000, 0x0000000085a00000, 0x0000000085b00000|  0%| F|  |TAMS 0x0000000085a00000, 0x0000000085a00000| Untracked 
|  91|0x0000000085b00000, 0x0000000085b00000, 0x0000000085c00000|  0%| F|  |TAMS 0x0000000085b00000, 0x0000000085b00000| Untracked 
|  92|0x0000000085c00000, 0x0000000085c00000, 0x0000000085d00000|  0%| F|  |TAMS 0x0000000085c00000, 0x0000000085c00000| Untracked 
|  93|0x0000000085d00000, 0x0000000085d00000, 0x0000000085e00000|  0%| F|  |TAMS 0x0000000085d00000, 0x0000000085d00000| Untracked 
|  94|0x0000000085e00000, 0x0000000085e00000, 0x0000000085f00000|  0%| F|  |TAMS 0x0000000085e00000, 0x0000000085e00000| Untracked 
|  95|0x0000000085f00000, 0x0000000085f00000, 0x0000000086000000|  0%| F|  |TAMS 0x0000000085f00000, 0x0000000085f00000| Untracked 
|  96|0x0000000086000000, 0x0000000086000000, 0x0000000086100000|  0%| F|  |TAMS 0x0000000086000000, 0x0000000086000000| Untracked 
|  97|0x0000000086100000, 0x0000000086100000, 0x0000000086200000|  0%| F|  |TAMS 0x0000000086100000, 0x0000000086100000| Untracked 
|  98|0x0000000086200000, 0x0000000086200000, 0x0000000086300000|  0%| F|  |TAMS 0x0000000086200000, 0x0000000086200000| Untracked 
|  99|0x0000000086300000, 0x0000000086300000, 0x0000000086400000|  0%| F|  |TAMS 0x0000000086300000, 0x0000000086300000| Untracked 
| 100|0x0000000086400000, 0x0000000086400000, 0x0000000086500000|  0%| F|  |TAMS 0x0000000086400000, 0x0000000086400000| Untracked 
| 101|0x0000000086500000, 0x0000000086500000, 0x0000000086600000|  0%| F|  |TAMS 0x0000000086500000, 0x0000000086500000| Untracked 
| 102|0x0000000086600000, 0x0000000086600000, 0x0000000086700000|  0%| F|  |TAMS 0x0000000086600000, 0x0000000086600000| Untracked 
| 103|0x0000000086700000, 0x0000000086700000, 0x0000000086800000|  0%| F|  |TAMS 0x0000000086700000, 0x0000000086700000| Untracked 
| 104|0x0000000086800000, 0x0000000086800000, 0x0000000086900000|  0%| F|  |TAMS 0x0000000086800000, 0x0000000086800000| Untracked 
| 105|0x0000000086900000, 0x0000000086900000, 0x0000000086a00000|  0%| F|  |TAMS 0x0000000086900000, 0x0000000086900000| Untracked 
| 106|0x0000000086a00000, 0x0000000086a00000, 0x0000000086b00000|  0%| F|  |TAMS 0x0000000086a00000, 0x0000000086a00000| Untracked 
| 107|0x0000000086b00000, 0x0000000086b00000, 0x0000000086c00000|  0%| F|  |TAMS 0x0000000086b00000, 0x0000000086b00000| Untracked 
| 108|0x0000000086c00000, 0x0000000086c00000, 0x0000000086d00000|  0%| F|  |TAMS 0x0000000086c00000, 0x0000000086c00000| Untracked 
| 109|0x0000000086d00000, 0x0000000086d00000, 0x0000000086e00000|  0%| F|  |TAMS 0x0000000086d00000, 0x0000000086d00000| Untracked 
| 110|0x0000000086e00000, 0x0000000086e00000, 0x0000000086f00000|  0%| F|  |TAMS 0x0000000086e00000, 0x0000000086e00000| Untracked 
| 111|0x0000000086f00000, 0x0000000086f00000, 0x0000000087000000|  0%| F|  |TAMS 0x0000000086f00000, 0x0000000086f00000| Untracked 
| 112|0x0000000087000000, 0x0000000087000000, 0x0000000087100000|  0%| F|  |TAMS 0x0000000087000000, 0x0000000087000000| Untracked 
| 113|0x0000000087100000, 0x0000000087100000, 0x0000000087200000|  0%| F|  |TAMS 0x0000000087100000, 0x0000000087100000| Untracked 
| 114|0x0000000087200000, 0x0000000087200000, 0x0000000087300000|  0%| F|  |TAMS 0x0000000087200000, 0x0000000087200000| Untracked 
| 115|0x0000000087300000, 0x0000000087300000, 0x0000000087400000|  0%| F|  |TAMS 0x0000000087300000, 0x0000000087300000| Untracked 
| 116|0x0000000087400000, 0x0000000087400000, 0x0000000087500000|  0%| F|  |TAMS 0x0000000087400000, 0x0000000087400000| Untracked 
| 117|0x0000000087500000, 0x0000000087500000, 0x0000000087600000|  0%| F|  |TAMS 0x0000000087500000, 0x0000000087500000| Untracked 
| 118|0x0000000087600000, 0x0000000087600000, 0x0000000087700000|  0%| F|  |TAMS 0x0000000087600000, 0x0000000087600000| Untracked 
| 119|0x0000000087700000, 0x0000000087700000, 0x0000000087800000|  0%| F|  |TAMS 0x0000000087700000, 0x0000000087700000| Untracked 
| 120|0x0000000087800000, 0x0000000087800000, 0x0000000087900000|  0%| F|  |TAMS 0x0000000087800000, 0x0000000087800000| Untracked 
| 121|0x0000000087900000, 0x0000000087900000, 0x0000000087a00000|  0%| F|  |TAMS 0x0000000087900000, 0x0000000087900000| Untracked 
| 122|0x0000000087a00000, 0x0000000087a00000, 0x0000000087b00000|  0%| F|  |TAMS 0x0000000087a00000, 0x0000000087a00000| Untracked 
| 123|0x0000000087b00000, 0x0000000087b00000, 0x0000000087c00000|  0%| F|  |TAMS 0x0000000087b00000, 0x0000000087b00000| Untracked 
| 124|0x0000000087c00000, 0x0000000087c00000, 0x0000000087d00000|  0%| F|  |TAMS 0x0000000087c00000, 0x0000000087c00000| Untracked 
| 125|0x0000000087d00000, 0x0000000087d00000, 0x0000000087e00000|  0%| F|  |TAMS 0x0000000087d00000, 0x0000000087d00000| Untracked 
| 126|0x0000000087e00000, 0x0000000087eec388, 0x0000000087f00000| 92%| S|CS|TAMS 0x0000000087e00000, 0x0000000087e00000| Complete 
| 127|0x0000000087f00000, 0x0000000088000000, 0x0000000088000000|100%| S|CS|TAMS 0x0000000087f00000, 0x0000000087f00000| Complete 
| 128|0x0000000088000000, 0x0000000088100000, 0x0000000088100000|100%| S|CS|TAMS 0x0000000088000000, 0x0000000088000000| Complete 
| 129|0x0000000088100000, 0x0000000088200000, 0x0000000088200000|100%| S|CS|TAMS 0x0000000088100000, 0x0000000088100000| Complete 
| 130|0x0000000088200000, 0x0000000088300000, 0x0000000088300000|100%| S|CS|TAMS 0x0000000088200000, 0x0000000088200000| Complete 
| 131|0x0000000088300000, 0x0000000088400000, 0x0000000088400000|100%| S|CS|TAMS 0x0000000088300000, 0x0000000088300000| Complete 
| 132|0x0000000088400000, 0x0000000088500000, 0x0000000088500000|100%| S|CS|TAMS 0x0000000088400000, 0x0000000088400000| Complete 
| 133|0x0000000088500000, 0x0000000088600000, 0x0000000088600000|100%| S|CS|TAMS 0x0000000088500000, 0x0000000088500000| Complete 
| 134|0x0000000088600000, 0x0000000088700000, 0x0000000088700000|100%| S|CS|TAMS 0x0000000088600000, 0x0000000088600000| Complete 
| 135|0x0000000088700000, 0x0000000088700000, 0x0000000088800000|  0%| F|  |TAMS 0x0000000088700000, 0x0000000088700000| Untracked 
| 136|0x0000000088800000, 0x0000000088800000, 0x0000000088900000|  0%| F|  |TAMS 0x0000000088800000, 0x0000000088800000| Untracked 
| 137|0x0000000088900000, 0x0000000088900000, 0x0000000088a00000|  0%| F|  |TAMS 0x0000000088900000, 0x0000000088900000| Untracked 
| 138|0x0000000088a00000, 0x0000000088a00000, 0x0000000088b00000|  0%| F|  |TAMS 0x0000000088a00000, 0x0000000088a00000| Untracked 
| 139|0x0000000088b00000, 0x0000000088b00000, 0x0000000088c00000|  0%| F|  |TAMS 0x0000000088b00000, 0x0000000088b00000| Untracked 
| 140|0x0000000088c00000, 0x0000000088c00000, 0x0000000088d00000|  0%| F|  |TAMS 0x0000000088c00000, 0x0000000088c00000| Untracked 
| 141|0x0000000088d00000, 0x0000000088d00000, 0x0000000088e00000|  0%| F|  |TAMS 0x0000000088d00000, 0x0000000088d00000| Untracked 
| 142|0x0000000088e00000, 0x0000000088e00000, 0x0000000088f00000|  0%| F|  |TAMS 0x0000000088e00000, 0x0000000088e00000| Untracked 
| 143|0x0000000088f00000, 0x0000000088f00000, 0x0000000089000000|  0%| F|  |TAMS 0x0000000088f00000, 0x0000000088f00000| Untracked 
| 144|0x0000000089000000, 0x0000000089000000, 0x0000000089100000|  0%| F|  |TAMS 0x0000000089000000, 0x0000000089000000| Untracked 
| 145|0x0000000089100000, 0x0000000089100000, 0x0000000089200000|  0%| F|  |TAMS 0x0000000089100000, 0x0000000089100000| Untracked 
| 146|0x0000000089200000, 0x0000000089200000, 0x0000000089300000|  0%| F|  |TAMS 0x0000000089200000, 0x0000000089200000| Untracked 
| 147|0x0000000089300000, 0x0000000089300000, 0x0000000089400000|  0%| F|  |TAMS 0x0000000089300000, 0x0000000089300000| Untracked 
| 148|0x0000000089400000, 0x0000000089400000, 0x0000000089500000|  0%| F|  |TAMS 0x0000000089400000, 0x0000000089400000| Untracked 
| 149|0x0000000089500000, 0x0000000089500000, 0x0000000089600000|  0%| F|  |TAMS 0x0000000089500000, 0x0000000089500000| Untracked 
| 150|0x0000000089600000, 0x0000000089600000, 0x0000000089700000|  0%| F|  |TAMS 0x0000000089600000, 0x0000000089600000| Untracked 
| 151|0x0000000089700000, 0x0000000089700000, 0x0000000089800000|  0%| F|  |TAMS 0x0000000089700000, 0x0000000089700000| Untracked 
| 152|0x0000000089800000, 0x0000000089800000, 0x0000000089900000|  0%| F|  |TAMS 0x0000000089800000, 0x0000000089800000| Untracked 
| 153|0x0000000089900000, 0x0000000089900000, 0x0000000089a00000|  0%| F|  |TAMS 0x0000000089900000, 0x0000000089900000| Untracked 
| 154|0x0000000089a00000, 0x0000000089a00000, 0x0000000089b00000|  0%| F|  |TAMS 0x0000000089a00000, 0x0000000089a00000| Untracked 
| 155|0x0000000089b00000, 0x0000000089b00000, 0x0000000089c00000|  0%| F|  |TAMS 0x0000000089b00000, 0x0000000089b00000| Untracked 
| 156|0x0000000089c00000, 0x0000000089c00000, 0x0000000089d00000|  0%| F|  |TAMS 0x0000000089c00000, 0x0000000089c00000| Untracked 
| 157|0x0000000089d00000, 0x0000000089d00000, 0x0000000089e00000|  0%| F|  |TAMS 0x0000000089d00000, 0x0000000089d00000| Untracked 
| 158|0x0000000089e00000, 0x0000000089e00000, 0x0000000089f00000|  0%| F|  |TAMS 0x0000000089e00000, 0x0000000089e00000| Untracked 
| 159|0x0000000089f00000, 0x0000000089f00000, 0x000000008a000000|  0%| F|  |TAMS 0x0000000089f00000, 0x0000000089f00000| Untracked 
| 160|0x000000008a000000, 0x000000008a000000, 0x000000008a100000|  0%| F|  |TAMS 0x000000008a000000, 0x000000008a000000| Untracked 
| 161|0x000000008a100000, 0x000000008a100000, 0x000000008a200000|  0%| F|  |TAMS 0x000000008a100000, 0x000000008a100000| Untracked 
| 162|0x000000008a200000, 0x000000008a200000, 0x000000008a300000|  0%| F|  |TAMS 0x000000008a200000, 0x000000008a200000| Untracked 
| 163|0x000000008a300000, 0x000000008a300000, 0x000000008a400000|  0%| F|  |TAMS 0x000000008a300000, 0x000000008a300000| Untracked 
| 164|0x000000008a400000, 0x000000008a400000, 0x000000008a500000|  0%| F|  |TAMS 0x000000008a400000, 0x000000008a400000| Untracked 
| 165|0x000000008a500000, 0x000000008a500000, 0x000000008a600000|  0%| F|  |TAMS 0x000000008a500000, 0x000000008a500000| Untracked 
| 166|0x000000008a600000, 0x000000008a600000, 0x000000008a700000|  0%| F|  |TAMS 0x000000008a600000, 0x000000008a600000| Untracked 
| 167|0x000000008a700000, 0x000000008a700000, 0x000000008a800000|  0%| F|  |TAMS 0x000000008a700000, 0x000000008a700000| Untracked 
| 168|0x000000008a800000, 0x000000008a800000, 0x000000008a900000|  0%| F|  |TAMS 0x000000008a800000, 0x000000008a800000| Untracked 
| 169|0x000000008a900000, 0x000000008a900000, 0x000000008aa00000|  0%| F|  |TAMS 0x000000008a900000, 0x000000008a900000| Untracked 
| 170|0x000000008aa00000, 0x000000008aa00000, 0x000000008ab00000|  0%| F|  |TAMS 0x000000008aa00000, 0x000000008aa00000| Untracked 
| 171|0x000000008ab00000, 0x000000008ab00000, 0x000000008ac00000|  0%| F|  |TAMS 0x000000008ab00000, 0x000000008ab00000| Untracked 
| 172|0x000000008ac00000, 0x000000008ac00000, 0x000000008ad00000|  0%| F|  |TAMS 0x000000008ac00000, 0x000000008ac00000| Untracked 
| 173|0x000000008ad00000, 0x000000008ad00000, 0x000000008ae00000|  0%| F|  |TAMS 0x000000008ad00000, 0x000000008ad00000| Untracked 
| 174|0x000000008ae00000, 0x000000008ae00000, 0x000000008af00000|  0%| F|  |TAMS 0x000000008ae00000, 0x000000008ae00000| Untracked 
| 175|0x000000008af00000, 0x000000008af00000, 0x000000008b000000|  0%| F|  |TAMS 0x000000008af00000, 0x000000008af00000| Untracked 
| 176|0x000000008b000000, 0x000000008b000000, 0x000000008b100000|  0%| F|  |TAMS 0x000000008b000000, 0x000000008b000000| Untracked 
| 177|0x000000008b100000, 0x000000008b100000, 0x000000008b200000|  0%| F|  |TAMS 0x000000008b100000, 0x000000008b100000| Untracked 
| 178|0x000000008b200000, 0x000000008b200000, 0x000000008b300000|  0%| F|  |TAMS 0x000000008b200000, 0x000000008b200000| Untracked 
| 179|0x000000008b300000, 0x000000008b300000, 0x000000008b400000|  0%| F|  |TAMS 0x000000008b300000, 0x000000008b300000| Untracked 
| 180|0x000000008b400000, 0x000000008b400000, 0x000000008b500000|  0%| F|  |TAMS 0x000000008b400000, 0x000000008b400000| Untracked 
| 181|0x000000008b500000, 0x000000008b500000, 0x000000008b600000|  0%| F|  |TAMS 0x000000008b500000, 0x000000008b500000| Untracked 
| 182|0x000000008b600000, 0x000000008b600000, 0x000000008b700000|  0%| F|  |TAMS 0x000000008b600000, 0x000000008b600000| Untracked 
| 183|0x000000008b700000, 0x000000008b700000, 0x000000008b800000|  0%| F|  |TAMS 0x000000008b700000, 0x000000008b700000| Untracked 
| 184|0x000000008b800000, 0x000000008b800000, 0x000000008b900000|  0%| F|  |TAMS 0x000000008b800000, 0x000000008b800000| Untracked 
| 185|0x000000008b900000, 0x000000008b900000, 0x000000008ba00000|  0%| F|  |TAMS 0x000000008b900000, 0x000000008b900000| Untracked 
| 186|0x000000008ba00000, 0x000000008ba00000, 0x000000008bb00000|  0%| F|  |TAMS 0x000000008ba00000, 0x000000008ba00000| Untracked 
| 187|0x000000008bb00000, 0x000000008bb00000, 0x000000008bc00000|  0%| F|  |TAMS 0x000000008bb00000, 0x000000008bb00000| Untracked 
| 188|0x000000008bc00000, 0x000000008bc00000, 0x000000008bd00000|  0%| F|  |TAMS 0x000000008bc00000, 0x000000008bc00000| Untracked 
| 189|0x000000008bd00000, 0x000000008bd00000, 0x000000008be00000|  0%| F|  |TAMS 0x000000008bd00000, 0x000000008bd00000| Untracked 
| 190|0x000000008be00000, 0x000000008be00000, 0x000000008bf00000|  0%| F|  |TAMS 0x000000008be00000, 0x000000008be00000| Untracked 
| 191|0x000000008bf00000, 0x000000008bf00000, 0x000000008c000000|  0%| F|  |TAMS 0x000000008bf00000, 0x000000008bf00000| Untracked 
| 192|0x000000008c000000, 0x000000008c000000, 0x000000008c100000|  0%| F|  |TAMS 0x000000008c000000, 0x000000008c000000| Untracked 
| 193|0x000000008c100000, 0x000000008c100000, 0x000000008c200000|  0%| F|  |TAMS 0x000000008c100000, 0x000000008c100000| Untracked 
| 194|0x000000008c200000, 0x000000008c200000, 0x000000008c300000|  0%| F|  |TAMS 0x000000008c200000, 0x000000008c200000| Untracked 
| 195|0x000000008c300000, 0x000000008c300000, 0x000000008c400000|  0%| F|  |TAMS 0x000000008c300000, 0x000000008c300000| Untracked 
| 196|0x000000008c400000, 0x000000008c47e268, 0x000000008c500000| 49%| E|  |TAMS 0x000000008c400000, 0x000000008c400000| Complete 
| 197|0x000000008c500000, 0x000000008c600000, 0x000000008c600000|100%| E|CS|TAMS 0x000000008c500000, 0x000000008c500000| Complete 
| 198|0x000000008c600000, 0x000000008c700000, 0x000000008c700000|100%| E|CS|TAMS 0x000000008c600000, 0x000000008c600000| Complete 
| 199|0x000000008c700000, 0x000000008c800000, 0x000000008c800000|100%| E|CS|TAMS 0x000000008c700000, 0x000000008c700000| Complete 
| 200|0x000000008c800000, 0x000000008c900000, 0x000000008c900000|100%| E|CS|TAMS 0x000000008c800000, 0x000000008c800000| Complete 
| 201|0x000000008c900000, 0x000000008ca00000, 0x000000008ca00000|100%| E|CS|TAMS 0x000000008c900000, 0x000000008c900000| Complete 
| 202|0x000000008ca00000, 0x000000008cb00000, 0x000000008cb00000|100%| E|CS|TAMS 0x000000008ca00000, 0x000000008ca00000| Complete 
| 203|0x000000008cb00000, 0x000000008cc00000, 0x000000008cc00000|100%| E|CS|TAMS 0x000000008cb00000, 0x000000008cb00000| Complete 
| 204|0x000000008cc00000, 0x000000008cd00000, 0x000000008cd00000|100%| E|CS|TAMS 0x000000008cc00000, 0x000000008cc00000| Complete 
| 205|0x000000008cd00000, 0x000000008ce00000, 0x000000008ce00000|100%| E|CS|TAMS 0x000000008cd00000, 0x000000008cd00000| Complete 

Card table byte_map: [0x0000023fa3e40000,0x0000023fa4240000] _byte_map_base: 0x0000023fa3a40000

Marking Bits (Prev, Next): (CMBitMap*) 0x0000023f902e0da0, (CMBitMap*) 0x0000023f902e0d68
 Prev Bits: [0x0000023fa6640000, 0x0000023fa8640000)
 Next Bits: [0x0000023fa4640000, 0x0000023fa6640000)

Polling page: 0x0000023f90380000

Metaspace:

Usage:
  Non-class:     84.01 MB capacity,    82.30 MB ( 98%) used,     1.41 MB (  2%) free+waste,   301.13 KB ( <1%) overhead. 
      Class:     13.16 MB capacity,    12.24 MB ( 93%) used,   808.59 KB (  6%) free+waste,   137.44 KB (  1%) overhead. 
       Both:     97.17 MB capacity,    94.54 MB ( 97%) used,     2.20 MB (  2%) free+waste,   438.56 KB ( <1%) overhead. 

Virtual space:
  Non-class space:       86.00 MB reserved,      84.20 MB ( 98%) committed 
      Class space:        1.00 GB reserved,      13.25 MB (  1%) committed 
             Both:        1.08 GB reserved,      97.45 MB (  9%) committed 

Chunk freelists:
   Non-Class:  3.00 KB
       Class:  25.00 KB
        Both:  28.00 KB

MaxMetaspaceSize: 17179869184.00 GB
CompressedClassSpaceSize: 1.00 GB

CodeHeap 'non-profiled nmethods': size=120000Kb used=6900Kb max_used=6900Kb free=113099Kb
 bounds [0x0000023f9b880000, 0x0000023f9bf40000, 0x0000023fa2db0000]
CodeHeap 'profiled nmethods': size=120000Kb used=23636Kb max_used=23636Kb free=96363Kb
 bounds [0x0000023f94350000, 0x0000023f95a70000, 0x0000023f9b880000]
CodeHeap 'non-nmethods': size=5760Kb used=2319Kb max_used=2358Kb free=3441Kb
 bounds [0x0000023f93db0000, 0x0000023f94020000, 0x0000023f94350000]
 total_blobs=12093 nmethods=11158 adapters=846
 compilation: enabled
              stopped_count=0, restarted_count=0
 full_count=0

Compilation events (20 events):
Event: 12.799 Thread 0x0000023fab367000 11176       3       java.util.IdentityHashMap::put (137 bytes)
Event: 12.800 Thread 0x0000023fab367000 nmethod 11176 0x0000023f95a51490 code [0x0000023f95a516e0, 0x0000023f95a52158]
Event: 12.800 Thread 0x0000023fab367000 11174       3       com.android.tools.r8.graph.h::hashCode (109 bytes)
Event: 12.801 Thread 0x0000023fab367000 nmethod 11174 0x0000023f95a52490 code [0x0000023f95a52660, 0x0000023f95a528c8]
Event: 12.801 Thread 0x0000023fab367000 11172       3       com.android.tools.r8.graph.S::<init> (5 bytes)
Event: 12.801 Thread 0x0000023fab367000 nmethod 11172 0x0000023f95a52990 code [0x0000023f95a52b40, 0x0000023f95a52c98]
Event: 12.801 Thread 0x0000023fab367000 11177       3       java.util.IdentityHashMap::nextKeyIndex (15 bytes)
Event: 12.801 Thread 0x0000023fab367000 nmethod 11177 0x0000023f95a52d90 code [0x0000023f95a52f40, 0x0000023f95a53078]
Event: 12.801 Thread 0x0000023fab367000 11173       3       com.android.tools.r8.graph.h::<init> (10 bytes)
Event: 12.801 Thread 0x0000023fab367000 nmethod 11173 0x0000023f95a53110 code [0x0000023f95a532c0, 0x0000023f95a53498]
Event: 12.801 Thread 0x0000023fab367000 11175       3       com.android.tools.r8.graph.z0::<init> (5 bytes)
Event: 12.801 Thread 0x0000023fab367000 nmethod 11175 0x0000023f95a53590 code [0x0000023f95a53760, 0x0000023f95a53998]
Event: 12.813 Thread 0x0000023fab367000 11178       3       com.android.tools.r8.graph.T::a (54 bytes)
Event: 12.814 Thread 0x0000023fab367000 nmethod 11178 0x0000023f95a53a90 code [0x0000023f95a53c60, 0x0000023f95a53f68]
Event: 12.814 Thread 0x0000023fab367000 11179       3       com.android.tools.r8.internal.Xe::c (23 bytes)
Event: 12.815 Thread 0x0000023fab367000 nmethod 11179 0x0000023f95a54090 code [0x0000023f95a54260, 0x0000023f95a54458]
Event: 12.815 Thread 0x0000023fab367000 11180       3       com.android.tools.r8.internal.Xe::d (140 bytes)
Event: 12.815 Thread 0x0000023fab367000 nmethod 11180 0x0000023f95a54510 code [0x0000023f95a546e0, 0x0000023f95a54cb8]
Event: 12.815 Thread 0x0000023fab367000 11181       3       com.android.tools.r8.graph.c0::F (16 bytes)
Event: 12.815 Thread 0x0000023fab367000 nmethod 11181 0x0000023f95a54d90 code [0x0000023f95a54f40, 0x0000023f95a55088]

GC Heap History (20 events):
Event: 5.662 GC heap before
{Heap before GC invocations=12 (full 0):
 garbage-first heap   total 145408K, used 87892K [0x0000000080000000, 0x0000000100000000)
  region size 1024K, 46 young (47104K), 9 survivors (9216K)
 Metaspace       used 58634K, capacity 60096K, committed 60236K, reserved 1101824K
  class space    used 7421K, capacity 7973K, committed 8064K, reserved 1048576K
}
Event: 5.672 GC heap after
{Heap after GC invocations=13 (full 0):
 garbage-first heap   total 145408K, used 53366K [0x0000000080000000, 0x0000000100000000)
  region size 1024K, 2 young (2048K), 2 survivors (2048K)
 Metaspace       used 58634K, capacity 60096K, committed 60236K, reserved 1101824K
  class space    used 7421K, capacity 7973K, committed 8064K, reserved 1048576K
}
Event: 6.193 GC heap before
{Heap before GC invocations=14 (full 0):
 garbage-first heap   total 145408K, used 101494K [0x0000000080000000, 0x0000000100000000)
  region size 1024K, 50 young (51200K), 2 survivors (2048K)
 Metaspace       used 63461K, capacity 64973K, committed 65228K, reserved 1105920K
  class space    used 8009K, capacity 8565K, committed 8704K, reserved 1048576K
}
Event: 6.199 GC heap after
{Heap after GC invocations=15 (full 0):
 garbage-first heap   total 175104K, used 57460K [0x0000000080000000, 0x0000000100000000)
  region size 1024K, 6 young (6144K), 6 survivors (6144K)
 Metaspace       used 63461K, capacity 64973K, committed 65228K, reserved 1105920K
  class space    used 8009K, capacity 8565K, committed 8704K, reserved 1048576K
}
Event: 6.690 GC heap before
{Heap before GC invocations=15 (full 0):
 garbage-first heap   total 175104K, used 116852K [0x0000000080000000, 0x0000000100000000)
  region size 1024K, 63 young (64512K), 6 survivors (6144K)
 Metaspace       used 66773K, capacity 68320K, committed 68428K, reserved 1107968K
  class space    used 8413K, capacity 8989K, committed 9088K, reserved 1048576K
}
Event: 6.698 GC heap after
{Heap after GC invocations=16 (full 0):
 garbage-first heap   total 175104K, used 62088K [0x0000000080000000, 0x0000000100000000)
  region size 1024K, 5 young (5120K), 5 survivors (5120K)
 Metaspace       used 66773K, capacity 68320K, committed 68428K, reserved 1107968K
  class space    used 8413K, capacity 8989K, committed 9088K, reserved 1048576K
}
Event: 7.460 GC heap before
{Heap before GC invocations=16 (full 0):
 garbage-first heap   total 175104K, used 120456K [0x0000000080000000, 0x0000000100000000)
  region size 1024K, 62 young (63488K), 5 survivors (5120K)
 Metaspace       used 74390K, capacity 76012K, committed 76236K, reserved 1116160K
  class space    used 9515K, capacity 10137K, committed 10240K, reserved 1048576K
}
Event: 7.467 GC heap after
{Heap after GC invocations=17 (full 0):
 garbage-first heap   total 175104K, used 65990K [0x0000000080000000, 0x0000000100000000)
  region size 1024K, 4 young (4096K), 4 survivors (4096K)
 Metaspace       used 74390K, capacity 76012K, committed 76236K, reserved 1116160K
  class space    used 9515K, capacity 10137K, committed 10240K, reserved 1048576K
}
Event: 8.081 GC heap before
{Heap before GC invocations=17 (full 0):
 garbage-first heap   total 175104K, used 125382K [0x0000000080000000, 0x0000000100000000)
  region size 1024K, 62 young (63488K), 4 survivors (4096K)
 Metaspace       used 80167K, capacity 81976K, committed 82252K, reserved 1120256K
  class space    used 10345K, capacity 11018K, committed 11136K, reserved 1048576K
}
Event: 8.087 GC heap after
{Heap after GC invocations=18 (full 0):
 garbage-first heap   total 175104K, used 69040K [0x0000000080000000, 0x0000000100000000)
  region size 1024K, 7 young (7168K), 7 survivors (7168K)
 Metaspace       used 80167K, capacity 81976K, committed 82252K, reserved 1120256K
  class space    used 10345K, capacity 11018K, committed 11136K, reserved 1048576K
}
Event: 8.809 GC heap before
{Heap before GC invocations=18 (full 0):
 garbage-first heap   total 175104K, used 128432K [0x0000000080000000, 0x0000000100000000)
  region size 1024K, 66 young (67584K), 7 survivors (7168K)
 Metaspace       used 85030K, capacity 87312K, committed 87372K, reserved 1124352K
  class space    used 11018K, capacity 11860K, committed 11904K, reserved 1048576K
}
Event: 8.822 GC heap after
{Heap after GC invocations=19 (full 0):
 garbage-first heap   total 175104K, used 75061K [0x0000000080000000, 0x0000000100000000)
  region size 1024K, 9 young (9216K), 9 survivors (9216K)
 Metaspace       used 85030K, capacity 87312K, committed 87372K, reserved 1124352K
  class space    used 11018K, capacity 11860K, committed 11904K, reserved 1048576K
}
Event: 9.212 GC heap before
{Heap before GC invocations=19 (full 0):
 garbage-first heap   total 175104K, used 132405K [0x0000000080000000, 0x0000000100000000)
  region size 1024K, 66 young (67584K), 9 survivors (9216K)
 Metaspace       used 85529K, capacity 87757K, committed 88012K, reserved 1126400K
  class space    used 11054K, capacity 11912K, committed 12032K, reserved 1048576K
}
Event: 9.225 GC heap after
{Heap after GC invocations=20 (full 0):
 garbage-first heap   total 175104K, used 81893K [0x0000000080000000, 0x0000000100000000)
  region size 1024K, 7 young (7168K), 7 survivors (7168K)
 Metaspace       used 85529K, capacity 87757K, committed 88012K, reserved 1126400K
  class space    used 11054K, capacity 11912K, committed 12032K, reserved 1048576K
}
Event: 9.695 GC heap before
{Heap before GC invocations=20 (full 0):
 garbage-first heap   total 175104K, used 136165K [0x0000000080000000, 0x0000000100000000)
  region size 1024K, 61 young (62464K), 7 survivors (7168K)
 Metaspace       used 87238K, capacity 89539K, committed 89676K, reserved 1126400K
  class space    used 11254K, capacity 12120K, committed 12160K, reserved 1048576K
}
Event: 9.703 GC heap after
{Heap after GC invocations=21 (full 0):
 garbage-first heap   total 210944K, used 85064K [0x0000000080000000, 0x0000000100000000)
  region size 1024K, 6 young (6144K), 6 survivors (6144K)
 Metaspace       used 87238K, capacity 89539K, committed 89676K, reserved 1126400K
  class space    used 11254K, capacity 12120K, committed 12160K, reserved 1048576K
}
Event: 10.398 GC heap before
{Heap before GC invocations=21 (full 0):
 garbage-first heap   total 210944K, used 151624K [0x0000000080000000, 0x0000000100000000)
  region size 1024K, 72 young (73728K), 6 survivors (6144K)
 Metaspace       used 92179K, capacity 94424K, committed 94668K, reserved 1130496K
  class space    used 11886K, capacity 12764K, committed 12800K, reserved 1048576K
}
Event: 10.404 GC heap after
{Heap after GC invocations=22 (full 0):
 garbage-first heap   total 210944K, used 89561K [0x0000000080000000, 0x0000000100000000)
  region size 1024K, 5 young (5120K), 5 survivors (5120K)
 Metaspace       used 92179K, capacity 94424K, committed 94668K, reserved 1130496K
  class space    used 11886K, capacity 12764K, committed 12800K, reserved 1048576K
}
Event: 12.628 GC heap before
{Heap before GC invocations=22 (full 0):
 garbage-first heap   total 210944K, used 156121K [0x0000000080000000, 0x0000000100000000)
  region size 1024K, 71 young (72704K), 5 survivors (5120K)
 Metaspace       used 95377K, capacity 98001K, committed 98252K, reserved 1134592K
  class space    used 12335K, capacity 13279K, committed 13312K, reserved 1048576K
}
Event: 12.640 GC heap after
{Heap after GC invocations=23 (full 0):
 garbage-first heap   total 210944K, used 93845K [0x0000000080000000, 0x0000000100000000)
  region size 1024K, 9 young (9216K), 9 survivors (9216K)
 Metaspace       used 95377K, capacity 98001K, committed 98252K, reserved 1134592K
  class space    used 12335K, capacity 13279K, committed 13312K, reserved 1048576K
}

Deoptimization events (20 events):
Event: 12.533 Thread 0x0000023faf058000 DEOPT PACKING pc=0x0000023f9bc6211c sp=0x00000072a7efa100
Event: 12.533 Thread 0x0000023faf058000 DEOPT UNPACKING pc=0x0000023f93dd78af sp=0x00000072a7efa0b8 mode 2
Event: 12.533 Thread 0x0000023faf058000 Uncommon trap: trap_request=0xffffff4d fr.pc=0x0000023f9bc60980 relative=0x0000000000000060
Event: 12.533 Thread 0x0000023faf058000 Uncommon trap: reason=unstable_if action=reinterpret pc=0x0000023f9bc60980 method=java.util.zip.ZipFile$ZipEntryIterator.hasNext()Z @ 8 c2
Event: 12.533 Thread 0x0000023faf058000 DEOPT PACKING pc=0x0000023f9bc60980 sp=0x00000072a7efa1f0
Event: 12.533 Thread 0x0000023faf058000 DEOPT UNPACKING pc=0x0000023f93dd78af sp=0x00000072a7efa128 mode 2
Event: 12.742 Thread 0x0000023faf062000 Uncommon trap: trap_request=0xffffff4d fr.pc=0x0000023f9be34b4c relative=0x00000000000017cc
Event: 12.742 Thread 0x0000023faf062000 Uncommon trap: reason=unstable_if action=reinterpret pc=0x0000023f9be34b4c method=java.util.concurrent.ConcurrentHashMap.putVal(Ljava/lang/Object;Ljava/lang/Object;Z)Ljava/lang/Object; @ 162 c2
Event: 12.742 Thread 0x0000023faf062000 DEOPT PACKING pc=0x0000023f9be34b4c sp=0x00000072a8cf5440
Event: 12.742 Thread 0x0000023faf062000 DEOPT UNPACKING pc=0x0000023f93dd78af sp=0x00000072a8cf53e8 mode 2
Event: 12.742 Thread 0x0000023faf062000 Uncommon trap: trap_request=0xffffff4d fr.pc=0x0000023f9bdc8e50 relative=0x0000000000000170
Event: 12.742 Thread 0x0000023faf062000 Uncommon trap: reason=unstable_if action=reinterpret pc=0x0000023f9bdc8e50 method=com.google.common.collect.MapMakerInternalMap$Segment.getEntry(Ljava/lang/Object;I)Lcom/google/common/collect/MapMakerInternalMap$InternalEntry; @ 63 c2
Event: 12.742 Thread 0x0000023faf062000 DEOPT PACKING pc=0x0000023f9bdc8e50 sp=0x00000072a8cf5310
Event: 12.742 Thread 0x0000023faf062000 DEOPT UNPACKING pc=0x0000023f93dd78af sp=0x00000072a8cf52c8 mode 2
Event: 12.743 Thread 0x0000023faf062000 Uncommon trap: trap_request=0xffffff4d fr.pc=0x0000023f9bde39d0 relative=0x00000000000018b0
Event: 12.743 Thread 0x0000023faf062000 Uncommon trap: reason=unstable_if action=reinterpret pc=0x0000023f9bde39d0 method=com.google.common.collect.MapMakerInternalMap$Segment.put(Ljava/lang/Object;ILjava/lang/Object;Z)Ljava/lang/Object; @ 92 c2
Event: 12.743 Thread 0x0000023faf062000 DEOPT PACKING pc=0x0000023f9bde39d0 sp=0x00000072a8cf5350
Event: 12.743 Thread 0x0000023faf062000 DEOPT UNPACKING pc=0x0000023f93dd78af sp=0x00000072a8cf52f8 mode 2
Event: 12.796 Thread 0x0000023faf05c000 DEOPT PACKING pc=0x0000023f9564d876 sp=0x00000072a8afcc60
Event: 12.796 Thread 0x0000023faf05c000 DEOPT UNPACKING pc=0x0000023f93dd76ce sp=0x00000072a8afc180 mode 0

Classes redefined (0 events):
No events

Internal exceptions (20 events):
Event: 10.548 Thread 0x0000023faf059000 Exception <a 'java/lang/NoSuchMethodError'{0x000000008c509f40}: 'java.lang.Object java.lang.invoke.DirectMethodHandle$Holder.invokeStatic(java.lang.Object, java.lang.Object, java.lang.Object, java.lang.Object, java.lang.Object, java.lang.Object, java.lang.Object, java.lang.Object, int, int, java.lang.Object)'> (0x000000008c509f40) thrown at [./src/hotspot/share/interpreter/linkResolver.cpp, line 773]
Event: 10.549 Thread 0x0000023faf059000 Exception <a 'java/lang/NoSuchMethodError'{0x000000008c5274b8}: 'java.lang.Object java.lang.invoke.DirectMethodHandle$Holder.invokeStatic(java.lang.Object, java.lang.Object, java.lang.Object, java.lang.Object, java.lang.Object, java.lang.Object, java.lang.Object, java.lang.Object, int, int, java.lang.Object, java.lang.Object)'> (0x000000008c5274b8) thrown at [./src/hotspot/share/interpreter/linkResolver.cpp, line 773]
Event: 10.558 Thread 0x0000023faf059000 Exception <a 'java/lang/NoSuchMethodError'{0x000000008c55a208}: <clinit>> (0x000000008c55a208) thrown at [./src/hotspot/share/prims/jni.cpp, line 1362]
Event: 10.560 Thread 0x0000023faf059000 Exception <a 'java/lang/NoSuchMethodError'{0x000000008c59d038}: <clinit>> (0x000000008c59d038) thrown at [./src/hotspot/share/prims/jni.cpp, line 1362]
Event: 10.562 Thread 0x0000023faf05b800 Exception <a 'java/lang/InterruptedException'{0x000000008c400000}> (0x000000008c400000) thrown at [./src/hotspot/share/runtime/objectMonitor.cpp, line 1635]
Event: 10.563 Thread 0x0000023faf05b800 Exception <a 'java/lang/NoSuchMethodError'{0x000000008c408060}: 'java.lang.Object java.lang.invoke.DirectMethodHandle$Holder.invokeStatic(java.lang.Object, java.lang.Object, int, java.lang.Object, long)'> (0x000000008c408060) thrown at [./src/hotspot/share/interpreter/linkResolver.cpp, line 773]
Event: 10.572 Thread 0x0000023faf059000 Exception <a 'java/lang/NoSuchMethodError'{0x000000008c5e47a0}: <clinit>> (0x000000008c5e47a0) thrown at [./src/hotspot/share/prims/jni.cpp, line 1362]
Event: 10.573 Thread 0x0000023faf059000 Exception <a 'java/lang/NoSuchMethodError'{0x000000008c5f6598}: <clinit>> (0x000000008c5f6598) thrown at [./src/hotspot/share/prims/jni.cpp, line 1362]
Event: 10.574 Thread 0x0000023faf059000 Exception <a 'java/lang/NoSuchMethodError'{0x000000008c429370}: <clinit>> (0x000000008c429370) thrown at [./src/hotspot/share/prims/jni.cpp, line 1362]
Event: 10.580 Thread 0x0000023faf059000 Exception <a 'java/lang/NoSuchMethodError'{0x000000008c483b30}: <clinit>> (0x000000008c483b30) thrown at [./src/hotspot/share/prims/jni.cpp, line 1362]
Event: 10.601 Thread 0x0000023faf059000 Exception <a 'java/lang/NoSuchMethodError'{0x000000008c23b7f8}: <clinit>> (0x000000008c23b7f8) thrown at [./src/hotspot/share/prims/jni.cpp, line 1362]
Event: 10.617 Thread 0x0000023faf05e800 Exception <a 'java/lang/NoSuchMethodError'{0x000000008c043c68}: 'java.lang.Object java.lang.invoke.DirectMethodHandle$Holder.invokeStatic(java.lang.Object, java.lang.Object, java.lang.Object, java.lang.Object, java.lang.Object, java.lang.Object, java.lang.Object, java.lang.Object, java.lang.Object, java.lang.Object, java.lang.Object, java.lang.Object, java.lang.Object, int)'> (0x000000008c043c68) thrown at [./src/hotspot/share/interpreter/linkResolver.cpp, line 773]
Event: 10.618 Thread 0x0000023faf05e800 Exception <a 'java/lang/NoSuchMethodError'{0x000000008c050490}: 'java.lang.Object java.lang.invoke.DirectMethodHandle$Holder.invokeStatic(java.lang.Object, java.lang.Object, java.lang.Object, java.lang.Object, java.lang.Object, java.lang.Object, java.lang.Object, java.lang.Object, java.lang.Object, java.lang.Object, java.lang.Object, java.lang.Object, java.lang.Object, int, int)'> (0x000000008c050490) thrown at [./src/hotspot/share/interpreter/linkResolver.cpp, line 773]
Event: 11.893 Thread 0x0000023faf059000 Exception <a 'java/lang/NoSuchMethodError'{0x000000008bfbfe48}: 'void java.lang.invoke.DirectMethodHandle$Holder.invokeStatic(java.lang.Object, java.lang.Object, java.lang.Object, java.lang.Object, java.lang.Object, java.lang.Object, java.lang.Object)'> (0x000000008bfbfe48) thrown at [./src/hotspot/share/interpreter/linkResolver.cpp, line 773]
Event: 11.905 Thread 0x0000023fae190800 Exception <a 'java/lang/NoSuchMethodError'{0x000000008bde9228}: <clinit>> (0x000000008bde9228) thrown at [./src/hotspot/share/prims/jni.cpp, line 1362]
Event: 12.262 Thread 0x0000023faee2c800 Implicit null exception at 0x0000023f9bf161c8 to 0x0000023f9bf16a98
Event: 12.369 Thread 0x0000023faee32800 Implicit null exception at 0x0000023f9bf27cd2 to 0x0000023f9bf280d8
Event: 12.572 Thread 0x0000023faf058000 Exception <a 'java/lang/NoSuchMethodError'{0x0000000088e43e58}: <clinit>> (0x0000000088e43e58) thrown at [./src/hotspot/share/prims/jni.cpp, line 1362]
Event: 12.733 Thread 0x0000023faf062000 Exception <a 'sun/nio/fs/WindowsException'{0x000000008c779b30}> (0x000000008c779b30) thrown at [./src/hotspot/share/prims/jni.cpp, line 615]
Event: 12.734 Thread 0x0000023faf05c000 Exception <a 'sun/nio/fs/WindowsException'{0x000000008c7839f8}> (0x000000008c7839f8) thrown at [./src/hotspot/share/prims/jni.cpp, line 615]

Events (20 events):
Event: 12.807 loading class com/android/tools/r8/graph/O
Event: 12.807 loading class com/android/tools/r8/graph/O done
Event: 12.808 loading class com/android/tools/r8/graph/B
Event: 12.808 loading class com/android/tools/r8/graph/B done
Event: 12.809 loading class com/android/tools/r8/graph/C
Event: 12.809 loading class com/android/tools/r8/graph/C done
Event: 12.809 loading class com/android/tools/r8/internal/eq
Event: 12.809 loading class com/android/tools/r8/internal/eq done
Event: 12.810 loading class com/android/tools/r8/internal/Iw
Event: 12.810 loading class com/android/tools/r8/internal/Iw done
Event: 12.811 loading class com/android/tools/r8/references/TypeReference
Event: 12.811 loading class com/android/tools/r8/references/TypeReference done
Event: 12.812 loading class com/android/tools/r8/internal/Xe
Event: 12.812 loading class com/android/tools/r8/internal/Xe done
Event: 12.813 loading class com/android/tools/r8/graph/T$j
Event: 12.813 loading class com/android/tools/r8/graph/T$j done
Event: 12.814 loading class com/android/tools/r8/graph/T$E
Event: 12.814 loading class com/android/tools/r8/graph/T$E done
Event: 12.815 loading class com/android/tools/r8/graph/A
Event: 12.815 loading class com/android/tools/r8/graph/A done


Dynamic libraries:
0x00007ff78ad10000 - 0x00007ff78ad1a000 	C:\Program Files\Android\Android Studio\jre\bin\java.exe
0x00007ffd0e8d0000 - 0x00007ffd0eac5000 	C:\Windows\SYSTEM32\ntdll.dll
0x00007ffd0e770000 - 0x00007ffd0e82e000 	C:\Windows\System32\KERNEL32.DLL
0x00007ffd0c650000 - 0x00007ffd0c918000 	C:\Windows\System32\KERNELBASE.dll
0x00007ffd0c4a0000 - 0x00007ffd0c5a0000 	C:\Windows\System32\ucrtbase.dll
0x00007ffd054e0000 - 0x00007ffd054f7000 	C:\Program Files\Android\Android Studio\jre\bin\VCRUNTIME140.dll
0x00007ffd057f0000 - 0x00007ffd05809000 	C:\Program Files\Android\Android Studio\jre\bin\jli.dll
0x00007ffd0d220000 - 0x00007ffd0d3c1000 	C:\Windows\System32\USER32.dll
0x00007ffcff520000 - 0x00007ffcff7ba000 	C:\Windows\WinSxS\amd64_microsoft.windows.common-controls_6595b64144ccf1df_6.0.19041.1110_none_60b5254171f9507e\COMCTL32.dll
0x00007ffd0c280000 - 0x00007ffd0c2a2000 	C:\Windows\System32\win32u.dll
0x00007ffd0d3d0000 - 0x00007ffd0d46e000 	C:\Windows\System32\msvcrt.dll
0x00007ffd0d4e0000 - 0x00007ffd0d50b000 	C:\Windows\System32\GDI32.dll
0x00007ffd0c340000 - 0x00007ffd0c44b000 	C:\Windows\System32\gdi32full.dll
0x00007ffd0c150000 - 0x00007ffd0c1ed000 	C:\Windows\System32\msvcp_win.dll
0x00007ffd0e1d0000 - 0x00007ffd0e200000 	C:\Windows\System32\IMM32.DLL
0x00007ffcef950000 - 0x00007ffcef9ed000 	C:\Program Files\Android\Android Studio\jre\bin\msvcp140.dll
0x00007ffca4660000 - 0x00007ffca512f000 	C:\Program Files\Android\Android Studio\jre\bin\server\jvm.dll
0x00007ffd0d8b0000 - 0x00007ffd0d95c000 	C:\Windows\System32\ADVAPI32.dll
0x00007ffd0d800000 - 0x00007ffd0d89b000 	C:\Windows\System32\sechost.dll
0x00007ffd0e0a0000 - 0x00007ffd0e1ca000 	C:\Windows\System32\RPCRT4.dll
0x00007ffd0d160000 - 0x00007ffd0d168000 	C:\Windows\System32\PSAPI.DLL
0x00007ffd04dd0000 - 0x00007ffd04dda000 	C:\Windows\SYSTEM32\VERSION.dll
0x00007ffd07810000 - 0x00007ffd07819000 	C:\Windows\SYSTEM32\WSOCK32.dll
0x00007ffcf82c0000 - 0x00007ffcf82e7000 	C:\Windows\SYSTEM32\WINMM.dll
0x00007ffd0d470000 - 0x00007ffd0d4db000 	C:\Windows\System32\WS2_32.dll
0x00007ffd0a870000 - 0x00007ffd0a882000 	C:\Windows\SYSTEM32\kernel.appcore.dll
0x00007ffce9ea0000 - 0x00007ffce9eb1000 	C:\Program Files\Android\Android Studio\jre\bin\verify.dll
0x00007ffd0a660000 - 0x00007ffd0a844000 	C:\Windows\SYSTEM32\DBGHELP.DLL
0x00007ffcfca70000 - 0x00007ffcfca9c000 	C:\Windows\SYSTEM32\dbgcore.DLL
0x00007ffd0c1f0000 - 0x00007ffd0c273000 	C:\Windows\System32\bcryptPrimitives.dll
0x00007ffcdf700000 - 0x00007ffcdf729000 	C:\Program Files\Android\Android Studio\jre\bin\java.dll
0x00007ffd057e0000 - 0x00007ffd057eb000 	C:\Program Files\Android\Android Studio\jre\bin\jimage.dll
0x00007ffce9450000 - 0x00007ffce9468000 	C:\Program Files\Android\Android Studio\jre\bin\zip.dll
0x00007ffd0d960000 - 0x00007ffd0e09f000 	C:\Windows\System32\SHELL32.dll
0x00007ffd09e00000 - 0x00007ffd0a590000 	C:\Windows\SYSTEM32\windows.storage.dll
0x00007ffd0e3f0000 - 0x00007ffd0e745000 	C:\Windows\System32\combase.dll
0x00007ffd0ba40000 - 0x00007ffd0ba6e000 	C:\Windows\SYSTEM32\Wldp.dll
0x00007ffd0e2e0000 - 0x00007ffd0e38d000 	C:\Windows\System32\SHCORE.dll
0x00007ffd0ca50000 - 0x00007ffd0caa5000 	C:\Windows\System32\shlwapi.dll
0x00007ffd0bf30000 - 0x00007ffd0bf4f000 	C:\Windows\SYSTEM32\profapi.dll
0x00007ffce77b0000 - 0x00007ffce77ca000 	C:\Program Files\Android\Android Studio\jre\bin\net.dll
0x00007ffd03950000 - 0x00007ffd03a5c000 	C:\Windows\SYSTEM32\WINHTTP.dll
0x00007ffd0b7a0000 - 0x00007ffd0b80a000 	C:\Windows\system32\mswsock.dll
0x00007ffce3840000 - 0x00007ffce3854000 	C:\Program Files\Android\Android Studio\jre\bin\nio.dll
0x00007ffce0240000 - 0x00007ffce0267000 	C:\Users\djute\.gradle\native\8bec1ad78214c89d9ad589b4d07fe93259594b29d510b10fafb7a158f7737e5d\windows-amd64\native-platform.dll
0x00007ffcc31b0000 - 0x00007ffcc32ed000 	C:\Users\djute\.gradle\native\53dbd7edfb1c66fb8903c78663c9afc45aea4f116125fa6feffd364cf09443e8\windows-amd64\native-platform-file-events.dll
0x00007ffcf1060000 - 0x00007ffcf106a000 	C:\Program Files\Android\Android Studio\jre\bin\management.dll
0x00007ffcef870000 - 0x00007ffcef87c000 	C:\Program Files\Android\Android Studio\jre\bin\management_ext.dll
0x00007ffd0b990000 - 0x00007ffd0b9a8000 	C:\Windows\SYSTEM32\CRYPTSP.dll
0x00007ffd0b0b0000 - 0x00007ffd0b0e4000 	C:\Windows\system32\rsaenh.dll
0x00007ffd0c310000 - 0x00007ffd0c337000 	C:\Windows\System32\bcrypt.dll
0x00007ffd0beb0000 - 0x00007ffd0bede000 	C:\Windows\SYSTEM32\USERENV.dll
0x00007ffd0b9b0000 - 0x00007ffd0b9bc000 	C:\Windows\SYSTEM32\CRYPTBASE.dll
0x00007ffd0b440000 - 0x00007ffd0b47b000 	C:\Windows\SYSTEM32\IPHLPAPI.DLL
0x00007ffd0d8a0000 - 0x00007ffd0d8a8000 	C:\Windows\System32\NSI.dll
0x00007ffd05960000 - 0x00007ffd05977000 	C:\Windows\SYSTEM32\dhcpcsvc6.DLL
0x00007ffd04e50000 - 0x00007ffd04e6d000 	C:\Windows\SYSTEM32\dhcpcsvc.DLL
0x00007ffd0b490000 - 0x00007ffd0b55b000 	C:\Windows\SYSTEM32\DNSAPI.dll
0x00007ffd08800000 - 0x00007ffd08808000 	C:\Program Files\Android\Android Studio\jre\bin\rmi.dll

dbghelp: loaded successfully - version: 4.0.5 - missing functions: none
symbol engine: initialized successfully - sym options: 0x614 - pdb path: .;C:\Program Files\Android\Android Studio\jre\bin;C:\Windows\SYSTEM32;C:\Windows\WinSxS\amd64_microsoft.windows.common-controls_6595b64144ccf1df_6.0.19041.1110_none_60b5254171f9507e;C:\Program Files\Android\Android Studio\jre\bin\server;C:\Users\djute\.gradle\native\8bec1ad78214c89d9ad589b4d07fe93259594b29d510b10fafb7a158f7737e5d\windows-amd64;C:\Users\djute\.gradle\native\53dbd7edfb1c66fb8903c78663c9afc45aea4f116125fa6feffd364cf09443e8\windows-amd64

VM Arguments:
jvm_args: --add-opens=java.base/java.util=ALL-UNNAMED --add-opens=java.base/java.lang=ALL-UNNAMED --add-opens=java.base/java.lang.invoke=ALL-UNNAMED --add-opens=java.base/java.util=ALL-UNNAMED --add-opens=java.prefs/java.util.prefs=ALL-UNNAMED --add-opens=java.prefs/java.util.prefs=ALL-UNNAMED --add-opens=java.base/java.nio.charset=ALL-UNNAMED --add-opens=java.base/java.net=ALL-UNNAMED --add-opens=java.base/java.util.concurrent.atomic=ALL-UNNAMED -Xmx2048m -Dfile.encoding=UTF-8 -Duser.country=RU -Duser.language=ru -Duser.variant 
java_command: org.gradle.launcher.daemon.bootstrap.GradleDaemon 7.0.2
java_class_path (initial): C:\Users\djute\.gradle\wrapper\dists\gradle-7.0.2-bin\857tjihv64xamwrf0h14cai3r\gradle-7.0.2\lib\gradle-launcher-7.0.2.jar
Launcher Type: SUN_STANDARD

[Global flags]
     intx CICompilerCount                          = 4                                         {product} {ergonomic}
     uint ConcGCThreads                            = 3                                         {product} {ergonomic}
     uint G1ConcRefinementThreads                  = 10                                        {product} {ergonomic}
   size_t G1HeapRegionSize                         = 1048576                                   {product} {ergonomic}
    uintx GCDrainStackTargetSize                   = 64                                        {product} {ergonomic}
   size_t InitialHeapSize                          = 123731968                                 {product} {ergonomic}
   size_t MarkStackSize                            = 4194304                                   {product} {ergonomic}
   size_t MaxHeapSize                              = 2147483648                                {product} {command line}
   size_t MaxNewSize                               = 1287651328                                {product} {ergonomic}
   size_t MinHeapDeltaBytes                        = 1048576                                   {product} {ergonomic}
    uintx NonNMethodCodeHeapSize                   = 5836300                                {pd product} {ergonomic}
    uintx NonProfiledCodeHeapSize                  = 122910970                              {pd product} {ergonomic}
    uintx ProfiledCodeHeapSize                     = 122910970                              {pd product} {ergonomic}
    uintx ReservedCodeCacheSize                    = 251658240                              {pd product} {ergonomic}
     bool SegmentedCodeCache                       = true                                      {product} {ergonomic}
     bool UseCompressedClassPointers               = true                                 {lp64_product} {ergonomic}
     bool UseCompressedOops                        = true                                 {lp64_product} {ergonomic}
     bool UseG1GC                                  = true                                      {product} {ergonomic}
     bool UseLargePagesIndividualAllocation        = false                                  {pd product} {ergonomic}

Logging:
Log output configuration:
 #0: stdout all=warning uptime,level,tags
 #1: stderr all=off uptime,level,tags

Environment Variables:
PATH=C:\ProgramData\Oracle\Java\javapath;C:\Windows\system32;C:\Windows;C:\Windows\System32\Wbem;C:\Windows\System32\WindowsPowerShell\v1.0\;C:\Windows\System32\OpenSSH\;C:\Program Files\Git\cmd;C:\Program Files\NVIDIA Corporation\NVIDIA NvDLISR;C:\Program Files (x86)\NVIDIA Corporation\PhysX\Common;C:\Program Files\dotnet\;C:\Users\djute\AppData\Local\Microsoft\WindowsApps;;C:\Program Files\JetBrains\IntelliJ IDEA Community Edition 2021.2.2\bin;
USERNAME=djute
OS=Windows_NT
PROCESSOR_IDENTIFIER=AMD64 Family 23 Model 96 Stepping 1, AuthenticAMD



---------------  S Y S T E M  ---------------

OS: Windows 10 , 64 bit Build 19041 (10.0.19041.1348)
OS uptime: 0 days 4:10 hours

CPU:total 12 (initial active 12) (12 cores per cpu, 2 threads per core) family 23 model 96 stepping 1 microcode 0x0, cmov, cx8, fxsr, mmx, sse, sse2, sse3, ssse3, sse4.1, sse4.2, popcnt, avx, avx2, aes, clmul, mmxext, 3dnowpref, lzcnt, sse4a, ht, tsc, tscinvbit, tscinv, bmi1, bmi2, adx, 

Memory: 4k page, system-wide physical 7549M (1182M free)
TotalPageFile size 18433M (AvailPageFile size 4M)
current process WorkingSet (physical memory assigned to process): 495M, peak: 496M
current process commit charge ("private bytes"): 536M, peak: 537M

vm_info: OpenJDK 64-Bit Server VM (11.0.10+0-b96-7249189) for windows-amd64 JRE (11.0.10+0-b96-7249189), built on Mar 31 2021 21:44:00 by "builder" with MS VC++ 14.0 (VS2015)

END.
