#
# There is insufficient memory for the Java Runtime Environment to continue.
# Native memory allocation (malloc) failed to allocate 1048816 bytes for Chunk::new
# Possible reasons:
#   The system is out of physical RAM or swap space
#   The process is running with CompressedOops enabled, and the Java Heap may be blocking the growth of the native heap
# Possible solutions:
#   Reduce memory load on the system
#   Increase physical memory or swap space
#   Check if swap backing store is full
#   Decrease Java heap size (-Xmx/-Xms)
#   Decrease number of Java threads
#   Decrease Java thread stack sizes (-Xss)
#   Set larger code cache with -XX:ReservedCodeCacheSize=
#   JVM is running with Unscaled Compressed Oops mode in which the Java heap is
#     placed in the first 4GB address space. The Java Heap base address is the
#     maximum limit for the native heap growth. Please use -XX:HeapBaseMinAddress
#     to set the Java Heap base and to place the Java Heap above 4GB virtual address.
# This output file may be truncated or incomplete.
#
#  Out of Memory Error (./src/hotspot/share/memory/arena.cpp:197), pid=11936, tid=9220
#
# JRE version: OpenJDK Runtime Environment (11.0.10) (build 11.0.10+0-b96-7249189)
# Java VM: OpenJDK 64-Bit Server VM (11.0.10+0-b96-7249189, mixed mode, tiered, compressed oops, g1 gc, windows-amd64)
# No core dump will be written. Minidumps are not enabled by default on client versions of Windows
#

---------------  S U M M A R Y ------------

Command Line: --add-opens=java.base/java.util=ALL-UNNAMED --add-opens=java.base/java.lang=ALL-UNNAMED --add-opens=java.base/java.lang.invoke=ALL-UNNAMED --add-opens=java.base/java.util=ALL-UNNAMED --add-opens=java.prefs/java.util.prefs=ALL-UNNAMED --add-opens=java.prefs/java.util.prefs=ALL-UNNAMED --add-opens=java.base/java.nio.charset=ALL-UNNAMED --add-opens=java.base/java.net=ALL-UNNAMED --add-opens=java.base/java.util.concurrent.atomic=ALL-UNNAMED -Xmx2048m -Dfile.encoding=UTF-8 -Duser.country=RU -Duser.language=ru -Duser.variant org.gradle.launcher.daemon.bootstrap.GradleDaemon 7.0.2

Host: AMD Ryzen 5 4600H with Radeon Graphics         , 12 cores, 7G,  Windows 10 , 64 bit Build 19041 (10.0.19041.1348)
Time: Mon Nov 15 13:52:35 2021 Саратов (зима) elapsed time: 10.035873 seconds (0d 0h 0m 10s)

---------------  T H R E A D  ---------------

Current thread (0x000001353fcb5000):  JavaThread "C2 CompilerThread0" daemon [_thread_in_native, id=9220, stack(0x0000000c35500000,0x0000000c35600000)]


Current CompileTask:
C2:  10035 9757   !   4       java.net.URLClassLoader$1::run (63 bytes)

Stack: [0x0000000c35500000,0x0000000c35600000]
Native frames: (J=compiled Java code, j=interpreted, Vv=VM code, C=native code)
V  [jvm.dll+0x5ecfaa]
V  [jvm.dll+0x722bd5]
V  [jvm.dll+0x72412d]
V  [jvm.dll+0x7247e3]
V  [jvm.dll+0x242928]
V  [jvm.dll+0xbc4fc]
V  [jvm.dll+0xbca0c]
V  [jvm.dll+0x352d7d]
V  [jvm.dll+0x19800c]
V  [jvm.dll+0x1fb70e]
V  [jvm.dll+0x1fa7f4]
V  [jvm.dll+0x18354c]
V  [jvm.dll+0x208ee7]
V  [jvm.dll+0x207731]
V  [jvm.dll+0x6eb1cf]
V  [jvm.dll+0x6e3d45]
V  [jvm.dll+0x5ebe96]
C  [ucrtbase.dll+0x21bb2]
C  [KERNEL32.DLL+0x17034]
C  [ntdll.dll+0x52651]


---------------  P R O C E S S  ---------------

Threads class SMR info:
_java_thread_list=0x000001354092c5b0, length=75, elements={
0x0000013524c3a800, 0x000001353fc94800, 0x000001353fc96800, 0x000001353fcb2800,
0x000001353fcb3000, 0x000001353fcb4000, 0x000001353fcb5000, 0x000001353fcbc000,
0x000001353fcc3800, 0x0000013540780800, 0x00000135419e2000, 0x0000013542aca800,
0x00000135424dd800, 0x0000013542f87800, 0x00000135418a6000, 0x0000013541a02000,
0x0000013541f55800, 0x00000135427d6800, 0x00000135427bb000, 0x00000135427ba000,
0x00000135427bc000, 0x00000135427bc800, 0x0000013543217000, 0x0000013542ed2800,
0x000001354321a800, 0x0000013543219800, 0x000001354321b000, 0x0000013543218000,
0x0000013543218800, 0x000001354321c000, 0x0000013543216000, 0x00000135439bc000,
0x000001354321e800, 0x000001354321f000, 0x0000013543220000, 0x0000013543221800,
0x0000013543222800, 0x000001354321c800, 0x0000013543225000, 0x0000013543223000,
0x000001354822c800, 0x000001354822d800, 0x0000013548229800, 0x000001354822e000,
0x000001354822f000, 0x0000013548230000, 0x000001354822a000, 0x0000013548230800,
0x000001354822c000, 0x000001354822b000, 0x0000013548232800, 0x0000013548233000,
0x0000013548237000, 0x0000013548234000, 0x0000013548235800, 0x0000013548236800,
0x0000013548235000, 0x0000013548231800, 0x0000013548238000, 0x0000013542c76000,
0x0000013542c78000, 0x0000013542c73800, 0x0000013542c7a000, 0x0000013542c76800,
0x0000013542c77800, 0x0000013542c79000, 0x0000013542c74000, 0x0000013542c7e800,
0x0000013542c7f800, 0x0000013542c80800, 0x0000013542c7b800, 0x0000013542c7e000,
0x0000013542c7a800, 0x0000013542c81000, 0x0000013542c7d000
}

Java Threads: ( => current thread )
  0x0000013524c3a800 JavaThread "main" [_thread_blocked, id=11436, stack(0x0000000c34900000,0x0000000c34a00000)]
  0x000001353fc94800 JavaThread "Reference Handler" daemon [_thread_blocked, id=1440, stack(0x0000000c35000000,0x0000000c35100000)]
  0x000001353fc96800 JavaThread "Finalizer" daemon [_thread_blocked, id=6020, stack(0x0000000c35100000,0x0000000c35200000)]
  0x000001353fcb2800 JavaThread "Signal Dispatcher" daemon [_thread_blocked, id=1504, stack(0x0000000c35200000,0x0000000c35300000)]
  0x000001353fcb3000 JavaThread "Attach Listener" daemon [_thread_blocked, id=4424, stack(0x0000000c35300000,0x0000000c35400000)]
  0x000001353fcb4000 JavaThread "Service Thread" daemon [_thread_blocked, id=2712, stack(0x0000000c35400000,0x0000000c35500000)]
=>0x000001353fcb5000 JavaThread "C2 CompilerThread0" daemon [_thread_in_native, id=9220, stack(0x0000000c35500000,0x0000000c35600000)]
  0x000001353fcbc000 JavaThread "C1 CompilerThread0" daemon [_thread_blocked, id=2988, stack(0x0000000c35600000,0x0000000c35700000)]
  0x000001353fcc3800 JavaThread "Sweeper thread" daemon [_thread_blocked, id=13952, stack(0x0000000c35700000,0x0000000c35800000)]
  0x0000013540780800 JavaThread "Common-Cleaner" daemon [_thread_blocked, id=15100, stack(0x0000000c35800000,0x0000000c35900000)]
  0x00000135419e2000 JavaThread "Daemon health stats" [_thread_blocked, id=11208, stack(0x0000000c35d00000,0x0000000c35e00000)]
  0x0000013542aca800 JavaThread "Incoming local TCP Connector on port 65485" [_thread_in_native, id=6916, stack(0x0000000c35c00000,0x0000000c35d00000)]
  0x00000135424dd800 JavaThread "Daemon periodic checks" [_thread_blocked, id=9204, stack(0x0000000c35e00000,0x0000000c35f00000)]
  0x0000013542f87800 JavaThread "Daemon" [_thread_blocked, id=9948, stack(0x0000000c35f00000,0x0000000c36000000)]
  0x00000135418a6000 JavaThread "Handler for socket connection from /127.0.0.1:65485 to /127.0.0.1:65486" [_thread_in_native, id=8900, stack(0x0000000c36000000,0x0000000c36100000)]
  0x0000013541a02000 JavaThread "Cancel handler" [_thread_blocked, id=12092, stack(0x0000000c36100000,0x0000000c36200000)]
  0x0000013541f55800 JavaThread "Daemon worker" [_thread_blocked, id=7860, stack(0x0000000c36200000,0x0000000c36300000)]
  0x00000135427d6800 JavaThread "Asynchronous log dispatcher for DefaultDaemonConnection: socket connection from /127.0.0.1:65485 to /127.0.0.1:65486" [_thread_blocked, id=9552, stack(0x0000000c36300000,0x0000000c36400000)]
  0x00000135427bb000 JavaThread "Stdin handler" [_thread_blocked, id=11064, stack(0x0000000c36400000,0x0000000c36500000)]
  0x00000135427ba000 JavaThread "Daemon client event forwarder" [_thread_blocked, id=10488, stack(0x0000000c36500000,0x0000000c36600000)]
  0x00000135427bc000 JavaThread "Cache worker for file hash cache (C:\Users\djute\.gradle\caches\7.0.2\fileHashes)" [_thread_blocked, id=6864, stack(0x0000000c36f00000,0x0000000c37000000)]
  0x00000135427bc800 JavaThread "File lock request listener" [_thread_in_native, id=15180, stack(0x0000000c37000000,0x0000000c37100000)]
  0x0000013543217000 JavaThread "Cache worker for journal cache (C:\Users\djute\.gradle\caches\journal-1)" [_thread_blocked, id=11772, stack(0x0000000c37300000,0x0000000c37400000)]
  0x0000013542ed2800 JavaThread "C2 CompilerThread1" daemon [_thread_in_native, id=13120, stack(0x0000000c35a00000,0x0000000c35b00000)]
  0x000001354321a800 JavaThread "Cache worker for file hash cache (C:\Users\djute\AndroidStudioProjects\WorldCinemaTest\.gradle\7.0.2\fileHashes)" [_thread_blocked, id=3648, stack(0x0000000c37400000,0x0000000c37500000)]
  0x0000013543219800 JavaThread "File watcher server" daemon [_thread_in_native, id=4456, stack(0x0000000c37500000,0x0000000c37600000)]
  0x000001354321b000 JavaThread "File watcher consumer" daemon [_thread_blocked, id=8688, stack(0x0000000c37600000,0x0000000c37700000)]
  0x0000013543218000 JavaThread "Cache worker for checksums cache (C:\Users\djute\AndroidStudioProjects\WorldCinemaTest\.gradle\checksums)" [_thread_blocked, id=2688, stack(0x0000000c37700000,0x0000000c37800000)]
  0x0000013543218800 JavaThread "Cache worker for cache directory md-supplier (C:\Users\djute\.gradle\caches\7.0.2\md-supplier)" [_thread_blocked, id=2992, stack(0x0000000c37800000,0x0000000c37900000)]
  0x000001354321c000 JavaThread "Cache worker for cache directory md-rule (C:\Users\djute\.gradle\caches\7.0.2\md-rule)" [_thread_blocked, id=3056, stack(0x0000000c37900000,0x0000000c37a00000)]
  0x0000013543216000 JavaThread "Cache worker for execution history cache (C:\Users\djute\.gradle\caches\7.0.2\executionHistory)" [_thread_blocked, id=7876, stack(0x0000000c37a00000,0x0000000c37b00000)]
  0x00000135439bc000 JavaThread "C2 CompilerThread2" daemon [_thread_in_native, id=9524, stack(0x0000000c37b00000,0x0000000c37c00000)]
  0x000001354321e800 JavaThread "jar transforms" [_thread_blocked, id=4964, stack(0x0000000c37c00000,0x0000000c37d00000)]
  0x000001354321f000 JavaThread "jar transforms Thread 2" [_thread_blocked, id=1120, stack(0x0000000c37d00000,0x0000000c37e00000)]
  0x0000013543220000 JavaThread "Cache worker for file content cache (C:\Users\djute\.gradle\caches\7.0.2\fileContent)" [_thread_blocked, id=13900, stack(0x0000000c37e00000,0x0000000c37f00000)]
  0x0000013543221800 JavaThread "Cache worker for dependencies-accessors (C:\Users\djute\AndroidStudioProjects\WorldCinemaTest\.gradle\7.0.2\dependencies-accessors)" [_thread_blocked, id=11316, stack(0x0000000c37f00000,0x0000000c38000000)]
  0x0000013543222800 JavaThread "jar transforms Thread 3" [_thread_blocked, id=14104, stack(0x0000000c38000000,0x0000000c38100000)]
  0x000001354321c800 JavaThread "Cache worker for Build Output Cleanup Cache (C:\Users\djute\AndroidStudioProjects\WorldCinemaTest\.gradle\buildOutputCleanup)" [_thread_blocked, id=5996, stack(0x0000000c38100000,0x0000000c38200000)]
  0x0000013543225000 JavaThread "Build operations" [_thread_blocked, id=12660, stack(0x0000000c38200000,0x0000000c38300000)]
  0x0000013543223000 JavaThread "Build operations Thread 2" [_thread_blocked, id=4240, stack(0x0000000c38300000,0x0000000c38400000)]
  0x000001354822c800 JavaThread "Build operations Thread 3" [_thread_blocked, id=14960, stack(0x0000000c38400000,0x0000000c38500000)]
  0x000001354822d800 JavaThread "Build operations Thread 4" [_thread_blocked, id=8356, stack(0x0000000c38500000,0x0000000c38600000)]
  0x0000013548229800 JavaThread "Build operations Thread 5" [_thread_blocked, id=11296, stack(0x0000000c38600000,0x0000000c38700000)]
  0x000001354822e000 JavaThread "Build operations Thread 6" [_thread_blocked, id=12400, stack(0x0000000c38700000,0x0000000c38800000)]
  0x000001354822f000 JavaThread "Build operations Thread 7" [_thread_blocked, id=9412, stack(0x0000000c38800000,0x0000000c38900000)]
  0x0000013548230000 JavaThread "Build operations Thread 8" [_thread_blocked, id=7184, stack(0x0000000c38900000,0x0000000c38a00000)]
  0x000001354822a000 JavaThread "Build operations Thread 9" [_thread_blocked, id=12952, stack(0x0000000c38a00000,0x0000000c38b00000)]
  0x0000013548230800 JavaThread "Build operations Thread 10" [_thread_blocked, id=12164, stack(0x0000000c38b00000,0x0000000c38c00000)]
  0x000001354822c000 JavaThread "Build operations Thread 11" [_thread_blocked, id=13272, stack(0x0000000c38c00000,0x0000000c38d00000)]
  0x000001354822b000 JavaThread "Build operations Thread 12" [_thread_blocked, id=10456, stack(0x0000000c38d00000,0x0000000c38e00000)]
  0x0000013548232800 JavaThread "jar transforms Thread 4" [_thread_blocked, id=12468, stack(0x0000000c38e00000,0x0000000c38f00000)]
  0x0000013548233000 JavaThread "jar transforms Thread 5" [_thread_blocked, id=1172, stack(0x0000000c38f00000,0x0000000c39000000)]
  0x0000013548237000 JavaThread "jar transforms Thread 6" [_thread_blocked, id=12320, stack(0x0000000c39000000,0x0000000c39100000)]
  0x0000013548234000 JavaThread "jar transforms Thread 7" [_thread_blocked, id=13984, stack(0x0000000c39100000,0x0000000c39200000)]
  0x0000013548235800 JavaThread "jar transforms Thread 8" [_thread_blocked, id=13880, stack(0x0000000c39200000,0x0000000c39300000)]
  0x0000013548236800 JavaThread "jar transforms Thread 9" [_thread_blocked, id=1196, stack(0x0000000c39300000,0x0000000c39400000)]
  0x0000013548235000 JavaThread "jar transforms Thread 10" [_thread_blocked, id=13532, stack(0x0000000c39400000,0x0000000c39500000)]
  0x0000013548231800 JavaThread "jar transforms Thread 11" [_thread_blocked, id=11184, stack(0x0000000c39500000,0x0000000c39600000)]
  0x0000013548238000 JavaThread "jar transforms Thread 12" [_thread_blocked, id=13712, stack(0x0000000c39600000,0x0000000c39700000)]
  0x0000013542c76000 JavaThread "Memory manager" [_thread_blocked, id=8936, stack(0x0000000c39700000,0x0000000c39800000)]
  0x0000013542c78000 JavaThread "build event listener" [_thread_blocked, id=5612, stack(0x0000000c39800000,0x0000000c39900000)]
  0x0000013542c73800 JavaThread "pool-3-thread-1" [_thread_blocked, id=996, stack(0x0000000c39900000,0x0000000c39a00000)]
  0x0000013542c7a000 JavaThread "build event listener" [_thread_blocked, id=15084, stack(0x0000000c39a00000,0x0000000c39b00000)]
  0x0000013542c76800 JavaThread "Execution worker for ':'" [_thread_blocked, id=6976, stack(0x0000000c39b00000,0x0000000c39c00000)]
  0x0000013542c77800 JavaThread "Execution worker for ':' Thread 2" [_thread_blocked, id=8332, stack(0x0000000c39c00000,0x0000000c39d00000)]
  0x0000013542c79000 JavaThread "Execution worker for ':' Thread 3" [_thread_blocked, id=11948, stack(0x0000000c39d00000,0x0000000c39e00000)]
  0x0000013542c74000 JavaThread "Execution worker for ':' Thread 4" [_thread_blocked, id=8708, stack(0x0000000c39e00000,0x0000000c39f00000)]
  0x0000013542c7e800 JavaThread "Execution worker for ':' Thread 5" [_thread_blocked, id=5760, stack(0x0000000c39f00000,0x0000000c3a000000)]
  0x0000013542c7f800 JavaThread "Execution worker for ':' Thread 6" [_thread_blocked, id=9440, stack(0x0000000c3a000000,0x0000000c3a100000)]
  0x0000013542c80800 JavaThread "Execution worker for ':' Thread 7" [_thread_blocked, id=10556, stack(0x0000000c3a100000,0x0000000c3a200000)]
  0x0000013542c7b800 JavaThread "Execution worker for ':' Thread 8" [_thread_blocked, id=3240, stack(0x0000000c3a200000,0x0000000c3a300000)]
  0x0000013542c7e000 JavaThread "Execution worker for ':' Thread 9" [_thread_blocked, id=772, stack(0x0000000c3a300000,0x0000000c3a400000)]
  0x0000013542c7a800 JavaThread "Execution worker for ':' Thread 10" [_thread_blocked, id=11176, stack(0x0000000c3a400000,0x0000000c3a500000)]
  0x0000013542c81000 JavaThread "Execution worker for ':' Thread 11" [_thread_blocked, id=7104, stack(0x0000000c3a500000,0x0000000c3a600000)]
  0x0000013542c7d000 JavaThread "Cache worker for execution history cache (C:\Users\djute\AndroidStudioProjects\WorldCinemaTest\.gradle\7.0.2\executionHistory)" [_thread_blocked, id=6116, stack(0x0000000c3a600000,0x0000000c3a700000)]

Other Threads:
  0x000001353fc8d800 VMThread "VM Thread" [stack: 0x0000000c34f00000,0x0000000c35000000] [id=9500]
  0x000001354079e000 WatcherThread [stack: 0x0000000c35900000,0x0000000c35a00000] [id=12924]
  0x0000013524c53000 GCTaskThread "GC Thread#0" [stack: 0x0000000c34a00000,0x0000000c34b00000] [id=1740]
  0x0000013541292800 GCTaskThread "GC Thread#1" [stack: 0x0000000c35b00000,0x0000000c35c00000] [id=11612]
  0x00000135425e0800 GCTaskThread "GC Thread#2" [stack: 0x0000000c36600000,0x0000000c36700000] [id=11528]
  0x00000135427b1000 GCTaskThread "GC Thread#3" [stack: 0x0000000c36700000,0x0000000c36800000] [id=6800]
  0x0000013543be8800 GCTaskThread "GC Thread#4" [stack: 0x0000000c36800000,0x0000000c36900000] [id=8392]
  0x0000013541f2d000 GCTaskThread "GC Thread#5" [stack: 0x0000000c36900000,0x0000000c36a00000] [id=12344]
  0x0000013543b01000 GCTaskThread "GC Thread#6" [stack: 0x0000000c36a00000,0x0000000c36b00000] [id=3236]
  0x0000013543b02000 GCTaskThread "GC Thread#7" [stack: 0x0000000c36b00000,0x0000000c36c00000] [id=1404]
  0x00000135415bc800 GCTaskThread "GC Thread#8" [stack: 0x0000000c36c00000,0x0000000c36d00000] [id=7820]
  0x00000135415bd800 GCTaskThread "GC Thread#9" [stack: 0x0000000c36d00000,0x0000000c36e00000] [id=5728]
  0x0000013524c86800 ConcurrentGCThread "G1 Main Marker" [stack: 0x0000000c34b00000,0x0000000c34c00000] [id=7816]
  0x0000013524c87800 ConcurrentGCThread "G1 Conc#0" [stack: 0x0000000c34c00000,0x0000000c34d00000] [id=4996]
  0x00000135419f8800 ConcurrentGCThread "G1 Conc#1" [stack: 0x0000000c37100000,0x0000000c37200000] [id=8648]
  0x0000013541ca9800 ConcurrentGCThread "G1 Conc#2" [stack: 0x0000000c37200000,0x0000000c37300000] [id=12492]
  0x0000013524d1b800 ConcurrentGCThread "G1 Refine#0" [stack: 0x0000000c34d00000,0x0000000c34e00000] [id=9496]
  0x000001354170b800 ConcurrentGCThread "G1 Refine#1" [stack: 0x0000000c36e00000,0x0000000c36f00000] [id=4176]
  0x0000013524d1d000 ConcurrentGCThread "G1 Young RemSet Sampling" [stack: 0x0000000c34e00000,0x0000000c34f00000] [id=11312]

Threads with active compile tasks:
C2 CompilerThread0  10054 9757   !   4       java.net.URLClassLoader$1::run (63 bytes)
C2 CompilerThread1  10055 9749       4       java.net.URLClassLoader$1::run (5 bytes)
C2 CompilerThread2  10055 9334       4       org.gradle.internal.snapshot.DirectorySnapshot$$Lambda$1134/0x0000000100b93040::accept (20 bytes)

VM state:at safepoint (normal execution)

VM Mutex/Monitor currently owned by a thread:  ([mutex/lock_event])
[0x0000013524c36660] Threads_lock - owner thread: 0x000001353fc8d800
[0x0000013524c356a0] Heap_lock - owner thread: 0x0000013542c79000

Heap address: 0x0000000080000000, size: 2048 MB, Compressed Oops mode: 32-bit
Narrow klass base: 0x0000000000000000, Narrow klass shift: 3
Compressed class space size: 1073741824 Address: 0x0000000100000000

Heap:
 garbage-first heap   total 210944K, used 155381K [0x0000000080000000, 0x0000000100000000)
  region size 1024K, 72 young (73728K), 3 survivors (3072K)
 Metaspace       used 89240K, capacity 91553K, committed 91724K, reserved 1128448K
  class space    used 11521K, capacity 12383K, committed 12416K, reserved 1048576K
Heap Regions: E=young(eden), S=young(survivor), O=old, HS=humongous(starts), HC=humongous(continues), CS=collection set, F=free, A=archive, TAMS=top-at-mark-start (previous, next)
|   0|0x0000000080000000, 0x0000000080100000, 0x0000000080100000|100%| O|  |TAMS 0x0000000080100000, 0x0000000080000000| Untracked 
|   1|0x0000000080100000, 0x0000000080200000, 0x0000000080200000|100%| O|  |TAMS 0x0000000080200000, 0x0000000080100000| Untracked 
|   2|0x0000000080200000, 0x0000000080300000, 0x0000000080300000|100%| O|  |TAMS 0x0000000080300000, 0x0000000080200000| Untracked 
|   3|0x0000000080300000, 0x0000000080400000, 0x0000000080400000|100%|HS|  |TAMS 0x0000000080400000, 0x0000000080300000| Complete 
|   4|0x0000000080400000, 0x0000000080500000, 0x0000000080500000|100%|HC|  |TAMS 0x0000000080500000, 0x0000000080400000| Complete 
|   5|0x0000000080500000, 0x0000000080600000, 0x0000000080600000|100%|HC|  |TAMS 0x0000000080600000, 0x0000000080500000| Complete 
|   6|0x0000000080600000, 0x0000000080700000, 0x0000000080700000|100%| O|  |TAMS 0x0000000080700000, 0x0000000080600000| Untracked 
|   7|0x0000000080700000, 0x0000000080800000, 0x0000000080800000|100%| O|  |TAMS 0x0000000080800000, 0x0000000080700000| Untracked 
|   8|0x0000000080800000, 0x0000000080900000, 0x0000000080900000|100%| O|  |TAMS 0x0000000080900000, 0x0000000080800000| Untracked 
|   9|0x0000000080900000, 0x0000000080a00000, 0x0000000080a00000|100%| O|  |TAMS 0x0000000080a00000, 0x0000000080900000| Untracked 
|  10|0x0000000080a00000, 0x0000000080b00000, 0x0000000080b00000|100%| O|  |TAMS 0x0000000080b00000, 0x0000000080a00000| Untracked 
|  11|0x0000000080b00000, 0x0000000080c00000, 0x0000000080c00000|100%| O|  |TAMS 0x0000000080c00000, 0x0000000080b00000| Untracked 
|  12|0x0000000080c00000, 0x0000000080d00000, 0x0000000080d00000|100%| O|  |TAMS 0x0000000080d00000, 0x0000000080c00000| Untracked 
|  13|0x0000000080d00000, 0x0000000080e00000, 0x0000000080e00000|100%| O|  |TAMS 0x0000000080e00000, 0x0000000080d00000| Untracked 
|  14|0x0000000080e00000, 0x0000000080f00000, 0x0000000080f00000|100%| O|  |TAMS 0x0000000080f00000, 0x0000000080e00000| Untracked 
|  15|0x0000000080f00000, 0x0000000081000000, 0x0000000081000000|100%| O|  |TAMS 0x0000000081000000, 0x0000000080f00000| Untracked 
|  16|0x0000000081000000, 0x0000000081100000, 0x0000000081100000|100%| O|  |TAMS 0x0000000081100000, 0x0000000081000000| Untracked 
|  17|0x0000000081100000, 0x0000000081200000, 0x0000000081200000|100%| O|  |TAMS 0x0000000081200000, 0x0000000081100000| Untracked 
|  18|0x0000000081200000, 0x0000000081300000, 0x0000000081300000|100%| O|  |TAMS 0x0000000081300000, 0x0000000081200000| Untracked 
|  19|0x0000000081300000, 0x0000000081400000, 0x0000000081400000|100%| O|  |TAMS 0x0000000081400000, 0x0000000081300000| Untracked 
|  20|0x0000000081400000, 0x0000000081500000, 0x0000000081500000|100%| O|  |TAMS 0x0000000081500000, 0x0000000081400000| Untracked 
|  21|0x0000000081500000, 0x0000000081600000, 0x0000000081600000|100%| O|  |TAMS 0x0000000081600000, 0x0000000081500000| Untracked 
|  22|0x0000000081600000, 0x0000000081700000, 0x0000000081700000|100%| O|  |TAMS 0x0000000081700000, 0x0000000081600000| Untracked 
|  23|0x0000000081700000, 0x0000000081800000, 0x0000000081800000|100%| O|  |TAMS 0x0000000081800000, 0x0000000081700000| Untracked 
|  24|0x0000000081800000, 0x0000000081900000, 0x0000000081900000|100%| O|  |TAMS 0x0000000081900000, 0x0000000081800000| Untracked 
|  25|0x0000000081900000, 0x0000000081a00000, 0x0000000081a00000|100%| O|  |TAMS 0x0000000081a00000, 0x0000000081900000| Untracked 
|  26|0x0000000081a00000, 0x0000000081b00000, 0x0000000081b00000|100%|HS|  |TAMS 0x0000000081b00000, 0x0000000081a00000| Complete 
|  27|0x0000000081b00000, 0x0000000081c00000, 0x0000000081c00000|100%|HS|  |TAMS 0x0000000081c00000, 0x0000000081b00000| Complete 
|  28|0x0000000081c00000, 0x0000000081d00000, 0x0000000081d00000|100%|HS|  |TAMS 0x0000000081d00000, 0x0000000081c00000| Complete 
|  29|0x0000000081d00000, 0x0000000081e00000, 0x0000000081e00000|100%|HS|  |TAMS 0x0000000081e00000, 0x0000000081d00000| Complete 
|  30|0x0000000081e00000, 0x0000000081f00000, 0x0000000081f00000|100%|HC|  |TAMS 0x0000000081f00000, 0x0000000081e00000| Complete 
|  31|0x0000000081f00000, 0x0000000082000000, 0x0000000082000000|100%|HC|  |TAMS 0x0000000082000000, 0x0000000081f00000| Complete 
|  32|0x0000000082000000, 0x0000000082100000, 0x0000000082100000|100%|HS|  |TAMS 0x0000000082100000, 0x0000000082000000| Complete 
|  33|0x0000000082100000, 0x0000000082200000, 0x0000000082200000|100%|HC|  |TAMS 0x0000000082200000, 0x0000000082100000| Complete 
|  34|0x0000000082200000, 0x0000000082300000, 0x0000000082300000|100%| O|  |TAMS 0x0000000082300000, 0x0000000082200000| Untracked 
|  35|0x0000000082300000, 0x0000000082400000, 0x0000000082400000|100%| O|  |TAMS 0x0000000082400000, 0x0000000082300000| Untracked 
|  36|0x0000000082400000, 0x0000000082500000, 0x0000000082500000|100%| O|  |TAMS 0x0000000082500000, 0x0000000082400000| Untracked 
|  37|0x0000000082500000, 0x0000000082600000, 0x0000000082600000|100%| O|  |TAMS 0x0000000082600000, 0x0000000082500000| Untracked 
|  38|0x0000000082600000, 0x0000000082700000, 0x0000000082700000|100%| O|  |TAMS 0x0000000082700000, 0x0000000082600000| Untracked 
|  39|0x0000000082700000, 0x0000000082800000, 0x0000000082800000|100%| O|  |TAMS 0x0000000082800000, 0x0000000082700000| Untracked 
|  40|0x0000000082800000, 0x0000000082900000, 0x0000000082900000|100%| O|  |TAMS 0x0000000082900000, 0x0000000082800000| Untracked 
|  41|0x0000000082900000, 0x0000000082a00000, 0x0000000082a00000|100%| O|  |TAMS 0x0000000082a00000, 0x0000000082900000| Untracked 
|  42|0x0000000082a00000, 0x0000000082b00000, 0x0000000082b00000|100%| O|  |TAMS 0x0000000082b00000, 0x0000000082a00000| Untracked 
|  43|0x0000000082b00000, 0x0000000082c00000, 0x0000000082c00000|100%| O|  |TAMS 0x0000000082c00000, 0x0000000082b00000| Untracked 
|  44|0x0000000082c00000, 0x0000000082d00000, 0x0000000082d00000|100%| O|  |TAMS 0x0000000082d00000, 0x0000000082c00000| Untracked 
|  45|0x0000000082d00000, 0x0000000082e00000, 0x0000000082e00000|100%| O|  |TAMS 0x0000000082e00000, 0x0000000082d00000| Untracked 
|  46|0x0000000082e00000, 0x0000000082f00000, 0x0000000082f00000|100%| O|  |TAMS 0x0000000082f00000, 0x0000000082e00000| Untracked 
|  47|0x0000000082f00000, 0x0000000083000000, 0x0000000083000000|100%| O|  |TAMS 0x0000000083000000, 0x0000000082f00000| Untracked 
|  48|0x0000000083000000, 0x0000000083100000, 0x0000000083100000|100%| O|  |TAMS 0x0000000083100000, 0x0000000083000000| Untracked 
|  49|0x0000000083100000, 0x0000000083200000, 0x0000000083200000|100%| O|  |TAMS 0x0000000083200000, 0x0000000083100000| Untracked 
|  50|0x0000000083200000, 0x0000000083300000, 0x0000000083300000|100%| O|  |TAMS 0x000000008321ae00, 0x0000000083200000| Untracked 
|  51|0x0000000083300000, 0x0000000083400000, 0x0000000083400000|100%| O|  |TAMS 0x0000000083300000, 0x0000000083300000| Untracked 
|  52|0x0000000083400000, 0x0000000083500000, 0x0000000083500000|100%| O|  |TAMS 0x0000000083400000, 0x0000000083400000| Untracked 
|  53|0x0000000083500000, 0x0000000083600000, 0x0000000083600000|100%| O|  |TAMS 0x0000000083500000, 0x0000000083500000| Untracked 
|  54|0x0000000083600000, 0x0000000083700000, 0x0000000083700000|100%| O|  |TAMS 0x0000000083600000, 0x0000000083600000| Untracked 
|  55|0x0000000083700000, 0x0000000083800000, 0x0000000083800000|100%| O|  |TAMS 0x0000000083700000, 0x0000000083700000| Untracked 
|  56|0x0000000083800000, 0x0000000083900000, 0x0000000083900000|100%| O|  |TAMS 0x0000000083800000, 0x0000000083800000| Untracked 
|  57|0x0000000083900000, 0x0000000083a00000, 0x0000000083a00000|100%| O|  |TAMS 0x0000000083900000, 0x0000000083900000| Untracked 
|  58|0x0000000083a00000, 0x0000000083b00000, 0x0000000083b00000|100%| O|  |TAMS 0x0000000083a00000, 0x0000000083a00000| Untracked 
|  59|0x0000000083b00000, 0x0000000083c00000, 0x0000000083c00000|100%| O|  |TAMS 0x0000000083b00000, 0x0000000083b00000| Untracked 
|  60|0x0000000083c00000, 0x0000000083d00000, 0x0000000083d00000|100%| O|  |TAMS 0x0000000083c00000, 0x0000000083c00000| Untracked 
|  61|0x0000000083d00000, 0x0000000083e00000, 0x0000000083e00000|100%| O|  |TAMS 0x0000000083d00000, 0x0000000083d00000| Untracked 
|  62|0x0000000083e00000, 0x0000000083f00000, 0x0000000083f00000|100%| O|  |TAMS 0x0000000083e00000, 0x0000000083e00000| Untracked 
|  63|0x0000000083f00000, 0x0000000084000000, 0x0000000084000000|100%| O|  |TAMS 0x0000000083f00000, 0x0000000083f00000| Untracked 
|  64|0x0000000084000000, 0x0000000084100000, 0x0000000084100000|100%| O|  |TAMS 0x0000000084000000, 0x0000000084000000| Untracked 
|  65|0x0000000084100000, 0x0000000084200000, 0x0000000084200000|100%| O|  |TAMS 0x0000000084100000, 0x0000000084100000| Untracked 
|  66|0x0000000084200000, 0x0000000084300000, 0x0000000084300000|100%| O|  |TAMS 0x0000000084200000, 0x0000000084200000| Untracked 
|  67|0x0000000084300000, 0x0000000084400000, 0x0000000084400000|100%| O|  |TAMS 0x0000000084300000, 0x0000000084300000| Untracked 
|  68|0x0000000084400000, 0x0000000084500000, 0x0000000084500000|100%| O|  |TAMS 0x0000000084400000, 0x0000000084400000| Untracked 
|  69|0x0000000084500000, 0x0000000084600000, 0x0000000084600000|100%| O|  |TAMS 0x0000000084500000, 0x0000000084500000| Untracked 
|  70|0x0000000084600000, 0x0000000084700000, 0x0000000084700000|100%| O|  |TAMS 0x0000000084600000, 0x0000000084600000| Untracked 
|  71|0x0000000084700000, 0x0000000084800000, 0x0000000084800000|100%| O|  |TAMS 0x0000000084700000, 0x0000000084700000| Untracked 
|  72|0x0000000084800000, 0x0000000084900000, 0x0000000084900000|100%| O|  |TAMS 0x0000000084800000, 0x0000000084800000| Untracked 
|  73|0x0000000084900000, 0x0000000084a00000, 0x0000000084a00000|100%| O|  |TAMS 0x0000000084900000, 0x0000000084900000| Untracked 
|  74|0x0000000084a00000, 0x0000000084b00000, 0x0000000084b00000|100%| O|  |TAMS 0x0000000084a00000, 0x0000000084a00000| Untracked 
|  75|0x0000000084b00000, 0x0000000084c00000, 0x0000000084c00000|100%| O|  |TAMS 0x0000000084b00000, 0x0000000084b00000| Untracked 
|  76|0x0000000084c00000, 0x0000000084d00000, 0x0000000084d00000|100%| O|  |TAMS 0x0000000084c00000, 0x0000000084c00000| Untracked 
|  77|0x0000000084d00000, 0x0000000084e00000, 0x0000000084e00000|100%| O|  |TAMS 0x0000000084d00000, 0x0000000084d00000| Untracked 
|  78|0x0000000084e00000, 0x0000000084f00000, 0x0000000084f00000|100%| O|  |TAMS 0x0000000084e00000, 0x0000000084e00000| Untracked 
|  79|0x0000000084f00000, 0x0000000085000000, 0x0000000085000000|100%| O|  |TAMS 0x0000000084f00000, 0x0000000084f00000| Untracked 
|  80|0x0000000085000000, 0x0000000085070d70, 0x0000000085100000| 44%| O|  |TAMS 0x0000000085000000, 0x0000000085000000| Untracked 
|  81|0x0000000085100000, 0x0000000085100000, 0x0000000085200000|  0%| F|  |TAMS 0x0000000085100000, 0x0000000085100000| Untracked 
|  82|0x0000000085200000, 0x0000000085200000, 0x0000000085300000|  0%| F|  |TAMS 0x0000000085200000, 0x0000000085200000| Untracked 
|  83|0x0000000085300000, 0x0000000085300000, 0x0000000085400000|  0%| F|  |TAMS 0x0000000085300000, 0x0000000085300000| Untracked 
|  84|0x0000000085400000, 0x0000000085400000, 0x0000000085500000|  0%| F|  |TAMS 0x0000000085400000, 0x0000000085400000| Untracked 
|  85|0x0000000085500000, 0x0000000085500000, 0x0000000085600000|  0%| F|  |TAMS 0x0000000085500000, 0x0000000085500000| Untracked 
|  86|0x0000000085600000, 0x0000000085600000, 0x0000000085700000|  0%| F|  |TAMS 0x0000000085600000, 0x0000000085600000| Untracked 
|  87|0x0000000085700000, 0x0000000085700000, 0x0000000085800000|  0%| F|  |TAMS 0x0000000085700000, 0x0000000085700000| Untracked 
|  88|0x0000000085800000, 0x0000000085800000, 0x0000000085900000|  0%| F|  |TAMS 0x0000000085800000, 0x0000000085800000| Untracked 
|  89|0x0000000085900000, 0x0000000085900000, 0x0000000085a00000|  0%| F|  |TAMS 0x0000000085900000, 0x0000000085900000| Untracked 
|  90|0x0000000085a00000, 0x0000000085a00000, 0x0000000085b00000|  0%| F|  |TAMS 0x0000000085a00000, 0x0000000085a00000| Untracked 
|  91|0x0000000085b00000, 0x0000000085b00000, 0x0000000085c00000|  0%| F|  |TAMS 0x0000000085b00000, 0x0000000085b00000| Untracked 
|  92|0x0000000085c00000, 0x0000000085c00000, 0x0000000085d00000|  0%| F|  |TAMS 0x0000000085c00000, 0x0000000085c00000| Untracked 
|  93|0x0000000085d00000, 0x0000000085d00000, 0x0000000085e00000|  0%| F|  |TAMS 0x0000000085d00000, 0x0000000085d00000| Untracked 
|  94|0x0000000085e00000, 0x0000000085e00000, 0x0000000085f00000|  0%| F|  |TAMS 0x0000000085e00000, 0x0000000085e00000| Untracked 
|  95|0x0000000085f00000, 0x0000000085f00000, 0x0000000086000000|  0%| F|  |TAMS 0x0000000085f00000, 0x0000000085f00000| Untracked 
|  96|0x0000000086000000, 0x0000000086000000, 0x0000000086100000|  0%| F|  |TAMS 0x0000000086000000, 0x0000000086000000| Untracked 
|  97|0x0000000086100000, 0x0000000086100000, 0x0000000086200000|  0%| F|  |TAMS 0x0000000086100000, 0x0000000086100000| Untracked 
|  98|0x0000000086200000, 0x0000000086200000, 0x0000000086300000|  0%| F|  |TAMS 0x0000000086200000, 0x0000000086200000| Untracked 
|  99|0x0000000086300000, 0x0000000086300000, 0x0000000086400000|  0%| F|  |TAMS 0x0000000086300000, 0x0000000086300000| Untracked 
| 100|0x0000000086400000, 0x0000000086400000, 0x0000000086500000|  0%| F|  |TAMS 0x0000000086400000, 0x0000000086400000| Untracked 
| 101|0x0000000086500000, 0x0000000086500000, 0x0000000086600000|  0%| F|  |TAMS 0x0000000086500000, 0x0000000086500000| Untracked 
| 102|0x0000000086600000, 0x0000000086600000, 0x0000000086700000|  0%| F|  |TAMS 0x0000000086600000, 0x0000000086600000| Untracked 
| 103|0x0000000086700000, 0x0000000086700000, 0x0000000086800000|  0%| F|  |TAMS 0x0000000086700000, 0x0000000086700000| Untracked 
| 104|0x0000000086800000, 0x0000000086800000, 0x0000000086900000|  0%| F|  |TAMS 0x0000000086800000, 0x0000000086800000| Untracked 
| 105|0x0000000086900000, 0x0000000086900000, 0x0000000086a00000|  0%| F|  |TAMS 0x0000000086900000, 0x0000000086900000| Untracked 
| 106|0x0000000086a00000, 0x0000000086a00000, 0x0000000086b00000|  0%| F|  |TAMS 0x0000000086a00000, 0x0000000086a00000| Untracked 
| 107|0x0000000086b00000, 0x0000000086bdb8f8, 0x0000000086c00000| 85%| E|CS|TAMS 0x0000000086b00000, 0x0000000086b00000| Complete 
| 108|0x0000000086c00000, 0x0000000086d00000, 0x0000000086d00000|100%| E|CS|TAMS 0x0000000086c00000, 0x0000000086c00000| Complete 
| 109|0x0000000086d00000, 0x0000000086e00000, 0x0000000086e00000|100%| E|CS|TAMS 0x0000000086d00000, 0x0000000086d00000| Complete 
| 110|0x0000000086e00000, 0x0000000086e00000, 0x0000000086f00000|  0%| F|  |TAMS 0x0000000086e00000, 0x0000000086e00000| Untracked 
| 111|0x0000000086f00000, 0x0000000087000000, 0x0000000087000000|100%| E|CS|TAMS 0x0000000086f00000, 0x0000000086f00000| Complete 
| 112|0x0000000087000000, 0x0000000087100000, 0x0000000087100000|100%| E|CS|TAMS 0x0000000087000000, 0x0000000087000000| Complete 
| 113|0x0000000087100000, 0x0000000087200000, 0x0000000087200000|100%| E|CS|TAMS 0x0000000087100000, 0x0000000087100000| Complete 
| 114|0x0000000087200000, 0x0000000087300000, 0x0000000087300000|100%| E|CS|TAMS 0x0000000087200000, 0x0000000087200000| Complete 
| 115|0x0000000087300000, 0x0000000087300000, 0x0000000087400000|  0%| F|  |TAMS 0x0000000087300000, 0x0000000087300000| Untracked 
| 116|0x0000000087400000, 0x0000000087400000, 0x0000000087500000|  0%| F|  |TAMS 0x0000000087400000, 0x0000000087400000| Untracked 
| 117|0x0000000087500000, 0x0000000087500000, 0x0000000087600000|  0%| F|  |TAMS 0x0000000087500000, 0x0000000087500000| Untracked 
| 118|0x0000000087600000, 0x0000000087600000, 0x0000000087700000|  0%| F|  |TAMS 0x0000000087600000, 0x0000000087600000| Untracked 
| 119|0x0000000087700000, 0x0000000087700000, 0x0000000087800000|  0%| F|  |TAMS 0x0000000087700000, 0x0000000087700000| Untracked 
| 120|0x0000000087800000, 0x0000000087800000, 0x0000000087900000|  0%| F|  |TAMS 0x0000000087800000, 0x0000000087800000| Untracked 
| 121|0x0000000087900000, 0x0000000087900000, 0x0000000087a00000|  0%| F|  |TAMS 0x0000000087900000, 0x0000000087900000| Untracked 
| 122|0x0000000087a00000, 0x0000000087a00000, 0x0000000087b00000|  0%| F|  |TAMS 0x0000000087a00000, 0x0000000087a00000| Untracked 
| 123|0x0000000087b00000, 0x0000000087b00000, 0x0000000087c00000|  0%| F|  |TAMS 0x0000000087b00000, 0x0000000087b00000| Untracked 
| 124|0x0000000087c00000, 0x0000000087c00000, 0x0000000087d00000|  0%| F|  |TAMS 0x0000000087c00000, 0x0000000087c00000| Untracked 
| 125|0x0000000087d00000, 0x0000000087d00000, 0x0000000087e00000|  0%| F|  |TAMS 0x0000000087d00000, 0x0000000087d00000| Untracked 
| 126|0x0000000087e00000, 0x0000000087e00000, 0x0000000087f00000|  0%| F|  |TAMS 0x0000000087e00000, 0x0000000087e00000| Untracked 
| 127|0x0000000087f00000, 0x0000000087f00000, 0x0000000088000000|  0%| F|  |TAMS 0x0000000087f00000, 0x0000000087f00000| Untracked 
| 128|0x0000000088000000, 0x0000000088000000, 0x0000000088100000|  0%| F|  |TAMS 0x0000000088000000, 0x0000000088000000| Untracked 
| 129|0x0000000088100000, 0x0000000088100000, 0x0000000088200000|  0%| F|  |TAMS 0x0000000088100000, 0x0000000088100000| Untracked 
| 130|0x0000000088200000, 0x0000000088200000, 0x0000000088300000|  0%| F|  |TAMS 0x0000000088200000, 0x0000000088200000| Untracked 
| 131|0x0000000088300000, 0x0000000088321a68, 0x0000000088400000| 13%| S|CS|TAMS 0x0000000088300000, 0x0000000088300000| Complete 
| 132|0x0000000088400000, 0x0000000088500000, 0x0000000088500000|100%| S|CS|TAMS 0x0000000088400000, 0x0000000088400000| Complete 
| 133|0x0000000088500000, 0x0000000088600000, 0x0000000088600000|100%| S|CS|TAMS 0x0000000088500000, 0x0000000088500000| Complete 
| 134|0x0000000088600000, 0x0000000088700000, 0x0000000088700000|100%| S|CS|TAMS 0x0000000088600000, 0x0000000088600000| Complete 
| 135|0x0000000088700000, 0x0000000088800000, 0x0000000088800000|100%| S|CS|TAMS 0x0000000088700000, 0x0000000088700000| Complete 
| 136|0x0000000088800000, 0x0000000088900000, 0x0000000088900000|100%| S|CS|TAMS 0x0000000088800000, 0x0000000088800000| Complete 
| 137|0x0000000088900000, 0x0000000088900000, 0x0000000088a00000|  0%| F|  |TAMS 0x0000000088900000, 0x0000000088900000| Untracked 
| 138|0x0000000088a00000, 0x0000000088a00000, 0x0000000088b00000|  0%| F|  |TAMS 0x0000000088a00000, 0x0000000088a00000| Untracked 
| 139|0x0000000088b00000, 0x0000000088b00000, 0x0000000088c00000|  0%| F|  |TAMS 0x0000000088b00000, 0x0000000088b00000| Untracked 
| 140|0x0000000088c00000, 0x0000000088c00000, 0x0000000088d00000|  0%| F|  |TAMS 0x0000000088c00000, 0x0000000088c00000| Untracked 
| 141|0x0000000088d00000, 0x0000000088d00000, 0x0000000088e00000|  0%| F|  |TAMS 0x0000000088d00000, 0x0000000088d00000| Untracked 
| 142|0x0000000088e00000, 0x0000000088e00000, 0x0000000088f00000|  0%| F|  |TAMS 0x0000000088e00000, 0x0000000088e00000| Untracked 
| 143|0x0000000088f00000, 0x0000000088f00000, 0x0000000089000000|  0%| F|  |TAMS 0x0000000088f00000, 0x0000000088f00000| Untracked 
| 144|0x0000000089000000, 0x0000000089000000, 0x0000000089100000|  0%| F|  |TAMS 0x0000000089000000, 0x0000000089000000| Untracked 
| 145|0x0000000089100000, 0x0000000089100000, 0x0000000089200000|  0%| F|  |TAMS 0x0000000089100000, 0x0000000089100000| Untracked 
| 146|0x0000000089200000, 0x0000000089200000, 0x0000000089300000|  0%| F|  |TAMS 0x0000000089200000, 0x0000000089200000| Untracked 
| 147|0x0000000089300000, 0x0000000089300000, 0x0000000089400000|  0%| F|  |TAMS 0x0000000089300000, 0x0000000089300000| Untracked 
| 148|0x0000000089400000, 0x0000000089400000, 0x0000000089500000|  0%| F|  |TAMS 0x0000000089400000, 0x0000000089400000| Untracked 
| 149|0x0000000089500000, 0x0000000089500000, 0x0000000089600000|  0%| F|  |TAMS 0x0000000089500000, 0x0000000089500000| Untracked 
| 150|0x0000000089600000, 0x0000000089600000, 0x0000000089700000|  0%| F|  |TAMS 0x0000000089600000, 0x0000000089600000| Untracked 
| 151|0x0000000089700000, 0x0000000089700000, 0x0000000089800000|  0%| F|  |TAMS 0x0000000089700000, 0x0000000089700000| Untracked 
| 152|0x0000000089800000, 0x0000000089800000, 0x0000000089900000|  0%| F|  |TAMS 0x0000000089800000, 0x0000000089800000| Untracked 
| 153|0x0000000089900000, 0x0000000089900000, 0x0000000089a00000|  0%| F|  |TAMS 0x0000000089900000, 0x0000000089900000| Untracked 
| 154|0x0000000089a00000, 0x0000000089a00000, 0x0000000089b00000|  0%| F|  |TAMS 0x0000000089a00000, 0x0000000089a00000| Untracked 
| 155|0x0000000089b00000, 0x0000000089b00000, 0x0000000089c00000|  0%| F|  |TAMS 0x0000000089b00000, 0x0000000089b00000| Untracked 
| 156|0x0000000089c00000, 0x0000000089c00000, 0x0000000089d00000|  0%| F|  |TAMS 0x0000000089c00000, 0x0000000089c00000| Untracked 
| 157|0x0000000089d00000, 0x0000000089d00000, 0x0000000089e00000|  0%| F|  |TAMS 0x0000000089d00000, 0x0000000089d00000| Untracked 
| 158|0x0000000089e00000, 0x0000000089e00000, 0x0000000089f00000|  0%| F|  |TAMS 0x0000000089e00000, 0x0000000089e00000| Untracked 
| 159|0x0000000089f00000, 0x0000000089f00000, 0x000000008a000000|  0%| F|  |TAMS 0x0000000089f00000, 0x0000000089f00000| Untracked 
| 160|0x000000008a000000, 0x000000008a000000, 0x000000008a100000|  0%| F|  |TAMS 0x000000008a000000, 0x000000008a000000| Untracked 
| 161|0x000000008a100000, 0x000000008a100000, 0x000000008a200000|  0%| F|  |TAMS 0x000000008a100000, 0x000000008a100000| Untracked 
| 162|0x000000008a200000, 0x000000008a200000, 0x000000008a300000|  0%| F|  |TAMS 0x000000008a200000, 0x000000008a200000| Untracked 
| 163|0x000000008a300000, 0x000000008a300000, 0x000000008a400000|  0%| F|  |TAMS 0x000000008a300000, 0x000000008a300000| Untracked 
| 164|0x000000008a400000, 0x000000008a400000, 0x000000008a500000|  0%| F|  |TAMS 0x000000008a400000, 0x000000008a400000| Untracked 
| 165|0x000000008a500000, 0x000000008a500000, 0x000000008a600000|  0%| F|  |TAMS 0x000000008a500000, 0x000000008a500000| Untracked 
| 166|0x000000008a600000, 0x000000008a600000, 0x000000008a700000|  0%| F|  |TAMS 0x000000008a600000, 0x000000008a600000| Untracked 
| 167|0x000000008a700000, 0x000000008a700000, 0x000000008a800000|  0%| F|  |TAMS 0x000000008a700000, 0x000000008a700000| Untracked 
| 168|0x000000008a800000, 0x000000008a800000, 0x000000008a900000|  0%| F|  |TAMS 0x000000008a800000, 0x000000008a800000| Untracked 
| 169|0x000000008a900000, 0x000000008a900000, 0x000000008aa00000|  0%| F|  |TAMS 0x000000008a900000, 0x000000008a900000| Untracked 
| 170|0x000000008aa00000, 0x000000008aa00000, 0x000000008ab00000|  0%| F|  |TAMS 0x000000008aa00000, 0x000000008aa00000| Untracked 
| 171|0x000000008ab00000, 0x000000008ab00000, 0x000000008ac00000|  0%| F|  |TAMS 0x000000008ab00000, 0x000000008ab00000| Untracked 
| 172|0x000000008ac00000, 0x000000008ac00000, 0x000000008ad00000|  0%| F|  |TAMS 0x000000008ac00000, 0x000000008ac00000| Untracked 
| 173|0x000000008ad00000, 0x000000008ad00000, 0x000000008ae00000|  0%| F|  |TAMS 0x000000008ad00000, 0x000000008ad00000| Untracked 
| 174|0x000000008ae00000, 0x000000008ae00000, 0x000000008af00000|  0%| F|  |TAMS 0x000000008ae00000, 0x000000008ae00000| Untracked 
| 175|0x000000008af00000, 0x000000008af00000, 0x000000008b000000|  0%| F|  |TAMS 0x000000008af00000, 0x000000008af00000| Untracked 
| 176|0x000000008b000000, 0x000000008b000000, 0x000000008b100000|  0%| F|  |TAMS 0x000000008b000000, 0x000000008b000000| Untracked 
| 177|0x000000008b100000, 0x000000008b100000, 0x000000008b200000|  0%| F|  |TAMS 0x000000008b100000, 0x000000008b100000| Untracked 
| 178|0x000000008b200000, 0x000000008b200000, 0x000000008b300000|  0%| F|  |TAMS 0x000000008b200000, 0x000000008b200000| Untracked 
| 179|0x000000008b300000, 0x000000008b300000, 0x000000008b400000|  0%| F|  |TAMS 0x000000008b300000, 0x000000008b300000| Untracked 
| 180|0x000000008b400000, 0x000000008b400000, 0x000000008b500000|  0%| F|  |TAMS 0x000000008b400000, 0x000000008b400000| Untracked 
| 181|0x000000008b500000, 0x000000008b500000, 0x000000008b600000|  0%| F|  |TAMS 0x000000008b500000, 0x000000008b500000| Untracked 
| 182|0x000000008b600000, 0x000000008b600000, 0x000000008b700000|  0%| F|  |TAMS 0x000000008b600000, 0x000000008b600000| Untracked 
| 183|0x000000008b700000, 0x000000008b700000, 0x000000008b800000|  0%| F|  |TAMS 0x000000008b700000, 0x000000008b700000| Untracked 
| 184|0x000000008b800000, 0x000000008b800000, 0x000000008b900000|  0%| F|  |TAMS 0x000000008b800000, 0x000000008b800000| Untracked 
| 185|0x000000008b900000, 0x000000008b900000, 0x000000008ba00000|  0%| F|  |TAMS 0x000000008b900000, 0x000000008b900000| Untracked 
| 186|0x000000008ba00000, 0x000000008ba00000, 0x000000008bb00000|  0%| F|  |TAMS 0x000000008ba00000, 0x000000008ba00000| Untracked 
| 187|0x000000008bb00000, 0x000000008bb00000, 0x000000008bc00000|  0%| F|  |TAMS 0x000000008bb00000, 0x000000008bb00000| Untracked 
| 188|0x000000008bc00000, 0x000000008bc00000, 0x000000008bd00000|  0%| F|  |TAMS 0x000000008bc00000, 0x000000008bc00000| Untracked 
| 189|0x000000008bd00000, 0x000000008bd00000, 0x000000008be00000|  0%| F|  |TAMS 0x000000008bd00000, 0x000000008bd00000| Untracked 
| 190|0x000000008be00000, 0x000000008be00000, 0x000000008bf00000|  0%| F|  |TAMS 0x000000008be00000, 0x000000008be00000| Untracked 
| 191|0x000000008bf00000, 0x000000008bf00000, 0x000000008c000000|  0%| F|  |TAMS 0x000000008bf00000, 0x000000008bf00000| Untracked 
| 192|0x000000008c000000, 0x000000008c000000, 0x000000008c100000|  0%| F|  |TAMS 0x000000008c000000, 0x000000008c000000| Untracked 
| 193|0x000000008c100000, 0x000000008c100000, 0x000000008c200000|  0%| F|  |TAMS 0x000000008c100000, 0x000000008c100000| Untracked 
| 194|0x000000008c200000, 0x000000008c200000, 0x000000008c300000|  0%| F|  |TAMS 0x000000008c200000, 0x000000008c200000| Untracked 
| 195|0x000000008c300000, 0x000000008c300000, 0x000000008c400000|  0%| F|  |TAMS 0x000000008c300000, 0x000000008c300000| Untracked 
| 196|0x000000008c400000, 0x000000008c400000, 0x000000008c500000|  0%| F|  |TAMS 0x000000008c400000, 0x000000008c400000| Untracked 
| 197|0x000000008c500000, 0x000000008c500000, 0x000000008c600000|  0%| F|  |TAMS 0x000000008c500000, 0x000000008c500000| Untracked 
| 198|0x000000008c600000, 0x000000008c600000, 0x000000008c700000|  0%| F|  |TAMS 0x000000008c600000, 0x000000008c600000| Untracked 
| 199|0x000000008c700000, 0x000000008c700000, 0x000000008c800000|  0%| F|  |TAMS 0x000000008c700000, 0x000000008c700000| Untracked 
| 200|0x000000008c800000, 0x000000008c800000, 0x000000008c900000|  0%| F|  |TAMS 0x000000008c800000, 0x000000008c800000| Untracked 
| 201|0x000000008c900000, 0x000000008c900000, 0x000000008ca00000|  0%| F|  |TAMS 0x000000008c900000, 0x000000008c900000| Untracked 
| 202|0x000000008ca00000, 0x000000008ca00000, 0x000000008cb00000|  0%| F|  |TAMS 0x000000008ca00000, 0x000000008ca00000| Untracked 
| 203|0x000000008cb00000, 0x000000008cb00000, 0x000000008cc00000|  0%| F|  |TAMS 0x000000008cb00000, 0x000000008cb00000| Untracked 
| 204|0x000000008cc00000, 0x000000008cc00000, 0x000000008cd00000|  0%| F|  |TAMS 0x000000008cc00000, 0x000000008cc00000| Untracked 
| 205|0x000000008cd00000, 0x000000008cd7a980, 0x000000008ce00000| 47%| E|  |TAMS 0x000000008cd00000, 0x000000008cd00000| Complete 

Card table byte_map: [0x00000135387b0000,0x0000013538bb0000] _byte_map_base: 0x00000135383b0000

Marking Bits (Prev, Next): (CMBitMap*) 0x0000013524c7d880, (CMBitMap*) 0x0000013524c7d848
 Prev Bits: [0x000001353afb0000, 0x000001353cfb0000)
 Next Bits: [0x0000013538fb0000, 0x000001353afb0000)

Polling page: 0x0000013523430000

Metaspace:

Usage:
  Non-class:     77.31 MB capacity,    75.90 MB ( 98%) used,     1.16 MB (  1%) free+waste,   260.81 KB ( <1%) overhead. 
      Class:     12.09 MB capacity,    11.25 MB ( 93%) used,   739.78 KB (  6%) free+waste,   119.31 KB ( <1%) overhead. 
       Both:     89.41 MB capacity,    87.16 MB ( 97%) used,     1.88 MB (  2%) free+waste,   380.13 KB ( <1%) overhead. 

Virtual space:
  Non-class space:       78.00 MB reserved,      77.45 MB (>99%) committed 
      Class space:        1.00 GB reserved,      12.13 MB (  1%) committed 
             Both:        1.08 GB reserved,      89.57 MB (  8%) committed 

Chunk freelists:
   Non-Class:  10.00 KB
       Class:  1.00 KB
        Both:  11.00 KB

MaxMetaspaceSize: 17179869184.00 GB
CompressedClassSpaceSize: 1.00 GB

CodeHeap 'non-profiled nmethods': size=120000Kb used=6026Kb max_used=6026Kb free=113973Kb
 bounds [0x0000013530200000, 0x00000135307f0000, 0x0000013537730000]
CodeHeap 'profiled nmethods': size=120000Kb used=20584Kb max_used=20584Kb free=99415Kb
 bounds [0x0000013528cd0000, 0x000001352a0f0000, 0x0000013530200000]
CodeHeap 'non-nmethods': size=5760Kb used=2280Kb max_used=2343Kb free=3479Kb
 bounds [0x0000013528730000, 0x00000135289a0000, 0x0000013528cd0000]
 total_blobs=10652 nmethods=9772 adapters=791
 compilation: enabled
              stopped_count=0, restarted_count=0
 full_count=0

Compilation events (20 events):
Event: 10.029 Thread 0x000001353fcbc000 9786       3       kotlin.reflect.jvm.internal.impl.protobuf.CodedOutputStream::refreshBuffer (37 bytes)
Event: 10.029 Thread 0x000001353fcbc000 nmethod 9786 0x000001352a0e3810 code [0x000001352a0e39e0, 0x000001352a0e3cd8]
Event: 10.029 Thread 0x000001353fcbc000 9793       3       kotlin.reflect.jvm.internal.impl.protobuf.SmallSortedMap::getNumArrayEntries (10 bytes)
Event: 10.029 Thread 0x000001353fcbc000 nmethod 9793 0x000001352a0e3e10 code [0x000001352a0e3fc0, 0x000001352a0e4188]
Event: 10.029 Thread 0x000001353fcbc000 9787  s    3       kotlin.reflect.jvm.internal.impl.protobuf.ByteString$Output::write (100 bytes)
Event: 10.029 Thread 0x000001353fcbc000 nmethod 9787 0x000001352a0e4290 code [0x000001352a0e4480, 0x000001352a0e4a18]
Event: 10.029 Thread 0x000001353fcbc000 9788  s    3       kotlin.reflect.jvm.internal.impl.protobuf.ByteString$Output::toByteString (12 bytes)
Event: 10.029 Thread 0x000001353fcbc000 nmethod 9788 0x000001352a0e4b90 code [0x000001352a0e4d60, 0x000001352a0e5038]
Event: 10.029 Thread 0x000001353fcbc000 9789       3       kotlin.reflect.jvm.internal.impl.protobuf.ByteString$Output::flushLastBuffer (96 bytes)
Event: 10.031 Thread 0x000001353fcbc000 nmethod 9789 0x000001352a0e5110 code [0x000001352a0e5400, 0x000001352a0e6788]
Event: 10.031 Thread 0x000001353fcbc000 9790       3       kotlin.reflect.jvm.internal.impl.protobuf.ByteString::copyFrom (94 bytes)
Event: 10.032 Thread 0x000001353fcbc000 nmethod 9790 0x000001352a0e6e10 code [0x000001352a0e7100, 0x000001352a0e8308]
Event: 10.032 Thread 0x000001353fcbc000 9794       1       kotlin.reflect.jvm.internal.impl.protobuf.SmallSortedMap$Entry::getKey (5 bytes)
Event: 10.032 Thread 0x000001353fcbc000 nmethod 9794 0x00000135307e2490 code [0x00000135307e2640, 0x00000135307e26f8]
Event: 10.032 Thread 0x000001353fcbc000 9792       1       kotlin.reflect.jvm.internal.impl.protobuf.GeneratedMessageLite$Builder::getUnknownFields (5 bytes)
Event: 10.032 Thread 0x000001353fcbc000 nmethod 9792 0x00000135307e2790 code [0x00000135307e2940, 0x00000135307e29f8]
Event: 10.033 Thread 0x000001353fcbc000 9795   !   3       java.util.stream.ReferencePipeline$7$1::accept (127 bytes)
Event: 10.033 Thread 0x000001353fcbc000 nmethod 9795 0x000001352a0e8810 code [0x000001352a0e8aa0, 0x000001352a0e9838]
Event: 10.033 Thread 0x000001353fcbc000 9796       3       java.util.stream.AbstractPipeline::sequential (10 bytes)
Event: 10.033 Thread 0x000001353fcbc000 nmethod 9796 0x000001352a0e9d10 code [0x000001352a0e9ec0, 0x000001352a0e9fd8]

GC Heap History (20 events):
Event: 3.994 GC heap before
{Heap before GC invocations=9 (full 0):
 garbage-first heap   total 120832K, used 76380K [0x0000000080000000, 0x0000000100000000)
  region size 1024K, 56 young (57344K), 7 survivors (7168K)
 Metaspace       used 43064K, capacity 44085K, committed 44236K, reserved 1087488K
  class space    used 5501K, capacity 5857K, committed 5888K, reserved 1048576K
}
Event: 4.001 GC heap after
{Heap after GC invocations=10 (full 0):
 garbage-first heap   total 145408K, used 28687K [0x0000000080000000, 0x0000000100000000)
  region size 1024K, 6 young (6144K), 6 survivors (6144K)
 Metaspace       used 43064K, capacity 44085K, committed 44236K, reserved 1087488K
  class space    used 5501K, capacity 5857K, committed 5888K, reserved 1048576K
}
Event: 4.684 GC heap before
{Heap before GC invocations=10 (full 0):
 garbage-first heap   total 145408K, used 89103K [0x0000000080000000, 0x0000000100000000)
  region size 1024K, 65 young (66560K), 6 survivors (6144K)
 Metaspace       used 46857K, capacity 48101K, committed 48204K, reserved 1091584K
  class space    used 6013K, capacity 6471K, committed 6528K, reserved 1048576K
}
Event: 4.691 GC heap after
{Heap after GC invocations=11 (full 0):
 garbage-first heap   total 145408K, used 32556K [0x0000000080000000, 0x0000000100000000)
  region size 1024K, 6 young (6144K), 6 survivors (6144K)
 Metaspace       used 46857K, capacity 48101K, committed 48204K, reserved 1091584K
  class space    used 6013K, capacity 6471K, committed 6528K, reserved 1048576K
}
Event: 5.409 GC heap before
{Heap before GC invocations=11 (full 0):
 garbage-first heap   total 145408K, used 102188K [0x0000000080000000, 0x0000000100000000)
  region size 1024K, 67 young (68608K), 6 survivors (6144K)
 Metaspace       used 51767K, capacity 53172K, committed 53452K, reserved 1095680K
  class space    used 6611K, capacity 7119K, committed 7168K, reserved 1048576K
}
Event: 5.418 GC heap after
{Heap after GC invocations=12 (full 0):
 garbage-first heap   total 145408K, used 51083K [0x0000000080000000, 0x0000000100000000)
  region size 1024K, 9 young (9216K), 9 survivors (9216K)
 Metaspace       used 51767K, capacity 53172K, committed 53452K, reserved 1095680K
  class space    used 6611K, capacity 7119K, committed 7168K, reserved 1048576K
}
Event: 5.984 GC heap before
{Heap before GC invocations=12 (full 0):
 garbage-first heap   total 145408K, used 92043K [0x0000000080000000, 0x0000000100000000)
  region size 1024K, 50 young (51200K), 9 survivors (9216K)
 Metaspace       used 58640K, capacity 60093K, committed 60236K, reserved 1101824K
  class space    used 7422K, capacity 7972K, committed 8064K, reserved 1048576K
}
Event: 5.994 GC heap after
{Heap after GC invocations=13 (full 0):
 garbage-first heap   total 145408K, used 53468K [0x0000000080000000, 0x0000000100000000)
  region size 1024K, 3 young (3072K), 3 survivors (3072K)
 Metaspace       used 58640K, capacity 60093K, committed 60236K, reserved 1101824K
  class space    used 7422K, capacity 7972K, committed 8064K, reserved 1048576K
}
Event: 6.553 GC heap before
{Heap before GC invocations=14 (full 0):
 garbage-first heap   total 145408K, used 101596K [0x0000000080000000, 0x0000000100000000)
  region size 1024K, 51 young (52224K), 3 survivors (3072K)
 Metaspace       used 63442K, capacity 64970K, committed 65228K, reserved 1105920K
  class space    used 8009K, capacity 8565K, committed 8704K, reserved 1048576K
}
Event: 6.558 GC heap after
{Heap after GC invocations=15 (full 0):
 garbage-first heap   total 175104K, used 57504K [0x0000000080000000, 0x0000000100000000)
  region size 1024K, 7 young (7168K), 7 survivors (7168K)
 Metaspace       used 63442K, capacity 64970K, committed 65228K, reserved 1105920K
  class space    used 8009K, capacity 8565K, committed 8704K, reserved 1048576K
}
Event: 7.094 GC heap before
{Heap before GC invocations=15 (full 0):
 garbage-first heap   total 175104K, used 119968K [0x0000000080000000, 0x0000000100000000)
  region size 1024K, 67 young (68608K), 7 survivors (7168K)
 Metaspace       used 67052K, capacity 68674K, committed 68940K, reserved 1110016K
  class space    used 8446K, capacity 9023K, committed 9088K, reserved 1048576K
}
Event: 7.102 GC heap after
{Heap after GC invocations=16 (full 0):
 garbage-first heap   total 175104K, used 62379K [0x0000000080000000, 0x0000000100000000)
  region size 1024K, 9 young (9216K), 9 survivors (9216K)
 Metaspace       used 67052K, capacity 68674K, committed 68940K, reserved 1110016K
  class space    used 8446K, capacity 9023K, committed 9088K, reserved 1048576K
}
Event: 7.934 GC heap before
{Heap before GC invocations=16 (full 0):
 garbage-first heap   total 175104K, used 124843K [0x0000000080000000, 0x0000000100000000)
  region size 1024K, 70 young (71680K), 9 survivors (9216K)
 Metaspace       used 75007K, capacity 76647K, committed 76748K, reserved 1116160K
  class space    used 9609K, capacity 10220K, committed 10240K, reserved 1048576K
}
Event: 7.943 GC heap after
{Heap after GC invocations=17 (full 0):
 garbage-first heap   total 175104K, used 66716K [0x0000000080000000, 0x0000000100000000)
  region size 1024K, 9 young (9216K), 9 survivors (9216K)
 Metaspace       used 75007K, capacity 76647K, committed 76748K, reserved 1116160K
  class space    used 9609K, capacity 10220K, committed 10240K, reserved 1048576K
}
Event: 8.568 GC heap before
{Heap before GC invocations=17 (full 0):
 garbage-first heap   total 175104K, used 129180K [0x0000000080000000, 0x0000000100000000)
  region size 1024K, 70 young (71680K), 9 survivors (9216K)
 Metaspace       used 80846K, capacity 82653K, committed 82764K, reserved 1120256K
  class space    used 10420K, capacity 11090K, committed 11136K, reserved 1048576K
}
Event: 8.577 GC heap after
{Heap after GC invocations=18 (full 0):
 garbage-first heap   total 175104K, used 70848K [0x0000000080000000, 0x0000000100000000)
  region size 1024K, 9 young (9216K), 9 survivors (9216K)
 Metaspace       used 80846K, capacity 82653K, committed 82764K, reserved 1120256K
  class space    used 10420K, capacity 11090K, committed 11136K, reserved 1048576K
}
Event: 9.154 GC heap before
{Heap before GC invocations=18 (full 0):
 garbage-first heap   total 175104K, used 131264K [0x0000000080000000, 0x0000000100000000)
  region size 1024K, 69 young (70656K), 9 survivors (9216K)
 Metaspace       used 85069K, capacity 87326K, committed 87372K, reserved 1124352K
  class space    used 11018K, capacity 11860K, committed 11904K, reserved 1048576K
}
Event: 9.167 GC heap after
{Heap after GC invocations=19 (full 0):
 garbage-first heap   total 175104K, used 78244K [0x0000000080000000, 0x0000000100000000)
  region size 1024K, 9 young (9216K), 9 survivors (9216K)
 Metaspace       used 85069K, capacity 87326K, committed 87372K, reserved 1124352K
  class space    used 11018K, capacity 11860K, committed 11904K, reserved 1048576K
}
Event: 9.522 GC heap before
{Heap before GC invocations=19 (full 0):
 garbage-first heap   total 175104K, used 134564K [0x0000000080000000, 0x0000000100000000)
  region size 1024K, 65 young (66560K), 9 survivors (9216K)
 Metaspace       used 85665K, capacity 88009K, committed 88268K, reserved 1126400K
  class space    used 11057K, capacity 11944K, committed 12032K, reserved 1048576K
}
Event: 9.532 GC heap after
{Heap after GC invocations=20 (full 0):
 garbage-first heap   total 210944K, used 84725K [0x0000000080000000, 0x0000000100000000)
  region size 1024K, 7 young (7168K), 7 survivors (7168K)
 Metaspace       used 85665K, capacity 88009K, committed 88268K, reserved 1126400K
  class space    used 11057K, capacity 11944K, committed 12032K, reserved 1048576K
}

Deoptimization events (20 events):
Event: 9.661 Thread 0x0000013542c79000 Uncommon trap: trap_request=0xffffff4d fr.pc=0x00000135306bfd04 relative=0x00000000000005c4
Event: 9.661 Thread 0x0000013542c79000 Uncommon trap: reason=unstable_if action=reinterpret pc=0x00000135306bfd04 method=java.lang.String.regionMatches(ZILjava/lang/String;II)Z @ 1 c2
Event: 9.661 Thread 0x0000013542c79000 DEOPT PACKING pc=0x00000135306bfd04 sp=0x0000000c39dfc300
Event: 9.661 Thread 0x0000013542c79000 DEOPT UNPACKING pc=0x00000135287578af sp=0x0000000c39dfc2b0 mode 2
Event: 9.708 Thread 0x0000013542c79000 DEOPT PACKING pc=0x0000013529f25f76 sp=0x0000000c39dfa180
Event: 9.708 Thread 0x0000013542c79000 DEOPT UNPACKING pc=0x00000135287576ce sp=0x0000000c39df96a0 mode 0
Event: 9.708 Thread 0x0000013542c79000 Uncommon trap: trap_request=0xffffffbe fr.pc=0x00000135307a9b3c relative=0x000000000000091c
Event: 9.708 Thread 0x0000013542c79000 Uncommon trap: reason=profile_predicate action=maybe_recompile pc=0x00000135307a9b3c method=com.google.common.collect.RegularImmutableMap.createHashTable([Ljava/lang/Object;III)[I @ 99 c2
Event: 9.708 Thread 0x0000013542c79000 DEOPT PACKING pc=0x00000135307a9b3c sp=0x0000000c39df9ff0
Event: 9.708 Thread 0x0000013542c79000 DEOPT UNPACKING pc=0x00000135287578af sp=0x0000000c39df9f70 mode 2
Event: 9.708 Thread 0x0000013542c79000 Uncommon trap: trap_request=0xffffffbe fr.pc=0x00000135307a9b3c relative=0x000000000000091c
Event: 9.708 Thread 0x0000013542c79000 Uncommon trap: reason=profile_predicate action=maybe_recompile pc=0x00000135307a9b3c method=com.google.common.collect.RegularImmutableMap.createHashTable([Ljava/lang/Object;III)[I @ 99 c2
Event: 9.708 Thread 0x0000013542c79000 DEOPT PACKING pc=0x00000135307a9b3c sp=0x0000000c39df9ff0
Event: 9.708 Thread 0x0000013542c79000 DEOPT UNPACKING pc=0x00000135287578af sp=0x0000000c39df9f70 mode 2
Event: 9.708 Thread 0x0000013542c79000 Uncommon trap: trap_request=0xffffffbe fr.pc=0x00000135307a9b3c relative=0x000000000000091c
Event: 9.708 Thread 0x0000013542c79000 Uncommon trap: reason=profile_predicate action=maybe_recompile pc=0x00000135307a9b3c method=com.google.common.collect.RegularImmutableMap.createHashTable([Ljava/lang/Object;III)[I @ 99 c2
Event: 9.708 Thread 0x0000013542c79000 DEOPT PACKING pc=0x00000135307a9b3c sp=0x0000000c39df9bb0
Event: 9.708 Thread 0x0000013542c79000 DEOPT UNPACKING pc=0x00000135287578af sp=0x0000000c39df9b30 mode 2
Event: 9.909 Thread 0x0000013542c79000 DEOPT PACKING pc=0x0000013529f25f55 sp=0x0000000c39df7490
Event: 9.909 Thread 0x0000013542c79000 DEOPT UNPACKING pc=0x00000135287576ce sp=0x0000000c39df69b0 mode 0

Classes redefined (0 events):
No events

Internal exceptions (20 events):
Event: 8.884 Thread 0x0000013542c79000 Exception <a 'java/lang/NoSuchMethodError'{0x0000000088cec850}: 'int java.lang.invoke.DirectMethodHandle$Holder.invokeStaticInit(java.lang.Object, java.lang.Object, java.lang.Object, java.lang.Object, java.lang.Object)'> (0x0000000088cec850) thrown at [./src/hotspot/share/interpreter/linkResolver.cpp, line 773]
Event: 9.066 Thread 0x0000013548229800 Exception <a 'java/lang/NoSuchMethodError'{0x0000000087f88570}: 'java.lang.Object java.lang.invoke.DirectMethodHandle$Holder.invokeSpecialIFC(java.lang.Object, java.lang.Object, java.lang.Object)'> (0x0000000087f88570) thrown at [./src/hotspot/share/interpreter/linkResolver.cpp, line 773]
Event: 9.066 Thread 0x000001354822b000 Exception <a 'java/lang/NoSuchMethodError'{0x0000000087f9c3c0}: 'java.lang.Object java.lang.invoke.DirectMethodHandle$Holder.invokeSpecialIFC(java.lang.Object, java.lang.Object, java.lang.Object)'> (0x0000000087f9c3c0) thrown at [./src/hotspot/share/interpreter/linkResolver.cpp, line 773]
Event: 9.066 Thread 0x000001354822a000 Exception <a 'java/lang/NoSuchMethodError'{0x0000000087e0a1d8}: 'java.lang.Object java.lang.invoke.DirectMethodHandle$Holder.invokeSpecialIFC(java.lang.Object, java.lang.Object, java.lang.Object)'> (0x0000000087e0a1d8) thrown at [./src/hotspot/share/interpreter/linkResolver.cpp, line 773]
Event: 9.066 Thread 0x000001354822d800 Exception <a 'java/lang/NoSuchMethodError'{0x0000000087f44300}: 'java.lang.Object java.lang.invoke.DirectMethodHandle$Holder.invokeSpecialIFC(java.lang.Object, java.lang.Object, java.lang.Object)'> (0x0000000087f44300) thrown at [./src/hotspot/share/interpreter/linkResolver.cpp, line 773]
Event: 9.066 Thread 0x0000013548230000 Exception <a 'java/lang/NoSuchMethodError'{0x0000000087e1e540}: 'java.lang.Object java.lang.invoke.DirectMethodHandle$Holder.invokeSpecialIFC(java.lang.Object, java.lang.Object, java.lang.Object)'> (0x0000000087e1e540) thrown at [./src/hotspot/share/interpreter/linkResolver.cpp, line 773]
Event: 9.066 Thread 0x0000013548230800 Exception <a 'java/lang/NoSuchMethodError'{0x0000000087e44430}: 'java.lang.Object java.lang.invoke.DirectMethodHandle$Holder.invokeSpecialIFC(java.lang.Object, java.lang.Object, java.lang.Object)'> (0x0000000087e44430) thrown at [./src/hotspot/share/interpreter/linkResolver.cpp, line 773]
Event: 9.066 Thread 0x000001354822f000 Exception <a 'java/lang/NoSuchMethodError'{0x0000000087fc6de0}: 'java.lang.Object java.lang.invoke.DirectMethodHandle$Holder.invokeSpecialIFC(java.lang.Object, java.lang.Object, java.lang.Object)'> (0x0000000087fc6de0) thrown at [./src/hotspot/share/interpreter/linkResolver.cpp, line 773]
Event: 9.066 Thread 0x000001354822c000 Exception <a 'java/lang/NoSuchMethodError'{0x0000000087e375d0}: 'java.lang.Object java.lang.invoke.DirectMethodHandle$Holder.invokeSpecialIFC(java.lang.Object, java.lang.Object, java.lang.Object)'> (0x0000000087e375d0) thrown at [./src/hotspot/share/interpreter/linkResolver.cpp, line 773]
Event: 9.066 Thread 0x0000013543225000 Exception <a 'java/lang/NoSuchMethodError'{0x0000000087fdd1d8}: 'java.lang.Object java.lang.invoke.DirectMethodHandle$Holder.invokeSpecialIFC(java.lang.Object, java.lang.Object, java.lang.Object)'> (0x0000000087fdd1d8) thrown at [./src/hotspot/share/interpreter/linkResolver.cpp, line 773]
Event: 9.066 Thread 0x000001354822e000 Exception <a 'java/lang/NoSuchMethodError'{0x0000000087f6f8a0}: 'java.lang.Object java.lang.invoke.DirectMethodHandle$Holder.invokeSpecialIFC(java.lang.Object, java.lang.Object, java.lang.Object)'> (0x0000000087f6f8a0) thrown at [./src/hotspot/share/interpreter/linkResolver.cpp, line 773]
Event: 9.066 Thread 0x0000013542c79000 Exception <a 'java/lang/NoSuchMethodError'{0x0000000088072f88}: 'java.lang.Object java.lang.invoke.DirectMethodHandle$Holder.invokeSpecialIFC(java.lang.Object, java.lang.Object, java.lang.Object)'> (0x0000000088072f88) thrown at [./src/hotspot/share/interpreter/linkResolver.cpp, line 773]
Event: 9.066 Thread 0x000001354822c800 Exception <a 'java/lang/NoSuchMethodError'{0x0000000087fb4328}: 'java.lang.Object java.lang.invoke.DirectMethodHandle$Holder.invokeSpecialIFC(java.lang.Object, java.lang.Object, java.lang.Object)'> (0x0000000087fb4328) thrown at [./src/hotspot/share/interpreter/linkResolver.cpp, line 773]
Event: 9.647 Thread 0x0000013542c79000 Exception <a 'java/lang/NoSuchMethodError'{0x000000008ba2dfd0}: <clinit>> (0x000000008ba2dfd0) thrown at [./src/hotspot/share/prims/jni.cpp, line 1362]
Event: 9.647 Thread 0x0000013542c79000 Exception <a 'java/lang/NoSuchMethodError'{0x000000008ba2f308}: <clinit>> (0x000000008ba2f308) thrown at [./src/hotspot/share/prims/jni.cpp, line 1362]
Event: 9.647 Thread 0x0000013542c79000 Exception <a 'java/lang/NoSuchMethodError'{0x000000008ba31a68}: <clinit>> (0x000000008ba31a68) thrown at [./src/hotspot/share/prims/jni.cpp, line 1362]
Event: 9.648 Thread 0x0000013542c79000 Exception <a 'java/lang/NoSuchMethodError'{0x000000008ba4a0a8}: <clinit>> (0x000000008ba4a0a8) thrown at [./src/hotspot/share/prims/jni.cpp, line 1362]
Event: 9.648 Thread 0x0000013542c79000 Exception <a 'java/lang/NoSuchMethodError'{0x000000008ba4b588}: <clinit>> (0x000000008ba4b588) thrown at [./src/hotspot/share/prims/jni.cpp, line 1362]
Event: 9.734 Thread 0x000001354822d800 Exception <a 'java/lang/NoSuchMethodError'{0x000000008b250eb8}: 'void java.lang.invoke.DirectMethodHandle$Holder.invokeVirtual(java.lang.Object, java.lang.Object)'> (0x000000008b250eb8) thrown at [./src/hotspot/share/interpreter/linkResolver.cpp, line 773]
Event: 9.734 Thread 0x0000013548230000 Exception <a 'java/lang/NoSuchMethodError'{0x000000008b296420}: 'void java.lang.invoke.DirectMethodHandle$Holder.invokeVirtual(java.lang.Object, java.lang.Object)'> (0x000000008b296420) thrown at [./src/hotspot/share/interpreter/linkResolver.cpp, line 773]

Events (20 events):
Event: 10.030 loading class kotlin/reflect/jvm/internal/impl/serialization/deserialization/DeserializationConfiguration$DefaultImpls
Event: 10.030 loading class kotlin/reflect/jvm/internal/impl/serialization/deserialization/DeserializationConfiguration$DefaultImpls done
Event: 10.030 loading class kotlin/reflect/jvm/internal/impl/serialization/deserialization/descriptors/DeserializedContainerAbiStability
Event: 10.030 loading class kotlin/reflect/jvm/internal/impl/serialization/deserialization/descriptors/DeserializedContainerAbiStability done
Event: 10.031 loading class kotlin/reflect/jvm/internal/impl/serialization/deserialization/ClassData
Event: 10.031 loading class kotlin/reflect/jvm/internal/impl/serialization/deserialization/ClassData done
Event: 10.032 loading class kotlin/reflect/jvm/internal/impl/serialization/deserialization/ClassDeserializer$ClassKey
Event: 10.032 loading class kotlin/reflect/jvm/internal/impl/serialization/deserialization/ClassDeserializer$ClassKey done
Event: 10.032 loading class kotlin/reflect/jvm/internal/impl/serialization/deserialization/DeserializedPackageFragment
Event: 10.032 loading class kotlin/reflect/jvm/internal/impl/serialization/deserialization/DeserializedPackageFragment done
Event: 10.033 loading class kotlin/reflect/jvm/internal/impl/metadata/deserialization/TypeTable
Event: 10.033 loading class kotlin/reflect/jvm/internal/impl/metadata/deserialization/TypeTable done
Event: 10.033 loading class kotlin/reflect/jvm/internal/impl/metadata/deserialization/VersionRequirementTable
Event: 10.033 loading class kotlin/reflect/jvm/internal/impl/metadata/deserialization/VersionRequirementTable done
Event: 10.033 loading class kotlin/reflect/jvm/internal/impl/metadata/deserialization/VersionRequirementTable$Companion
Event: 10.033 loading class kotlin/reflect/jvm/internal/impl/metadata/deserialization/VersionRequirementTable$Companion done
Event: 10.034 loading class kotlin/reflect/jvm/internal/impl/serialization/deserialization/DeserializationContext
Event: 10.034 loading class kotlin/reflect/jvm/internal/impl/serialization/deserialization/DeserializationContext done
Event: 10.034 loading class kotlin/reflect/jvm/internal/impl/serialization/deserialization/TypeDeserializer
Event: 10.034 loading class kotlin/reflect/jvm/internal/impl/serialization/deserialization/TypeDeserializer done


Dynamic libraries:
0x00007ff78ad10000 - 0x00007ff78ad1a000 	C:\Program Files\Android\Android Studio\jre\bin\java.exe
0x00007ffd0e8d0000 - 0x00007ffd0eac5000 	C:\Windows\SYSTEM32\ntdll.dll
0x00007ffd0e770000 - 0x00007ffd0e82e000 	C:\Windows\System32\KERNEL32.DLL
0x00007ffd0c650000 - 0x00007ffd0c918000 	C:\Windows\System32\KERNELBASE.dll
0x00007ffd0c4a0000 - 0x00007ffd0c5a0000 	C:\Windows\System32\ucrtbase.dll
0x00007ffd057f0000 - 0x00007ffd05809000 	C:\Program Files\Android\Android Studio\jre\bin\jli.dll
0x00007ffd054e0000 - 0x00007ffd054f7000 	C:\Program Files\Android\Android Studio\jre\bin\VCRUNTIME140.dll
0x00007ffd0d220000 - 0x00007ffd0d3c1000 	C:\Windows\System32\USER32.dll
0x00007ffd0c280000 - 0x00007ffd0c2a2000 	C:\Windows\System32\win32u.dll
0x00007ffd0d4e0000 - 0x00007ffd0d50b000 	C:\Windows\System32\GDI32.dll
0x00007ffcff520000 - 0x00007ffcff7ba000 	C:\Windows\WinSxS\amd64_microsoft.windows.common-controls_6595b64144ccf1df_6.0.19041.1110_none_60b5254171f9507e\COMCTL32.dll
0x00007ffd0c340000 - 0x00007ffd0c44b000 	C:\Windows\System32\gdi32full.dll
0x00007ffd0d3d0000 - 0x00007ffd0d46e000 	C:\Windows\System32\msvcrt.dll
0x00007ffd0c150000 - 0x00007ffd0c1ed000 	C:\Windows\System32\msvcp_win.dll
0x00007ffd0e1d0000 - 0x00007ffd0e200000 	C:\Windows\System32\IMM32.DLL
0x00007ffcef950000 - 0x00007ffcef9ed000 	C:\Program Files\Android\Android Studio\jre\bin\msvcp140.dll
0x00007ffca4660000 - 0x00007ffca512f000 	C:\Program Files\Android\Android Studio\jre\bin\server\jvm.dll
0x00007ffd0d8b0000 - 0x00007ffd0d95c000 	C:\Windows\System32\ADVAPI32.dll
0x00007ffd0d800000 - 0x00007ffd0d89b000 	C:\Windows\System32\sechost.dll
0x00007ffd0e0a0000 - 0x00007ffd0e1ca000 	C:\Windows\System32\RPCRT4.dll
0x00007ffd0d160000 - 0x00007ffd0d168000 	C:\Windows\System32\PSAPI.DLL
0x00007ffd07810000 - 0x00007ffd07819000 	C:\Windows\SYSTEM32\WSOCK32.dll
0x00007ffcf82c0000 - 0x00007ffcf82e7000 	C:\Windows\SYSTEM32\WINMM.dll
0x00007ffd0d470000 - 0x00007ffd0d4db000 	C:\Windows\System32\WS2_32.dll
0x00007ffd04dd0000 - 0x00007ffd04dda000 	C:\Windows\SYSTEM32\VERSION.dll
0x00007ffd0a870000 - 0x00007ffd0a882000 	C:\Windows\SYSTEM32\kernel.appcore.dll
0x00007ffce9ea0000 - 0x00007ffce9eb1000 	C:\Program Files\Android\Android Studio\jre\bin\verify.dll
0x00007ffd0a660000 - 0x00007ffd0a844000 	C:\Windows\SYSTEM32\DBGHELP.DLL
0x00007ffcfca70000 - 0x00007ffcfca9c000 	C:\Windows\SYSTEM32\dbgcore.DLL
0x00007ffd0c1f0000 - 0x00007ffd0c273000 	C:\Windows\System32\bcryptPrimitives.dll
0x00007ffcdf700000 - 0x00007ffcdf729000 	C:\Program Files\Android\Android Studio\jre\bin\java.dll
0x00007ffd057e0000 - 0x00007ffd057eb000 	C:\Program Files\Android\Android Studio\jre\bin\jimage.dll
0x00007ffce9450000 - 0x00007ffce9468000 	C:\Program Files\Android\Android Studio\jre\bin\zip.dll
0x00007ffd0d960000 - 0x00007ffd0e09f000 	C:\Windows\System32\SHELL32.dll
0x00007ffd09e00000 - 0x00007ffd0a590000 	C:\Windows\SYSTEM32\windows.storage.dll
0x00007ffd0e3f0000 - 0x00007ffd0e745000 	C:\Windows\System32\combase.dll
0x00007ffd0ba40000 - 0x00007ffd0ba6e000 	C:\Windows\SYSTEM32\Wldp.dll
0x00007ffd0e2e0000 - 0x00007ffd0e38d000 	C:\Windows\System32\SHCORE.dll
0x00007ffd0ca50000 - 0x00007ffd0caa5000 	C:\Windows\System32\shlwapi.dll
0x00007ffd0bf30000 - 0x00007ffd0bf4f000 	C:\Windows\SYSTEM32\profapi.dll
0x00007ffce77b0000 - 0x00007ffce77ca000 	C:\Program Files\Android\Android Studio\jre\bin\net.dll
0x00007ffd03950000 - 0x00007ffd03a5c000 	C:\Windows\SYSTEM32\WINHTTP.dll
0x00007ffd0b7a0000 - 0x00007ffd0b80a000 	C:\Windows\system32\mswsock.dll
0x00007ffce3840000 - 0x00007ffce3854000 	C:\Program Files\Android\Android Studio\jre\bin\nio.dll
0x00007ffce0240000 - 0x00007ffce0267000 	C:\Users\djute\.gradle\native\8bec1ad78214c89d9ad589b4d07fe93259594b29d510b10fafb7a158f7737e5d\windows-amd64\native-platform.dll
0x00007ffcc31b0000 - 0x00007ffcc32ed000 	C:\Users\djute\.gradle\native\53dbd7edfb1c66fb8903c78663c9afc45aea4f116125fa6feffd364cf09443e8\windows-amd64\native-platform-file-events.dll
0x00007ffcf1060000 - 0x00007ffcf106a000 	C:\Program Files\Android\Android Studio\jre\bin\management.dll
0x00007ffcef870000 - 0x00007ffcef87c000 	C:\Program Files\Android\Android Studio\jre\bin\management_ext.dll
0x00007ffd0b990000 - 0x00007ffd0b9a8000 	C:\Windows\SYSTEM32\CRYPTSP.dll
0x00007ffd0b0b0000 - 0x00007ffd0b0e4000 	C:\Windows\system32\rsaenh.dll
0x00007ffd0c310000 - 0x00007ffd0c337000 	C:\Windows\System32\bcrypt.dll
0x00007ffd0beb0000 - 0x00007ffd0bede000 	C:\Windows\SYSTEM32\USERENV.dll
0x00007ffd0b9b0000 - 0x00007ffd0b9bc000 	C:\Windows\SYSTEM32\CRYPTBASE.dll
0x00007ffd0b440000 - 0x00007ffd0b47b000 	C:\Windows\SYSTEM32\IPHLPAPI.DLL
0x00007ffd0d8a0000 - 0x00007ffd0d8a8000 	C:\Windows\System32\NSI.dll
0x00007ffd05960000 - 0x00007ffd05977000 	C:\Windows\SYSTEM32\dhcpcsvc6.DLL
0x00007ffd04e50000 - 0x00007ffd04e6d000 	C:\Windows\SYSTEM32\dhcpcsvc.DLL
0x00007ffd0b490000 - 0x00007ffd0b55b000 	C:\Windows\SYSTEM32\DNSAPI.dll

dbghelp: loaded successfully - version: 4.0.5 - missing functions: none
symbol engine: initialized successfully - sym options: 0x614 - pdb path: .;C:\Program Files\Android\Android Studio\jre\bin;C:\Windows\SYSTEM32;C:\Windows\WinSxS\amd64_microsoft.windows.common-controls_6595b64144ccf1df_6.0.19041.1110_none_60b5254171f9507e;C:\Program Files\Android\Android Studio\jre\bin\server;C:\Users\djute\.gradle\native\8bec1ad78214c89d9ad589b4d07fe93259594b29d510b10fafb7a158f7737e5d\windows-amd64;C:\Users\djute\.gradle\native\53dbd7edfb1c66fb8903c78663c9afc45aea4f116125fa6feffd364cf09443e8\windows-amd64

VM Arguments:
jvm_args: --add-opens=java.base/java.util=ALL-UNNAMED --add-opens=java.base/java.lang=ALL-UNNAMED --add-opens=java.base/java.lang.invoke=ALL-UNNAMED --add-opens=java.base/java.util=ALL-UNNAMED --add-opens=java.prefs/java.util.prefs=ALL-UNNAMED --add-opens=java.prefs/java.util.prefs=ALL-UNNAMED --add-opens=java.base/java.nio.charset=ALL-UNNAMED --add-opens=java.base/java.net=ALL-UNNAMED --add-opens=java.base/java.util.concurrent.atomic=ALL-UNNAMED -Xmx2048m -Dfile.encoding=UTF-8 -Duser.country=RU -Duser.language=ru -Duser.variant 
java_command: org.gradle.launcher.daemon.bootstrap.GradleDaemon 7.0.2
java_class_path (initial): C:\Users\djute\.gradle\wrapper\dists\gradle-7.0.2-bin\857tjihv64xamwrf0h14cai3r\gradle-7.0.2\lib\gradle-launcher-7.0.2.jar
Launcher Type: SUN_STANDARD

[Global flags]
     intx CICompilerCount                          = 4                                         {product} {ergonomic}
     uint ConcGCThreads                            = 3                                         {product} {ergonomic}
     uint G1ConcRefinementThreads                  = 10                                        {product} {ergonomic}
   size_t G1HeapRegionSize                         = 1048576                                   {product} {ergonomic}
    uintx GCDrainStackTargetSize                   = 64                                        {product} {ergonomic}
   size_t InitialHeapSize                          = 123731968                                 {product} {ergonomic}
   size_t MarkStackSize                            = 4194304                                   {product} {ergonomic}
   size_t MaxHeapSize                              = 2147483648                                {product} {command line}
   size_t MaxNewSize                               = 1287651328                                {product} {ergonomic}
   size_t MinHeapDeltaBytes                        = 1048576                                   {product} {ergonomic}
    uintx NonNMethodCodeHeapSize                   = 5836300                                {pd product} {ergonomic}
    uintx NonProfiledCodeHeapSize                  = 122910970                              {pd product} {ergonomic}
    uintx ProfiledCodeHeapSize                     = 122910970                              {pd product} {ergonomic}
    uintx ReservedCodeCacheSize                    = 251658240                              {pd product} {ergonomic}
     bool SegmentedCodeCache                       = true                                      {product} {ergonomic}
     bool UseCompressedClassPointers               = true                                 {lp64_product} {ergonomic}
     bool UseCompressedOops                        = true                                 {lp64_product} {ergonomic}
     bool UseG1GC                                  = true                                      {product} {ergonomic}
     bool UseLargePagesIndividualAllocation        = false                                  {pd product} {ergonomic}

Logging:
Log output configuration:
 #0: stdout all=warning uptime,level,tags
 #1: stderr all=off uptime,level,tags

Environment Variables:
PATH=C:\ProgramData\Oracle\Java\javapath;C:\Windows\system32;C:\Windows;C:\Windows\System32\Wbem;C:\Windows\System32\WindowsPowerShell\v1.0\;C:\Windows\System32\OpenSSH\;C:\Program Files\Git\cmd;C:\Program Files\NVIDIA Corporation\NVIDIA NvDLISR;C:\Program Files (x86)\NVIDIA Corporation\PhysX\Common;C:\Program Files\dotnet\;C:\Users\djute\AppData\Local\Microsoft\WindowsApps;;C:\Program Files\JetBrains\IntelliJ IDEA Community Edition 2021.2.2\bin;
USERNAME=djute
OS=Windows_NT
PROCESSOR_IDENTIFIER=AMD64 Family 23 Model 96 Stepping 1, AuthenticAMD



---------------  S Y S T E M  ---------------

OS: Windows 10 , 64 bit Build 19041 (10.0.19041.1348)
OS uptime: 0 days 4:07 hours

CPU:total 12 (initial active 12) (12 cores per cpu, 2 threads per core) family 23 model 96 stepping 1 microcode 0x0, cmov, cx8, fxsr, mmx, sse, sse2, sse3, ssse3, sse4.1, sse4.2, popcnt, avx, avx2, aes, clmul, mmxext, 3dnowpref, lzcnt, sse4a, ht, tsc, tscinvbit, tscinv, bmi1, bmi2, adx, 

Memory: 4k page, system-wide physical 7549M (381M free)
TotalPageFile size 18433M (AvailPageFile size 5M)
current process WorkingSet (physical memory assigned to process): 484M, peak: 484M
current process commit charge ("private bytes"): 527M, peak: 527M

vm_info: OpenJDK 64-Bit Server VM (11.0.10+0-b96-7249189) for windows-amd64 JRE (11.0.10+0-b96-7249189), built on Mar 31 2021 21:44:00 by "builder" with MS VC++ 14.0 (VS2015)

END.
