#
# There is insufficient memory for the Java Runtime Environment to continue.
# Native memory allocation (malloc) failed to allocate 1532976 bytes for Chunk::new
# Possible reasons:
#   The system is out of physical RAM or swap space
#   The process is running with CompressedOops enabled, and the Java Heap may be blocking the growth of the native heap
# Possible solutions:
#   Reduce memory load on the system
#   Increase physical memory or swap space
#   Check if swap backing store is full
#   Decrease Java heap size (-Xmx/-Xms)
#   Decrease number of Java threads
#   Decrease Java thread stack sizes (-Xss)
#   Set larger code cache with -XX:ReservedCodeCacheSize=
#   JVM is running with Unscaled Compressed Oops mode in which the Java heap is
#     placed in the first 4GB address space. The Java Heap base address is the
#     maximum limit for the native heap growth. Please use -XX:HeapBaseMinAddress
#     to set the Java Heap base and to place the Java Heap above 4GB virtual address.
# This output file may be truncated or incomplete.
#
#  Out of Memory Error (./src/hotspot/share/memory/arena.cpp:197), pid=7876, tid=8960
#
# JRE version: OpenJDK Runtime Environment (11.0.10) (build 11.0.10+0-b96-7249189)
# Java VM: OpenJDK 64-Bit Server VM (11.0.10+0-b96-7249189, mixed mode, tiered, compressed oops, g1 gc, windows-amd64)
# No core dump will be written. Minidumps are not enabled by default on client versions of Windows
#

---------------  S U M M A R Y ------------

Command Line: --add-opens=java.base/java.util=ALL-UNNAMED --add-opens=java.base/java.lang=ALL-UNNAMED --add-opens=java.base/java.lang.invoke=ALL-UNNAMED --add-opens=java.base/java.util=ALL-UNNAMED --add-opens=java.prefs/java.util.prefs=ALL-UNNAMED --add-opens=java.prefs/java.util.prefs=ALL-UNNAMED --add-opens=java.base/java.nio.charset=ALL-UNNAMED --add-opens=java.base/java.net=ALL-UNNAMED --add-opens=java.base/java.util.concurrent.atomic=ALL-UNNAMED -Xmx2048m -Dfile.encoding=UTF-8 -Duser.country=RU -Duser.language=ru -Duser.variant org.gradle.launcher.daemon.bootstrap.GradleDaemon 7.0.2

Host: AMD Ryzen 5 4600H with Radeon Graphics         , 12 cores, 7G,  Windows 10 , 64 bit Build 19041 (10.0.19041.1348)
Time: Mon Nov 15 14:37:35 2021 Саратов (зима) elapsed time: 7.880105 seconds (0d 0h 0m 7s)

---------------  T H R E A D  ---------------

Current thread (0x000001f55c7e0800):  JavaThread "C2 CompilerThread2" daemon [_thread_in_native, id=8960, stack(0x000000732ea00000,0x000000732eb00000)]


Current CompileTask:
C2:   7880 6986       4       sun.reflect.generics.parser.SignatureParser::parseClassTypeSignature (118 bytes)

Stack: [0x000000732ea00000,0x000000732eb00000]
Native frames: (J=compiled Java code, j=interpreted, Vv=VM code, C=native code)
V  [jvm.dll+0x5ecfaa]
V  [jvm.dll+0x722bd5]
V  [jvm.dll+0x72412d]
V  [jvm.dll+0x7247e3]
V  [jvm.dll+0x242928]
V  [jvm.dll+0xbc4fc]
V  [jvm.dll+0xbca0c]
V  [jvm.dll+0x352d3b]
V  [jvm.dll+0x320ad3]
V  [jvm.dll+0x31ffca]
V  [jvm.dll+0x1fb602]
V  [jvm.dll+0x1fa7f4]
V  [jvm.dll+0x18354c]
V  [jvm.dll+0x208ee7]
V  [jvm.dll+0x207731]
V  [jvm.dll+0x6eb1cf]
V  [jvm.dll+0x6e3d45]
V  [jvm.dll+0x5ebe96]
C  [ucrtbase.dll+0x21bb2]
C  [KERNEL32.DLL+0x17034]
C  [ntdll.dll+0x52651]


---------------  P R O C E S S  ---------------

Threads class SMR info:
_java_thread_list=0x000001f55c94ada0, length=60, elements={
0x000001f53a21c800, 0x000001f556a64800, 0x000001f556a66000, 0x000001f556a85800,
0x000001f556a86000, 0x000001f556a87000, 0x000001f556a8a800, 0x000001f556a93800,
0x000001f556a9a000, 0x000001f55755f800, 0x000001f55770b800, 0x000001f558e67000,
0x000001f5588c1000, 0x000001f558dd1000, 0x000001f559511000, 0x000001f559a40800,
0x000001f558300800, 0x000001f559795000, 0x000001f559600800, 0x000001f559a3d800,
0x000001f559a3e000, 0x000001f559a3c800, 0x000001f559a3f000, 0x000001f55b3bc800,
0x000001f55b3ba800, 0x000001f55b3bb800, 0x000001f55b3be000, 0x000001f55b3bd000,
0x000001f55b3bf000, 0x000001f55c7e0800, 0x000001f55b3b9000, 0x000001f55b3bf800,
0x000001f55b3c5800, 0x000001f55b3c2000, 0x000001f55b3c6000, 0x000001f55b3c4800,
0x000001f55b3c7000, 0x000001f55b3c3000, 0x000001f55b3c3800, 0x000001f55b3c1800,
0x000001f55b3c8000, 0x000001f55b6ba800, 0x000001f55b6bf800, 0x000001f55b6c1000,
0x000001f55b6c0800, 0x000001f55b6bd000, 0x000001f55b6bb800, 0x000001f55b6c2000,
0x000001f55b6be800, 0x000001f55b6bc000, 0x000001f55b6c3000, 0x000001f55b6c3800,
0x000001f55b6be000, 0x000001f55b6c4800, 0x000001f55b6c9800, 0x000001f55b6c6000,
0x000001f55b6c5000, 0x000001f55b6c7000, 0x000001f55b6c7800, 0x000001f55b6c8800
}

Java Threads: ( => current thread )
  0x000001f53a21c800 JavaThread "main" [_thread_blocked, id=12356, stack(0x000000732ba00000,0x000000732bb00000)]
  0x000001f556a64800 JavaThread "Reference Handler" daemon [_thread_blocked, id=7320, stack(0x000000732c100000,0x000000732c200000)]
  0x000001f556a66000 JavaThread "Finalizer" daemon [_thread_blocked, id=2696, stack(0x000000732c200000,0x000000732c300000)]
  0x000001f556a85800 JavaThread "Signal Dispatcher" daemon [_thread_blocked, id=5756, stack(0x000000732c300000,0x000000732c400000)]
  0x000001f556a86000 JavaThread "Attach Listener" daemon [_thread_blocked, id=13784, stack(0x000000732c400000,0x000000732c500000)]
  0x000001f556a87000 JavaThread "Service Thread" daemon [_thread_blocked, id=9120, stack(0x000000732c500000,0x000000732c600000)]
  0x000001f556a8a800 JavaThread "C2 CompilerThread0" daemon [_thread_in_native, id=5812, stack(0x000000732c600000,0x000000732c700000)]
  0x000001f556a93800 JavaThread "C1 CompilerThread0" daemon [_thread_blocked, id=7624, stack(0x000000732c700000,0x000000732c800000)]
  0x000001f556a9a000 JavaThread "Sweeper thread" daemon [_thread_blocked, id=6412, stack(0x000000732c800000,0x000000732c900000)]
  0x000001f55755f800 JavaThread "Common-Cleaner" daemon [_thread_blocked, id=7752, stack(0x000000732c900000,0x000000732ca00000)]
  0x000001f55770b800 JavaThread "C2 CompilerThread1" daemon [_thread_in_native, id=12896, stack(0x000000732cb00000,0x000000732cc00000)]
  0x000001f558e67000 JavaThread "Daemon health stats" [_thread_blocked, id=6008, stack(0x000000732cd00000,0x000000732ce00000)]
  0x000001f5588c1000 JavaThread "Incoming local TCP Connector on port 49976" [_thread_in_native, id=15300, stack(0x000000732ce00000,0x000000732cf00000)]
  0x000001f558dd1000 JavaThread "Daemon periodic checks" [_thread_blocked, id=6240, stack(0x000000732cf00000,0x000000732d000000)]
  0x000001f559511000 JavaThread "Daemon" [_thread_blocked, id=1900, stack(0x000000732d000000,0x000000732d100000)]
  0x000001f559a40800 JavaThread "Handler for socket connection from /127.0.0.1:49976 to /127.0.0.1:49977" [_thread_in_native, id=7220, stack(0x000000732d100000,0x000000732d200000)]
  0x000001f558300800 JavaThread "Cancel handler" [_thread_blocked, id=8940, stack(0x000000732d200000,0x000000732d300000)]
  0x000001f559795000 JavaThread "Daemon worker" [_thread_in_Java, id=1356, stack(0x000000732d300000,0x000000732d400000)]
  0x000001f559600800 JavaThread "Asynchronous log dispatcher for DefaultDaemonConnection: socket connection from /127.0.0.1:49976 to /127.0.0.1:49977" [_thread_blocked, id=11916, stack(0x000000732d400000,0x000000732d500000)]
  0x000001f559a3d800 JavaThread "Stdin handler" [_thread_blocked, id=11008, stack(0x000000732d500000,0x000000732d600000)]
  0x000001f559a3e000 JavaThread "Daemon client event forwarder" [_thread_blocked, id=10768, stack(0x000000732d600000,0x000000732d700000)]
  0x000001f559a3c800 JavaThread "Cache worker for file hash cache (C:\Users\djute\.gradle\caches\7.0.2\fileHashes)" [_thread_blocked, id=6300, stack(0x000000732e000000,0x000000732e100000)]
  0x000001f559a3f000 JavaThread "File lock request listener" [_thread_in_native, id=9440, stack(0x000000732e100000,0x000000732e200000)]
  0x000001f55b3bc800 JavaThread "Cache worker for journal cache (C:\Users\djute\.gradle\caches\journal-1)" [_thread_blocked, id=15068, stack(0x000000732e400000,0x000000732e500000)]
  0x000001f55b3ba800 JavaThread "Cache worker for file hash cache (C:\Users\djute\AndroidStudioProjects\WorldCinemaTest\.gradle\7.0.2\fileHashes)" [_thread_blocked, id=6320, stack(0x000000732e500000,0x000000732e600000)]
  0x000001f55b3bb800 JavaThread "File watcher server" daemon [_thread_in_native, id=10592, stack(0x000000732e600000,0x000000732e700000)]
  0x000001f55b3be000 JavaThread "File watcher consumer" daemon [_thread_blocked, id=14984, stack(0x000000732e700000,0x000000732e800000)]
  0x000001f55b3bd000 JavaThread "Cache worker for checksums cache (C:\Users\djute\AndroidStudioProjects\WorldCinemaTest\.gradle\checksums)" [_thread_blocked, id=3732, stack(0x000000732e800000,0x000000732e900000)]
  0x000001f55b3bf000 JavaThread "Cache worker for cache directory md-supplier (C:\Users\djute\.gradle\caches\7.0.2\md-supplier)" [_thread_blocked, id=14680, stack(0x000000732e900000,0x000000732ea00000)]
=>0x000001f55c7e0800 JavaThread "C2 CompilerThread2" daemon [_thread_in_native, id=8960, stack(0x000000732ea00000,0x000000732eb00000)]
  0x000001f55b3b9000 JavaThread "Cache worker for cache directory md-rule (C:\Users\djute\.gradle\caches\7.0.2\md-rule)" [_thread_blocked, id=2032, stack(0x000000732eb00000,0x000000732ec00000)]
  0x000001f55b3bf800 JavaThread "Cache worker for execution history cache (C:\Users\djute\.gradle\caches\7.0.2\executionHistory)" [_thread_blocked, id=14132, stack(0x000000732ec00000,0x000000732ed00000)]
  0x000001f55b3c5800 JavaThread "jar transforms" [_thread_blocked, id=2304, stack(0x000000732ed00000,0x000000732ee00000)]
  0x000001f55b3c2000 JavaThread "jar transforms Thread 2" [_thread_blocked, id=7152, stack(0x000000732ee00000,0x000000732ef00000)]
  0x000001f55b3c6000 JavaThread "Cache worker for file content cache (C:\Users\djute\.gradle\caches\7.0.2\fileContent)" [_thread_blocked, id=1488, stack(0x000000732ef00000,0x000000732f000000)]
  0x000001f55b3c4800 JavaThread "Cache worker for dependencies-accessors (C:\Users\djute\AndroidStudioProjects\WorldCinemaTest\.gradle\7.0.2\dependencies-accessors)" [_thread_blocked, id=5904, stack(0x000000732f000000,0x000000732f100000)]
  0x000001f55b3c7000 JavaThread "jar transforms Thread 3" [_thread_blocked, id=15332, stack(0x000000732f100000,0x000000732f200000)]
  0x000001f55b3c3000 JavaThread "Cache worker for Build Output Cleanup Cache (C:\Users\djute\AndroidStudioProjects\WorldCinemaTest\.gradle\buildOutputCleanup)" [_thread_blocked, id=5748, stack(0x000000732f200000,0x000000732f300000)]
  0x000001f55b3c3800 JavaThread "Build operations" [_thread_blocked, id=6408, stack(0x000000732f300000,0x000000732f400000)]
  0x000001f55b3c1800 JavaThread "Build operations Thread 2" [_thread_blocked, id=12004, stack(0x000000732f400000,0x000000732f500000)]
  0x000001f55b3c8000 JavaThread "Build operations Thread 3" [_thread_blocked, id=13464, stack(0x000000732f500000,0x000000732f600000)]
  0x000001f55b6ba800 JavaThread "Build operations Thread 4" [_thread_blocked, id=12728, stack(0x000000732f600000,0x000000732f700000)]
  0x000001f55b6bf800 JavaThread "Build operations Thread 5" [_thread_blocked, id=8656, stack(0x000000732f700000,0x000000732f800000)]
  0x000001f55b6c1000 JavaThread "Build operations Thread 6" [_thread_blocked, id=13400, stack(0x000000732f800000,0x000000732f900000)]
  0x000001f55b6c0800 JavaThread "Build operations Thread 7" [_thread_blocked, id=9948, stack(0x000000732f900000,0x000000732fa00000)]
  0x000001f55b6bd000 JavaThread "Build operations Thread 8" [_thread_blocked, id=3808, stack(0x000000732fa00000,0x000000732fb00000)]
  0x000001f55b6bb800 JavaThread "Build operations Thread 9" [_thread_blocked, id=11256, stack(0x000000732fb00000,0x000000732fc00000)]
  0x000001f55b6c2000 JavaThread "Build operations Thread 10" [_thread_blocked, id=6960, stack(0x000000732fc00000,0x000000732fd00000)]
  0x000001f55b6be800 JavaThread "Build operations Thread 11" [_thread_blocked, id=2252, stack(0x000000732fd00000,0x000000732fe00000)]
  0x000001f55b6bc000 JavaThread "Build operations Thread 12" [_thread_blocked, id=5592, stack(0x000000732fe00000,0x000000732ff00000)]
  0x000001f55b6c3000 JavaThread "jar transforms Thread 4" [_thread_blocked, id=6700, stack(0x000000732ff00000,0x0000007330000000)]
  0x000001f55b6c3800 JavaThread "jar transforms Thread 5" [_thread_blocked, id=4088, stack(0x0000007330000000,0x0000007330100000)]
  0x000001f55b6be000 JavaThread "jar transforms Thread 6" [_thread_blocked, id=13824, stack(0x0000007330100000,0x0000007330200000)]
  0x000001f55b6c4800 JavaThread "jar transforms Thread 7" [_thread_blocked, id=3664, stack(0x0000007330200000,0x0000007330300000)]
  0x000001f55b6c9800 JavaThread "jar transforms Thread 8" [_thread_blocked, id=9764, stack(0x0000007330300000,0x0000007330400000)]
  0x000001f55b6c6000 JavaThread "jar transforms Thread 9" [_thread_blocked, id=11588, stack(0x0000007330400000,0x0000007330500000)]
  0x000001f55b6c5000 JavaThread "jar transforms Thread 10" [_thread_blocked, id=8920, stack(0x0000007330500000,0x0000007330600000)]
  0x000001f55b6c7000 JavaThread "jar transforms Thread 11" [_thread_blocked, id=9284, stack(0x0000007330600000,0x0000007330700000)]
  0x000001f55b6c7800 JavaThread "jar transforms Thread 12" [_thread_blocked, id=13712, stack(0x0000007330700000,0x0000007330800000)]
  0x000001f55b6c8800 JavaThread "Memory manager" [_thread_blocked, id=7124, stack(0x0000007330800000,0x0000007330900000)]

Other Threads:
  0x000001f556a60000 VMThread "VM Thread" [stack: 0x000000732c000000,0x000000732c100000] [id=3968]
  0x000001f557576000 WatcherThread [stack: 0x000000732ca00000,0x000000732cb00000] [id=10752]
  0x000001f53a234800 GCTaskThread "GC Thread#0" [stack: 0x000000732bb00000,0x000000732bc00000] [id=6668]
  0x000001f5579da800 GCTaskThread "GC Thread#1" [stack: 0x000000732cc00000,0x000000732cd00000] [id=9832]
  0x000001f558340000 GCTaskThread "GC Thread#2" [stack: 0x000000732d700000,0x000000732d800000] [id=736]
  0x000001f559692000 GCTaskThread "GC Thread#3" [stack: 0x000000732d800000,0x000000732d900000] [id=9052]
  0x000001f559f0f000 GCTaskThread "GC Thread#4" [stack: 0x000000732d900000,0x000000732da00000] [id=13420]
  0x000001f559f10000 GCTaskThread "GC Thread#5" [stack: 0x000000732da00000,0x000000732db00000] [id=10136]
  0x000001f55924a000 GCTaskThread "GC Thread#6" [stack: 0x000000732db00000,0x000000732dc00000] [id=12884]
  0x000001f55924a800 GCTaskThread "GC Thread#7" [stack: 0x000000732dc00000,0x000000732dd00000] [id=11304]
  0x000001f558c13800 GCTaskThread "GC Thread#8" [stack: 0x000000732dd00000,0x000000732de00000] [id=10584]
  0x000001f558c14800 GCTaskThread "GC Thread#9" [stack: 0x000000732de00000,0x000000732df00000] [id=5656]
  0x000001f53a268000 ConcurrentGCThread "G1 Main Marker" [stack: 0x000000732bc00000,0x000000732bd00000] [id=32]
  0x000001f53a269800 ConcurrentGCThread "G1 Conc#0" [stack: 0x000000732bd00000,0x000000732be00000] [id=2220]
  0x000001f559e82000 ConcurrentGCThread "G1 Conc#1" [stack: 0x000000732e200000,0x000000732e300000] [id=11740]
  0x000001f559e76800 ConcurrentGCThread "G1 Conc#2" [stack: 0x000000732e300000,0x000000732e400000] [id=8832]
  0x000001f53a2fe800 ConcurrentGCThread "G1 Refine#0" [stack: 0x000000732be00000,0x000000732bf00000] [id=6020]
  0x000001f558d61000 ConcurrentGCThread "G1 Refine#1" [stack: 0x000000732df00000,0x000000732e000000] [id=9204]
  0x000001f5568b2800 ConcurrentGCThread "G1 Young RemSet Sampling" [stack: 0x000000732bf00000,0x000000732c000000] [id=8152]

Threads with active compile tasks:
C2 CompilerThread0   7898 6987       4       sun.reflect.generics.parser.SignatureParser::parseFieldTypeSignature (73 bytes)
C2 CompilerThread1   7898 6999       4       sun.reflect.generics.parser.SignatureParser::parsePackageNameAndSimpleClassTypeSignature (119 bytes)
C2 CompilerThread2   7898 6986       4       sun.reflect.generics.parser.SignatureParser::parseClassTypeSignature (118 bytes)

VM state:not at safepoint (normal execution)

VM Mutex/Monitor currently owned by a thread: None

Heap address: 0x0000000080000000, size: 2048 MB, Compressed Oops mode: 32-bit
Narrow klass base: 0x0000000000000000, Narrow klass shift: 3
Compressed class space size: 1073741824 Address: 0x0000000100000000

Heap:
 garbage-first heap   total 175104K, used 84620K [0x0000000080000000, 0x0000000100000000)
  region size 1024K, 33 young (33792K), 10 survivors (10240K)
 Metaspace       used 72497K, capacity 74089K, committed 74444K, reserved 1114112K
  class space    used 9301K, capacity 9884K, committed 9984K, reserved 1048576K
Heap Regions: E=young(eden), S=young(survivor), O=old, HS=humongous(starts), HC=humongous(continues), CS=collection set, F=free, A=archive, TAMS=top-at-mark-start (previous, next)
|   0|0x0000000080000000, 0x0000000080100000, 0x0000000080100000|100%| O|  |TAMS 0x0000000080100000, 0x0000000080000000| Untracked 
|   1|0x0000000080100000, 0x0000000080200000, 0x0000000080200000|100%| O|  |TAMS 0x0000000080200000, 0x0000000080100000| Untracked 
|   2|0x0000000080200000, 0x0000000080300000, 0x0000000080300000|100%| O|  |TAMS 0x0000000080300000, 0x0000000080200000| Untracked 
|   3|0x0000000080300000, 0x0000000080400000, 0x0000000080400000|100%|HS|  |TAMS 0x0000000080400000, 0x0000000080300000| Complete 
|   4|0x0000000080400000, 0x0000000080500000, 0x0000000080500000|100%|HC|  |TAMS 0x0000000080500000, 0x0000000080400000| Complete 
|   5|0x0000000080500000, 0x0000000080600000, 0x0000000080600000|100%|HC|  |TAMS 0x0000000080600000, 0x0000000080500000| Complete 
|   6|0x0000000080600000, 0x0000000080700000, 0x0000000080700000|100%| O|  |TAMS 0x0000000080700000, 0x0000000080600000| Untracked 
|   7|0x0000000080700000, 0x0000000080800000, 0x0000000080800000|100%| O|  |TAMS 0x0000000080800000, 0x0000000080700000| Untracked 
|   8|0x0000000080800000, 0x0000000080900000, 0x0000000080900000|100%| O|  |TAMS 0x0000000080900000, 0x0000000080800000| Untracked 
|   9|0x0000000080900000, 0x0000000080a00000, 0x0000000080a00000|100%| O|  |TAMS 0x0000000080a00000, 0x0000000080900000| Untracked 
|  10|0x0000000080a00000, 0x0000000080b00000, 0x0000000080b00000|100%| O|  |TAMS 0x0000000080b00000, 0x0000000080a00000| Untracked 
|  11|0x0000000080b00000, 0x0000000080c00000, 0x0000000080c00000|100%| O|  |TAMS 0x0000000080c00000, 0x0000000080b00000| Untracked 
|  12|0x0000000080c00000, 0x0000000080d00000, 0x0000000080d00000|100%| O|  |TAMS 0x0000000080d00000, 0x0000000080c00000| Untracked 
|  13|0x0000000080d00000, 0x0000000080e00000, 0x0000000080e00000|100%| O|  |TAMS 0x0000000080e00000, 0x0000000080d00000| Untracked 
|  14|0x0000000080e00000, 0x0000000080f00000, 0x0000000080f00000|100%| O|  |TAMS 0x0000000080f00000, 0x0000000080e00000| Untracked 
|  15|0x0000000080f00000, 0x0000000081000000, 0x0000000081000000|100%| O|  |TAMS 0x0000000081000000, 0x0000000080f00000| Untracked 
|  16|0x0000000081000000, 0x0000000081100000, 0x0000000081100000|100%| O|  |TAMS 0x0000000081100000, 0x0000000081000000| Untracked 
|  17|0x0000000081100000, 0x0000000081200000, 0x0000000081200000|100%|HS|  |TAMS 0x0000000081200000, 0x0000000081100000| Complete 
|  18|0x0000000081200000, 0x0000000081300000, 0x0000000081300000|100%| O|  |TAMS 0x0000000081300000, 0x0000000081200000| Untracked 
|  19|0x0000000081300000, 0x0000000081400000, 0x0000000081400000|100%| O|  |TAMS 0x0000000081400000, 0x0000000081300000| Untracked 
|  20|0x0000000081400000, 0x0000000081500000, 0x0000000081500000|100%| O|  |TAMS 0x0000000081500000, 0x0000000081400000| Untracked 
|  21|0x0000000081500000, 0x0000000081600000, 0x0000000081600000|100%| O|  |TAMS 0x0000000081600000, 0x0000000081500000| Untracked 
|  22|0x0000000081600000, 0x0000000081700000, 0x0000000081700000|100%| O|  |TAMS 0x0000000081700000, 0x0000000081600000| Untracked 
|  23|0x0000000081700000, 0x0000000081800000, 0x0000000081800000|100%| O|  |TAMS 0x0000000081800000, 0x0000000081700000| Untracked 
|  24|0x0000000081800000, 0x0000000081900000, 0x0000000081900000|100%| O|  |TAMS 0x0000000081900000, 0x0000000081800000| Untracked 
|  25|0x0000000081900000, 0x0000000081a00000, 0x0000000081a00000|100%| O|  |TAMS 0x0000000081a00000, 0x0000000081900000| Untracked 
|  26|0x0000000081a00000, 0x0000000081b00000, 0x0000000081b00000|100%| O|  |TAMS 0x0000000081b00000, 0x0000000081a00000| Untracked 
|  27|0x0000000081b00000, 0x0000000081c00000, 0x0000000081c00000|100%|HS|  |TAMS 0x0000000081c00000, 0x0000000081b00000| Complete 
|  28|0x0000000081c00000, 0x0000000081d00000, 0x0000000081d00000|100%|HS|  |TAMS 0x0000000081d00000, 0x0000000081c00000| Complete 
|  29|0x0000000081d00000, 0x0000000081e00000, 0x0000000081e00000|100%|HS|  |TAMS 0x0000000081e00000, 0x0000000081d00000| Complete 
|  30|0x0000000081e00000, 0x0000000081f00000, 0x0000000081f00000|100%|HC|  |TAMS 0x0000000081f00000, 0x0000000081e00000| Complete 
|  31|0x0000000081f00000, 0x0000000082000000, 0x0000000082000000|100%|HC|  |TAMS 0x0000000082000000, 0x0000000081f00000| Complete 
|  32|0x0000000082000000, 0x0000000082100000, 0x0000000082100000|100%|HS|  |TAMS 0x0000000082100000, 0x0000000082000000| Complete 
|  33|0x0000000082100000, 0x0000000082200000, 0x0000000082200000|100%|HC|  |TAMS 0x0000000082200000, 0x0000000082100000| Complete 
|  34|0x0000000082200000, 0x0000000082300000, 0x0000000082300000|100%| O|  |TAMS 0x0000000082300000, 0x0000000082200000| Untracked 
|  35|0x0000000082300000, 0x0000000082400000, 0x0000000082400000|100%| O|  |TAMS 0x0000000082400000, 0x0000000082300000| Untracked 
|  36|0x0000000082400000, 0x0000000082500000, 0x0000000082500000|100%| O|  |TAMS 0x0000000082500000, 0x0000000082400000| Untracked 
|  37|0x0000000082500000, 0x0000000082600000, 0x0000000082600000|100%| O|  |TAMS 0x0000000082600000, 0x0000000082500000| Untracked 
|  38|0x0000000082600000, 0x0000000082700000, 0x0000000082700000|100%| O|  |TAMS 0x0000000082700000, 0x0000000082600000| Untracked 
|  39|0x0000000082700000, 0x0000000082800000, 0x0000000082800000|100%| O|  |TAMS 0x0000000082800000, 0x0000000082700000| Untracked 
|  40|0x0000000082800000, 0x0000000082900000, 0x0000000082900000|100%| O|  |TAMS 0x0000000082900000, 0x0000000082800000| Untracked 
|  41|0x0000000082900000, 0x0000000082a00000, 0x0000000082a00000|100%| O|  |TAMS 0x0000000082a00000, 0x0000000082900000| Untracked 
|  42|0x0000000082a00000, 0x0000000082b00000, 0x0000000082b00000|100%| O|  |TAMS 0x0000000082b00000, 0x0000000082a00000| Untracked 
|  43|0x0000000082b00000, 0x0000000082c00000, 0x0000000082c00000|100%| O|  |TAMS 0x0000000082c00000, 0x0000000082b00000| Untracked 
|  44|0x0000000082c00000, 0x0000000082d00000, 0x0000000082d00000|100%| O|  |TAMS 0x0000000082d00000, 0x0000000082c00000| Untracked 
|  45|0x0000000082d00000, 0x0000000082e00000, 0x0000000082e00000|100%| O|  |TAMS 0x0000000082e00000, 0x0000000082d00000| Untracked 
|  46|0x0000000082e00000, 0x0000000082f00000, 0x0000000082f00000|100%| O|  |TAMS 0x0000000082f00000, 0x0000000082e00000| Untracked 
|  47|0x0000000082f00000, 0x0000000083000000, 0x0000000083000000|100%| O|  |TAMS 0x0000000083000000, 0x0000000082f00000| Untracked 
|  48|0x0000000083000000, 0x0000000083100000, 0x0000000083100000|100%| O|  |TAMS 0x000000008303b400, 0x0000000083000000| Untracked 
|  49|0x0000000083100000, 0x0000000083200000, 0x0000000083200000|100%| O|  |TAMS 0x0000000083100000, 0x0000000083100000| Untracked 
|  50|0x0000000083200000, 0x00000000832a3000, 0x0000000083300000| 63%| O|  |TAMS 0x0000000083200000, 0x0000000083200000| Untracked 
|  51|0x0000000083300000, 0x0000000083300000, 0x0000000083400000|  0%| F|  |TAMS 0x0000000083300000, 0x0000000083300000| Untracked 
|  52|0x0000000083400000, 0x0000000083400000, 0x0000000083500000|  0%| F|  |TAMS 0x0000000083400000, 0x0000000083400000| Untracked 
|  53|0x0000000083500000, 0x0000000083500000, 0x0000000083600000|  0%| F|  |TAMS 0x0000000083500000, 0x0000000083500000| Untracked 
|  54|0x0000000083600000, 0x0000000083600000, 0x0000000083700000|  0%| F|  |TAMS 0x0000000083600000, 0x0000000083600000| Untracked 
|  55|0x0000000083700000, 0x0000000083700000, 0x0000000083800000|  0%| F|  |TAMS 0x0000000083700000, 0x0000000083700000| Untracked 
|  56|0x0000000083800000, 0x0000000083800000, 0x0000000083900000|  0%| F|  |TAMS 0x0000000083800000, 0x0000000083800000| Untracked 
|  57|0x0000000083900000, 0x0000000083900000, 0x0000000083a00000|  0%| F|  |TAMS 0x0000000083900000, 0x0000000083900000| Untracked 
|  58|0x0000000083a00000, 0x0000000083a00000, 0x0000000083b00000|  0%| F|  |TAMS 0x0000000083a00000, 0x0000000083a00000| Untracked 
|  59|0x0000000083b00000, 0x0000000083b00000, 0x0000000083c00000|  0%| F|  |TAMS 0x0000000083b00000, 0x0000000083b00000| Untracked 
|  60|0x0000000083c00000, 0x0000000083c00000, 0x0000000083d00000|  0%| F|  |TAMS 0x0000000083c00000, 0x0000000083c00000| Untracked 
|  61|0x0000000083d00000, 0x0000000083d00000, 0x0000000083e00000|  0%| F|  |TAMS 0x0000000083d00000, 0x0000000083d00000| Untracked 
|  62|0x0000000083e00000, 0x0000000083e00000, 0x0000000083f00000|  0%| F|  |TAMS 0x0000000083e00000, 0x0000000083e00000| Untracked 
|  63|0x0000000083f00000, 0x0000000083f00000, 0x0000000084000000|  0%| F|  |TAMS 0x0000000083f00000, 0x0000000083f00000| Untracked 
|  64|0x0000000084000000, 0x0000000084000000, 0x0000000084100000|  0%| F|  |TAMS 0x0000000084000000, 0x0000000084000000| Untracked 
|  65|0x0000000084100000, 0x0000000084100000, 0x0000000084200000|  0%| F|  |TAMS 0x0000000084100000, 0x0000000084100000| Untracked 
|  66|0x0000000084200000, 0x0000000084200000, 0x0000000084300000|  0%| F|  |TAMS 0x0000000084200000, 0x0000000084200000| Untracked 
|  67|0x0000000084300000, 0x0000000084300000, 0x0000000084400000|  0%| F|  |TAMS 0x0000000084300000, 0x0000000084300000| Untracked 
|  68|0x0000000084400000, 0x0000000084400000, 0x0000000084500000|  0%| F|  |TAMS 0x0000000084400000, 0x0000000084400000| Untracked 
|  69|0x0000000084500000, 0x0000000084500000, 0x0000000084600000|  0%| F|  |TAMS 0x0000000084500000, 0x0000000084500000| Untracked 
|  70|0x0000000084600000, 0x0000000084600000, 0x0000000084700000|  0%| F|  |TAMS 0x0000000084600000, 0x0000000084600000| Untracked 
|  71|0x0000000084700000, 0x0000000084700000, 0x0000000084800000|  0%| F|  |TAMS 0x0000000084700000, 0x0000000084700000| Untracked 
|  72|0x0000000084800000, 0x0000000084800000, 0x0000000084900000|  0%| F|  |TAMS 0x0000000084800000, 0x0000000084800000| Untracked 
|  73|0x0000000084900000, 0x0000000084900000, 0x0000000084a00000|  0%| F|  |TAMS 0x0000000084900000, 0x0000000084900000| Untracked 
|  74|0x0000000084a00000, 0x0000000084a00000, 0x0000000084b00000|  0%| F|  |TAMS 0x0000000084a00000, 0x0000000084a00000| Untracked 
|  75|0x0000000084b00000, 0x0000000084b00000, 0x0000000084c00000|  0%| F|  |TAMS 0x0000000084b00000, 0x0000000084b00000| Untracked 
|  76|0x0000000084c00000, 0x0000000084c00000, 0x0000000084d00000|  0%| F|  |TAMS 0x0000000084c00000, 0x0000000084c00000| Untracked 
|  77|0x0000000084d00000, 0x0000000084d00000, 0x0000000084e00000|  0%| F|  |TAMS 0x0000000084d00000, 0x0000000084d00000| Untracked 
|  78|0x0000000084e00000, 0x0000000084e00000, 0x0000000084f00000|  0%| F|  |TAMS 0x0000000084e00000, 0x0000000084e00000| Untracked 
|  79|0x0000000084f00000, 0x0000000084f00000, 0x0000000085000000|  0%| F|  |TAMS 0x0000000084f00000, 0x0000000084f00000| Untracked 
|  80|0x0000000085000000, 0x0000000085000000, 0x0000000085100000|  0%| F|  |TAMS 0x0000000085000000, 0x0000000085000000| Untracked 
|  81|0x0000000085100000, 0x0000000085100000, 0x0000000085200000|  0%| F|  |TAMS 0x0000000085100000, 0x0000000085100000| Untracked 
|  82|0x0000000085200000, 0x0000000085200000, 0x0000000085300000|  0%| F|  |TAMS 0x0000000085200000, 0x0000000085200000| Untracked 
|  83|0x0000000085300000, 0x0000000085300000, 0x0000000085400000|  0%| F|  |TAMS 0x0000000085300000, 0x0000000085300000| Untracked 
|  84|0x0000000085400000, 0x0000000085400000, 0x0000000085500000|  0%| F|  |TAMS 0x0000000085400000, 0x0000000085400000| Untracked 
|  85|0x0000000085500000, 0x0000000085500000, 0x0000000085600000|  0%| F|  |TAMS 0x0000000085500000, 0x0000000085500000| Untracked 
|  86|0x0000000085600000, 0x0000000085600000, 0x0000000085700000|  0%| F|  |TAMS 0x0000000085600000, 0x0000000085600000| Untracked 
|  87|0x0000000085700000, 0x0000000085800000, 0x0000000085800000|100%| S|CS|TAMS 0x0000000085700000, 0x0000000085700000| Complete 
|  88|0x0000000085800000, 0x0000000085900000, 0x0000000085900000|100%| S|CS|TAMS 0x0000000085800000, 0x0000000085800000| Complete 
|  89|0x0000000085900000, 0x0000000085a00000, 0x0000000085a00000|100%| S|CS|TAMS 0x0000000085900000, 0x0000000085900000| Complete 
|  90|0x0000000085a00000, 0x0000000085b00000, 0x0000000085b00000|100%| S|CS|TAMS 0x0000000085a00000, 0x0000000085a00000| Complete 
|  91|0x0000000085b00000, 0x0000000085c00000, 0x0000000085c00000|100%| S|CS|TAMS 0x0000000085b00000, 0x0000000085b00000| Complete 
|  92|0x0000000085c00000, 0x0000000085d00000, 0x0000000085d00000|100%| S|CS|TAMS 0x0000000085c00000, 0x0000000085c00000| Complete 
|  93|0x0000000085d00000, 0x0000000085e00000, 0x0000000085e00000|100%| S|CS|TAMS 0x0000000085d00000, 0x0000000085d00000| Complete 
|  94|0x0000000085e00000, 0x0000000085e00000, 0x0000000085f00000|  0%| F|  |TAMS 0x0000000085e00000, 0x0000000085e00000| Untracked 
|  95|0x0000000085f00000, 0x0000000085f00000, 0x0000000086000000|  0%| F|  |TAMS 0x0000000085f00000, 0x0000000085f00000| Untracked 
|  96|0x0000000086000000, 0x0000000086000000, 0x0000000086100000|  0%| F|  |TAMS 0x0000000086000000, 0x0000000086000000| Untracked 
|  97|0x0000000086100000, 0x0000000086100000, 0x0000000086200000|  0%| F|  |TAMS 0x0000000086100000, 0x0000000086100000| Untracked 
|  98|0x0000000086200000, 0x0000000086200000, 0x0000000086300000|  0%| F|  |TAMS 0x0000000086200000, 0x0000000086200000| Untracked 
|  99|0x0000000086300000, 0x0000000086300000, 0x0000000086400000|  0%| F|  |TAMS 0x0000000086300000, 0x0000000086300000| Untracked 
| 100|0x0000000086400000, 0x0000000086400000, 0x0000000086500000|  0%| F|  |TAMS 0x0000000086400000, 0x0000000086400000| Untracked 
| 101|0x0000000086500000, 0x0000000086500000, 0x0000000086600000|  0%| F|  |TAMS 0x0000000086500000, 0x0000000086500000| Untracked 
| 102|0x0000000086600000, 0x0000000086700000, 0x0000000086700000|100%| S|CS|TAMS 0x0000000086600000, 0x0000000086600000| Complete 
| 103|0x0000000086700000, 0x0000000086800000, 0x0000000086800000|100%| S|CS|TAMS 0x0000000086700000, 0x0000000086700000| Complete 
| 104|0x0000000086800000, 0x0000000086900000, 0x0000000086900000|100%| S|CS|TAMS 0x0000000086800000, 0x0000000086800000| Complete 
| 105|0x0000000086900000, 0x0000000086900000, 0x0000000086a00000|  0%| F|  |TAMS 0x0000000086900000, 0x0000000086900000| Untracked 
| 106|0x0000000086a00000, 0x0000000086a00000, 0x0000000086b00000|  0%| F|  |TAMS 0x0000000086a00000, 0x0000000086a00000| Untracked 
| 107|0x0000000086b00000, 0x0000000086b00000, 0x0000000086c00000|  0%| F|  |TAMS 0x0000000086b00000, 0x0000000086b00000| Untracked 
| 108|0x0000000086c00000, 0x0000000086c00000, 0x0000000086d00000|  0%| F|  |TAMS 0x0000000086c00000, 0x0000000086c00000| Untracked 
| 109|0x0000000086d00000, 0x0000000086d00000, 0x0000000086e00000|  0%| F|  |TAMS 0x0000000086d00000, 0x0000000086d00000| Untracked 
| 110|0x0000000086e00000, 0x0000000086e00000, 0x0000000086f00000|  0%| F|  |TAMS 0x0000000086e00000, 0x0000000086e00000| Untracked 
| 111|0x0000000086f00000, 0x0000000086f00000, 0x0000000087000000|  0%| F|  |TAMS 0x0000000086f00000, 0x0000000086f00000| Untracked 
| 112|0x0000000087000000, 0x0000000087000000, 0x0000000087100000|  0%| F|  |TAMS 0x0000000087000000, 0x0000000087000000| Untracked 
| 113|0x0000000087100000, 0x0000000087100000, 0x0000000087200000|  0%| F|  |TAMS 0x0000000087100000, 0x0000000087100000| Untracked 
| 114|0x0000000087200000, 0x0000000087200000, 0x0000000087300000|  0%| F|  |TAMS 0x0000000087200000, 0x0000000087200000| Untracked 
| 115|0x0000000087300000, 0x0000000087300000, 0x0000000087400000|  0%| F|  |TAMS 0x0000000087300000, 0x0000000087300000| Untracked 
| 116|0x0000000087400000, 0x0000000087400000, 0x0000000087500000|  0%| F|  |TAMS 0x0000000087400000, 0x0000000087400000| Untracked 
| 117|0x0000000087500000, 0x0000000087500000, 0x0000000087600000|  0%| F|  |TAMS 0x0000000087500000, 0x0000000087500000| Untracked 
| 118|0x0000000087600000, 0x0000000087600000, 0x0000000087700000|  0%| F|  |TAMS 0x0000000087600000, 0x0000000087600000| Untracked 
| 119|0x0000000087700000, 0x0000000087700000, 0x0000000087800000|  0%| F|  |TAMS 0x0000000087700000, 0x0000000087700000| Untracked 
| 120|0x0000000087800000, 0x0000000087800000, 0x0000000087900000|  0%| F|  |TAMS 0x0000000087800000, 0x0000000087800000| Untracked 
| 121|0x0000000087900000, 0x0000000087900000, 0x0000000087a00000|  0%| F|  |TAMS 0x0000000087900000, 0x0000000087900000| Untracked 
| 122|0x0000000087a00000, 0x0000000087a00000, 0x0000000087b00000|  0%| F|  |TAMS 0x0000000087a00000, 0x0000000087a00000| Untracked 
| 123|0x0000000087b00000, 0x0000000087b00000, 0x0000000087c00000|  0%| F|  |TAMS 0x0000000087b00000, 0x0000000087b00000| Untracked 
| 124|0x0000000087c00000, 0x0000000087c00000, 0x0000000087d00000|  0%| F|  |TAMS 0x0000000087c00000, 0x0000000087c00000| Untracked 
| 125|0x0000000087d00000, 0x0000000087d00000, 0x0000000087e00000|  0%| F|  |TAMS 0x0000000087d00000, 0x0000000087d00000| Untracked 
| 126|0x0000000087e00000, 0x0000000087e00000, 0x0000000087f00000|  0%| F|  |TAMS 0x0000000087e00000, 0x0000000087e00000| Untracked 
| 127|0x0000000087f00000, 0x0000000087f00000, 0x0000000088000000|  0%| F|  |TAMS 0x0000000087f00000, 0x0000000087f00000| Untracked 
| 128|0x0000000088000000, 0x0000000088000000, 0x0000000088100000|  0%| F|  |TAMS 0x0000000088000000, 0x0000000088000000| Untracked 
| 129|0x0000000088100000, 0x0000000088100000, 0x0000000088200000|  0%| F|  |TAMS 0x0000000088100000, 0x0000000088100000| Untracked 
| 130|0x0000000088200000, 0x0000000088200000, 0x0000000088300000|  0%| F|  |TAMS 0x0000000088200000, 0x0000000088200000| Untracked 
| 131|0x0000000088300000, 0x0000000088300000, 0x0000000088400000|  0%| F|  |TAMS 0x0000000088300000, 0x0000000088300000| Untracked 
| 132|0x0000000088400000, 0x0000000088400000, 0x0000000088500000|  0%| F|  |TAMS 0x0000000088400000, 0x0000000088400000| Untracked 
| 133|0x0000000088500000, 0x0000000088500000, 0x0000000088600000|  0%| F|  |TAMS 0x0000000088500000, 0x0000000088500000| Untracked 
| 134|0x0000000088600000, 0x0000000088600000, 0x0000000088700000|  0%| F|  |TAMS 0x0000000088600000, 0x0000000088600000| Untracked 
| 135|0x0000000088700000, 0x0000000088700000, 0x0000000088800000|  0%| F|  |TAMS 0x0000000088700000, 0x0000000088700000| Untracked 
| 136|0x0000000088800000, 0x0000000088800000, 0x0000000088900000|  0%| F|  |TAMS 0x0000000088800000, 0x0000000088800000| Untracked 
| 137|0x0000000088900000, 0x0000000088900000, 0x0000000088a00000|  0%| F|  |TAMS 0x0000000088900000, 0x0000000088900000| Untracked 
| 138|0x0000000088a00000, 0x0000000088a00000, 0x0000000088b00000|  0%| F|  |TAMS 0x0000000088a00000, 0x0000000088a00000| Untracked 
| 139|0x0000000088b00000, 0x0000000088b00000, 0x0000000088c00000|  0%| F|  |TAMS 0x0000000088b00000, 0x0000000088b00000| Untracked 
| 140|0x0000000088c00000, 0x0000000088c00000, 0x0000000088d00000|  0%| F|  |TAMS 0x0000000088c00000, 0x0000000088c00000| Untracked 
| 141|0x0000000088d00000, 0x0000000088d00000, 0x0000000088e00000|  0%| F|  |TAMS 0x0000000088d00000, 0x0000000088d00000| Untracked 
| 142|0x0000000088e00000, 0x0000000088e00000, 0x0000000088f00000|  0%| F|  |TAMS 0x0000000088e00000, 0x0000000088e00000| Untracked 
| 143|0x0000000088f00000, 0x0000000088f00000, 0x0000000089000000|  0%| F|  |TAMS 0x0000000088f00000, 0x0000000088f00000| Untracked 
| 144|0x0000000089000000, 0x0000000089000000, 0x0000000089100000|  0%| F|  |TAMS 0x0000000089000000, 0x0000000089000000| Untracked 
| 145|0x0000000089100000, 0x0000000089100000, 0x0000000089200000|  0%| F|  |TAMS 0x0000000089100000, 0x0000000089100000| Untracked 
| 146|0x0000000089200000, 0x0000000089200000, 0x0000000089300000|  0%| F|  |TAMS 0x0000000089200000, 0x0000000089200000| Untracked 
| 147|0x0000000089300000, 0x0000000089300000, 0x0000000089400000|  0%| F|  |TAMS 0x0000000089300000, 0x0000000089300000| Untracked 
| 148|0x0000000089400000, 0x0000000089500000, 0x0000000089500000|100%| E|  |TAMS 0x0000000089400000, 0x0000000089400000| Complete 
| 149|0x0000000089500000, 0x0000000089600000, 0x0000000089600000|100%| E|CS|TAMS 0x0000000089500000, 0x0000000089500000| Complete 
| 150|0x0000000089600000, 0x0000000089700000, 0x0000000089700000|100%| E|CS|TAMS 0x0000000089600000, 0x0000000089600000| Complete 
| 151|0x0000000089700000, 0x0000000089800000, 0x0000000089800000|100%| E|CS|TAMS 0x0000000089700000, 0x0000000089700000| Complete 
| 152|0x0000000089800000, 0x0000000089900000, 0x0000000089900000|100%| E|CS|TAMS 0x0000000089800000, 0x0000000089800000| Complete 
| 153|0x0000000089900000, 0x0000000089a00000, 0x0000000089a00000|100%| E|CS|TAMS 0x0000000089900000, 0x0000000089900000| Complete 
| 154|0x0000000089a00000, 0x0000000089b00000, 0x0000000089b00000|100%| E|CS|TAMS 0x0000000089a00000, 0x0000000089a00000| Complete 
| 155|0x0000000089b00000, 0x0000000089c00000, 0x0000000089c00000|100%| E|CS|TAMS 0x0000000089b00000, 0x0000000089b00000| Complete 
| 156|0x0000000089c00000, 0x0000000089d00000, 0x0000000089d00000|100%| E|CS|TAMS 0x0000000089c00000, 0x0000000089c00000| Complete 
| 157|0x0000000089d00000, 0x0000000089e00000, 0x0000000089e00000|100%| E|CS|TAMS 0x0000000089d00000, 0x0000000089d00000| Complete 
| 158|0x0000000089e00000, 0x0000000089f00000, 0x0000000089f00000|100%| E|CS|TAMS 0x0000000089e00000, 0x0000000089e00000| Complete 
| 159|0x0000000089f00000, 0x000000008a000000, 0x000000008a000000|100%| E|CS|TAMS 0x0000000089f00000, 0x0000000089f00000| Complete 
| 160|0x000000008a000000, 0x000000008a100000, 0x000000008a100000|100%| E|CS|TAMS 0x000000008a000000, 0x000000008a000000| Complete 
| 161|0x000000008a100000, 0x000000008a200000, 0x000000008a200000|100%| E|CS|TAMS 0x000000008a100000, 0x000000008a100000| Complete 
| 162|0x000000008a200000, 0x000000008a300000, 0x000000008a300000|100%| E|CS|TAMS 0x000000008a200000, 0x000000008a200000| Complete 
| 163|0x000000008a300000, 0x000000008a400000, 0x000000008a400000|100%| E|CS|TAMS 0x000000008a300000, 0x000000008a300000| Complete 
| 164|0x000000008a400000, 0x000000008a500000, 0x000000008a500000|100%| E|CS|TAMS 0x000000008a400000, 0x000000008a400000| Complete 
| 165|0x000000008a500000, 0x000000008a600000, 0x000000008a600000|100%| E|CS|TAMS 0x000000008a500000, 0x000000008a500000| Complete 
| 166|0x000000008a600000, 0x000000008a700000, 0x000000008a700000|100%| E|CS|TAMS 0x000000008a600000, 0x000000008a600000| Complete 
| 167|0x000000008a700000, 0x000000008a800000, 0x000000008a800000|100%| E|CS|TAMS 0x000000008a700000, 0x000000008a700000| Complete 
| 168|0x000000008a800000, 0x000000008a900000, 0x000000008a900000|100%| E|CS|TAMS 0x000000008a800000, 0x000000008a800000| Complete 
| 169|0x000000008a900000, 0x000000008aa00000, 0x000000008aa00000|100%| E|CS|TAMS 0x000000008a900000, 0x000000008a900000| Complete 
| 170|0x000000008aa00000, 0x000000008ab00000, 0x000000008ab00000|100%| E|CS|TAMS 0x000000008aa00000, 0x000000008aa00000| Complete 

Card table byte_map: [0x000001f54f580000,0x000001f54f980000] _byte_map_base: 0x000001f54f180000

Marking Bits (Prev, Next): (CMBitMap*) 0x000001f53a25f310, (CMBitMap*) 0x000001f53a25f2d8
 Prev Bits: [0x000001f551d80000, 0x000001f553d80000)
 Next Bits: [0x000001f54fd80000, 0x000001f551d80000)

Polling page: 0x000001f53a300000

Metaspace:

Usage:
  Non-class:     62.71 MB capacity,    61.73 MB ( 98%) used,   825.74 KB (  1%) free+waste,   175.69 KB ( <1%) overhead. 
      Class:      9.65 MB capacity,     9.09 MB ( 94%) used,   500.86 KB (  5%) free+waste,    81.44 KB ( <1%) overhead. 
       Both:     72.36 MB capacity,    70.82 MB ( 98%) used,     1.30 MB (  2%) free+waste,   257.13 KB ( <1%) overhead. 

Virtual space:
  Non-class space:       64.00 MB reserved,      62.95 MB ( 98%) committed 
      Class space:        1.00 GB reserved,       9.75 MB ( <1%) committed 
             Both:        1.06 GB reserved,      72.70 MB (  7%) committed 

Chunk freelists:
   Non-Class:  53.00 KB
       Class:  1.00 KB
        Both:  49.00 KB

MaxMetaspaceSize: 17179869184.00 GB
CompressedClassSpaceSize: 1.00 GB

CodeHeap 'non-profiled nmethods': size=120000Kb used=4501Kb max_used=4501Kb free=115498Kb
 bounds [0x000001f546fd0000, 0x000001f547440000, 0x000001f54e500000]
CodeHeap 'profiled nmethods': size=120000Kb used=14686Kb max_used=14686Kb free=105313Kb
 bounds [0x000001f53faa0000, 0x000001f540900000, 0x000001f546fd0000]
CodeHeap 'non-nmethods': size=5760Kb used=2265Kb max_used=2333Kb free=3494Kb
 bounds [0x000001f53f500000, 0x000001f53f770000, 0x000001f53faa0000]
 total_blobs=7908 nmethods=7048 adapters=771
 compilation: enabled
              stopped_count=0, restarted_count=0
 full_count=0

Compilation events (20 events):
Event: 7.875 Thread 0x000001f556a93800 nmethod 7028 0x000001f5408df790 code [0x000001f5408df940, 0x000001f5408dfa78]
Event: 7.875 Thread 0x000001f556a93800 7032       1       org.jetbrains.kotlin.gradle.plugin.mpp.AbstractKotlinCompilation::getTarget (5 bytes)
Event: 7.875 Thread 0x000001f556a93800 nmethod 7032 0x000001f547432e10 code [0x000001f547432fc0, 0x000001f547433078]
Event: 7.875 Thread 0x000001f556a93800 7033       3       kotlin.jvm.internal.Intrinsics::stringPlus (19 bytes)
Event: 7.875 Thread 0x000001f556a93800 nmethod 7033 0x000001f5408dfb10 code [0x000001f5408dfd80, 0x000001f5408e0698]
Event: 7.876 Thread 0x000001f556a93800 7034       3       org.gradle.api.internal.artifacts.configurations.DefaultConfiguration$$Lambda$388/0x0000000100581840::validateMutation (9 bytes)
Event: 7.876 Thread 0x000001f556a93800 nmethod 7034 0x000001f5408e0a10 code [0x000001f5408e0c00, 0x000001f5408e0f18]
Event: 7.876 Thread 0x000001f556a93800 7035       3       org.gradle.api.internal.artifacts.configurations.DefaultConfiguration::validateParentMutation (24 bytes)
Event: 7.876 Thread 0x000001f556a93800 nmethod 7035 0x000001f5408e1090 code [0x000001f5408e1260, 0x000001f5408e1538]
Event: 7.876 Thread 0x000001f556a93800 7036       1       org.jetbrains.kotlin.gradle.plugin.mpp.AbstractKotlinCompilation::getCompilationPurpose (5 bytes)
Event: 7.876 Thread 0x000001f556a93800 nmethod 7036 0x000001f547433110 code [0x000001f5474332c0, 0x000001f547433378]
Event: 7.876 Thread 0x000001f556a93800 7037       1       org.gradle.internal.extensibility.DefaultConvention::getExtraProperties (5 bytes)
Event: 7.876 Thread 0x000001f556a93800 nmethod 7037 0x000001f547433410 code [0x000001f5474335c0, 0x000001f547433678]
Event: 7.877 Thread 0x000001f556a93800 7041       3       org.apache.commons.lang.WordUtils::isDelimiter (36 bytes)
Event: 7.878 Thread 0x000001f556a93800 nmethod 7041 0x000001f5408e1610 code [0x000001f5408e1800, 0x000001f5408e1bf8]
Event: 7.878 Thread 0x000001f556a93800 7042       3       org.gradle.api.internal.artifacts.configurations.DefaultConfiguration_Decorated::setCanBeConsumed (12 bytes)
Event: 7.878 Thread 0x000001f556a93800 nmethod 7042 0x000001f5408e1d90 code [0x000001f5408e1f80, 0x000001f5408e22f8]
Event: 7.878 Thread 0x000001f556a93800 7043       3       org.gradle.api.internal.artifacts.configurations.DefaultConfiguration::setCanBeConsumed (13 bytes)
Event: 7.878 Thread 0x000001f556a93800 nmethod 7043 0x000001f5408e2490 code [0x000001f5408e2660, 0x000001f5408e2958]
Event: 7.878 Thread 0x000001f556a93800 7044       3       org.gradle.api.internal.project.DefaultProject::getProject (2 bytes)

GC Heap History (20 events):
Event: 2.308 GC heap before
{Heap before GC invocations=4 (full 0):
 garbage-first heap   total 120832K, used 62923K [0x0000000080000000, 0x0000000100000000)
  region size 1024K, 48 young (49152K), 2 survivors (2048K)
 Metaspace       used 25367K, capacity 26043K, committed 26112K, reserved 1071104K
  class space    used 3307K, capacity 3536K, committed 3584K, reserved 1048576K
}
Event: 2.310 GC heap after
{Heap after GC invocations=5 (full 0):
 garbage-first heap   total 120832K, used 18302K [0x0000000080000000, 0x0000000100000000)
  region size 1024K, 3 young (3072K), 3 survivors (3072K)
 Metaspace       used 25367K, capacity 26043K, committed 26112K, reserved 1071104K
  class space    used 3307K, capacity 3536K, committed 3584K, reserved 1048576K
}
Event: 2.831 GC heap before
{Heap before GC invocations=5 (full 0):
 garbage-first heap   total 120832K, used 69502K [0x0000000080000000, 0x0000000100000000)
  region size 1024K, 54 young (55296K), 3 survivors (3072K)
 Metaspace       used 30910K, capacity 31631K, committed 31872K, reserved 1077248K
  class space    used 4143K, capacity 4379K, committed 4480K, reserved 1048576K
}
Event: 2.836 GC heap after
{Heap after GC invocations=6 (full 0):
 garbage-first heap   total 120832K, used 20310K [0x0000000080000000, 0x0000000100000000)
  region size 1024K, 5 young (5120K), 5 survivors (5120K)
 Metaspace       used 30910K, capacity 31631K, committed 31872K, reserved 1077248K
  class space    used 4143K, capacity 4379K, committed 4480K, reserved 1048576K
}
Event: 3.065 GC heap before
{Heap before GC invocations=6 (full 0):
 garbage-first heap   total 120832K, used 31574K [0x0000000080000000, 0x0000000100000000)
  region size 1024K, 17 young (17408K), 5 survivors (5120K)
 Metaspace       used 34981K, capacity 35738K, committed 35840K, reserved 1081344K
  class space    used 4538K, capacity 4834K, committed 4864K, reserved 1048576K
}
Event: 3.073 GC heap after
{Heap after GC invocations=7 (full 0):
 garbage-first heap   total 145408K, used 22038K [0x0000000080000000, 0x0000000100000000)
  region size 1024K, 6 young (6144K), 6 survivors (6144K)
 Metaspace       used 34981K, capacity 35738K, committed 35840K, reserved 1081344K
  class space    used 4538K, capacity 4834K, committed 4864K, reserved 1048576K
}
Event: 3.627 GC heap before
{Heap before GC invocations=8 (full 0):
 garbage-first heap   total 145408K, used 88598K [0x0000000080000000, 0x0000000100000000)
  region size 1024K, 68 young (69632K), 6 survivors (6144K)
 Metaspace       used 39533K, capacity 40467K, committed 40780K, reserved 1085440K
  class space    used 5065K, capacity 5424K, committed 5504K, reserved 1048576K
}
Event: 3.635 GC heap after
{Heap after GC invocations=9 (full 0):
 garbage-first heap   total 145408K, used 26854K [0x0000000080000000, 0x0000000100000000)
  region size 1024K, 9 young (9216K), 9 survivors (9216K)
 Metaspace       used 39533K, capacity 40467K, committed 40780K, reserved 1085440K
  class space    used 5065K, capacity 5424K, committed 5504K, reserved 1048576K
}
Event: 4.280 GC heap before
{Heap before GC invocations=9 (full 0):
 garbage-first heap   total 145408K, used 91366K [0x0000000080000000, 0x0000000100000000)
  region size 1024K, 72 young (73728K), 9 survivors (9216K)
 Metaspace       used 45299K, capacity 46352K, committed 46412K, reserved 1089536K
  class space    used 5826K, capacity 6230K, committed 6272K, reserved 1048576K
}
Event: 4.289 GC heap after
{Heap after GC invocations=10 (full 0):
 garbage-first heap   total 145408K, used 28983K [0x0000000080000000, 0x0000000100000000)
  region size 1024K, 3 young (3072K), 3 survivors (3072K)
 Metaspace       used 45299K, capacity 46352K, committed 46412K, reserved 1089536K
  class space    used 5826K, capacity 6230K, committed 6272K, reserved 1048576K
}
Event: 5.250 GC heap before
{Heap before GC invocations=10 (full 0):
 garbage-first heap   total 145408K, used 103735K [0x0000000080000000, 0x0000000100000000)
  region size 1024K, 69 young (70656K), 3 survivors (3072K)
 Metaspace       used 48384K, capacity 49765K, committed 49996K, reserved 1093632K
  class space    used 6205K, capacity 6685K, committed 6784K, reserved 1048576K
}
Event: 5.259 GC heap after
{Heap after GC invocations=11 (full 0):
 garbage-first heap   total 145408K, used 49078K [0x0000000080000000, 0x0000000100000000)
  region size 1024K, 9 young (9216K), 9 survivors (9216K)
 Metaspace       used 48384K, capacity 49765K, committed 49996K, reserved 1093632K
  class space    used 6205K, capacity 6685K, committed 6784K, reserved 1048576K
}
Event: 5.959 GC heap before
{Heap before GC invocations=11 (full 0):
 garbage-first heap   total 145408K, used 103350K [0x0000000080000000, 0x0000000100000000)
  region size 1024K, 62 young (63488K), 9 survivors (9216K)
 Metaspace       used 56589K, capacity 58065K, committed 58316K, reserved 1099776K
  class space    used 7136K, capacity 7661K, committed 7680K, reserved 1048576K
}
Event: 5.968 GC heap after
{Heap after GC invocations=12 (full 0):
 garbage-first heap   total 175104K, used 51676K [0x0000000080000000, 0x0000000100000000)
  region size 1024K, 3 young (3072K), 3 survivors (3072K)
 Metaspace       used 56589K, capacity 58065K, committed 58316K, reserved 1099776K
  class space    used 7136K, capacity 7661K, committed 7680K, reserved 1048576K
}
Event: 6.193 GC heap before
{Heap before GC invocations=12 (full 0):
 garbage-first heap   total 175104K, used 63964K [0x0000000080000000, 0x0000000100000000)
  region size 1024K, 16 young (16384K), 3 survivors (3072K)
 Metaspace       used 58660K, capacity 60107K, committed 60236K, reserved 1101824K
  class space    used 7423K, capacity 7976K, committed 8064K, reserved 1048576K
}
Event: 6.199 GC heap after
{Heap after GC invocations=13 (full 0):
 garbage-first heap   total 175104K, used 52255K [0x0000000080000000, 0x0000000100000000)
  region size 1024K, 3 young (3072K), 3 survivors (3072K)
 Metaspace       used 58660K, capacity 60107K, committed 60236K, reserved 1101824K
  class space    used 7423K, capacity 7976K, committed 8064K, reserved 1048576K
}
Event: 6.908 GC heap before
{Heap before GC invocations=14 (full 0):
 garbage-first heap   total 175104K, used 119839K [0x0000000080000000, 0x0000000100000000)
  region size 1024K, 69 young (70656K), 3 survivors (3072K)
 Metaspace       used 65237K, capacity 66705K, committed 66892K, reserved 1107968K
  class space    used 8238K, capacity 8755K, committed 8832K, reserved 1048576K
}
Event: 6.914 GC heap after
{Heap after GC invocations=15 (full 0):
 garbage-first heap   total 175104K, used 56993K [0x0000000080000000, 0x0000000100000000)
  region size 1024K, 8 young (8192K), 8 survivors (8192K)
 Metaspace       used 65237K, capacity 66705K, committed 66892K, reserved 1107968K
  class space    used 8238K, capacity 8755K, committed 8832K, reserved 1048576K
}
Event: 7.590 GC heap before
{Heap before GC invocations=15 (full 0):
 garbage-first heap   total 175104K, used 124577K [0x0000000080000000, 0x0000000100000000)
  region size 1024K, 74 young (75776K), 8 survivors (8192K)
 Metaspace       used 70264K, capacity 71895K, committed 72012K, reserved 1112064K
  class space    used 8977K, capacity 9542K, committed 9600K, reserved 1048576K
}
Event: 7.598 GC heap after
{Heap after GC invocations=16 (full 0):
 garbage-first heap   total 175104K, used 62092K [0x0000000080000000, 0x0000000100000000)
  region size 1024K, 10 young (10240K), 10 survivors (10240K)
 Metaspace       used 70264K, capacity 71895K, committed 72012K, reserved 1112064K
  class space    used 8977K, capacity 9542K, committed 9600K, reserved 1048576K
}

Deoptimization events (20 events):
Event: 7.142 Thread 0x000001f559795000 DEOPT PACKING pc=0x000001f5473d786c sp=0x000000732d3f43d0
Event: 7.142 Thread 0x000001f559795000 DEOPT UNPACKING pc=0x000001f53f5278af sp=0x000000732d3f4300 mode 2
Event: 7.142 Thread 0x000001f559795000 Uncommon trap: trap_request=0xfffffff4 fr.pc=0x000001f5473db694 relative=0x0000000000000974
Event: 7.142 Thread 0x000001f559795000 Uncommon trap: reason=null_check action=make_not_entrant pc=0x000001f5473db694 method=com.sun.beans.introspect.MethodInfo$MethodOrder.compare(Ljava/lang/reflect/Method;Ljava/lang/reflect/Method;)I @ 133 c2
Event: 7.142 Thread 0x000001f559795000 DEOPT PACKING pc=0x000001f5473db694 sp=0x000000732d3f4340
Event: 7.142 Thread 0x000001f559795000 DEOPT UNPACKING pc=0x000001f53f5278af sp=0x000000732d3f42f8 mode 2
Event: 7.180 Thread 0x000001f559795000 Uncommon trap: trap_request=0xffffff4d fr.pc=0x000001f547286a68 relative=0x0000000000000da8
Event: 7.180 Thread 0x000001f559795000 Uncommon trap: reason=unstable_if action=reinterpret pc=0x000001f547286a68 method=org.codehaus.groovy.runtime.metaclass.MetaMethodIndex.isOverridden(Lgroovy/lang/MetaMethod;Lgroovy/lang/MetaMethod;)Z @ 33 c2
Event: 7.180 Thread 0x000001f559795000 DEOPT PACKING pc=0x000001f547286a68 sp=0x000000732d3f5140
Event: 7.180 Thread 0x000001f559795000 DEOPT UNPACKING pc=0x000001f53f5278af sp=0x000000732d3f5088 mode 2
Event: 7.182 Thread 0x000001f559795000 Uncommon trap: trap_request=0xfffffff4 fr.pc=0x000001f5473dfc78 relative=0x00000000000009b8
Event: 7.182 Thread 0x000001f559795000 Uncommon trap: reason=null_check action=make_not_entrant pc=0x000001f5473dfc78 method=com.sun.beans.introspect.MethodInfo$MethodOrder.compare(Ljava/lang/reflect/Method;Ljava/lang/reflect/Method;)I @ 145 c2
Event: 7.182 Thread 0x000001f559795000 DEOPT PACKING pc=0x000001f5473dfc78 sp=0x000000732d3f30c0
Event: 7.182 Thread 0x000001f559795000 DEOPT UNPACKING pc=0x000001f53f5278af sp=0x000000732d3f2ff0 mode 2
Event: 7.182 Thread 0x000001f559795000 Uncommon trap: trap_request=0xfffffff4 fr.pc=0x000001f5473de88c relative=0x000000000000096c
Event: 7.182 Thread 0x000001f559795000 Uncommon trap: reason=null_check action=make_not_entrant pc=0x000001f5473de88c method=com.sun.beans.introspect.MethodInfo$MethodOrder.compare(Ljava/lang/reflect/Method;Ljava/lang/reflect/Method;)I @ 145 c2
Event: 7.182 Thread 0x000001f559795000 DEOPT PACKING pc=0x000001f5473de88c sp=0x000000732d3f3010
Event: 7.182 Thread 0x000001f559795000 DEOPT UNPACKING pc=0x000001f53f5278af sp=0x000000732d3f2fc8 mode 2
Event: 7.816 Thread 0x000001f559795000 DEOPT PACKING pc=0x000001f5406e36a7 sp=0x000000732d3f9160
Event: 7.816 Thread 0x000001f559795000 DEOPT UNPACKING pc=0x000001f53f5276ce sp=0x000000732d3f8610 mode 0

Classes redefined (0 events):
No events

Internal exceptions (20 events):
Event: 7.196 Thread 0x000001f559795000 Exception <a 'java/lang/ClassNotFoundException'{0x00000000886bc370}: org/gradle/api/JavaVersionBeanInfo> (0x00000000886bc370) thrown at [./src/hotspot/share/classfile/systemDictionary.cpp, line 231]
Event: 7.197 Thread 0x000001f559795000 Exception <a 'java/lang/ClassNotFoundException'{0x00000000886e7308}: org/gradle/api/JavaVersionCustomizer> (0x00000000886e7308) thrown at [./src/hotspot/share/classfile/systemDictionary.cpp, line 231]
Event: 7.200 Thread 0x000001f559795000 Exception <a 'java/lang/ClassNotFoundException'{0x000000008853e8f0}: com/android/build/gradle/internal/CompileOptions_DecoratedBeanInfo> (0x000000008853e8f0) thrown at [./src/hotspot/share/classfile/systemDictionary.cpp, line 231]
Event: 7.201 Thread 0x000001f559795000 Exception <a 'java/lang/ClassNotFoundException'{0x0000000088557ce8}: com/android/build/gradle/internal/CompileOptionsBeanInfo> (0x0000000088557ce8) thrown at [./src/hotspot/share/classfile/systemDictionary.cpp, line 231]
Event: 7.201 Thread 0x000001f559795000 Exception <a 'java/lang/ClassNotFoundException'{0x00000000885719e0}: com/android/build/gradle/internal/CompileOptionsCustomizer> (0x00000000885719e0) thrown at [./src/hotspot/share/classfile/systemDictionary.cpp, line 231]
Event: 7.201 Thread 0x000001f559795000 Exception <a 'java/lang/ClassNotFoundException'{0x0000000088598778}: com/android/build/gradle/internal/CompileOptions_DecoratedCustomizer> (0x0000000088598778) thrown at [./src/hotspot/share/classfile/systemDictionary.cpp, line 231]
Event: 7.215 Thread 0x000001f559795000 Exception <a 'java/lang/ClassNotFoundException'{0x00000000884da380}: org/jetbrains/kotlin/gradle/dsl/KotlinJvmOptionsImplBeanInfo> (0x00000000884da380) thrown at [./src/hotspot/share/classfile/systemDictionary.cpp, line 231]
Event: 7.215 Thread 0x000001f559795000 Exception <a 'java/lang/ClassNotFoundException'{0x00000000884f4900}: org/jetbrains/kotlin/gradle/dsl/KotlinJvmOptionsBaseBeanInfo> (0x00000000884f4900) thrown at [./src/hotspot/share/classfile/systemDictionary.cpp, line 231]
Event: 7.216 Thread 0x000001f559795000 Exception <a 'java/lang/ClassNotFoundException'{0x000000008830f590}: org/jetbrains/kotlin/gradle/dsl/KotlinJvmOptionsBaseCustomizer> (0x000000008830f590) thrown at [./src/hotspot/share/classfile/systemDictionary.cpp, line 231]
Event: 7.216 Thread 0x000001f559795000 Exception <a 'java/lang/ClassNotFoundException'{0x0000000088342490}: org/jetbrains/kotlin/gradle/dsl/KotlinJvmOptionsImplCustomizer> (0x0000000088342490) thrown at [./src/hotspot/share/classfile/systemDictionary.cpp, line 231]
Event: 7.820 Thread 0x000001f559795000 Exception <a 'java/lang/ClassNotFoundException'{0x0000000089abe368}: com/android/build/gradle/internal/api/ApkVariantOutputImpl_DecoratedBeanInfo> (0x0000000089abe368) thrown at [./src/hotspot/share/classfile/systemDictionary.cpp, line 231]
Event: 7.820 Thread 0x000001f559795000 Exception <a 'java/lang/ClassNotFoundException'{0x0000000089ad8f80}: com/android/build/gradle/internal/api/ApkVariantOutputImplBeanInfo> (0x0000000089ad8f80) thrown at [./src/hotspot/share/classfile/systemDictionary.cpp, line 231]
Event: 7.820 Thread 0x000001f559795000 Exception <a 'java/lang/ClassNotFoundException'{0x0000000089af4400}: com/android/build/gradle/internal/api/BaseVariantOutputImplBeanInfo> (0x0000000089af4400) thrown at [./src/hotspot/share/classfile/systemDictionary.cpp, line 231]
Event: 7.821 Thread 0x000001f559795000 Exception <a 'java/lang/ClassNotFoundException'{0x000000008990fde0}: com/android/build/gradle/internal/api/BaseVariantOutputImplCustomizer> (0x000000008990fde0) thrown at [./src/hotspot/share/classfile/systemDictionary.cpp, line 231]
Event: 7.821 Thread 0x000001f559795000 Exception <a 'java/lang/ClassNotFoundException'{0x000000008993d960}: com/android/build/gradle/internal/api/ApkVariantOutputImplCustomizer> (0x000000008993d960) thrown at [./src/hotspot/share/classfile/systemDictionary.cpp, line 231]
Event: 7.822 Thread 0x000001f559795000 Exception <a 'java/lang/ClassNotFoundException'{0x0000000089967a58}: com/android/build/gradle/internal/api/ApkVariantOutputImpl_DecoratedCustomizer> (0x0000000089967a58) thrown at [./src/hotspot/share/classfile/systemDictionary.cpp, line 231]
Event: 7.843 Thread 0x000001f559795000 Exception <a 'java/lang/ClassNotFoundException'{0x00000000898d4768}: com/android/build/gradle/internal/api/ReadOnlyBuildTypeBeanInfo> (0x00000000898d4768) thrown at [./src/hotspot/share/classfile/systemDictionary.cpp, line 231]
Event: 7.844 Thread 0x000001f559795000 Exception <a 'java/lang/ClassNotFoundException'{0x00000000898eeaa0}: com/android/build/gradle/internal/api/ReadOnlyBaseConfigBeanInfo> (0x00000000898eeaa0) thrown at [./src/hotspot/share/classfile/systemDictionary.cpp, line 231]
Event: 7.844 Thread 0x000001f559795000 Exception <a 'java/lang/ClassNotFoundException'{0x0000000089709b88}: com/android/build/gradle/internal/api/ReadOnlyBaseConfigCustomizer> (0x0000000089709b88) thrown at [./src/hotspot/share/classfile/systemDictionary.cpp, line 231]
Event: 7.846 Thread 0x000001f559795000 Exception <a 'java/lang/ClassNotFoundException'{0x0000000089734e20}: com/android/build/gradle/internal/api/ReadOnlyBuildTypeCustomizer> (0x0000000089734e20) thrown at [./src/hotspot/share/classfile/systemDictionary.cpp, line 231]

Events (20 events):
Event: 7.859 loading class org/jetbrains/kotlin/gradle/plugin/RunOnceAfterEvaluatedKt$runOnceAfterEvaluated$2
Event: 7.859 loading class org/jetbrains/kotlin/gradle/plugin/RunOnceAfterEvaluatedKt$runOnceAfterEvaluated$2 done
Event: 7.859 loading class org/jetbrains/kotlin/gradle/tasks/AndroidTasksProvider$configure$1
Event: 7.859 loading class org/jetbrains/kotlin/gradle/tasks/AndroidTasksProvider$configure$1 done
Event: 7.860 loading class org/jetbrains/kotlin/gradle/plugin/mpp/AbstractKotlinCompilation$source$1
Event: 7.860 loading class org/jetbrains/kotlin/gradle/plugin/mpp/AbstractKotlinCompilation$source$1 done
Event: 7.860 loading class org/jetbrains/kotlin/gradle/plugin/mpp/AbstractKotlinCompilation$addExactSourceSetsEagerly$1$1$1
Event: 7.860 loading class org/jetbrains/kotlin/gradle/plugin/mpp/AbstractKotlinCompilation$addExactSourceSetsEagerly$1$1$1 done
Event: 7.860 loading class org/jetbrains/kotlin/gradle/plugin/sources/DefaultKotlinSourceSet$special$$inlined$Iterable$1
Event: 7.860 loading class org/jetbrains/kotlin/gradle/plugin/sources/DefaultKotlinSourceSet$special$$inlined$Iterable$1 done
Event: 7.861 loading class org/jetbrains/kotlin/gradle/plugin/mpp/AbstractKotlinCompilation$addSourcesToCompileTask$1
Event: 7.861 loading class org/jetbrains/kotlin/gradle/plugin/mpp/AbstractKotlinCompilation$addSourcesToCompileTask$1 done
Event: 7.861 loading class org/jetbrains/kotlin/gradle/plugin/mpp/KotlinCompilationsKt$addSourcesToKotlinCompileTask$1
Event: 7.861 loading class org/jetbrains/kotlin/gradle/plugin/mpp/KotlinCompilationsKt$addSourcesToKotlinCompileTask$1 done
Event: 7.862 loading class org/jetbrains/kotlin/gradle/plugin/mpp/KotlinCompilationsKt$addSourcesToKotlinCompileTask$2
Event: 7.862 loading class org/jetbrains/kotlin/gradle/plugin/mpp/KotlinCompilationsKt$addSourcesToKotlinCompileTask$2 done
Event: 7.863 loading class org/jetbrains/kotlin/gradle/plugin/GradleUtilsKt
Event: 7.863 loading class org/jetbrains/kotlin/gradle/plugin/GradleUtilsKt done
Event: 7.864 loading class com/android/build/gradle/internal/api/UnitTestVariantImpl
Event: 7.864 loading class com/android/build/gradle/internal/api/UnitTestVariantImpl done


Dynamic libraries:
0x00007ff78ad10000 - 0x00007ff78ad1a000 	C:\Program Files\Android\Android Studio\jre\bin\java.exe
0x00007ffd0e8d0000 - 0x00007ffd0eac5000 	C:\Windows\SYSTEM32\ntdll.dll
0x00007ffd0e770000 - 0x00007ffd0e82e000 	C:\Windows\System32\KERNEL32.DLL
0x00007ffd0c650000 - 0x00007ffd0c918000 	C:\Windows\System32\KERNELBASE.dll
0x00007ffd0c4a0000 - 0x00007ffd0c5a0000 	C:\Windows\System32\ucrtbase.dll
0x00007ffd00940000 - 0x00007ffd00959000 	C:\Program Files\Android\Android Studio\jre\bin\jli.dll
0x00007ffcf3000000 - 0x00007ffcf3017000 	C:\Program Files\Android\Android Studio\jre\bin\VCRUNTIME140.dll
0x00007ffd0d220000 - 0x00007ffd0d3c1000 	C:\Windows\System32\USER32.dll
0x00007ffd0c280000 - 0x00007ffd0c2a2000 	C:\Windows\System32\win32u.dll
0x00007ffd0d4e0000 - 0x00007ffd0d50b000 	C:\Windows\System32\GDI32.dll
0x00007ffcff520000 - 0x00007ffcff7ba000 	C:\Windows\WinSxS\amd64_microsoft.windows.common-controls_6595b64144ccf1df_6.0.19041.1110_none_60b5254171f9507e\COMCTL32.dll
0x00007ffd0c340000 - 0x00007ffd0c44b000 	C:\Windows\System32\gdi32full.dll
0x00007ffd0d3d0000 - 0x00007ffd0d46e000 	C:\Windows\System32\msvcrt.dll
0x00007ffd0c150000 - 0x00007ffd0c1ed000 	C:\Windows\System32\msvcp_win.dll
0x00007ffd0e1d0000 - 0x00007ffd0e200000 	C:\Windows\System32\IMM32.DLL
0x00007ffcef950000 - 0x00007ffcef9ed000 	C:\Program Files\Android\Android Studio\jre\bin\msvcp140.dll
0x00007ffca4660000 - 0x00007ffca512f000 	C:\Program Files\Android\Android Studio\jre\bin\server\jvm.dll
0x00007ffd0d8b0000 - 0x00007ffd0d95c000 	C:\Windows\System32\ADVAPI32.dll
0x00007ffd0d800000 - 0x00007ffd0d89b000 	C:\Windows\System32\sechost.dll
0x00007ffd0e0a0000 - 0x00007ffd0e1ca000 	C:\Windows\System32\RPCRT4.dll
0x00007ffd0d160000 - 0x00007ffd0d168000 	C:\Windows\System32\PSAPI.DLL
0x00007ffd08800000 - 0x00007ffd08809000 	C:\Windows\SYSTEM32\WSOCK32.dll
0x00007ffd04dd0000 - 0x00007ffd04dda000 	C:\Windows\SYSTEM32\VERSION.dll
0x00007ffcf82c0000 - 0x00007ffcf82e7000 	C:\Windows\SYSTEM32\WINMM.dll
0x00007ffd0d470000 - 0x00007ffd0d4db000 	C:\Windows\System32\WS2_32.dll
0x00007ffd0a870000 - 0x00007ffd0a882000 	C:\Windows\SYSTEM32\kernel.appcore.dll
0x00007ffd06ef0000 - 0x00007ffd06f01000 	C:\Program Files\Android\Android Studio\jre\bin\verify.dll
0x00007ffd0a660000 - 0x00007ffd0a844000 	C:\Windows\SYSTEM32\DBGHELP.DLL
0x00007ffcfca70000 - 0x00007ffcfca9c000 	C:\Windows\SYSTEM32\dbgcore.DLL
0x00007ffd0c1f0000 - 0x00007ffd0c273000 	C:\Windows\System32\bcryptPrimitives.dll
0x00007ffd06ec0000 - 0x00007ffd06ee9000 	C:\Program Files\Android\Android Studio\jre\bin\java.dll
0x00007ffd07810000 - 0x00007ffd0781b000 	C:\Program Files\Android\Android Studio\jre\bin\jimage.dll
0x00007ffd06ea0000 - 0x00007ffd06eb8000 	C:\Program Files\Android\Android Studio\jre\bin\zip.dll
0x00007ffd0d960000 - 0x00007ffd0e09f000 	C:\Windows\System32\SHELL32.dll
0x00007ffd09e00000 - 0x00007ffd0a590000 	C:\Windows\SYSTEM32\windows.storage.dll
0x00007ffd0e3f0000 - 0x00007ffd0e745000 	C:\Windows\System32\combase.dll
0x00007ffd0ba40000 - 0x00007ffd0ba6e000 	C:\Windows\SYSTEM32\Wldp.dll
0x00007ffd0e2e0000 - 0x00007ffd0e38d000 	C:\Windows\System32\SHCORE.dll
0x00007ffd0ca50000 - 0x00007ffd0caa5000 	C:\Windows\System32\shlwapi.dll
0x00007ffd0bf30000 - 0x00007ffd0bf4f000 	C:\Windows\SYSTEM32\profapi.dll
0x00007ffd05a70000 - 0x00007ffd05a8a000 	C:\Program Files\Android\Android Studio\jre\bin\net.dll
0x00007ffd03950000 - 0x00007ffd03a5c000 	C:\Windows\SYSTEM32\WINHTTP.dll
0x00007ffd0b7a0000 - 0x00007ffd0b80a000 	C:\Windows\system32\mswsock.dll
0x00007ffd057f0000 - 0x00007ffd05804000 	C:\Program Files\Android\Android Studio\jre\bin\nio.dll
0x00007ffd009a0000 - 0x00007ffd009c7000 	C:\Users\djute\.gradle\native\8bec1ad78214c89d9ad589b4d07fe93259594b29d510b10fafb7a158f7737e5d\windows-amd64\native-platform.dll
0x00007ffcc2dd0000 - 0x00007ffcc2f0d000 	C:\Users\djute\.gradle\native\53dbd7edfb1c66fb8903c78663c9afc45aea4f116125fa6feffd364cf09443e8\windows-amd64\native-platform-file-events.dll
0x00007ffd075d0000 - 0x00007ffd075da000 	C:\Program Files\Android\Android Studio\jre\bin\management.dll
0x00007ffd06e90000 - 0x00007ffd06e9c000 	C:\Program Files\Android\Android Studio\jre\bin\management_ext.dll
0x00007ffd0b990000 - 0x00007ffd0b9a8000 	C:\Windows\SYSTEM32\CRYPTSP.dll
0x00007ffd0b0b0000 - 0x00007ffd0b0e4000 	C:\Windows\system32\rsaenh.dll
0x00007ffd0c310000 - 0x00007ffd0c337000 	C:\Windows\System32\bcrypt.dll
0x00007ffd0beb0000 - 0x00007ffd0bede000 	C:\Windows\SYSTEM32\USERENV.dll
0x00007ffd0b9b0000 - 0x00007ffd0b9bc000 	C:\Windows\SYSTEM32\CRYPTBASE.dll
0x00007ffd0b440000 - 0x00007ffd0b47b000 	C:\Windows\SYSTEM32\IPHLPAPI.DLL
0x00007ffd0d8a0000 - 0x00007ffd0d8a8000 	C:\Windows\System32\NSI.dll
0x00007ffd05960000 - 0x00007ffd05977000 	C:\Windows\SYSTEM32\dhcpcsvc6.DLL
0x00007ffd04e50000 - 0x00007ffd04e6d000 	C:\Windows\SYSTEM32\dhcpcsvc.DLL
0x00007ffd0b490000 - 0x00007ffd0b55b000 	C:\Windows\SYSTEM32\DNSAPI.dll

dbghelp: loaded successfully - version: 4.0.5 - missing functions: none
symbol engine: initialized successfully - sym options: 0x614 - pdb path: .;C:\Program Files\Android\Android Studio\jre\bin;C:\Windows\SYSTEM32;C:\Windows\WinSxS\amd64_microsoft.windows.common-controls_6595b64144ccf1df_6.0.19041.1110_none_60b5254171f9507e;C:\Program Files\Android\Android Studio\jre\bin\server;C:\Users\djute\.gradle\native\8bec1ad78214c89d9ad589b4d07fe93259594b29d510b10fafb7a158f7737e5d\windows-amd64;C:\Users\djute\.gradle\native\53dbd7edfb1c66fb8903c78663c9afc45aea4f116125fa6feffd364cf09443e8\windows-amd64

VM Arguments:
jvm_args: --add-opens=java.base/java.util=ALL-UNNAMED --add-opens=java.base/java.lang=ALL-UNNAMED --add-opens=java.base/java.lang.invoke=ALL-UNNAMED --add-opens=java.base/java.util=ALL-UNNAMED --add-opens=java.prefs/java.util.prefs=ALL-UNNAMED --add-opens=java.prefs/java.util.prefs=ALL-UNNAMED --add-opens=java.base/java.nio.charset=ALL-UNNAMED --add-opens=java.base/java.net=ALL-UNNAMED --add-opens=java.base/java.util.concurrent.atomic=ALL-UNNAMED -Xmx2048m -Dfile.encoding=UTF-8 -Duser.country=RU -Duser.language=ru -Duser.variant 
java_command: org.gradle.launcher.daemon.bootstrap.GradleDaemon 7.0.2
java_class_path (initial): C:\Users\djute\.gradle\wrapper\dists\gradle-7.0.2-bin\857tjihv64xamwrf0h14cai3r\gradle-7.0.2\lib\gradle-launcher-7.0.2.jar
Launcher Type: SUN_STANDARD

[Global flags]
     intx CICompilerCount                          = 4                                         {product} {ergonomic}
     uint ConcGCThreads                            = 3                                         {product} {ergonomic}
     uint G1ConcRefinementThreads                  = 10                                        {product} {ergonomic}
   size_t G1HeapRegionSize                         = 1048576                                   {product} {ergonomic}
    uintx GCDrainStackTargetSize                   = 64                                        {product} {ergonomic}
   size_t InitialHeapSize                          = 123731968                                 {product} {ergonomic}
   size_t MarkStackSize                            = 4194304                                   {product} {ergonomic}
   size_t MaxHeapSize                              = 2147483648                                {product} {command line}
   size_t MaxNewSize                               = 1287651328                                {product} {ergonomic}
   size_t MinHeapDeltaBytes                        = 1048576                                   {product} {ergonomic}
    uintx NonNMethodCodeHeapSize                   = 5836300                                {pd product} {ergonomic}
    uintx NonProfiledCodeHeapSize                  = 122910970                              {pd product} {ergonomic}
    uintx ProfiledCodeHeapSize                     = 122910970                              {pd product} {ergonomic}
    uintx ReservedCodeCacheSize                    = 251658240                              {pd product} {ergonomic}
     bool SegmentedCodeCache                       = true                                      {product} {ergonomic}
     bool UseCompressedClassPointers               = true                                 {lp64_product} {ergonomic}
     bool UseCompressedOops                        = true                                 {lp64_product} {ergonomic}
     bool UseG1GC                                  = true                                      {product} {ergonomic}
     bool UseLargePagesIndividualAllocation        = false                                  {pd product} {ergonomic}

Logging:
Log output configuration:
 #0: stdout all=warning uptime,level,tags
 #1: stderr all=off uptime,level,tags

Environment Variables:
PATH=C:\ProgramData\Oracle\Java\javapath;C:\Windows\system32;C:\Windows;C:\Windows\System32\Wbem;C:\Windows\System32\WindowsPowerShell\v1.0\;C:\Windows\System32\OpenSSH\;C:\Program Files\Git\cmd;C:\Program Files\NVIDIA Corporation\NVIDIA NvDLISR;C:\Program Files (x86)\NVIDIA Corporation\PhysX\Common;C:\Program Files\dotnet\;C:\Users\djute\AppData\Local\Microsoft\WindowsApps;;C:\Program Files\JetBrains\IntelliJ IDEA Community Edition 2021.2.2\bin;
USERNAME=djute
OS=Windows_NT
PROCESSOR_IDENTIFIER=AMD64 Family 23 Model 96 Stepping 1, AuthenticAMD



---------------  S Y S T E M  ---------------

OS: Windows 10 , 64 bit Build 19041 (10.0.19041.1348)
OS uptime: 0 days 4:52 hours

CPU:total 12 (initial active 12) (12 cores per cpu, 2 threads per core) family 23 model 96 stepping 1 microcode 0x0, cmov, cx8, fxsr, mmx, sse, sse2, sse3, ssse3, sse4.1, sse4.2, popcnt, avx, avx2, aes, clmul, mmxext, 3dnowpref, lzcnt, sse4a, ht, tsc, tscinvbit, tscinv, bmi1, bmi2, adx, 

Memory: 4k page, system-wide physical 7549M (1262M free)
TotalPageFile size 18433M (AvailPageFile size 5M)
current process WorkingSet (physical memory assigned to process): 400M, peak: 400M
current process commit charge ("private bytes"): 443M, peak: 445M

vm_info: OpenJDK 64-Bit Server VM (11.0.10+0-b96-7249189) for windows-amd64 JRE (11.0.10+0-b96-7249189), built on Mar 31 2021 21:44:00 by "builder" with MS VC++ 14.0 (VS2015)

END.
